1744783416.326253
1744783416.440780
1744783416.555176
1744783416.669697
1744783416.785169
1744783416.898325
1744783417.012816
1744783417.132796
1744783417.251675
1744783417.365935
1744783417.491366
1744783417.605396
1744783417.722278
1744783417.834544
1744783417.949547
1744783418.063760
1744783418.179110
1744783418.292566
1744783418.406339
1744783418.520224
1744783418.635428
1744783418.750225
1744783418.865089
1744783418.979305
1744783419.094076
1744783419.208519
1744783419.323728
1744783419.437360
1744783419.551417
1744783419.665792
1744783419.780813
1744783419.893831
1744783420.011244
1744783420.124047
1744783420.236945
1744783420.356058
1744783420.472854
1744783420.595781
1744783420.711409
1744783420.847868
1744783420.965056
1744783421.079540
1744783421.196606
1744783421.314635
1744783421.428837
1744783421.547220
1744783421.660600
1744783421.774980
1744783421.890777
1744783422.004415
1744783422.118693
1744783422.232309
1744783422.348298
1744783422.460054
1744783422.573816
1744783422.687082
1744783422.802515
1744783422.916371
1744783423.029787
1744783423.147226
1744783423.259371
1744783423.375012
1744783423.487436
1744783423.601059
1744783423.719560
1744783423.831292
1744783423.946680
1744783424.059250
1744783424.176801
1744783424.288751
1744783424.404329
1744783424.516754
1744783424.630045
1744783424.744961
1744783424.861767
1744783424.973645
1744783425.089441
1744783425.204335
1744783425.318252
1744783425.431309
1744783425.547565
1744783425.660274
1744783425.772944
1744783425.889576
1744783426.003979
1744783426.117161
1744783426.242700
1744783426.357270
1744783426.471470
1744783426.592346
1744783426.704167
1744783426.820011
1744783426.933481
1744783427.047736
1744783427.164684
1744783427.277742
1744783427.391756
1744783427.506054
1744783427.618963
1744783427.734085
1744783427.848083
1744783427.962450
1744783428.076182
1744783428.190737
1744783428.315025
1744783428.429551
1744783428.542337
1744783428.657433
1744783428.771592
1744783428.886136
1744783429.000496
1744783429.116790
1744783429.238916
1744783429.351561
1744783429.466572
1744783429.582161
1744783429.696746
1744783429.810648
1744783429.923709
1744783430.038028
1744783430.152183
1744783430.266135
1744783430.389268
1744783430.504380
1744783430.619755
1744783430.732889
1744783430.847464
1744783430.960606
1744783431.074532
1744783431.188615
1744783431.303548
1744783431.427728
1744783431.538327
1744783431.656257
1744783431.768856
1744783431.884445
1744783431.997588
1744783432.112000
1744783432.225154
1744783432.339544
1744783432.464035
1744783432.578646
1744783432.691110
1744783432.806804
1744783432.921574
1744783433.033668
1744783433.148872
1744783433.262804
1744783433.377466
1744783433.490548
1744783433.605039
1744783433.718442
1744783433.834016
1744783433.944179
1744783434.060978
1744783434.177662
1744783434.291560
1744783434.403472
1744783434.517911
1744783434.633955
1744783434.756797
1744783434.871608
1744783434.985955
1744783435.099756
1744783435.216046
1744783435.330130
1744783435.443905
1744783435.559296
1744783435.673048
1744783435.787369
1744783435.901987
1744783436.017525
1744783436.141020
1744783436.254809
1744783436.369636
1744783436.491175
1744783436.606181
1744783436.719811
1744783436.829490
1744783436.948535
1744783437.064152
1744783437.176993
1744783437.291079
1744783437.406744
1744783437.519751
1744783437.633838
1744783437.747352
1744783437.862672
1744783437.976749
1744783438.092162
1744783438.205159
1744783438.320757
1744783438.435665
1744783438.549945
1744783438.663138
1744783438.777756
1744783438.891669
1744783439.007984
1744783439.120520
1744783439.235550
1744783439.349575
1744783439.465979
1744783439.579240
1744783439.693855
1744783439.807539
1744783439.922905
1744783440.038080
1744783440.151351
1744783440.265321
1744783440.380072
1744783440.494759
1744783440.608487
1744783440.728885
1744783440.842321
1744783440.956859
1744783441.071786
1744783441.184462
1744783441.298737
1744783441.412026
1744783441.526056
1744783441.639438
1744783441.754913
1744783441.867812
1744783441.982708
1744783442.096545
1744783442.208832
1744783442.323999
1744783442.438316
1744783442.572173
1744783442.686760
1744783442.821460
1744783442.939480
1744783443.054329
1744783443.168271
1744783443.282807
1744783443.397445
1744783443.511173
1744783443.625769
1744783443.739534
1744783443.853686
1744783443.968359
1744783444.084230
1744783444.197944
1744783444.312220
1744783444.426255
1744783444.539901
1744783444.663113
1744783444.779477
1744783444.892652
1744783445.008527
1744783445.123363
1744783445.237252
1744783445.351283
1744783445.466195
1744783445.580910
1744783445.696135
1744783445.811459
1744783445.925239
1744783446.040395
1744783446.154460
1744783446.269214
1744783446.384723
1744783446.498804
1744783446.613088
1744783446.726281
1744783446.840746
1744783446.953411
1744783447.067961
1744783447.181728
1744783447.295768
1744783447.409223
1744783447.523354
1744783447.636628
1744783447.749065
1744783447.865366
1744783447.979963
1744783448.093472
1744783448.208501
1744783448.321475
1744783448.435514
1744783448.552035
1744783448.664020
1744783448.787258
1744783448.907124
1744783449.021588
1744783449.136955
1744783449.251008
1744783449.365355
1744783449.482853
1744783449.604661
1744783449.730333
1744783449.843309
1744783449.958500
1744783450.073738
1744783450.187325
1744783450.301182
1744783450.416488
1744783450.531473
1744783450.646083
1744783450.763300
1744783450.880066
1744783450.993680
1744783451.109646
1744783451.223685
1744783451.341509
1744783451.465242
1744783451.588013
1744783451.701093
1744783451.815708
1744783451.929397
1744783452.045138
1744783452.160770
1744783452.276657
1744783452.400160
1744783452.515175
1744783452.630256
1744783452.746349
1744783452.857828
1744783452.973239
1744783453.086803
1744783453.200345
1744783453.314152
1744783453.428483
1744783453.541997
1744783453.656523
1744783453.771431
1744783453.885783
1744783453.999667
1744783454.113346
1744783454.228252
1744783454.341961
1744783454.456053
1744783454.569764
1744783454.684065
1744783454.798215
1744783454.914431
1744783455.027156
1744783455.143104
1744783455.259053
1744783455.373174
1744783455.486654
1744783455.601527
1744783455.718804
1744783455.832552
1744783455.947188
1744783456.061019
1744783456.174413
1744783456.288604
1744783456.402011
1744783456.516260
1744783456.628850
1744783456.745731
1744783456.858469
1744783456.974398
1744783457.086099
1744783457.201433
1744783457.316352
1744783457.429644
1744783457.543429
1744783457.662086
1744783457.777228
1744783457.891913
1744783458.004728
1744783458.119687
1744783458.233576
1744783458.347626
1744783458.462334
1744783458.575147
1744783458.688856
1744783458.803964
1744783458.917425
1744783459.031535
1744783459.145281
1744783459.261874
1744783459.376134
1744783459.490981
1744783459.605609
1744783459.720940
1744783459.834424
1744783459.949135
1744783460.062946
1744783460.176957
1744783460.292175
1744783460.407839
1744783460.528633
1744783460.644132
1744783460.755736
1744783460.869771
1744783460.984129
1744783461.102702
1744783461.224286
1744783461.337590
1744783461.452092
1744783461.565539
1744783461.680785
1744783461.794312
1744783461.910758
1744783462.024184
1744783462.138235
1744783462.251366
1744783462.367664
1744783462.481578
1744783462.595020
1744783462.709140
1744783462.823607
1744783462.936924
1744783463.051800
1744783463.164960
1744783463.280501
1744783463.394937
1744783463.508745
1744783463.623042
1744783463.737327
1744783463.851452
1744783463.965612
1744783464.079390
1744783464.194294
1744783464.308689
1744783464.423187
1744783464.536583
1744783464.651667
1744783464.765445
1744783464.880002
1744783464.993445
1744783465.107148
1744783465.222423
1744783465.337190
1744783465.450828
1744783465.565910
1744783465.681284
1744783465.796615
1744783465.909967
1744783466.023340
1744783466.137857
1744783466.253106
1744783466.367457
1744783466.482209
1744783466.595838
1744783466.711458
1744783466.826953
1744783466.940504
1744783467.055060
1744783467.169089
1744783467.282993
1744783467.396755
1744783467.510985
1744783467.625311
1744783467.739323
1744783467.853549
1744783467.967958
1744783468.082273
1744783468.196665
1744783468.311950
1744783468.426065
1744783468.540105
1744783468.653576
1744783468.770406
1744783468.883653
1744783468.999599
1744783469.112507
1744783469.226631
1744783469.340380
1744783469.460972
1744783469.574149
1744783469.687178
1744783469.805531
1744783469.921173
1744783470.035587
1744783470.150662
1744783470.264310
1744783470.380655
1744783470.492554
1744783470.607730
1744783470.721322
1744783470.835775
1744783470.949538
1744783471.067976
1744783471.181097
1744783471.295080
1744783471.409593
1744783471.524069
1744783471.637651
1744783471.752880
1744783471.872884
1744783471.987409
1744783472.102059
1744783472.216669
1744783472.330448
1744783472.444476
1744783472.558306
1744783472.673245
1744783472.787737
1744783472.901586
1744783473.015476
1744783473.129043
1744783473.243901
1744783473.358106
1744783473.473120
1744783473.593348
1744783473.707491
1744783473.823109
1744783473.937545
1744783474.052221
1744783474.168965
1744783474.291377
1744783474.406825
1744783474.521641
1744783474.635460
1744783474.751575
1744783474.865838
1744783474.981774
1744783475.096292
1744783475.210206
1744783475.326454
1744783475.438817
1744783475.563745
1744783475.682865
1744783475.805052
1744783475.924178
1744783476.040492
1744783476.161650
1744783476.277049
