1744783416.314999 1744783416.326253 11.2538
1744783416.428655 1744783416.440780 12.1250
1744783416.543410 1744783416.555176 11.7660
1744783416.658509 1744783416.669697 11.1880
1744783416.773416 1744783416.785169 11.7528
1744783416.887170 1744783416.898325 11.1549
1744783417.001328 1744783417.012816 11.4880
1744783417.116131 1744783417.132796 16.6650
1744783417.240507 1744783417.251675 11.1680
1744783417.354574 1744783417.365935 11.3611
1744783417.468514 1744783417.491366 22.8519
1744783417.594025 1744783417.605396 11.3711
1744783417.708135 1744783417.722278 14.1432
1744783417.822890 1744783417.834544 11.6539
1744783417.937614 1744783417.949547 11.9331
1744783418.052457 1744783418.063760 11.3029
1744783418.167234 1744783418.179110 11.8761
1744783418.281004 1744783418.292566 11.5621
1744783418.394716 1744783418.406339 11.6229
1744783418.508723 1744783418.520224 11.5011
1744783418.623541 1744783418.635428 11.8868
1744783418.738481 1744783418.750225 11.7440
1744783418.853209 1744783418.865089 11.8799
1744783418.968108 1744783418.979305 11.1971
1744783419.082350 1744783419.094076 11.7259
1744783419.196935 1744783419.208519 11.5840
1744783419.311922 1744783419.323728 11.8060
1744783419.426321 1744783419.437360 11.0390
1744783419.539837 1744783419.551417 11.5802
1744783419.654290 1744783419.665792 11.5020
1744783419.768777 1744783419.780813 12.0361
1744783419.882908 1744783419.893831 10.9229
1744783419.997443 1744783420.011244 13.8011
1744783420.111976 1744783420.124047 12.0711
1744783420.225182 1744783420.236945 11.7629
1744783420.344691 1744783420.356058 11.3668
1744783420.458910 1744783420.472854 13.9439
1744783420.584035 1744783420.595781 11.7462
1744783420.699522 1744783420.711409 11.8871
1744783420.814932 1744783420.847868 32.9359
1744783420.953790 1744783420.965056 11.2660
1744783421.068059 1744783421.079540 11.4810
1744783421.185039 1744783421.196606 11.5669
1744783421.303501 1744783421.314635 11.1341
1744783421.417434 1744783421.428837 11.4031
1744783421.530161 1744783421.547220 17.0591
1744783421.648930 1744783421.660600 11.6699
1744783421.764025 1744783421.774980 10.9551
1744783421.879162 1744783421.890777 11.6150
1744783421.993356 1744783422.004415 11.0590
1744783422.107292 1744783422.118693 11.4012
1744783422.221109 1744783422.232309 11.2002
1744783422.334951 1744783422.348298 13.3471
1744783422.448715 1744783422.460054 11.3389
1744783422.562343 1744783422.573816 11.4732
1744783422.676153 1744783422.687082 10.9291
1744783422.790729 1744783422.802515 11.7860
1744783422.903375 1744783422.916371 12.9962
1744783423.018088 1744783423.029787 11.6990
1744783423.132750 1744783423.147226 14.4761
1744783423.247594 1744783423.259371 11.7769
1744783423.362286 1744783423.375012 12.7258
1744783423.475901 1744783423.487436 11.5352
1744783423.589904 1744783423.601059 11.1549
1744783423.705169 1744783423.719560 14.3909
1744783423.820245 1744783423.831292 11.0469
1744783423.934697 1744783423.946680 11.9832
1744783424.047950 1744783424.059250 11.3001
1744783424.162871 1744783424.176801 13.9301
1744783424.277702 1744783424.288751 11.0488
1744783424.392309 1744783424.404329 12.0201
1744783424.506794 1744783424.516754 9.9599
1744783424.620995 1744783424.630045 9.0499
1744783424.734470 1744783424.744961 10.4911
1744783424.849193 1744783424.861767 12.5740
1744783424.963381 1744783424.973645 10.2639
1744783425.077773 1744783425.089441 11.6680
1744783425.191995 1744783425.204335 12.3401
1744783425.305031 1744783425.318252 13.2210
1744783425.419682 1744783425.431309 11.6270
1744783425.535833 1744783425.547565 11.7321
1744783425.649946 1744783425.660274 10.3281
1744783425.760917 1744783425.772944 12.0270
1744783425.875276 1744783425.889576 14.2999
1744783425.992582 1744783426.003979 11.3969
1744783426.105106 1744783426.117161 12.0549
1744783426.218316 1744783426.242700 24.3840
1744783426.347021 1744783426.357270 10.2489
1744783426.462631 1744783426.471470 8.8391
1744783426.580325 1744783426.592346 12.0211
1744783426.694203 1744783426.704167 9.9640
1744783426.807554 1744783426.820011 12.4569
1744783426.921978 1744783426.933481 11.5030
1744783427.035958 1744783427.047736 11.7779
1744783427.152512 1744783427.164684 12.1720
1744783427.266217 1744783427.277742 11.5249
1744783427.380845 1744783427.391756 10.9110
1744783427.494771 1744783427.506054 11.2829
1744783427.608622 1744783427.618963 10.3409
1744783427.722498 1744783427.734085 11.5871
1744783427.836868 1744783427.848083 11.2150
1744783427.950552 1744783427.962450 11.8980
1744783428.064752 1744783428.076182 11.4298
1744783428.179130 1744783428.190737 11.6069
1744783428.294214 1744783428.315025 20.8111
1744783428.418444 1744783428.429551 11.1070
1744783428.532092 1744783428.542337 10.2448
1744783428.646152 1744783428.657433 11.2810
1744783428.759901 1744783428.771592 11.6909
1744783428.874659 1744783428.886136 11.4770
1744783428.988667 1744783429.000496 11.8289
1744783429.103247 1744783429.116790 13.5431
1744783429.227208 1744783429.238916 11.7080
1744783429.340653 1744783429.351561 10.9081
1744783429.452995 1744783429.466572 13.5770
1744783429.570676 1744783429.582161 11.4849
1744783429.685637 1744783429.696746 11.1091
1744783429.798541 1744783429.810648 12.1069
1744783429.911281 1744783429.923709 12.4278
1744783430.026560 1744783430.038028 11.4679
1744783430.140852 1744783430.152183 11.3311
1744783430.254483 1744783430.266135 11.6520
1744783430.368821 1744783430.389268 20.4470
1744783430.493614 1744783430.504380 10.7660
1744783430.607833 1744783430.619755 11.9221
1744783430.721702 1744783430.732889 11.1868
1744783430.835495 1744783430.847464 11.9691
1744783430.949251 1744783430.960606 11.3552
1744783431.062792 1744783431.074532 11.7400
1744783431.177660 1744783431.188615 10.9551
1744783431.291980 1744783431.303548 11.5681
1744783431.404280 1744783431.427728 23.4480
1744783431.529189 1744783431.538327 9.1379
1744783431.644269 1744783431.656257 11.9879
1744783431.757976 1744783431.768856 10.8800
1744783431.872228 1744783431.884445 12.2170
1744783431.986049 1744783431.997588 11.5390
1744783432.100092 1744783432.112000 11.9081
1744783432.213835 1744783432.225154 11.3189
1744783432.328275 1744783432.339544 11.2691
1744783432.442782 1744783432.464035 21.2531
1744783432.566737 1744783432.578646 11.9090
1744783432.680655 1744783432.691110 10.4549
1744783432.795373 1744783432.806804 11.4310
1744783432.909386 1744783432.921574 12.1882
1744783433.023203 1744783433.033668 10.4651
1744783433.137572 1744783433.148872 11.2998
1744783433.251611 1744783433.262804 11.1930
1744783433.365808 1744783433.377466 11.6580
1744783433.479378 1744783433.490548 11.1699
1744783433.593038 1744783433.605039 12.0008
1744783433.707553 1744783433.718442 10.8891
1744783433.822179 1744783433.834016 11.8370
1744783433.935542 1744783433.944179 8.6370
1744783434.049454 1744783434.060978 11.5240
1744783434.166380 1744783434.177662 11.2820
1744783434.280002 1744783434.291560 11.5578
1744783434.393665 1744783434.403472 9.8069
1744783434.504996 1744783434.517911 12.9149
1744783434.624352 1744783434.633955 9.6030
1744783434.735359 1744783434.756797 21.4381
1744783434.859945 1744783434.871608 11.6630
1744783434.974386 1744783434.985955 11.5690
1744783435.089047 1744783435.099756 10.7090
1744783435.204900 1744783435.216046 11.1461
1744783435.319165 1744783435.330130 10.9651
1744783435.430524 1744783435.443905 13.3810
1744783435.547157 1744783435.559296 12.1388
1744783435.661413 1744783435.673048 11.6351
1744783435.775684 1744783435.787369 11.6849
1744783435.891200 1744783435.901987 10.7870
1744783436.005939 1744783436.017525 11.5860
1744783436.122961 1744783436.141020 18.0590
1744783436.243430 1744783436.254809 11.3790
1744783436.356892 1744783436.369636 12.7439
1744783436.480876 1744783436.491175 10.2990
1744783436.594674 1744783436.606181 11.5068
1744783436.708349 1744783436.719811 11.4620
1744783436.821307 1744783436.829490 8.1830
1744783436.937095 1744783436.948535 11.4400
1744783437.051845 1744783437.064152 12.3069
1744783437.165928 1744783437.176993 11.0650
1744783437.280100 1744783437.291079 10.9789
1744783437.394280 1744783437.406744 12.4640
1744783437.508058 1744783437.519751 11.6930
1744783437.620693 1744783437.633838 13.1450
1744783437.736285 1744783437.747352 11.0669
1744783437.850911 1744783437.862672 11.7612
1744783437.965366 1744783437.976749 11.3831
1744783438.080632 1744783438.092162 11.5299
1744783438.194048 1744783438.205159 11.1110
1744783438.309193 1744783438.320757 11.5640
1744783438.424428 1744783438.435665 11.2369
1744783438.538083 1744783438.549945 11.8620
1744783438.651904 1744783438.663138 11.2338
1744783438.765853 1744783438.777756 11.9030
1744783438.880617 1744783438.891669 11.0521
1744783438.995322 1744783439.007984 12.6619
1744783439.109470 1744783439.120520 11.0502
1744783439.223455 1744783439.235550 12.0950
1744783439.338551 1744783439.349575 11.0240
1744783439.452905 1744783439.465979 13.0742
1744783439.567831 1744783439.579240 11.4090
1744783439.681819 1744783439.693855 12.0361
1744783439.795409 1744783439.807539 12.1300
1744783439.911517 1744783439.922905 11.3881
1744783440.026423 1744783440.038080 11.6570
1744783440.140033 1744783440.151351 11.3180
1744783440.255151 1744783440.265321 10.1700
1744783440.369159 1744783440.380072 10.9131
1744783440.483439 1744783440.494759 11.3201
1744783440.597145 1744783440.608487 11.3418
1744783440.716777 1744783440.728885 12.1078
1744783440.830435 1744783440.842321 11.8859
1744783440.945489 1744783440.956859 11.3702
1744783441.059989 1744783441.071786 11.7970
1744783441.173602 1744783441.184462 10.8600
1744783441.287129 1744783441.298737 11.6081
1744783441.400774 1744783441.412026 11.2519
1744783441.514542 1744783441.526056 11.5139
1744783441.628166 1744783441.639438 11.2720
1744783441.742324 1744783441.754913 12.5890
1744783441.856906 1744783441.867812 10.9060
1744783441.971101 1744783441.982708 11.6069
1744783442.085461 1744783442.096545 11.0841
1744783442.198996 1744783442.208832 9.8360
1744783442.311318 1744783442.323999 12.6810
1744783442.427016 1744783442.438316 11.3001
1744783442.551939 1744783442.572173 20.2341
1744783442.676723 1744783442.686760 10.0369
1744783442.792156 1744783442.821460 29.3040
1744783442.928198 1744783442.939480 11.2820
1744783443.042582 1744783443.054329 11.7469
1744783443.156605 1744783443.168271 11.6661
1744783443.271594 1744783443.282807 11.2131
1744783443.385843 1744783443.397445 11.6019
1744783443.500527 1744783443.511173 10.6461
1744783443.614140 1744783443.625769 11.6289
1744783443.728277 1744783443.739534 11.2569
1744783443.842464 1744783443.853686 11.2221
1744783443.956912 1744783443.968359 11.4470
1744783444.072437 1744783444.084230 11.7929
1744783444.186645 1744783444.197944 11.2989
1744783444.300583 1744783444.312220 11.6372
1744783444.414649 1744783444.426255 11.6060
1744783444.528649 1744783444.539901 11.2519
1744783444.642390 1744783444.663113 20.7231
1744783444.766746 1744783444.779477 12.7308
1744783444.881042 1744783444.892652 11.6100
1744783444.997190 1744783445.008527 11.3370
1744783445.111653 1744783445.123363 11.7099
1744783445.226239 1744783445.237252 11.0130
1744783445.339696 1744783445.351283 11.5871
1744783445.454608 1744783445.466195 11.5871
1744783445.569357 1744783445.580910 11.5530
1744783445.684575 1744783445.696135 11.5600
1744783445.799749 1744783445.811459 11.7102
1744783445.913786 1744783445.925239 11.4532
1744783446.028460 1744783446.040395 11.9350
1744783446.143301 1744783446.154460 11.1589
1744783446.257359 1744783446.269214 11.8549
1744783446.372593 1744783446.384723 12.1300
1744783446.487871 1744783446.498804 10.9332
1744783446.601234 1744783446.613088 11.8539
1744783446.714863 1744783446.726281 11.4179
1744783446.828781 1744783446.840746 11.9650
1744783446.942274 1744783446.953411 11.1370
1744783447.056470 1744783447.067961 11.4911
1744783447.170584 1744783447.181728 11.1439
1744783447.284474 1744783447.295768 11.2941
1744783447.398101 1744783447.409223 11.1220
1744783447.511902 1744783447.523354 11.4520
1744783447.625465 1744783447.636628 11.1630
1744783447.739408 1744783447.749065 9.6569
1744783447.854085 1744783447.865366 11.2810
1744783447.968327 1744783447.979963 11.6360
1744783448.083698 1744783448.093472 9.7740
1744783448.196234 1744783448.208501 12.2671
1744783448.310259 1744783448.321475 11.2159
1744783448.424296 1744783448.435514 11.2181
1744783448.538764 1744783448.552035 13.2711
1744783448.652854 1744783448.664020 11.1661
1744783448.766331 1744783448.787258 20.9270
1744783448.895240 1744783448.907124 11.8840
1744783449.010413 1744783449.021588 11.1752
1744783449.125330 1744783449.136955 11.6251
1744783449.239724 1744783449.251008 11.2841
1744783449.353907 1744783449.365355 11.4479
1744783449.468891 1744783449.482853 13.9620
1744783449.593116 1744783449.604661 11.5449
1744783449.708413 1744783449.730333 21.9202
1744783449.832693 1744783449.843309 10.6158
1744783449.947061 1744783449.958500 11.4388
1744783450.061417 1744783450.073738 12.3210
1744783450.175812 1744783450.187325 11.5130
1744783450.290075 1744783450.301182 11.1070
1744783450.404806 1744783450.416488 11.6820
1744783450.520280 1744783450.531473 11.1930
1744783450.634633 1744783450.646083 11.4501
1744783450.752553 1744783450.763300 10.7470
1744783450.867695 1744783450.880066 12.3708
1744783450.982443 1744783450.993680 11.2369
1744783451.097825 1744783451.109646 11.8210
1744783451.212469 1744783451.223685 11.2159
1744783451.326840 1744783451.341509 14.6692
1744783451.451900 1744783451.465242 13.3419
1744783451.576162 1744783451.588013 11.8508
1744783451.689940 1744783451.701093 11.1530
1744783451.803800 1744783451.815708 11.9078
1744783451.917977 1744783451.929397 11.4200
1744783452.033463 1744783452.045138 11.6749
1744783452.149535 1744783452.160770 11.2350
1744783452.264392 1744783452.276657 12.2652
1744783452.388811 1744783452.400160 11.3490
1744783452.503314 1744783452.515175 11.8611
1744783452.619143 1744783452.630256 11.1129
1744783452.732872 1744783452.746349 13.4771
1744783452.846899 1744783452.857828 10.9289
1744783452.960485 1744783452.973239 12.7540
1744783453.074856 1744783453.086803 11.9469
1744783453.188941 1744783453.200345 11.4040
1744783453.302764 1744783453.314152 11.3881
1744783453.417154 1744783453.428483 11.3289
1744783453.531666 1744783453.541997 10.3309
1744783453.645825 1744783453.656523 10.6981
1744783453.759457 1744783453.771431 11.9739
1744783453.874082 1744783453.885783 11.7009
1744783453.988027 1744783453.999667 11.6398
1744783454.101856 1744783454.113346 11.4901
1744783454.216782 1744783454.228252 11.4698
1744783454.330911 1744783454.341961 11.0500
1744783454.444613 1744783454.456053 11.4400
1744783454.558667 1744783454.569764 11.0970
1744783454.672647 1744783454.684065 11.4181
1744783454.786974 1744783454.798215 11.2410
1744783454.901124 1744783454.914431 13.3071
1744783455.015600 1744783455.027156 11.5561
1744783455.131527 1744783455.143104 11.5771
1744783455.247601 1744783455.259053 11.4520
1744783455.361492 1744783455.373174 11.6820
1744783455.474962 1744783455.486654 11.6920
1744783455.590064 1744783455.601527 11.4629
1744783455.707199 1744783455.718804 11.6048
1744783455.821154 1744783455.832552 11.3978
1744783455.935575 1744783455.947188 11.6129
1744783456.049232 1744783456.061019 11.7869
1744783456.162715 1744783456.174413 11.6980
1744783456.276819 1744783456.288604 11.7850
1744783456.390620 1744783456.402011 11.3909
1744783456.504283 1744783456.516260 11.9770
1744783456.617623 1744783456.628850 11.2269
1744783456.732540 1744783456.745731 13.1912
1744783456.846806 1744783456.858469 11.6630
1744783456.962972 1744783456.974398 11.4260
1744783457.074917 1744783457.086099 11.1818
1744783457.189731 1744783457.201433 11.7021
1744783457.304804 1744783457.316352 11.5478
1744783457.418238 1744783457.429644 11.4062
1744783457.532287 1744783457.543429 11.1420
1744783457.650542 1744783457.662086 11.5440
1744783457.765870 1744783457.777228 11.3580
1744783457.880098 1744783457.891913 11.8148
1744783457.993708 1744783458.004728 11.0202
1744783458.107926 1744783458.119687 11.7612
1744783458.221949 1744783458.233576 11.6270
1744783458.336128 1744783458.347626 11.4980
1744783458.450173 1744783458.462334 12.1610
1744783458.563711 1744783458.575147 11.4360
1744783458.678021 1744783458.688856 10.8349
1744783458.792543 1744783458.803964 11.4210
1744783458.906000 1744783458.917425 11.4250
1744783459.020011 1744783459.031535 11.5240
1744783459.134307 1744783459.145281 10.9742
1744783459.250279 1744783459.261874 11.5950
1744783459.365089 1744783459.376134 11.0450
1744783459.478900 1744783459.490981 12.0811
1744783459.594035 1744783459.605609 11.5740
1744783459.709703 1744783459.720940 11.2371
1744783459.823027 1744783459.834424 11.3971
1744783459.937717 1744783459.949135 11.4181
1744783460.051757 1744783460.062946 11.1890
1744783460.165956 1744783460.176957 11.0009
1744783460.282211 1744783460.292175 9.9640
1744783460.393575 1744783460.407839 14.2641
1744783460.517494 1744783460.528633 11.1392
1744783460.630980 1744783460.644132 13.1519
1744783460.744551 1744783460.755736 11.1852
1744783460.858367 1744783460.869771 11.4040
1744783460.972535 1744783460.984129 11.5941
1744783461.088621 1744783461.102702 14.0810
1744783461.212627 1744783461.224286 11.6591
1744783461.326409 1744783461.337590 11.1809
1744783461.439807 1744783461.452092 12.2850
1744783461.554343 1744783461.565539 11.1959
1744783461.669683 1744783461.680785 11.1020
1744783461.783217 1744783461.794312 11.0950
1744783461.898469 1744783461.910758 12.2890
1744783462.012500 1744783462.024184 11.6839
1744783462.126639 1744783462.138235 11.5962
1744783462.240526 1744783462.251366 10.8399
1744783462.355812 1744783462.367664 11.8520
1744783462.470259 1744783462.481578 11.3192
1744783462.584019 1744783462.595020 11.0011
1744783462.697805 1744783462.709140 11.3351
1744783462.812032 1744783462.823607 11.5750
1744783462.925490 1744783462.936924 11.4341
1744783463.039750 1744783463.051800 12.0499
1744783463.153673 1744783463.164960 11.2870
1744783463.268973 1744783463.280501 11.5278
1744783463.383009 1744783463.394937 11.9281
1744783463.497124 1744783463.508745 11.6210
1744783463.611262 1744783463.623042 11.7800
1744783463.725478 1744783463.737327 11.8492
1744783463.839721 1744783463.851452 11.7311
1744783463.953857 1744783463.965612 11.7550
1744783464.067861 1744783464.079390 11.5290
1744783464.182371 1744783464.194294 11.9231
1744783464.297539 1744783464.308689 11.1501
1744783464.411799 1744783464.423187 11.3881
1744783464.525417 1744783464.536583 11.1659
1744783464.639941 1744783464.651667 11.7261
1744783464.754017 1744783464.765445 11.4279
1744783464.868065 1744783464.880002 11.9369
1744783464.982025 1744783464.993445 11.4200
1744783465.095834 1744783465.107148 11.3139
1744783465.210841 1744783465.222423 11.5821
1744783465.325638 1744783465.337190 11.5519
1744783465.439604 1744783465.450828 11.2240
1744783465.554396 1744783465.565910 11.5142
1744783465.669873 1744783465.681284 11.4110
1744783465.784944 1744783465.796615 11.6708
1744783465.899029 1744783465.909967 10.9379
1744783466.012643 1744783466.023340 10.6969
1744783466.126540 1744783466.137857 11.3170
1744783466.241374 1744783466.253106 11.7321
1744783466.356129 1744783466.367457 11.3280
1744783466.470266 1744783466.482209 11.9429
1744783466.584662 1744783466.595838 11.1761
1744783466.699725 1744783466.711458 11.7331
1744783466.814433 1744783466.826953 12.5198
1744783466.928520 1744783466.940504 11.9841
1744783467.044005 1744783467.055060 11.0550
1744783467.157628 1744783467.169089 11.4610
1744783467.271477 1744783467.282993 11.5161
1744783467.385170 1744783467.396755 11.5850
1744783467.499679 1744783467.510985 11.3058
1744783467.613692 1744783467.625311 11.6189
1744783467.727763 1744783467.739323 11.5600
1744783467.841984 1744783467.853549 11.5650
1744783467.956736 1744783467.967958 11.2219
1744783468.070519 1744783468.082273 11.7540
1744783468.185401 1744783468.196665 11.2641
1744783468.300266 1744783468.311950 11.6839
1744783468.414809 1744783468.426065 11.2560
1744783468.528580 1744783468.540105 11.5252
1744783468.642320 1744783468.653576 11.2560
1744783468.758308 1744783468.770406 12.0981
1744783468.872262 1744783468.883653 11.3909
1744783468.988000 1744783468.999599 11.5991
1744783469.101546 1744783469.112507 10.9611
1744783469.215029 1744783469.226631 11.6019
1744783469.329405 1744783469.340380 10.9749
1744783469.447524 1744783469.460972 13.4480
1744783469.561941 1744783469.574149 12.2080
1744783469.675642 1744783469.687178 11.5359
1744783469.794507 1744783469.805531 11.0240
1744783469.909580 1744783469.921173 11.5931
1744783470.024546 1744783470.035587 11.0412
1744783470.138794 1744783470.150662 11.8680
1744783470.253391 1744783470.264310 10.9189
1744783470.368132 1744783470.380655 12.5229
1744783470.481807 1744783470.492554 10.7470
1744783470.596571 1744783470.607730 11.1589
1744783470.710243 1744783470.721322 11.0791
1744783470.824144 1744783470.835775 11.6310
1744783470.938279 1744783470.949538 11.2591
1744783471.056369 1744783471.067976 11.6069
1744783471.170105 1744783471.181097 10.9921
1744783471.283798 1744783471.295080 11.2820
1744783471.398751 1744783471.409593 10.8421
1744783471.512340 1744783471.524069 11.7290
1744783471.626724 1744783471.637651 10.9270
1744783471.741272 1744783471.752880 11.6081
1744783471.861741 1744783471.872884 11.1430
1744783471.975846 1744783471.987409 11.5631
1744783472.090852 1744783472.102059 11.2069
1744783472.205491 1744783472.216669 11.1780
1744783472.318774 1744783472.330448 11.6739
1744783472.432581 1744783472.444476 11.8949
1744783472.547040 1744783472.558306 11.2660
1744783472.661269 1744783472.673245 11.9760
1744783472.776598 1744783472.787737 11.1389
1744783472.890404 1744783472.901586 11.1821
1744783473.004225 1744783473.015476 11.2510
1744783473.117724 1744783473.129043 11.3192
1744783473.232443 1744783473.243901 11.4579
1744783473.346986 1744783473.358106 11.1198
1744783473.462334 1744783473.473120 10.7861
1744783473.581397 1744783473.593348 11.9510
1744783473.696308 1744783473.707491 11.1830
1744783473.811554 1744783473.823109 11.5550
1744783473.926372 1744783473.937545 11.1730
1744783474.040604 1744783474.052221 11.6169
1744783474.154846 1744783474.168965 14.1191
1744783474.279875 1744783474.291377 11.5020
1744783474.394917 1744783474.406825 11.9081
1744783474.510105 1744783474.521641 11.5361
1744783474.623569 1744783474.635460 11.8909
1744783474.740306 1744783474.751575 11.2691
1744783474.854320 1744783474.865838 11.5180
1744783474.970606 1744783474.981774 11.1680
1744783475.084744 1744783475.096292 11.5480
1744783475.198497 1744783475.210206 11.7090
1744783475.313246 1744783475.326454 13.2079
1744783475.428068 1744783475.438817 10.7491
1744783475.542983 1744783475.563745 20.7620
1744783475.667994 1744783475.682865 14.8709
1744783475.793787 1744783475.805052 11.2650
1744783475.912578 1744783475.924178 11.5998
1744783476.026658 1744783476.040492 13.8340
1744783476.150451 1744783476.161650 11.1990
1744783476.265092 1744783476.277049 11.9572
