1744783416.314999
1744783416.428655
1744783416.543410
1744783416.658509
1744783416.773416
1744783416.887170
1744783417.001328
1744783417.116131
1744783417.240507
1744783417.354574
1744783417.468514
1744783417.594025
1744783417.708135
1744783417.822890
1744783417.937614
1744783418.052457
1744783418.167234
1744783418.281004
1744783418.394716
1744783418.508723
1744783418.623541
1744783418.738481
1744783418.853209
1744783418.968108
1744783419.082350
1744783419.196935
1744783419.311922
1744783419.426321
1744783419.539837
1744783419.654290
1744783419.768777
1744783419.882908
1744783419.997443
1744783420.111976
1744783420.225182
1744783420.344691
1744783420.458910
1744783420.584035
1744783420.699522
1744783420.814932
1744783420.953790
1744783421.068059
1744783421.185039
1744783421.303501
1744783421.417434
1744783421.530161
1744783421.648930
1744783421.764025
1744783421.879162
1744783421.993356
1744783422.107292
1744783422.221109
1744783422.334951
1744783422.448715
1744783422.562343
1744783422.676153
1744783422.790729
1744783422.903375
1744783423.018088
1744783423.132750
1744783423.247594
1744783423.362286
1744783423.475901
1744783423.589904
1744783423.705169
1744783423.820245
1744783423.934697
1744783424.047950
1744783424.162871
1744783424.277702
1744783424.392309
1744783424.506794
1744783424.620995
1744783424.734470
1744783424.849193
1744783424.963381
1744783425.077773
1744783425.191995
1744783425.305031
1744783425.419682
1744783425.535833
1744783425.649946
1744783425.760917
1744783425.875276
1744783425.992582
1744783426.105106
1744783426.218316
1744783426.347021
1744783426.462631
1744783426.580325
1744783426.694203
1744783426.807554
1744783426.921978
1744783427.035958
1744783427.152512
1744783427.266217
1744783427.380845
1744783427.494771
1744783427.608622
1744783427.722498
1744783427.836868
1744783427.950552
1744783428.064752
1744783428.179130
1744783428.294214
1744783428.418444
1744783428.532092
1744783428.646152
1744783428.759901
1744783428.874659
1744783428.988667
1744783429.103247
1744783429.227208
1744783429.340653
1744783429.452995
1744783429.570676
1744783429.685637
1744783429.798541
1744783429.911281
1744783430.026560
1744783430.140852
1744783430.254483
1744783430.368821
1744783430.493614
1744783430.607833
1744783430.721702
1744783430.835495
1744783430.949251
1744783431.062792
1744783431.177660
1744783431.291980
1744783431.404280
1744783431.529189
1744783431.644269
1744783431.757976
1744783431.872228
1744783431.986049
1744783432.100092
1744783432.213835
1744783432.328275
1744783432.442782
1744783432.566737
1744783432.680655
1744783432.795373
1744783432.909386
1744783433.023203
1744783433.137572
1744783433.251611
1744783433.365808
1744783433.479378
1744783433.593038
1744783433.707553
1744783433.822179
1744783433.935542
1744783434.049454
1744783434.166380
1744783434.280002
1744783434.393665
1744783434.504996
1744783434.624352
1744783434.735359
1744783434.859945
1744783434.974386
1744783435.089047
1744783435.204900
1744783435.319165
1744783435.430524
1744783435.547157
1744783435.661413
1744783435.775684
1744783435.891200
1744783436.005939
1744783436.122961
1744783436.243430
1744783436.356892
1744783436.480876
1744783436.594674
1744783436.708349
1744783436.821307
1744783436.937095
1744783437.051845
1744783437.165928
1744783437.280100
1744783437.394280
1744783437.508058
1744783437.620693
1744783437.736285
1744783437.850911
1744783437.965366
1744783438.080632
1744783438.194048
1744783438.309193
1744783438.424428
1744783438.538083
1744783438.651904
1744783438.765853
1744783438.880617
1744783438.995322
1744783439.109470
1744783439.223455
1744783439.338551
1744783439.452905
1744783439.567831
1744783439.681819
1744783439.795409
1744783439.911517
1744783440.026423
1744783440.140033
1744783440.255151
1744783440.369159
1744783440.483439
1744783440.597145
1744783440.716777
1744783440.830435
1744783440.945489
1744783441.059989
1744783441.173602
1744783441.287129
1744783441.400774
1744783441.514542
1744783441.628166
1744783441.742324
1744783441.856906
1744783441.971101
1744783442.085461
1744783442.198996
1744783442.311318
1744783442.427016
1744783442.551939
1744783442.676723
1744783442.792156
1744783442.928198
1744783443.042582
1744783443.156605
1744783443.271594
1744783443.385843
1744783443.500527
1744783443.614140
1744783443.728277
1744783443.842464
1744783443.956912
1744783444.072437
1744783444.186645
1744783444.300583
1744783444.414649
1744783444.528649
1744783444.642390
1744783444.766746
1744783444.881042
1744783444.997190
1744783445.111653
1744783445.226239
1744783445.339696
1744783445.454608
1744783445.569357
1744783445.684575
1744783445.799749
1744783445.913786
1744783446.028460
1744783446.143301
1744783446.257359
1744783446.372593
1744783446.487871
1744783446.601234
1744783446.714863
1744783446.828781
1744783446.942274
1744783447.056470
1744783447.170584
1744783447.284474
1744783447.398101
1744783447.511902
1744783447.625465
1744783447.739408
1744783447.854085
1744783447.968327
1744783448.083698
1744783448.196234
1744783448.310259
1744783448.424296
1744783448.538764
1744783448.652854
1744783448.766331
1744783448.895240
1744783449.010413
1744783449.125330
1744783449.239724
1744783449.353907
1744783449.468891
1744783449.593116
1744783449.708413
1744783449.832693
1744783449.947061
1744783450.061417
1744783450.175812
1744783450.290075
1744783450.404806
1744783450.520280
1744783450.634633
1744783450.752553
1744783450.867695
1744783450.982443
1744783451.097825
1744783451.212469
1744783451.326840
1744783451.451900
1744783451.576162
1744783451.689940
1744783451.803800
1744783451.917977
1744783452.033463
1744783452.149535
1744783452.264392
1744783452.388811
1744783452.503314
1744783452.619143
1744783452.732872
1744783452.846899
1744783452.960485
1744783453.074856
1744783453.188941
1744783453.302764
1744783453.417154
1744783453.531666
1744783453.645825
1744783453.759457
1744783453.874082
1744783453.988027
1744783454.101856
1744783454.216782
1744783454.330911
1744783454.444613
1744783454.558667
1744783454.672647
1744783454.786974
1744783454.901124
1744783455.015600
1744783455.131527
1744783455.247601
1744783455.361492
1744783455.474962
1744783455.590064
1744783455.707199
1744783455.821154
1744783455.935575
1744783456.049232
1744783456.162715
1744783456.276819
1744783456.390620
1744783456.504283
1744783456.617623
1744783456.732540
1744783456.846806
1744783456.962972
1744783457.074917
1744783457.189731
1744783457.304804
1744783457.418238
1744783457.532287
1744783457.650542
1744783457.765870
1744783457.880098
1744783457.993708
1744783458.107926
1744783458.221949
1744783458.336128
1744783458.450173
1744783458.563711
1744783458.678021
1744783458.792543
1744783458.906000
1744783459.020011
1744783459.134307
1744783459.250279
1744783459.365089
1744783459.478900
1744783459.594035
1744783459.709703
1744783459.823027
1744783459.937717
1744783460.051757
1744783460.165956
1744783460.282211
1744783460.393575
1744783460.517494
1744783460.630980
1744783460.744551
1744783460.858367
1744783460.972535
1744783461.088621
1744783461.212627
1744783461.326409
1744783461.439807
1744783461.554343
1744783461.669683
1744783461.783217
1744783461.898469
1744783462.012500
1744783462.126639
1744783462.240526
1744783462.355812
1744783462.470259
1744783462.584019
1744783462.697805
1744783462.812032
1744783462.925490
1744783463.039750
1744783463.153673
1744783463.268973
1744783463.383009
1744783463.497124
1744783463.611262
1744783463.725478
1744783463.839721
1744783463.953857
1744783464.067861
1744783464.182371
1744783464.297539
1744783464.411799
1744783464.525417
1744783464.639941
1744783464.754017
1744783464.868065
1744783464.982025
1744783465.095834
1744783465.210841
1744783465.325638
1744783465.439604
1744783465.554396
1744783465.669873
1744783465.784944
1744783465.899029
1744783466.012643
1744783466.126540
1744783466.241374
1744783466.356129
1744783466.470266
1744783466.584662
1744783466.699725
1744783466.814433
1744783466.928520
1744783467.044005
1744783467.157628
1744783467.271477
1744783467.385170
1744783467.499679
1744783467.613692
1744783467.727763
1744783467.841984
1744783467.956736
1744783468.070519
1744783468.185401
1744783468.300266
1744783468.414809
1744783468.528580
1744783468.642320
1744783468.758308
1744783468.872262
1744783468.988000
1744783469.101546
1744783469.215029
1744783469.329405
1744783469.447524
1744783469.561941
1744783469.675642
1744783469.794507
1744783469.909580
1744783470.024546
1744783470.138794
1744783470.253391
1744783470.368132
1744783470.481807
1744783470.596571
1744783470.710243
1744783470.824144
1744783470.938279
1744783471.056369
1744783471.170105
1744783471.283798
1744783471.398751
1744783471.512340
1744783471.626724
1744783471.741272
1744783471.861741
1744783471.975846
1744783472.090852
1744783472.205491
1744783472.318774
1744783472.432581
1744783472.547040
1744783472.661269
1744783472.776598
1744783472.890404
1744783473.004225
1744783473.117724
1744783473.232443
1744783473.346986
1744783473.462334
1744783473.581397
1744783473.696308
1744783473.811554
1744783473.926372
1744783474.040604
1744783474.154846
1744783474.279875
1744783474.394917
1744783474.510105
1744783474.623569
1744783474.740306
1744783474.854320
1744783474.970606
1744783475.084744
1744783475.198497
1744783475.313246
1744783475.428068
1744783475.542983
1744783475.667994
1744783475.793787
1744783475.912578
1744783476.026658
1744783476.150451
1744783476.265092
