1744784058.124024
1744784058.238797
1744784058.353885
1744784058.468022
1744784058.581092
1744784058.696282
1744784058.811620
1744784058.927424
1744784059.045014
1744784059.156908
1744784059.271930
1744784059.384049
1744784059.511896
1744784059.625277
1744784059.740726
1744784059.856021
1744784059.971301
1744784060.084698
1744784060.199206
1744784060.312111
1744784060.425582
1744784060.539188
1744784060.653407
1744784060.767739
1744784060.881507
1744784060.998101
1744784061.112849
1744784061.229032
1744784061.351331
1744784061.464591
1744784061.588010
1744784061.703798
1744784061.819635
1744784061.933663
1744784062.047818
1744784062.161629
1744784062.275927
1744784062.391219
1744784062.504957
1744784062.617261
1744784062.733212
1744784062.848019
1744784062.962894
1744784063.076188
1744784063.190584
1744784063.303408
1744784063.418596
1744784063.544486
1744784063.660218
1744784063.774685
1744784063.888307
1744784064.003461
1744784064.117095
1744784064.232306
1744784064.348371
1744784064.469405
1744784064.582819
1744784064.698700
1744784064.815602
1744784064.930621
1744784065.044805
1744784065.158468
1744784065.272597
1744784065.387858
1744784065.500404
1744784065.613453
1744784065.727710
1744784065.844196
1744784065.958674
1744784066.073968
1744784066.188950
1744784066.303402
1744784066.417520
1744784066.536998
1744784066.650665
1744784066.764311
1744784066.879720
1744784066.993991
1744784067.108049
1744784067.225028
1744784067.339557
1744784067.453720
1744784067.577219
1744784067.696516
1744784067.811183
1744784067.925233
1744784068.041453
1744784068.157272
1744784068.271632
1744784068.385295
1744784068.500354
1744784068.615699
1744784068.733312
1744784068.845661
1744784068.959902
1744784069.073586
1744784069.187874
1744784069.301204
1744784069.414603
1744784069.529407
1744784069.646549
1744784069.767888
1744784069.881848
1744784069.996838
1744784070.109797
1744784070.224272
1744784070.338301
1744784070.452627
1744784070.568301
1744784070.680258
1744784070.794765
1744784070.909182
1744784071.023178
1744784071.138392
1744784071.252073
1744784071.367925
1744784071.482653
1744784071.598465
1744784071.713947
1744784071.829085
1744784071.944474
1744784072.059499
1744784072.173876
1744784072.290009
1744784072.404849
1744784072.518204
1744784072.633001
1744784072.748563
1744784072.863707
1744784072.977479
1744784073.092878
1744784073.206155
1744784073.320404
1744784073.433772
1744784073.548706
1744784073.663272
1744784073.779040
1744784073.894617
1744784074.009700
1744784074.123729
1744784074.237565
1744784074.351299
1744784074.465499
1744784074.579232
1744784074.693314
1744784074.808301
1744784074.922742
1744784075.037013
1744784075.151261
1744784075.268979
1744784075.386404
1744784075.507480
1744784075.627898
1744784075.740471
1744784075.854215
1744784075.969338
1744784076.082807
1744784076.197036
1744784076.310572
1744784076.424765
1744784076.539852
1744784076.655229
1744784076.768126
1744784076.882940
1744784076.997807
1744784077.112548
1744784077.225869
1744784077.340380
1744784077.454869
1744784077.569103
1744784077.688559
1744784077.802616
1744784077.917922
1744784078.032915
1744784078.146810
1744784078.260836
1744784078.374603
1744784078.488740
1744784078.603255
1744784078.718141
1744784078.838280
1744784078.955333
1744784079.070112
1744784079.185539
1744784079.299065
1744784079.414485
1744784079.526170
1744784079.640886
1744784079.753897
1744784079.868456
1744784079.996026
1744784080.109857
1744784080.224031
1744784080.337421
1744784080.451854
1744784080.565439
1744784080.680089
1744784080.794283
1744784080.909527
1744784081.023363
1744784081.137652
1744784081.256323
1744784081.370543
1744784081.484520
1744784081.597621
1744784081.713844
1744784081.838074
1744784081.970637
1744784082.086071
1744784082.200182
1744784082.313738
1744784082.427956
1744784082.541441
1744784082.656348
1744784082.770824
1744784082.884125
1744784082.999015
1744784083.114619
1744784083.228068
1744784083.341692
1744784083.456099
1744784083.569307
1744784083.685829
1744784083.808862
1744784083.922300
1744784084.039939
1744784084.153209
1744784084.290252
1744784084.407629
1744784084.520713
1744784084.635024
1744784084.748181
1744784084.864111
1744784084.979078
1744784085.094004
1744784085.207930
1744784085.323401
1744784085.436802
1744784085.550751
1744784085.663919
1744784085.777899
1744784085.893433
1744784086.005897
1744784086.120627
1744784086.239932
1744784086.354362
1744784086.469251
1744784086.585293
1744784086.700572
1744784086.852288
1744784086.971452
1744784087.085703
1744784087.199599
1744784087.316641
1744784087.431073
1744784087.544121
1744784087.658236
1744784087.772411
1744784087.886165
1744784087.999486
1744784088.115061
1744784088.228967
1744784088.342825
1744784088.460104
1744784088.574160
1744784088.687372
1744784088.801106
1744784088.914952
1744784089.030717
1744784089.149193
1744784089.264578
1744784089.377927
1744784089.492830
1744784089.606620
1744784089.721888
1744784089.837051
1744784089.953944
1744784090.065466
1744784090.180947
1744784090.294477
1744784090.410491
1744784090.522704
1744784090.637432
1744784090.754186
1744784090.875982
1744784090.990119
1744784091.104338
1744784091.219102
1744784091.332388
1744784091.446425
1744784091.560006
1744784091.674115
1744784091.787858
1744784091.903845
1744784092.017197
1744784092.133058
1744784092.247762
1744784092.364951
1744784092.481732
1744784092.594992
1744784092.709291
1744784092.822736
1744784092.937603
1744784093.051981
1744784093.169914
1744784093.292618
1744784093.412240
1744784093.525267
1744784093.641601
1744784093.756410
1744784093.870278
1744784093.985008
1744784094.098716
1744784094.214038
1744784094.328385
1744784094.443047
1744784094.556580
1744784094.670837
1744784094.789646
1744784094.903675
1744784095.018502
1744784095.131390
1744784095.245732
1744784095.360346
1744784095.473260
1744784095.587745
1744784095.700687
1744784095.815295
1744784095.928561
1744784096.042803
1744784096.156771
1744784096.272442
1744784096.385934
1744784096.499995
1744784096.613250
1744784096.727511
1744784096.841060
1744784096.955920
1744784097.070008
1744784097.185166
1744784097.299123
1744784097.412280
1744784097.526813
1744784097.640624
1744784097.754345
1744784097.869191
1744784097.983175
1744784098.095872
1744784098.210984
1744784098.325202
1744784098.440934
1744784098.554698
1744784098.669505
1744784098.782266
1744784098.898138
1744784099.012835
1744784099.128143
1744784099.242910
1744784099.358314
1744784099.472068
1744784099.586101
1744784099.699749
1744784099.816139
1744784099.929501
1744784100.044299
1744784100.157711
1744784100.273054
1744784100.387590
1744784100.503800
1744784100.617234
1744784100.730711
1744784100.844455
1744784100.957787
1744784101.074119
1744784101.195928
1744784101.311379
1744784101.424917
1744784101.539149
1744784101.652866
1744784101.767308
1744784101.880181
1744784101.997110
1744784102.118729
1744784102.232947
1744784102.348896
1744784102.462966
1744784102.576796
1744784102.690318
1744784102.803761
1744784102.917098
1744784103.032095
1744784103.147150
1744784103.261255
1744784103.375939
1744784103.489581
1744784103.603321
1744784103.716897
1744784103.830358
1744784103.944929
1744784104.058254
1744784104.173509
1744784104.287977
1744784104.402041
1744784104.515967
1744784104.629914
1744784104.743572
1744784104.857415
1744784104.971054
1744784105.085275
1744784105.198902
1744784105.315151
1744784105.428824
1744784105.542601
1744784105.657504
1744784105.768314
1744784105.885000
1744784105.998927
1744784106.112889
1744784106.227827
1744784106.342756
1744784106.456283
1744784106.574899
1744784106.689496
1744784106.803596
1744784106.918612
1744784107.033617
1744784107.175658
1744784107.295821
1744784107.412648
1744784107.523458
1744784107.641322
1744784107.754961
1744784107.870338
1744784107.983500
1744784108.099032
1744784108.211560
1744784108.326840
1744784108.440645
1744784108.554843
1744784108.668898
1744784108.791806
1744784108.906937
1744784109.020801
1744784109.134175
1744784109.247826
1744784109.363190
1744784109.477956
1744784109.591223
1744784109.705282
1744784109.819626
1744784109.934291
1744784110.049020
1744784110.164090
1744784110.277120
1744784110.392411
1744784110.507150
1744784110.620756
1744784110.737361
1744784110.856558
1744784110.972129
1744784111.085304
1744784111.199884
1744784111.313177
1744784111.427335
1744784111.540946
1744784111.655142
1744784111.768268
1744784111.882506
1744784111.995990
1744784112.111507
1744784112.224460
1744784112.338463
1744784112.452029
1744784112.566652
1744784112.680503
1744784112.796136
1744784112.909313
1744784113.023816
1744784113.136995
1744784113.252016
1744784113.364475
1744784113.479641
1744784113.593303
1744784113.708294
1744784113.822753
1744784113.937934
1744784114.052514
1744784114.168028
1744784114.281072
1744784114.398098
1744784114.513906
1744784114.628808
1744784114.742278
1744784114.856145
1744784114.969301
1744784115.084107
1744784115.197832
1744784115.312418
1744784115.429253
1744784115.550907
1744784115.665639
1744784115.779207
1744784115.893774
1744784116.007233
1744784116.122611
1744784116.235042
1744784116.346779
1744784116.464130
1744784116.579509
1744784116.693465
1744784116.808604
1744784116.923569
1744784117.038325
1744784117.152525
1744784117.266995
1744784117.382138
1744784117.497269
1744784117.613843
1744784117.735472
1744784117.849305
1744784117.964809
1744784118.078801
