1744784058.112934 1744784058.124024 11.0898
1744784058.226801 1744784058.238797 11.9960
1744784058.342959 1744784058.353885 10.9260
1744784058.456568 1744784058.468022 11.4541
1744784058.569835 1744784058.581092 11.2569
1744784058.684815 1744784058.696282 11.4670
1744784058.800366 1744784058.811620 11.2541
1744784058.916081 1744784058.927424 11.3430
1744784059.031530 1744784059.045014 13.4840
1744784059.145559 1744784059.156908 11.3490
1744784059.260375 1744784059.271930 11.5550
1744784059.375113 1744784059.384049 8.9359
1744784059.489643 1744784059.511896 22.2528
1744784059.614177 1744784059.625277 11.1001
1744784059.729219 1744784059.740726 11.5070
1744784059.844544 1744784059.856021 11.4770
1744784059.959757 1744784059.971301 11.5440
1744784060.073558 1744784060.084698 11.1399
1744784060.186816 1744784060.199206 12.3901
1744784060.300488 1744784060.312111 11.6229
1744784060.414010 1744784060.425582 11.5719
1744784060.527634 1744784060.539188 11.5540
1744784060.642253 1744784060.653407 11.1542
1744784060.755827 1744784060.767739 11.9121
1744784060.870500 1744784060.881507 11.0068
1744784060.986377 1744784060.998101 11.7240
1744784061.101710 1744784061.112849 11.1389
1744784061.215418 1744784061.229032 13.6139
1744784061.339726 1744784061.351331 11.6050
1744784061.453232 1744784061.464591 11.3590
1744784061.566885 1744784061.588010 21.1251
1744784061.692286 1744784061.703798 11.5120
1744784061.807700 1744784061.819635 11.9350
1744784061.922582 1744784061.933663 11.0810
1744784062.036061 1744784062.047818 11.7569
1744784062.150558 1744784062.161629 11.0710
1744784062.263031 1744784062.275927 12.8961
1744784062.378764 1744784062.391219 12.4550
1744784062.492545 1744784062.504957 12.4121
1744784062.606048 1744784062.617261 11.2128
1744784062.721156 1744784062.733212 12.0561
1744784062.836536 1744784062.848019 11.4830
1744784062.951291 1744784062.962894 11.6029
1744784063.064820 1744784063.076188 11.3680
1744784063.178786 1744784063.190584 11.7979
1744784063.292692 1744784063.303408 10.7160
1744784063.406600 1744784063.418596 11.9960
1744784063.523614 1744784063.544486 20.8721
1744784063.648937 1744784063.660218 11.2810
1744784063.763291 1744784063.774685 11.3940
1744784063.877017 1744784063.888307 11.2901
1744784063.991823 1744784064.003461 11.6379
1744784064.106204 1744784064.117095 10.8910
1744784064.220604 1744784064.232306 11.7021
1744784064.334289 1744784064.348371 14.0820
1744784064.458147 1744784064.469405 11.2579
1744784064.571932 1744784064.582819 10.8869
1744784064.686747 1744784064.698700 11.9529
1744784064.803471 1744784064.815602 12.1310
1744784064.919457 1744784064.930621 11.1639
1744784065.033277 1744784065.044805 11.5280
1744784065.147143 1744784065.158468 11.3251
1744784065.260825 1744784065.272597 11.7722
1744784065.374565 1744784065.387858 13.2930
1744784065.488694 1744784065.500404 11.7099
1744784065.604577 1744784065.613453 8.8758
1744784065.716508 1744784065.727710 11.2021
1744784065.832817 1744784065.844196 11.3790
1744784065.947044 1744784065.958674 11.6301
1744784066.062587 1744784066.073968 11.3809
1744784066.178025 1744784066.188950 10.9251
1744784066.290117 1744784066.303402 13.2849
1744784066.406893 1744784066.417520 10.6270
1744784066.525286 1744784066.536998 11.7121
1744784066.639570 1744784066.650665 11.0950
1744784066.752754 1744784066.764311 11.5571
1744784066.868480 1744784066.879720 11.2400
1744784066.982700 1744784066.993991 11.2908
1744784067.097092 1744784067.108049 10.9570
1744784067.213129 1744784067.225028 11.8990
1744784067.328193 1744784067.339557 11.3640
1744784067.441993 1744784067.453720 11.7271
1744784067.556521 1744784067.577219 20.6981
1744784067.685187 1744784067.696516 11.3289
1744784067.799690 1744784067.811183 11.4930
1744784067.914048 1744784067.925233 11.1849
1744784068.029837 1744784068.041453 11.6160
1744784068.142408 1744784068.157272 14.8642
1744784068.260309 1744784068.271632 11.3230
1744784068.374072 1744784068.385295 11.2228
1744784068.488821 1744784068.500354 11.5330
1744784068.604059 1744784068.615699 11.6401
1744784068.719348 1744784068.733312 13.9639
1744784068.834382 1744784068.845661 11.2789
1744784068.948366 1744784068.959902 11.5361
1744784069.062689 1744784069.073586 10.8969
1744784069.176337 1744784069.187874 11.5371
1744784069.290398 1744784069.301204 10.8061
1744784069.404229 1744784069.414603 10.3741
1744784069.517853 1744784069.529407 11.5540
1744784069.631725 1744784069.646549 14.8239
1744784069.756458 1744784069.767888 11.4300
1744784069.870649 1744784069.881848 11.1990
1744784069.984804 1744784069.996838 12.0342
1744784070.098799 1744784070.109797 10.9980
1744784070.212491 1744784070.224272 11.7810
1744784070.327057 1744784070.338301 11.2441
1744784070.441007 1744784070.452627 11.6200
1744784070.554503 1744784070.568301 13.7980
1744784070.668864 1744784070.680258 11.3940
1744784070.783599 1744784070.794765 11.1661
1744784070.897675 1744784070.909182 11.5070
1744784071.011893 1744784071.023178 11.2851
1744784071.125883 1744784071.138392 12.5089
1744784071.240848 1744784071.252073 11.2250
1744784071.356026 1744784071.367925 11.8990
1744784071.471123 1744784071.482653 11.5299
1744784071.586822 1744784071.598465 11.6429
1744784071.701096 1744784071.713947 12.8510
1744784071.817010 1744784071.829085 12.0752
1744784071.933057 1744784071.944474 11.4169
1744784072.047927 1744784072.059499 11.5721
1744784072.162966 1744784072.173876 10.9100
1744784072.278397 1744784072.290009 11.6119
1744784072.393344 1744784072.404849 11.5051
1744784072.507050 1744784072.518204 11.1539
1744784072.621390 1744784072.633001 11.6110
1744784072.736728 1744784072.748563 11.8351
1744784072.851684 1744784072.863707 12.0230
1744784072.966787 1744784072.977479 10.6919
1744784073.080644 1744784073.092878 12.2342
1744784073.194803 1744784073.206155 11.3521
1744784073.308625 1744784073.320404 11.7791
1744784073.422502 1744784073.433772 11.2700
1744784073.536371 1744784073.548706 12.3351
1744784073.651592 1744784073.663272 11.6799
1744784073.767315 1744784073.779040 11.7252
1744784073.883518 1744784073.894617 11.0991
1744784073.998228 1744784074.009700 11.4720
1744784074.112119 1744784074.123729 11.6100
1744784074.226238 1744784074.237565 11.3270
1744784074.340020 1744784074.351299 11.2791
1744784074.454031 1744784074.465499 11.4679
1744784074.567817 1744784074.579232 11.4150
1744784074.681443 1744784074.693314 11.8711
1744784074.794667 1744784074.808301 13.6340
1744784074.910503 1744784074.922742 12.2390
1744784075.025638 1744784075.037013 11.3750
1744784075.139677 1744784075.151261 11.5840
1744784075.258009 1744784075.268979 10.9701
1744784075.371830 1744784075.386404 14.5741
1744784075.495937 1744784075.507480 11.5428
1744784075.613844 1744784075.627898 14.0541
1744784075.728412 1744784075.740471 12.0590
1744784075.842774 1744784075.854215 11.4410
1744784075.957607 1744784075.969338 11.7309
1744784076.071602 1744784076.082807 11.2050
1744784076.185561 1744784076.197036 11.4751
1744784076.299346 1744784076.310572 11.2259
1744784076.413525 1744784076.424765 11.2400
1744784076.528689 1744784076.539852 11.1630
1744784076.643406 1744784076.655229 11.8232
1744784076.757226 1744784076.768126 10.9000
1744784076.871229 1744784076.882940 11.7111
1744784076.986865 1744784076.997807 10.9420
1744784077.100982 1744784077.112548 11.5662
1744784077.215014 1744784077.225869 10.8550
1744784077.328913 1744784077.340380 11.4670
1744784077.443313 1744784077.454869 11.5561
1744784077.557342 1744784077.569103 11.7610
1744784077.677158 1744784077.688559 11.4009
1744784077.791388 1744784077.802616 11.2278
1744784077.906196 1744784077.917922 11.7259
1744784078.021413 1744784078.032915 11.5020
1744784078.135367 1744784078.146810 11.4431
1744784078.249251 1744784078.260836 11.5850
1744784078.363137 1744784078.374603 11.4660
1744784078.477447 1744784078.488740 11.2929
1744784078.591497 1744784078.603255 11.7581
1744784078.705988 1744784078.718141 12.1531
1744784078.827418 1744784078.838280 10.8619
1744784078.943152 1744784078.955333 12.1810
1744784079.058878 1744784079.070112 11.2340
1744784079.174581 1744784079.185539 10.9580
1744784079.287656 1744784079.299065 11.4090
1744784079.401599 1744784079.414485 12.8860
1744784079.515065 1744784079.526170 11.1051
1744784079.628898 1744784079.640886 11.9882
1744784079.742800 1744784079.753897 11.0970
1744784079.856901 1744784079.868456 11.5550
1744784079.972825 1744784079.996026 23.2010
1744784080.098561 1744784080.109857 11.2960
1744784080.212175 1744784080.224031 11.8561
1744784080.326516 1744784080.337421 10.9050
1744784080.440092 1744784080.451854 11.7619
1744784080.554474 1744784080.565439 10.9649
1744784080.668331 1744784080.680089 11.7581
1744784080.782794 1744784080.794283 11.4889
1744784080.897875 1744784080.909527 11.6520
1744784081.012233 1744784081.023363 11.1301
1744784081.125858 1744784081.137652 11.7939
1744784081.245344 1744784081.256323 10.9792
1744784081.358915 1744784081.370543 11.6279
1744784081.473089 1744784081.484520 11.4310
1744784081.587178 1744784081.597621 10.4430
1744784081.702518 1744784081.713844 11.3261
1744784081.822887 1744784081.838074 15.1870
1744784081.952450 1744784081.970637 18.1870
1744784082.075655 1744784082.086071 10.4160
1744784082.188626 1744784082.200182 11.5559
1744784082.302339 1744784082.313738 11.3990
1744784082.415814 1744784082.427956 12.1422
1744784082.530551 1744784082.541441 10.8900
1744784082.644269 1744784082.656348 12.0790
1744784082.757945 1744784082.770824 12.8789
1744784082.872843 1744784082.884125 11.2820
1744784082.987475 1744784082.999015 11.5402
1744784083.102800 1744784083.114619 11.8191
1744784083.216692 1744784083.228068 11.3761
1744784083.330683 1744784083.341692 11.0090
1744784083.444258 1744784083.456099 11.8411
1744784083.558100 1744784083.569307 11.2071
1744784083.672151 1744784083.685829 13.6778
1744784083.796417 1744784083.808862 12.4450
1744784083.910874 1744784083.922300 11.4262
1744784084.027392 1744784084.039939 12.5470
1744784084.142101 1744784084.153209 11.1079
1744784084.278739 1744784084.290252 11.5130
1744784084.396095 1744784084.407629 11.5340
1744784084.509482 1744784084.520713 11.2312
1744784084.623243 1744784084.635024 11.7810
1744784084.736828 1744784084.748181 11.3530
1744784084.849272 1744784084.864111 14.8389
1744784084.967903 1744784084.979078 11.1752
1744784085.082187 1744784085.094004 11.8170
1744784085.196654 1744784085.207930 11.2760
1744784085.311652 1744784085.323401 11.7490
1744784085.425525 1744784085.436802 11.2770
1744784085.539028 1744784085.550751 11.7230
1744784085.652729 1744784085.663919 11.1899
1744784085.766367 1744784085.777899 11.5321
1744784085.880026 1744784085.893433 13.4070
1744784085.994342 1744784086.005897 11.5550
1744784086.109345 1744784086.120627 11.2820
1744784086.228409 1744784086.239932 11.5230
1744784086.342966 1744784086.354362 11.3959
1744784086.457648 1744784086.469251 11.6029
1744784086.574369 1744784086.585293 10.9241
1744784086.689224 1744784086.700572 11.3480
1744784086.803122 1744784086.852288 49.1660
1744784086.958459 1744784086.971452 12.9931
1744784087.073995 1744784087.085703 11.7078
1744784087.188330 1744784087.199599 11.2691
1744784087.305507 1744784087.316641 11.1341
1744784087.419431 1744784087.431073 11.6420
1744784087.533025 1744784087.544121 11.0960
1744784087.646684 1744784087.658236 11.5521
1744784087.761049 1744784087.772411 11.3621
1744784087.874857 1744784087.886165 11.3080
1744784087.988478 1744784087.999486 11.0080
1744784088.103098 1744784088.115061 11.9631
1744784088.217742 1744784088.228967 11.2250
1744784088.331453 1744784088.342825 11.3719
1744784088.448899 1744784088.460104 11.2050
1744784088.562443 1744784088.574160 11.7171
1744784088.676055 1744784088.687372 11.3170
1744784088.789674 1744784088.801106 11.4319
1744784088.903774 1744784088.914952 11.1780
1744784089.018741 1744784089.030717 11.9760
1744784089.137987 1744784089.149193 11.2062
1744784089.252851 1744784089.264578 11.7271
1744784089.367528 1744784089.377927 10.3991
1744784089.481443 1744784089.492830 11.3871
1744784089.595189 1744784089.606620 11.4310
1744784089.709870 1744784089.721888 12.0180
1744784089.825767 1744784089.837051 11.2839
1744784089.939511 1744784089.953944 14.4329
1744784090.054554 1744784090.065466 10.9119
1744784090.169468 1744784090.180947 11.4791
1744784090.283451 1744784090.294477 11.0259
1744784090.397057 1744784090.410491 13.4339
1744784090.511147 1744784090.522704 11.5569
1744784090.626050 1744784090.637432 11.3821
1744784090.739831 1744784090.754186 14.3549
1744784090.864095 1744784090.875982 11.8871
1744784090.978684 1744784090.990119 11.4350
1744784091.093081 1744784091.104338 11.2569
1744784091.207643 1744784091.219102 11.4589
1744784091.321393 1744784091.332388 10.9949
1744784091.434784 1744784091.446425 11.6410
1744784091.548670 1744784091.560006 11.3358
1744784091.662699 1744784091.674115 11.4160
1744784091.776334 1744784091.787858 11.5240
1744784091.888576 1744784091.903845 15.2690
1744784092.006107 1744784092.017197 11.0898
1744784092.121215 1744784092.133058 11.8430
1744784092.236067 1744784092.247762 11.6949
1744784092.353987 1744784092.364951 10.9639
1744784092.470465 1744784092.481732 11.2669
1744784092.583916 1744784092.594992 11.0760
1744784092.697587 1744784092.709291 11.7040
1744784092.811557 1744784092.822736 11.1790
1744784092.925446 1744784092.937603 12.1570
1744784093.040461 1744784093.051981 11.5199
1744784093.155332 1744784093.169914 14.5819
1744784093.281206 1744784093.292618 11.4121
1744784093.399644 1744784093.412240 12.5961
1744784093.514190 1744784093.525267 11.0769
1744784093.630372 1744784093.641601 11.2290
1744784093.744886 1744784093.756410 11.5240
1744784093.858939 1744784093.870278 11.3389
1744784093.973242 1744784093.985008 11.7660
1744784094.087694 1744784094.098716 11.0221
1744784094.202389 1744784094.214038 11.6489
1744784094.317054 1744784094.328385 11.3311
1744784094.431266 1744784094.443047 11.7810
1744784094.545642 1744784094.556580 10.9382
1744784094.659315 1744784094.670837 11.5218
1744784094.777303 1744784094.789646 12.3429
1744784094.891406 1744784094.903675 12.2690
1744784095.005242 1744784095.018502 13.2599
1744784095.119839 1744784095.131390 11.5511
1744784095.234965 1744784095.245732 10.7670
1744784095.348402 1744784095.360346 11.9441
1744784095.462182 1744784095.473260 11.0779
1744784095.576100 1744784095.587745 11.6448
1744784095.689662 1744784095.700687 11.0250
1744784095.803517 1744784095.815295 11.7779
1744784095.917561 1744784095.928561 10.9999
1744784096.031770 1744784096.042803 11.0331
1744784096.145930 1744784096.156771 10.8409
1744784096.260800 1744784096.272442 11.6422
1744784096.374886 1744784096.385934 11.0481
1744784096.488492 1744784096.499995 11.5030
1744784096.602256 1744784096.613250 10.9940
1744784096.716159 1744784096.727511 11.3518
1744784096.830083 1744784096.841060 10.9770
1744784096.943932 1744784096.955920 11.9879
1744784097.058808 1744784097.070008 11.2000
1744784097.173614 1744784097.185166 11.5519
1744784097.288181 1744784097.299123 10.9420
1744784097.401830 1744784097.412280 10.4501
1744784097.515553 1744784097.526813 11.2600
1744784097.629284 1744784097.640624 11.3401
1744784097.743088 1744784097.754345 11.2569
1744784097.857319 1744784097.869191 11.8718
1744784097.971268 1744784097.983175 11.9071
1744784098.084680 1744784098.095872 11.1918
1744784098.199664 1744784098.210984 11.3199
1744784098.313930 1744784098.325202 11.2720
1744784098.429499 1744784098.440934 11.4350
1744784098.543448 1744784098.554698 11.2500
1744784098.655532 1744784098.669505 13.9730
1744784098.771451 1744784098.782266 10.8149
1744784098.886557 1744784098.898138 11.5809
1744784099.001715 1744784099.012835 11.1201
1744784099.116089 1744784099.128143 12.0540
1744784099.231313 1744784099.242910 11.5969
1744784099.346696 1744784099.358314 11.6181
1744784099.460780 1744784099.472068 11.2882
1744784099.574588 1744784099.586101 11.5130
1744784099.687990 1744784099.699749 11.7590
1744784099.802960 1744784099.816139 13.1791
1744784099.918414 1744784099.929501 11.0869
1744784100.032854 1744784100.044299 11.4448
1744784100.146667 1744784100.157711 11.0440
1744784100.261393 1744784100.273054 11.6608
1744784100.376099 1744784100.387590 11.4908
1744784100.491994 1744784100.503800 11.8060
1744784100.605504 1744784100.617234 11.7300
1744784100.719368 1744784100.730711 11.3430
1744784100.832983 1744784100.844455 11.4720
1744784100.946422 1744784100.957787 11.3649
1744784101.060383 1744784101.074119 13.7360
1744784101.184771 1744784101.195928 11.1570
1744784101.299365 1744784101.311379 12.0139
1744784101.413877 1744784101.424917 11.0400
1744784101.527386 1744784101.539149 11.7631
1744784101.641566 1744784101.652866 11.2998
1744784101.755446 1744784101.767308 11.8620
1744784101.869221 1744784101.880181 10.9601
1744784101.982832 1744784101.997110 14.2779
1744784102.106767 1744784102.118729 11.9622
1744784102.221637 1744784102.232947 11.3101
1744784102.337320 1744784102.348896 11.5759
1744784102.451724 1744784102.462966 11.2419
1744784102.565094 1744784102.576796 11.7021
1744784102.678614 1744784102.690318 11.7042
1744784102.792221 1744784102.803761 11.5399
1744784102.906065 1744784102.917098 11.0331
1744784103.019756 1744784103.032095 12.3389
1744784103.134430 1744784103.147150 12.7201
1744784103.249612 1744784103.261255 11.6429
1744784103.364629 1744784103.375939 11.3099
1744784103.478495 1744784103.489581 11.0862
1744784103.592036 1744784103.603321 11.2851
1744784103.705502 1744784103.716897 11.3950
1744784103.819263 1744784103.830358 11.0950
1744784103.932863 1744784103.944929 12.0659
1744784104.046759 1744784104.058254 11.4951
1744784104.162011 1744784104.173509 11.4980
1744784104.276602 1744784104.287977 11.3750
1744784104.390650 1744784104.402041 11.3909
1744784104.504698 1744784104.515967 11.2689
1744784104.618341 1744784104.629914 11.5731
1744784104.731891 1744784104.743572 11.6811
1744784104.845642 1744784104.857415 11.7729
1744784104.959544 1744784104.971054 11.5101
1744784105.073299 1744784105.085275 11.9760
1744784105.186093 1744784105.198902 12.8088
1744784105.303534 1744784105.315151 11.6169
1744784105.417784 1744784105.428824 11.0400
1744784105.531829 1744784105.542601 10.7720
1744784105.645817 1744784105.657504 11.6870
1744784105.759877 1744784105.768314 8.4369
1744784105.873722 1744784105.885000 11.2779
1744784105.987607 1744784105.998927 11.3201
1744784106.101391 1744784106.112889 11.4980
1744784106.217149 1744784106.227827 10.6781
1744784106.330716 1744784106.342756 12.0401
1744784106.445055 1744784106.456283 11.2281
1744784106.557667 1744784106.574899 17.2319
1744784106.678248 1744784106.689496 11.2481
1744784106.792283 1744784106.803596 11.3130
1744784106.906722 1744784106.918612 11.8899
1744784107.022080 1744784107.033617 11.5371
1744784107.137115 1744784107.175658 38.5430
1744784107.284524 1744784107.295821 11.2970
1744784107.400312 1744784107.412648 12.3360
1744784107.514146 1744784107.523458 9.3119
1744784107.629168 1744784107.641322 12.1539
1744784107.743155 1744784107.754961 11.8060
1744784107.857988 1744784107.870338 12.3498
1744784107.971638 1744784107.983500 11.8620
1744784108.086957 1744784108.099032 12.0749
1744784108.200466 1744784108.211560 11.0941
1744784108.314369 1744784108.326840 12.4710
1744784108.429610 1744784108.440645 11.0350
1744784108.543687 1744784108.554843 11.1558
1744784108.657493 1744784108.668898 11.4050
1744784108.771380 1744784108.791806 20.4260
1744784108.895655 1744784108.906937 11.2820
1744784109.009209 1744784109.020801 11.5921
1744784109.123009 1744784109.134175 11.1661
1744784109.236901 1744784109.247826 10.9251
1744784109.351809 1744784109.363190 11.3809
1744784109.466517 1744784109.477956 11.4391
1744784109.580099 1744784109.591223 11.1239
1744784109.693829 1744784109.705282 11.4529
1744784109.808745 1744784109.819626 10.8812
1744784109.922839 1744784109.934291 11.4520
1744784110.037995 1744784110.049020 11.0250
1744784110.151876 1744784110.164090 12.2139
1744784110.265700 1744784110.277120 11.4200
1744784110.380683 1744784110.392411 11.7280
1744784110.495696 1744784110.507150 11.4539
1744784110.609306 1744784110.620756 11.4498
1744784110.723540 1744784110.737361 13.8209
1744784110.846998 1744784110.856558 9.5601
1744784110.960592 1744784110.972129 11.5371
1744784111.074599 1744784111.085304 10.7050
1744784111.188463 1744784111.199884 11.4210
1744784111.302055 1744784111.313177 11.1222
1744784111.415530 1744784111.427335 11.8051
1744784111.529255 1744784111.540946 11.6911
1744784111.643375 1744784111.655142 11.7671
1744784111.756962 1744784111.768268 11.3060
1744784111.870574 1744784111.882506 11.9319
1744784111.984870 1744784111.995990 11.1201
1744784112.099571 1744784112.111507 11.9359
1744784112.213283 1744784112.224460 11.1768
1744784112.326632 1744784112.338463 11.8310
1744784112.440846 1744784112.452029 11.1830
1744784112.555020 1744784112.566652 11.6320
1744784112.668928 1744784112.680503 11.5750
1744784112.784359 1744784112.796136 11.7769
1744784112.898236 1744784112.909313 11.0769
1744784113.012432 1744784113.023816 11.3840
1744784113.125916 1744784113.136995 11.0791
1744784113.239689 1744784113.252016 12.3270
1744784113.353332 1744784113.364475 11.1430
1744784113.467693 1744784113.479641 11.9479
1744784113.581982 1744784113.593303 11.3211
1744784113.696998 1744784113.708294 11.2960
1744784113.811538 1744784113.822753 11.2150
1744784113.926284 1744784113.937934 11.6498
1744784114.040801 1744784114.052514 11.7130
1744784114.155711 1744784114.168028 12.3172
1744784114.269804 1744784114.281072 11.2679
1744784114.386006 1744784114.398098 12.0919
1744784114.502955 1744784114.513906 10.9510
1744784114.617071 1744784114.628808 11.7371
1744784114.730801 1744784114.742278 11.4770
1744784114.844515 1744784114.856145 11.6298
1744784114.958216 1744784114.969301 11.0850
1744784115.072102 1744784115.084107 12.0049
1744784115.186366 1744784115.197832 11.4660
1744784115.300993 1744784115.312418 11.4250
1744784115.414752 1744784115.429253 14.5011
1744784115.539412 1744784115.550907 11.4949
1744784115.653684 1744784115.665639 11.9550
1744784115.768095 1744784115.779207 11.1120
1744784115.882309 1744784115.893774 11.4651
1744784115.995812 1744784116.007233 11.4210
1744784116.110172 1744784116.122611 12.4390
1744784116.223890 1744784116.235042 11.1520
1744784116.337442 1744784116.346779 9.3372
1744784116.452983 1744784116.464130 11.1470
1744784116.567419 1744784116.579509 12.0900
1744784116.682227 1744784116.693465 11.2381
1744784116.796431 1744784116.808604 12.1729
1744784116.912087 1744784116.923569 11.4820
1744784117.026927 1744784117.038325 11.3981
1744784117.140869 1744784117.152525 11.6560
1744784117.255398 1744784117.266995 11.5969
1744784117.370594 1744784117.382138 11.5440
1744784117.486227 1744784117.497269 11.0419
1744784117.603463 1744784117.613843 10.3800
1744784117.723812 1744784117.735472 11.6599
1744784117.837835 1744784117.849305 11.4698
1744784117.953383 1744784117.964809 11.4260
1744784118.067456 1744784118.078801 11.3449
