1744784058.112934
1744784058.226801
1744784058.342959
1744784058.456568
1744784058.569835
1744784058.684815
1744784058.800366
1744784058.916081
1744784059.031530
1744784059.145559
1744784059.260375
1744784059.375113
1744784059.489643
1744784059.614177
1744784059.729219
1744784059.844544
1744784059.959757
1744784060.073558
1744784060.186816
1744784060.300488
1744784060.414010
1744784060.527634
1744784060.642253
1744784060.755827
1744784060.870500
1744784060.986377
1744784061.101710
1744784061.215418
1744784061.339726
1744784061.453232
1744784061.566885
1744784061.692286
1744784061.807700
1744784061.922582
1744784062.036061
1744784062.150558
1744784062.263031
1744784062.378764
1744784062.492545
1744784062.606048
1744784062.721156
1744784062.836536
1744784062.951291
1744784063.064820
1744784063.178786
1744784063.292692
1744784063.406600
1744784063.523614
1744784063.648937
1744784063.763291
1744784063.877017
1744784063.991823
1744784064.106204
1744784064.220604
1744784064.334289
1744784064.458147
1744784064.571932
1744784064.686747
1744784064.803471
1744784064.919457
1744784065.033277
1744784065.147143
1744784065.260825
1744784065.374565
1744784065.488694
1744784065.604577
1744784065.716508
1744784065.832817
1744784065.947044
1744784066.062587
1744784066.178025
1744784066.290117
1744784066.406893
1744784066.525286
1744784066.639570
1744784066.752754
1744784066.868480
1744784066.982700
1744784067.097092
1744784067.213129
1744784067.328193
1744784067.441993
1744784067.556521
1744784067.685187
1744784067.799690
1744784067.914048
1744784068.029837
1744784068.142408
1744784068.260309
1744784068.374072
1744784068.488821
1744784068.604059
1744784068.719348
1744784068.834382
1744784068.948366
1744784069.062689
1744784069.176337
1744784069.290398
1744784069.404229
1744784069.517853
1744784069.631725
1744784069.756458
1744784069.870649
1744784069.984804
1744784070.098799
1744784070.212491
1744784070.327057
1744784070.441007
1744784070.554503
1744784070.668864
1744784070.783599
1744784070.897675
1744784071.011893
1744784071.125883
1744784071.240848
1744784071.356026
1744784071.471123
1744784071.586822
1744784071.701096
1744784071.817010
1744784071.933057
1744784072.047927
1744784072.162966
1744784072.278397
1744784072.393344
1744784072.507050
1744784072.621390
1744784072.736728
1744784072.851684
1744784072.966787
1744784073.080644
1744784073.194803
1744784073.308625
1744784073.422502
1744784073.536371
1744784073.651592
1744784073.767315
1744784073.883518
1744784073.998228
1744784074.112119
1744784074.226238
1744784074.340020
1744784074.454031
1744784074.567817
1744784074.681443
1744784074.794667
1744784074.910503
1744784075.025638
1744784075.139677
1744784075.258009
1744784075.371830
1744784075.495937
1744784075.613844
1744784075.728412
1744784075.842774
1744784075.957607
1744784076.071602
1744784076.185561
1744784076.299346
1744784076.413525
1744784076.528689
1744784076.643406
1744784076.757226
1744784076.871229
1744784076.986865
1744784077.100982
1744784077.215014
1744784077.328913
1744784077.443313
1744784077.557342
1744784077.677158
1744784077.791388
1744784077.906196
1744784078.021413
1744784078.135367
1744784078.249251
1744784078.363137
1744784078.477447
1744784078.591497
1744784078.705988
1744784078.827418
1744784078.943152
1744784079.058878
1744784079.174581
1744784079.287656
1744784079.401599
1744784079.515065
1744784079.628898
1744784079.742800
1744784079.856901
1744784079.972825
1744784080.098561
1744784080.212175
1744784080.326516
1744784080.440092
1744784080.554474
1744784080.668331
1744784080.782794
1744784080.897875
1744784081.012233
1744784081.125858
1744784081.245344
1744784081.358915
1744784081.473089
1744784081.587178
1744784081.702518
1744784081.822887
1744784081.952450
1744784082.075655
1744784082.188626
1744784082.302339
1744784082.415814
1744784082.530551
1744784082.644269
1744784082.757945
1744784082.872843
1744784082.987475
1744784083.102800
1744784083.216692
1744784083.330683
1744784083.444258
1744784083.558100
1744784083.672151
1744784083.796417
1744784083.910874
1744784084.027392
1744784084.142101
1744784084.278739
1744784084.396095
1744784084.509482
1744784084.623243
1744784084.736828
1744784084.849272
1744784084.967903
1744784085.082187
1744784085.196654
1744784085.311652
1744784085.425525
1744784085.539028
1744784085.652729
1744784085.766367
1744784085.880026
1744784085.994342
1744784086.109345
1744784086.228409
1744784086.342966
1744784086.457648
1744784086.574369
1744784086.689224
1744784086.803122
1744784086.958459
1744784087.073995
1744784087.188330
1744784087.305507
1744784087.419431
1744784087.533025
1744784087.646684
1744784087.761049
1744784087.874857
1744784087.988478
1744784088.103098
1744784088.217742
1744784088.331453
1744784088.448899
1744784088.562443
1744784088.676055
1744784088.789674
1744784088.903774
1744784089.018741
1744784089.137987
1744784089.252851
1744784089.367528
1744784089.481443
1744784089.595189
1744784089.709870
1744784089.825767
1744784089.939511
1744784090.054554
1744784090.169468
1744784090.283451
1744784090.397057
1744784090.511147
1744784090.626050
1744784090.739831
1744784090.864095
1744784090.978684
1744784091.093081
1744784091.207643
1744784091.321393
1744784091.434784
1744784091.548670
1744784091.662699
1744784091.776334
1744784091.888576
1744784092.006107
1744784092.121215
1744784092.236067
1744784092.353987
1744784092.470465
1744784092.583916
1744784092.697587
1744784092.811557
1744784092.925446
1744784093.040461
1744784093.155332
1744784093.281206
1744784093.399644
1744784093.514190
1744784093.630372
1744784093.744886
1744784093.858939
1744784093.973242
1744784094.087694
1744784094.202389
1744784094.317054
1744784094.431266
1744784094.545642
1744784094.659315
1744784094.777303
1744784094.891406
1744784095.005242
1744784095.119839
1744784095.234965
1744784095.348402
1744784095.462182
1744784095.576100
1744784095.689662
1744784095.803517
1744784095.917561
1744784096.031770
1744784096.145930
1744784096.260800
1744784096.374886
1744784096.488492
1744784096.602256
1744784096.716159
1744784096.830083
1744784096.943932
1744784097.058808
1744784097.173614
1744784097.288181
1744784097.401830
1744784097.515553
1744784097.629284
1744784097.743088
1744784097.857319
1744784097.971268
1744784098.084680
1744784098.199664
1744784098.313930
1744784098.429499
1744784098.543448
1744784098.655532
1744784098.771451
1744784098.886557
1744784099.001715
1744784099.116089
1744784099.231313
1744784099.346696
1744784099.460780
1744784099.574588
1744784099.687990
1744784099.802960
1744784099.918414
1744784100.032854
1744784100.146667
1744784100.261393
1744784100.376099
1744784100.491994
1744784100.605504
1744784100.719368
1744784100.832983
1744784100.946422
1744784101.060383
1744784101.184771
1744784101.299365
1744784101.413877
1744784101.527386
1744784101.641566
1744784101.755446
1744784101.869221
1744784101.982832
1744784102.106767
1744784102.221637
1744784102.337320
1744784102.451724
1744784102.565094
1744784102.678614
1744784102.792221
1744784102.906065
1744784103.019756
1744784103.134430
1744784103.249612
1744784103.364629
1744784103.478495
1744784103.592036
1744784103.705502
1744784103.819263
1744784103.932863
1744784104.046759
1744784104.162011
1744784104.276602
1744784104.390650
1744784104.504698
1744784104.618341
1744784104.731891
1744784104.845642
1744784104.959544
1744784105.073299
1744784105.186093
1744784105.303534
1744784105.417784
1744784105.531829
1744784105.645817
1744784105.759877
1744784105.873722
1744784105.987607
1744784106.101391
1744784106.217149
1744784106.330716
1744784106.445055
1744784106.557667
1744784106.678248
1744784106.792283
1744784106.906722
1744784107.022080
1744784107.137115
1744784107.284524
1744784107.400312
1744784107.514146
1744784107.629168
1744784107.743155
1744784107.857988
1744784107.971638
1744784108.086957
1744784108.200466
1744784108.314369
1744784108.429610
1744784108.543687
1744784108.657493
1744784108.771380
1744784108.895655
1744784109.009209
1744784109.123009
1744784109.236901
1744784109.351809
1744784109.466517
1744784109.580099
1744784109.693829
1744784109.808745
1744784109.922839
1744784110.037995
1744784110.151876
1744784110.265700
1744784110.380683
1744784110.495696
1744784110.609306
1744784110.723540
1744784110.846998
1744784110.960592
1744784111.074599
1744784111.188463
1744784111.302055
1744784111.415530
1744784111.529255
1744784111.643375
1744784111.756962
1744784111.870574
1744784111.984870
1744784112.099571
1744784112.213283
1744784112.326632
1744784112.440846
1744784112.555020
1744784112.668928
1744784112.784359
1744784112.898236
1744784113.012432
1744784113.125916
1744784113.239689
1744784113.353332
1744784113.467693
1744784113.581982
1744784113.696998
1744784113.811538
1744784113.926284
1744784114.040801
1744784114.155711
1744784114.269804
1744784114.386006
1744784114.502955
1744784114.617071
1744784114.730801
1744784114.844515
1744784114.958216
1744784115.072102
1744784115.186366
1744784115.300993
1744784115.414752
1744784115.539412
1744784115.653684
1744784115.768095
1744784115.882309
1744784115.995812
1744784116.110172
1744784116.223890
1744784116.337442
1744784116.452983
1744784116.567419
1744784116.682227
1744784116.796431
1744784116.912087
1744784117.026927
1744784117.140869
1744784117.255398
1744784117.370594
1744784117.486227
1744784117.603463
1744784117.723812
1744784117.837835
1744784117.953383
1744784118.067456
