# mahimahi mm-link (Uplink) [tests/1mbps_data.trace] > experiment_logs/1mbps_datalink.log
# command line: 'mm-link' 'tests/1mbps_data.trace' 'tests/1mbps_ack.trace' '--uplink-log=experiment_logs/1mbps_datalink.log' '--downlink-log=experiment_logs/1mbps_acklink.log' '--' 'python2' 'src/experiments/tunnel_manager_updated.py' '--auto-test' '--scheme' 'LEDBAT' '--data-dir' 'experiment_logs/1mbps_LEDBAT'
# queue: infinite
# base timestamp: 136
147 # 1504
159 # 1504
171 # 1504
183 # 1504
195 # 1504
200 + 80
207 # 1504
207 - 80 7
219 # 1504
219 + 52
219 + 80
219 + 80
231 # 1504
231 - 52 12
231 - 80 12
231 - 80 12
243 # 1504
255 # 1504
267 # 1504
279 # 1504
291 # 1504
303 # 1504
315 # 1504
327 # 1504
339 # 1504
351 # 1504
363 # 1504
375 # 1504
387 # 1504
399 # 1504
411 # 1504
423 # 1504
435 # 1504
447 # 1504
459 # 1504
471 # 1504
483 # 1504
495 # 1504
507 # 1504
519 # 1504
531 # 1504
543 # 1504
555 # 1504
567 # 1504
579 # 1504
591 # 1504
603 # 1504
615 # 1504
627 # 1504
639 # 1504
651 # 1504
663 # 1504
675 # 1504
687 # 1504
699 # 1504
711 # 1504
723 # 1504
735 # 1504
747 # 1504
759 # 1504
771 # 1504
783 # 1504
795 # 1504
807 # 1504
819 # 1504
831 # 1504
843 # 1504
855 # 1504
867 # 1504
879 # 1504
891 # 1504
903 # 1504
915 # 1504
923 + 80
927 # 1504
927 - 80 4
939 # 1504
951 # 1504
963 # 1504
975 # 1504
987 # 1504
999 # 1504
1011 # 1504
1023 # 1504
1035 # 1504
1047 # 1504
1059 # 1504
1071 # 1504
1083 # 1504
1095 # 1504
1107 # 1504
1119 # 1504
1131 # 1504
1143 # 1504
1155 # 1504
1167 # 1504
1179 # 1504
1191 # 1504
1203 # 1504
1215 # 1504
1227 # 1504
1239 # 1504
1251 # 1504
1263 # 1504
1275 # 1504
1287 # 1504
1299 # 1504
1311 # 1504
1323 # 1504
1335 # 1504
1347 # 1504
1359 # 1504
1371 # 1504
1383 # 1504
1395 # 1504
1407 # 1504
1419 # 1504
1431 # 1504
1443 # 1504
1455 # 1504
1467 # 1504
1479 # 1504
1491 # 1504
1503 # 1504
1515 # 1504
1527 # 1504
1539 # 1504
1551 # 1504
1563 # 1504
1575 # 1504
1587 # 1504
1599 # 1504
1611 # 1504
1623 # 1504
1635 # 1504
1647 # 1504
1659 # 1504
1671 # 1504
1683 # 1504
1695 # 1504
1707 # 1504
1719 # 1504
1731 # 1504
1743 # 1504
1755 # 1504
1767 # 1504
1779 # 1504
1791 # 1504
1803 # 1504
1815 # 1504
1827 # 1504
1839 # 1504
1851 # 1504
1863 # 1504
1875 # 1504
1887 # 1504
1899 # 1504
1911 # 1504
1923 # 1504
1935 # 1504
1947 # 1504
1959 # 1504
1971 # 1504
1983 # 1504
1995 # 1504
2007 # 1504
2019 # 1504
2031 # 1504
2043 # 1504
2055 # 1504
2067 # 1504
2079 # 1504
2091 # 1504
2103 # 1504
2115 # 1504
2127 # 1504
2139 # 1504
2151 # 1504
2163 # 1504
2175 # 1504
2187 # 1504
2199 # 1504
2211 # 1504
2223 # 1504
2235 # 1504
2247 # 1504
2259 # 1504
2271 # 1504
2283 # 1504
2295 # 1504
2307 # 1504
2319 # 1504
2331 # 1504
2343 # 1504
2355 # 1504
2367 # 1504
2379 # 1504
2391 # 1504
2403 # 1504
2415 # 1504
2427 # 1504
2439 # 1504
2451 # 1504
2463 # 1504
2475 # 1504
2487 # 1504
2499 # 1504
2511 # 1504
2523 # 1504
2535 # 1504
2547 # 1504
2559 # 1504
2571 # 1504
2583 # 1504
2595 # 1504
2607 # 1504
2619 # 1504
2631 # 1504
2643 # 1504
2655 # 1504
2667 # 1504
2679 # 1504
2691 # 1504
2703 # 1504
2715 # 1504
2727 # 1504
2739 # 1504
2751 # 1504
2763 # 1504
2775 # 1504
2787 # 1504
2799 # 1504
2811 # 1504
2823 # 1504
2835 # 1504
2847 # 1504
2859 # 1504
2871 # 1504
2883 # 1504
2895 # 1504
2907 # 1504
2919 # 1504
2931 # 1504
2943 # 1504
2955 # 1504
2967 # 1504
2979 # 1504
2991 # 1504
3003 # 1504
3015 # 1504
3027 # 1504
3039 # 1504
3051 # 1504
3063 # 1504
3075 # 1504
3087 # 1504
3099 # 1504
3111 # 1504
3123 # 1504
3135 # 1504
3147 # 1504
3159 # 1504
3171 # 1504
3183 # 1504
3195 # 1504
3207 # 1504
3219 # 1504
3231 # 1504
3243 # 1504
3255 # 1504
3267 # 1504
3279 # 1504
3291 # 1504
3303 # 1504
3315 # 1504
3327 # 1504
3339 # 1504
3351 # 1504
3363 # 1504
3375 # 1504
3387 # 1504
3399 # 1504
3411 # 1504
3423 # 1504
3435 # 1504
3447 # 1504
3459 # 1504
3471 # 1504
3483 # 1504
3495 # 1504
3507 # 1504
3519 # 1504
3531 # 1504
3543 # 1504
3555 # 1504
3567 # 1504
3579 # 1504
3591 # 1504
3603 # 1504
3615 # 1504
3627 # 1504
3639 # 1504
3651 # 1504
3663 # 1504
3675 # 1504
3687 # 1504
3699 # 1504
3711 # 1504
3723 # 1504
3735 # 1504
3747 # 1504
3759 # 1504
3771 # 1504
3783 # 1504
3795 # 1504
3807 # 1504
3819 # 1504
3831 # 1504
3843 # 1504
3855 # 1504
3867 # 1504
3879 # 1504
3891 # 1504
3903 # 1504
3915 # 1504
3927 # 1504
3939 # 1504
3951 # 1504
3963 # 1504
3975 # 1504
3987 # 1504
3999 # 1504
4011 # 1504
4023 # 1504
4035 # 1504
4047 # 1504
4059 # 1504
4071 # 1504
4083 # 1504
4095 # 1504
4107 # 1504
4119 # 1504
4131 # 1504
4143 # 1504
4155 # 1504
4167 # 1504
4179 # 1504
4191 # 1504
4203 # 1504
4215 # 1504
4227 # 1504
4239 # 1504
4251 # 1504
4263 # 1504
4275 # 1504
4287 # 1504
4299 # 1504
4310 + 52
4311 # 1504
4311 - 52 1
4323 # 1504
4335 # 1504
4347 # 1504
4359 # 1504
4371 # 1504
4383 # 1504
4395 # 1504
4407 # 1504
4419 # 1504
4431 # 1504
4443 # 1504
4455 # 1504
4467 # 1504
4479 # 1504
4491 # 1504
4503 # 1504
4515 # 1504
4527 # 1504
4539 # 1504
4551 # 1504
4563 # 1504
4575 # 1504
4587 # 1504
4599 # 1504
4611 # 1504
4623 # 1504
4635 # 1504
4647 # 1504
4659 # 1504
4671 # 1504
4683 # 1504
4695 # 1504
4707 # 1504
4719 # 1504
4731 # 1504
4743 # 1504
4755 # 1504
4767 # 1504
4779 # 1504
4791 # 1504
4803 # 1504
4815 # 1504
4827 # 1504
4839 # 1504
4851 # 1504
4863 # 1504
4875 # 1504
4887 # 1504
4899 # 1504
4911 # 1504
4923 # 1504
4935 # 1504
4947 # 1504
4959 # 1504
4971 # 1504
4983 # 1504
4995 # 1504
5007 # 1504
5019 # 1504
5031 # 1504
5043 # 1504
5055 # 1504
5067 # 1504
5079 # 1504
5091 # 1504
5103 # 1504
5115 # 1504
5127 # 1504
5139 # 1504
5151 # 1504
5163 # 1504
5175 # 1504
5187 # 1504
5199 # 1504
5211 # 1504
5223 # 1504
5235 # 1504
5247 # 1504
5259 # 1504
5271 # 1504
5283 # 1504
5295 # 1504
5307 # 1504
5319 # 1504
5331 # 1504
5343 # 1504
5355 # 1504
5367 # 1504
5379 # 1504
5391 # 1504
5403 # 1504
5415 # 1504
5427 # 1504
5439 # 1504
5451 # 1504
5463 # 1504
5475 # 1504
5487 # 1504
5499 # 1504
5511 # 1504
5523 # 1504
5535 # 1504
5547 # 1504
5559 # 1504
5571 # 1504
5583 # 1504
5595 # 1504
5607 # 1504
5619 # 1504
5631 # 1504
5643 # 1504
5655 # 1504
5667 # 1504
5679 # 1504
5691 # 1504
5703 # 1504
5715 # 1504
5727 # 1504
5739 # 1504
5751 # 1504
5763 # 1504
5775 # 1504
5787 # 1504
5799 # 1504
5811 # 1504
5823 # 1504
5835 # 1504
5847 # 1504
5859 # 1504
5871 # 1504
5883 # 1504
5895 # 1504
5907 # 1504
5919 # 1504
5931 # 1504
5943 # 1504
5955 # 1504
5967 # 1504
5979 # 1504
5991 # 1504
6003 # 1504
6015 # 1504
6027 # 1504
6039 # 1504
6051 # 1504
6063 # 1504
6075 # 1504
6087 # 1504
6099 # 1504
6111 # 1504
6123 # 1504
6135 # 1504
6147 # 1504
6159 # 1504
6171 # 1504
6183 # 1504
6195 # 1504
6207 # 1504
6219 # 1504
6231 # 1504
6243 # 1504
6255 # 1504
6267 # 1504
6279 # 1504
6291 # 1504
6303 # 1504
6315 # 1504
6327 # 1504
6339 # 1504
6351 # 1504
6363 # 1504
6375 # 1504
6387 # 1504
6399 # 1504
6411 # 1504
6423 # 1504
6435 # 1504
6447 # 1504
6459 # 1504
6471 # 1504
6483 # 1504
6495 # 1504
6507 # 1504
6519 # 1504
6531 # 1504
6543 # 1504
6555 # 1504
6567 # 1504
6579 # 1504
6591 # 1504
6603 # 1504
6615 # 1504
6627 # 1504
6639 # 1504
6651 # 1504
6663 # 1504
6675 # 1504
6687 # 1504
6699 # 1504
6711 # 1504
6723 # 1504
6735 # 1504
6747 # 1504
6759 # 1504
6771 # 1504
6783 # 1504
6795 # 1504
6807 # 1504
6819 # 1504
6831 # 1504
6843 # 1504
6855 # 1504
6867 # 1504
6879 # 1504
6891 # 1504
6903 # 1504
6915 # 1504
6927 # 1504
6939 # 1504
6951 # 1504
6963 # 1504
6975 # 1504
6987 # 1504
6999 # 1504
7011 # 1504
7023 # 1504
7035 # 1504
7047 # 1504
7059 # 1504
7071 # 1504
7083 # 1504
7095 # 1504
7107 # 1504
7119 # 1504
7131 # 1504
7143 # 1504
7155 # 1504
7167 # 1504
7179 # 1504
7191 # 1504
7203 # 1504
7215 # 1504
7227 # 1504
7239 # 1504
7251 # 1504
7263 # 1504
7275 # 1504
7287 # 1504
7299 # 1504
7311 # 1504
7323 # 1504
7335 # 1504
7347 # 1504
7359 # 1504
7371 # 1504
7383 # 1504
7395 # 1504
7407 # 1504
7419 # 1504
7431 # 1504
7443 # 1504
7455 # 1504
7467 # 1504
7479 # 1504
7491 # 1504
7503 # 1504
7515 # 1504
7527 # 1504
7539 # 1504
7551 # 1504
7563 # 1504
7575 # 1504
7587 # 1504
7599 # 1504
7611 # 1504
7623 # 1504
7635 # 1504
7647 # 1504
7659 # 1504
7671 # 1504
7683 # 1504
7695 # 1504
7707 # 1504
7719 # 1504
7731 # 1504
7743 # 1504
7755 # 1504
7767 # 1504
7779 # 1504
7791 # 1504
7803 # 1504
7815 # 1504
7827 # 1504
7839 # 1504
7851 # 1504
7863 # 1504
7875 # 1504
7887 # 1504
7899 # 1504
7911 # 1504
7923 # 1504
7935 # 1504
7947 # 1504
7959 # 1504
7971 # 1504
7983 # 1504
7995 # 1504
8007 # 1504
8019 # 1504
8031 # 1504
8043 # 1504
8055 # 1504
8067 # 1504
8079 # 1504
8091 # 1504
8103 # 1504
8115 # 1504
8127 # 1504
8139 # 1504
8151 # 1504
8163 # 1504
8175 # 1504
8187 # 1504
8199 # 1504
8211 # 1504
8223 # 1504
8235 # 1504
8247 # 1504
8259 # 1504
8271 # 1504
8283 # 1504
8295 # 1504
8307 # 1504
8319 # 1504
8331 # 1504
8343 # 1504
8355 # 1504
8367 # 1504
8379 # 1504
8391 # 1504
8403 # 1504
8415 # 1504
8427 # 1504
8439 # 1504
8451 # 1504
8463 # 1504
8475 # 1504
8487 # 1504
8499 # 1504
8511 # 1504
8523 # 1504
8535 # 1504
8547 # 1504
8559 # 1504
8571 # 1504
8583 # 1504
8595 # 1504
8607 # 1504
8619 # 1504
8631 # 1504
8643 # 1504
8655 # 1504
8667 # 1504
8679 # 1504
8691 # 1504
8703 # 1504
8715 # 1504
8727 # 1504
8739 # 1504
8751 # 1504
8763 # 1504
8775 # 1504
8787 # 1504
8799 # 1504
8811 # 1504
8823 # 1504
8835 # 1504
8847 # 1504
8859 # 1504
8871 # 1504
8883 # 1504
8895 # 1504
8907 # 1504
8919 # 1504
8931 # 1504
8943 # 1504
8955 # 1504
8967 # 1504
8979 # 1504
8991 # 1504
9003 # 1504
9015 # 1504
9027 # 1504
9039 # 1504
9051 # 1504
9063 # 1504
9075 # 1504
9087 # 1504
9099 # 1504
9111 # 1504
9123 # 1504
9135 # 1504
9147 # 1504
9159 # 1504
9171 # 1504
9183 # 1504
9195 # 1504
9207 # 1504
9219 # 1504
9231 # 1504
9243 # 1504
9255 # 1504
9267 # 1504
9279 # 1504
9291 # 1504
9303 # 1504
9315 # 1504
9327 # 1504
9339 # 1504
9351 # 1504
9363 # 1504
9375 # 1504
9387 # 1504
9399 # 1504
9411 # 1504
9423 # 1504
9435 # 1504
9447 # 1504
9459 # 1504
9471 # 1504
9483 # 1504
9495 # 1504
9507 # 1504
9519 # 1504
9531 # 1504
9543 # 1504
9555 # 1504
9567 # 1504
9579 # 1504
9591 # 1504
9603 # 1504
9615 # 1504
9627 # 1504
9639 # 1504
9651 # 1504
9663 # 1504
9675 # 1504
9687 # 1504
9699 # 1504
9711 # 1504
9723 # 1504
9735 # 1504
9747 # 1504
9759 # 1504
9771 # 1504
9783 # 1504
9795 # 1504
9807 # 1504
9819 # 1504
9831 # 1504
9843 # 1504
9855 # 1504
9867 # 1504
9879 # 1504
9891 # 1504
9903 # 1504
9915 # 1504
9927 # 1504
9939 # 1504
9951 # 1504
9963 # 1504
9975 # 1504
9987 # 1504
9999 # 1504
10011 # 1504
10023 # 1504
10035 # 1504
10047 # 1504
10059 # 1504
10071 # 1504
10083 # 1504
10095 # 1504
10107 # 1504
10119 # 1504
10131 # 1504
10143 # 1504
10155 # 1504
10167 # 1504
10179 # 1504
10191 # 1504
10203 # 1504
10215 # 1504
10227 # 1504
10239 # 1504
10251 # 1504
10263 # 1504
10275 # 1504
10287 # 1504
10299 # 1504
10311 # 1504
10323 # 1504
10335 # 1504
10347 # 1504
10359 # 1504
10371 # 1504
10383 # 1504
10395 # 1504
10407 # 1504
10419 # 1504
10431 # 1504
10443 # 1504
10455 # 1504
10467 # 1504
10479 # 1504
10491 # 1504
10503 # 1504
10515 # 1504
10527 # 1504
10539 # 1504
10551 # 1504
10563 # 1504
10575 # 1504
10587 # 1504
10599 # 1504
10611 # 1504
10623 # 1504
10635 # 1504
10647 # 1504
10659 # 1504
10671 # 1504
10683 # 1504
10695 # 1504
10707 # 1504
10719 # 1504
10731 # 1504
10743 # 1504
10755 # 1504
10767 # 1504
10779 # 1504
10791 # 1504
10803 # 1504
10815 # 1504
10827 # 1504
10839 # 1504
10851 # 1504
10863 # 1504
10875 # 1504
10887 # 1504
10899 # 1504
10911 # 1504
10923 # 1504
10935 # 1504
10947 # 1504
10959 # 1504
10971 # 1504
10983 # 1504
10995 # 1504
11007 # 1504
11019 # 1504
11031 # 1504
11043 # 1504
11055 # 1504
11067 # 1504
11079 # 1504
11091 # 1504
11103 # 1504
11115 # 1504
11127 # 1504
11139 # 1504
11151 # 1504
11163 # 1504
11175 # 1504
11187 # 1504
11199 # 1504
11211 # 1504
11223 # 1504
11235 # 1504
11247 # 1504
11259 # 1504
11271 # 1504
11283 # 1504
11295 # 1504
11307 # 1504
11319 # 1504
11331 # 1504
11343 # 1504
11355 # 1504
11367 # 1504
11379 # 1504
11391 # 1504
11403 # 1504
11415 # 1504
11427 # 1504
11439 # 1504
11451 # 1504
11463 # 1504
11475 # 1504
11487 # 1504
11499 # 1504
11511 # 1504
11523 # 1504
11535 # 1504
11547 # 1504
11559 # 1504
11571 # 1504
11583 # 1504
11595 # 1504
11607 # 1504
11619 # 1504
11631 # 1504
11643 # 1504
11655 # 1504
11667 # 1504
11679 # 1504
11691 # 1504
11703 # 1504
11715 # 1504
11727 # 1504
11739 # 1504
11751 # 1504
11763 # 1504
11775 # 1504
11787 # 1504
11799 # 1504
11811 # 1504
11823 # 1504
11835 # 1504
11847 # 1504
11859 # 1504
11871 # 1504
11883 # 1504
11895 # 1504
11907 # 1504
11919 # 1504
11931 # 1504
11943 # 1504
11955 # 1504
11967 # 1504
11979 # 1504
11991 # 1504
12003 # 1504
12015 # 1504
12027 # 1504
12039 # 1504
12051 # 1504
12063 # 1504
12075 # 1504
12087 # 1504
12099 # 1504
12111 # 1504
12123 # 1504
12135 # 1504
12147 # 1504
12159 # 1504
12171 # 1504
12183 # 1504
12195 # 1504
12207 # 1504
12219 # 1504
12231 # 1504
12243 # 1504
12255 # 1504
12267 # 1504
12279 # 1504
12291 # 1504
12303 # 1504
12315 # 1504
12327 # 1504
12339 # 1504
12351 # 1504
12363 # 1504
12375 # 1504
12387 # 1504
12399 # 1504
12411 # 1504
12423 # 1504
12435 # 1504
12447 # 1504
12459 # 1504
12471 # 1504
12483 # 1504
12495 # 1504
12507 # 1504
12519 # 1504
12531 # 1504
12543 # 1504
12555 # 1504
12567 # 1504
12579 # 1504
12591 # 1504
12603 # 1504
12615 # 1504
12627 # 1504
12639 # 1504
12651 # 1504
12663 # 1504
12675 # 1504
12687 # 1504
12699 # 1504
12711 # 1504
12723 # 1504
12735 # 1504
12747 # 1504
12759 # 1504
12771 # 1504
12783 # 1504
12795 # 1504
12807 # 1504
12819 # 1504
12831 # 1504
12843 # 1504
12855 # 1504
12867 # 1504
12879 # 1504
12891 # 1504
12903 # 1504
12915 # 1504
12927 # 1504
12939 # 1504
12951 # 1504
12963 # 1504
12975 # 1504
12987 # 1504
12999 # 1504
13011 # 1504
13023 # 1504
13035 # 1504
13047 # 1504
13059 # 1504
13071 # 1504
13083 # 1504
13095 # 1504
13107 # 1504
13119 # 1504
13131 # 1504
13143 # 1504
13155 # 1504
13167 # 1504
13179 # 1504
13191 # 1504
13203 # 1504
13215 # 1504
13227 # 1504
13239 # 1504
13251 # 1504
13263 # 1504
13275 # 1504
13280 + 52
13287 # 1504
13287 - 52 7
13299 # 1504
13311 # 1504
13323 # 1504
13335 # 1504
13347 # 1504
13359 # 1504
13371 # 1504
13383 # 1504
13395 # 1504
13407 # 1504
13419 # 1504
13431 # 1504
13443 # 1504
13455 # 1504
13467 # 1504
13479 # 1504
13491 # 1504
13503 # 1504
13515 # 1504
13527 # 1504
13539 # 1504
13551 # 1504
13563 # 1504
13575 # 1504
13587 # 1504
13599 # 1504
13611 # 1504
13623 # 1504
13635 # 1504
13647 # 1504
13659 # 1504
13671 # 1504
13683 # 1504
13695 # 1504
13707 # 1504
13719 # 1504
13731 # 1504
13743 # 1504
13755 # 1504
13767 # 1504
13779 # 1504
13791 # 1504
13803 # 1504
13815 # 1504
13827 # 1504
13839 # 1504
13851 # 1504
13863 # 1504
13875 # 1504
13887 # 1504
13899 # 1504
13911 # 1504
13923 # 1504
13935 # 1504
13947 # 1504
13959 # 1504
13971 # 1504
13983 # 1504
13995 # 1504
14007 # 1504
14019 # 1504
14031 # 1504
14043 # 1504
14055 # 1504
14067 # 1504
14079 # 1504
14091 # 1504
14103 # 1504
14115 # 1504
14127 # 1504
14139 # 1504
14151 # 1504
14163 # 1504
14175 # 1504
14187 # 1504
14199 # 1504
14211 # 1504
14223 # 1504
14235 # 1504
14247 # 1504
14259 # 1504
14271 # 1504
14283 # 1504
14295 # 1504
14307 # 1504
14319 # 1504
14331 # 1504
14343 # 1504
14355 # 1504
14367 # 1504
14379 # 1504
14391 # 1504
14403 # 1504
14415 # 1504
14427 # 1504
14439 # 1504
14451 # 1504
14463 # 1504
14475 # 1504
14487 # 1504
14499 # 1504
14511 # 1504
14523 # 1504
14535 # 1504
14547 # 1504
14559 # 1504
14571 # 1504
14583 # 1504
14595 # 1504
14607 # 1504
14619 # 1504
14631 # 1504
14643 # 1504
14655 # 1504
14667 # 1504
14679 # 1504
14691 # 1504
14703 # 1504
14715 # 1504
14727 # 1504
14739 # 1504
14751 # 1504
14763 # 1504
14775 # 1504
14787 # 1504
14799 # 1504
14811 # 1504
14823 # 1504
14835 # 1504
14847 # 1504
14859 # 1504
14871 # 1504
14883 # 1504
14895 # 1504
14907 # 1504
14919 # 1504
14931 # 1504
14943 # 1504
14955 # 1504
14967 # 1504
14979 # 1504
14991 # 1504
15003 # 1504
15015 # 1504
15027 # 1504
15039 # 1504
15051 # 1504
15063 # 1504
15075 # 1504
15087 # 1504
15099 # 1504
15111 # 1504
15123 # 1504
15135 # 1504
15147 # 1504
15159 # 1504
15171 # 1504
15183 # 1504
15195 # 1504
15207 # 1504
15219 # 1504
15231 # 1504
15243 # 1504
15255 # 1504
15267 # 1504
15279 # 1504
15291 # 1504
15303 # 1504
15315 # 1504
15327 # 1504
15339 # 1504
15351 # 1504
15363 # 1504
15375 # 1504
15387 # 1504
15399 # 1504
15411 # 1504
15423 # 1504
15435 # 1504
15447 # 1504
15459 # 1504
15471 # 1504
15483 # 1504
15495 # 1504
15507 # 1504
15519 # 1504
15531 # 1504
15543 # 1504
15555 # 1504
15567 # 1504
15579 # 1504
15591 # 1504
15603 # 1504
15615 # 1504
15627 # 1504
15639 # 1504
15651 # 1504
15663 # 1504
15675 # 1504
15687 # 1504
15699 # 1504
15711 # 1504
15723 # 1504
15735 # 1504
15747 # 1504
15759 # 1504
15771 # 1504
15783 # 1504
15795 # 1504
15807 # 1504
15819 # 1504
15831 # 1504
15843 # 1504
15855 # 1504
15867 # 1504
15879 # 1504
15891 # 1504
15903 # 1504
15915 # 1504
15927 # 1504
15939 # 1504
15951 # 1504
15963 # 1504
15975 # 1504
15987 # 1504
15999 # 1504
16011 # 1504
16023 # 1504
16035 # 1504
16047 # 1504
16059 # 1504
16071 # 1504
16083 # 1504
16095 # 1504
16107 # 1504
16119 # 1504
16131 # 1504
16143 # 1504
16155 # 1504
16167 # 1504
16179 # 1504
16191 # 1504
16203 # 1504
16215 # 1504
16227 # 1504
16239 # 1504
16251 # 1504
16263 # 1504
16275 # 1504
16287 # 1504
16299 # 1504
16311 # 1504
16323 # 1504
16335 # 1504
16347 # 1504
16359 # 1504
16371 # 1504
16383 # 1504
16395 # 1504
16407 # 1504
16419 # 1504
16431 # 1504
16443 # 1504
16455 # 1504
16467 # 1504
16479 # 1504
16491 # 1504
16503 # 1504
16515 # 1504
16527 # 1504
16539 # 1504
16551 # 1504
16563 # 1504
16575 # 1504
16587 # 1504
16599 # 1504
16611 # 1504
16623 # 1504
16635 # 1504
16647 # 1504
16659 # 1504
16671 # 1504
16683 # 1504
16695 # 1504
16707 # 1504
16719 # 1504
16731 # 1504
16743 # 1504
16755 # 1504
16767 # 1504
16779 # 1504
16791 # 1504
16803 # 1504
16815 # 1504
16827 # 1504
16839 # 1504
16851 # 1504
16863 # 1504
16875 # 1504
16887 # 1504
16899 # 1504
16911 # 1504
16923 # 1504
16935 # 1504
16947 # 1504
16959 # 1504
16971 # 1504
16983 # 1504
16995 # 1504
17007 # 1504
17019 # 1504
17031 # 1504
17043 # 1504
17055 # 1504
17067 # 1504
17079 # 1504
17091 # 1504
17103 # 1504
17115 # 1504
17127 # 1504
17139 # 1504
17151 # 1504
17163 # 1504
17175 # 1504
17187 # 1504
17199 # 1504
17211 # 1504
17223 # 1504
17235 # 1504
17247 # 1504
17259 # 1504
17271 # 1504
17283 # 1504
17295 # 1504
17307 # 1504
17319 # 1504
17331 # 1504
17343 # 1504
17355 # 1504
17367 # 1504
17379 # 1504
17391 # 1504
17403 # 1504
17415 # 1504
17427 # 1504
17439 # 1504
17451 # 1504
17463 # 1504
17475 # 1504
17487 # 1504
17499 # 1504
17511 # 1504
17523 # 1504
17535 # 1504
17547 # 1504
17559 # 1504
17571 # 1504
17583 # 1504
17595 # 1504
17607 # 1504
17619 # 1504
17631 # 1504
17643 # 1504
17655 # 1504
17667 # 1504
17679 # 1504
17691 # 1504
17703 # 1504
17715 # 1504
17727 # 1504
17739 # 1504
17751 # 1504
17763 # 1504
17775 # 1504
17787 # 1504
17799 # 1504
17811 # 1504
17823 # 1504
17835 # 1504
17847 # 1504
17859 # 1504
17871 # 1504
17883 # 1504
17895 # 1504
17907 # 1504
17919 # 1504
17931 # 1504
17943 # 1504
17955 # 1504
17967 # 1504
17979 # 1504
17991 # 1504
18003 # 1504
18015 # 1504
18027 # 1504
18039 # 1504
18051 # 1504
18063 # 1504
18075 # 1504
18087 # 1504
18099 # 1504
18111 # 1504
18123 # 1504
18135 # 1504
18147 # 1504
18159 # 1504
18171 # 1504
18183 # 1504
18195 # 1504
18207 # 1504
18219 # 1504
18231 # 1504
18243 # 1504
18255 # 1504
18267 # 1504
18279 # 1504
18291 # 1504
18303 # 1504
18315 # 1504
18327 # 1504
18339 # 1504
18351 # 1504
18363 # 1504
18375 # 1504
18387 # 1504
18399 # 1504
18411 # 1504
18423 # 1504
18435 # 1504
18447 # 1504
18459 # 1504
18471 # 1504
18483 # 1504
18495 # 1504
18507 # 1504
18519 # 1504
18531 # 1504
18543 # 1504
18555 # 1504
18567 # 1504
18579 # 1504
18591 # 1504
18603 # 1504
18615 # 1504
18627 # 1504
18639 # 1504
18651 # 1504
18663 # 1504
18675 # 1504
18687 # 1504
18699 # 1504
18711 # 1504
18723 # 1504
18735 # 1504
18747 # 1504
18759 # 1504
18771 # 1504
18783 # 1504
18795 # 1504
18807 # 1504
18819 # 1504
18831 # 1504
18843 # 1504
18855 # 1504
18867 # 1504
18879 # 1504
18891 # 1504
18903 # 1504
18915 # 1504
18927 # 1504
18939 # 1504
18951 # 1504
18963 # 1504
18975 # 1504
18987 # 1504
18999 # 1504
19011 # 1504
19023 # 1504
19035 # 1504
19047 # 1504
19059 # 1504
19071 # 1504
19083 # 1504
19095 # 1504
19107 # 1504
19119 # 1504
19131 # 1504
19143 # 1504
19155 # 1504
19167 # 1504
19179 # 1504
19191 # 1504
19203 # 1504
19215 # 1504
19227 # 1504
19239 # 1504
19251 # 1504
19263 # 1504
19275 # 1504
19287 # 1504
19299 # 1504
19311 # 1504
19323 # 1504
19335 # 1504
19347 # 1504
19359 # 1504
19371 # 1504
19383 # 1504
19395 # 1504
19407 # 1504
19419 # 1504
19431 # 1504
19443 # 1504
19455 # 1504
19467 # 1504
19479 # 1504
19491 # 1504
19503 # 1504
19515 # 1504
19527 # 1504
19539 # 1504
19551 # 1504
19563 # 1504
19575 # 1504
19587 # 1504
19599 # 1504
19611 # 1504
19623 # 1504
19635 # 1504
19647 # 1504
19659 # 1504
19671 # 1504
19683 # 1504
19695 # 1504
19707 # 1504
19719 # 1504
19731 # 1504
19743 # 1504
19755 # 1504
19767 # 1504
19779 # 1504
19791 # 1504
19803 # 1504
19815 # 1504
19827 # 1504
19839 # 1504
19851 # 1504
19863 # 1504
19875 # 1504
19887 # 1504
19899 # 1504
19911 # 1504
19923 # 1504
19935 # 1504
19947 # 1504
19959 # 1504
19971 # 1504
19983 # 1504
19995 # 1504
20007 # 1504
20019 # 1504
20031 # 1504
20043 # 1504
20055 # 1504
20067 # 1504
20079 # 1504
20091 # 1504
20103 # 1504
20115 # 1504
20127 # 1504
20139 # 1504
20151 # 1504
20163 # 1504
20175 # 1504
20187 # 1504
20199 # 1504
20211 # 1504
20223 # 1504
20235 # 1504
20247 # 1504
20259 # 1504
20271 # 1504
20283 # 1504
20295 # 1504
20307 # 1504
20319 # 1504
20331 # 1504
20343 # 1504
20355 # 1504
20367 # 1504
20379 # 1504
20391 # 1504
20403 # 1504
20415 # 1504
20427 # 1504
20439 # 1504
20451 # 1504
20463 # 1504
20475 # 1504
20487 # 1504
20499 # 1504
20511 # 1504
20523 # 1504
20535 # 1504
20547 # 1504
20559 # 1504
20571 # 1504
20583 # 1504
20595 # 1504
20607 # 1504
20619 # 1504
20631 # 1504
20643 # 1504
20655 # 1504
20667 # 1504
20679 # 1504
20691 # 1504
20703 # 1504
20715 # 1504
20727 # 1504
20739 # 1504
20751 # 1504
20763 # 1504
20775 # 1504
20787 # 1504
20799 # 1504
20811 # 1504
20823 # 1504
20835 # 1504
20847 # 1504
20859 # 1504
20871 # 1504
20883 # 1504
20895 # 1504
20907 # 1504
20919 # 1504
20931 # 1504
20943 # 1504
20955 # 1504
20967 # 1504
20979 # 1504
20991 # 1504
21003 # 1504
21015 # 1504
21027 # 1504
21039 # 1504
21051 # 1504
21063 # 1504
21075 # 1504
21087 # 1504
21099 # 1504
21111 # 1504
21123 # 1504
21135 # 1504
21147 # 1504
21159 # 1504
21171 # 1504
21183 # 1504
21195 # 1504
21207 # 1504
21219 # 1504
21231 # 1504
21243 # 1504
21255 # 1504
21267 # 1504
21279 # 1504
21291 # 1504
21303 # 1504
21315 # 1504
21327 # 1504
21339 # 1504
21351 # 1504
21363 # 1504
21375 # 1504
21387 # 1504
21399 # 1504
21411 # 1504
21423 # 1504
21435 # 1504
21447 # 1504
21459 # 1504
21471 # 1504
21483 # 1504
21495 # 1504
21507 # 1504
21519 # 1504
21531 # 1504
21543 # 1504
21555 # 1504
21567 # 1504
21579 # 1504
21591 # 1504
21603 # 1504
21615 # 1504
21627 # 1504
21639 # 1504
21651 # 1504
21663 # 1504
21675 # 1504
21687 # 1504
21699 # 1504
21711 # 1504
21723 # 1504
21735 # 1504
21747 # 1504
21759 # 1504
21771 # 1504
21783 # 1504
21795 # 1504
21807 # 1504
21819 # 1504
21831 # 1504
21843 # 1504
21855 # 1504
21867 # 1504
21879 # 1504
21891 # 1504
21903 # 1504
21915 # 1504
21927 # 1504
21939 # 1504
21951 # 1504
21963 # 1504
21975 # 1504
21987 # 1504
21999 # 1504
22011 # 1504
22023 # 1504
22035 # 1504
22047 # 1504
22059 # 1504
22071 # 1504
22083 # 1504
22095 # 1504
22107 # 1504
22119 # 1504
22131 # 1504
22143 # 1504
22155 # 1504
22167 # 1504
22179 # 1504
22191 # 1504
22203 # 1504
22215 # 1504
22227 # 1504
22239 # 1504
22251 # 1504
22263 # 1504
22275 # 1504
22287 # 1504
22299 # 1504
22311 # 1504
22323 # 1504
22335 # 1504
22347 # 1504
22359 # 1504
22371 # 1504
22383 # 1504
22395 # 1504
22407 # 1504
22419 # 1504
22431 # 1504
22443 # 1504
22455 # 1504
22467 # 1504
22479 # 1504
22491 # 1504
22503 # 1504
22515 # 1504
22527 # 1504
22539 # 1504
22551 # 1504
22563 # 1504
22575 # 1504
22587 # 1504
22599 # 1504
22611 # 1504
22623 # 1504
22635 # 1504
22647 # 1504
22659 # 1504
22671 # 1504
22683 # 1504
22695 # 1504
22707 # 1504
22719 # 1504
22731 # 1504
22743 # 1504
22755 # 1504
22767 # 1504
22779 # 1504
22791 # 1504
22803 # 1504
22815 # 1504
22827 # 1504
22839 # 1504
22851 # 1504
22863 # 1504
22875 # 1504
22887 # 1504
22899 # 1504
22911 # 1504
22923 # 1504
22935 # 1504
22947 # 1504
22959 # 1504
22971 # 1504
22983 # 1504
22995 # 1504
23007 # 1504
23019 # 1504
23031 # 1504
23043 # 1504
23055 # 1504
23067 # 1504
23079 # 1504
23091 # 1504
23103 # 1504
23115 # 1504
23127 # 1504
23139 # 1504
23151 # 1504
23163 # 1504
23175 # 1504
23187 # 1504
23199 # 1504
23211 # 1504
23223 # 1504
23235 # 1504
23247 # 1504
23259 # 1504
23271 # 1504
23283 # 1504
23295 # 1504
23307 # 1504
23319 # 1504
23331 # 1504
23343 # 1504
23355 # 1504
23367 # 1504
23379 # 1504
23391 # 1504
23403 # 1504
23415 # 1504
23427 # 1504
23439 # 1504
23451 # 1504
23463 # 1504
23475 # 1504
23487 # 1504
23499 # 1504
23511 # 1504
23523 # 1504
23535 # 1504
23547 # 1504
23559 # 1504
23571 # 1504
23583 # 1504
23595 # 1504
23607 # 1504
23619 # 1504
23631 # 1504
23643 # 1504
23655 # 1504
23667 # 1504
23679 # 1504
23691 # 1504
23703 # 1504
23715 # 1504
23727 # 1504
23739 # 1504
23751 # 1504
23763 # 1504
23775 # 1504
23787 # 1504
23799 # 1504
23811 # 1504
23823 # 1504
23835 # 1504
23847 # 1504
23859 # 1504
23871 # 1504
23883 # 1504
23895 # 1504
23907 # 1504
23919 # 1504
23931 # 1504
23943 # 1504
23955 # 1504
23967 # 1504
23979 # 1504
23991 # 1504
24003 # 1504
24015 # 1504
24027 # 1504
24039 # 1504
24051 # 1504
24063 # 1504
24075 # 1504
24087 # 1504
24099 # 1504
24111 # 1504
24123 # 1504
24135 # 1504
24147 # 1504
24159 # 1504
24171 # 1504
24183 # 1504
24195 # 1504
24207 # 1504
24219 # 1504
24231 # 1504
24243 # 1504
24255 # 1504
24267 # 1504
24279 # 1504
24291 # 1504
24303 # 1504
24315 # 1504
24327 # 1504
24339 # 1504
24351 # 1504
24363 # 1504
24375 # 1504
24387 # 1504
24399 # 1504
24411 # 1504
24423 # 1504
24435 # 1504
24447 # 1504
24459 # 1504
24471 # 1504
24483 # 1504
24495 # 1504
24507 # 1504
24519 # 1504
24531 # 1504
24543 # 1504
24555 # 1504
24567 # 1504
24579 # 1504
24591 # 1504
24603 # 1504
24615 # 1504
24627 # 1504
24639 # 1504
24651 # 1504
24663 # 1504
24675 # 1504
24687 # 1504
24699 # 1504
24711 # 1504
24723 # 1504
24735 # 1504
24747 # 1504
24759 # 1504
24771 # 1504
24783 # 1504
24795 # 1504
24807 # 1504
24819 # 1504
24831 # 1504
24843 # 1504
24855 # 1504
24867 # 1504
24879 # 1504
24891 # 1504
24903 # 1504
24915 # 1504
24927 # 1504
24939 # 1504
24951 # 1504
24963 # 1504
24975 # 1504
24987 # 1504
24999 # 1504
25011 # 1504
25023 # 1504
25035 # 1504
25047 # 1504
25059 # 1504
25071 # 1504
25083 # 1504
25095 # 1504
25107 # 1504
25119 # 1504
25131 # 1504
25143 # 1504
25155 # 1504
25167 # 1504
25179 # 1504
25191 # 1504
25203 # 1504
25215 # 1504
25227 # 1504
25239 # 1504
25251 # 1504
25263 # 1504
25275 # 1504
25287 # 1504
25299 # 1504
25311 # 1504
25323 # 1504
25335 # 1504
25347 # 1504
25359 # 1504
25371 # 1504
25383 # 1504
25395 # 1504
25407 # 1504
25419 # 1504
25431 # 1504
25443 # 1504
25455 # 1504
25467 # 1504
25479 # 1504
25491 # 1504
25503 # 1504
25515 # 1504
25527 # 1504
25539 # 1504
25551 # 1504
25563 # 1504
25575 # 1504
25587 # 1504
25599 # 1504
25611 # 1504
25623 # 1504
25635 # 1504
25647 # 1504
25659 # 1504
25671 # 1504
25683 # 1504
25695 # 1504
25707 # 1504
25719 # 1504
25731 # 1504
25743 # 1504
25755 # 1504
25767 # 1504
25779 # 1504
25791 # 1504
25803 # 1504
25815 # 1504
25827 # 1504
25839 # 1504
25851 # 1504
25863 # 1504
25875 # 1504
25887 # 1504
25899 # 1504
25911 # 1504
25923 # 1504
25935 # 1504
25947 # 1504
25959 # 1504
25971 # 1504
25983 # 1504
25995 # 1504
26007 # 1504
26019 # 1504
26031 # 1504
26043 # 1504
26055 # 1504
26067 # 1504
26079 # 1504
26091 # 1504
26103 # 1504
26115 # 1504
26127 # 1504
26139 # 1504
26151 # 1504
26163 # 1504
26175 # 1504
26187 # 1504
26199 # 1504
26211 # 1504
26223 # 1504
26235 # 1504
26247 # 1504
26259 # 1504
26271 # 1504
26283 # 1504
26295 # 1504
26307 # 1504
26319 # 1504
26331 # 1504
26343 # 1504
26355 # 1504
26367 # 1504
26379 # 1504
26391 # 1504
26403 # 1504
26415 # 1504
26427 # 1504
26439 # 1504
26451 # 1504
26463 # 1504
26475 # 1504
26487 # 1504
26499 # 1504
26511 # 1504
26523 # 1504
26535 # 1504
26547 # 1504
26559 # 1504
26571 # 1504
26583 # 1504
26595 # 1504
26607 # 1504
26619 # 1504
26631 # 1504
26643 # 1504
26655 # 1504
26667 # 1504
26679 # 1504
26691 # 1504
26703 # 1504
26715 # 1504
26727 # 1504
26739 # 1504
26751 # 1504
26763 # 1504
26775 # 1504
26787 # 1504
26799 # 1504
26811 # 1504
26823 # 1504
26835 # 1504
26847 # 1504
26859 # 1504
26871 # 1504
26883 # 1504
26895 # 1504
26907 # 1504
26919 # 1504
26931 # 1504
26943 # 1504
26955 # 1504
26967 # 1504
26979 # 1504
26991 # 1504
27003 # 1504
27015 # 1504
27027 # 1504
27039 # 1504
27051 # 1504
27063 # 1504
27075 # 1504
27087 # 1504
27099 # 1504
27111 # 1504
27123 # 1504
27135 # 1504
27147 # 1504
27159 # 1504
27171 # 1504
27183 # 1504
27195 # 1504
27207 # 1504
27219 # 1504
27231 # 1504
27243 # 1504
27255 # 1504
27267 # 1504
27279 # 1504
27291 # 1504
27303 # 1504
27315 # 1504
27327 # 1504
27339 # 1504
27351 # 1504
27363 # 1504
27375 # 1504
27387 # 1504
27399 # 1504
27411 # 1504
27423 # 1504
27435 # 1504
27447 # 1504
27459 # 1504
27471 # 1504
27483 # 1504
27495 # 1504
27507 # 1504
27519 # 1504
27531 # 1504
27543 # 1504
27555 # 1504
27567 # 1504
27579 # 1504
27591 # 1504
27603 # 1504
27615 # 1504
27627 # 1504
27639 # 1504
27651 # 1504
27663 # 1504
27675 # 1504
27687 # 1504
27699 # 1504
27711 # 1504
27723 # 1504
27735 # 1504
27747 # 1504
27759 # 1504
27771 # 1504
27783 # 1504
27795 # 1504
27807 # 1504
27819 # 1504
27831 # 1504
27843 # 1504
27855 # 1504
27867 # 1504
27879 # 1504
27891 # 1504
27903 # 1504
27915 # 1504
27927 # 1504
27939 # 1504
27951 # 1504
27963 # 1504
27975 # 1504
27987 # 1504
27999 # 1504
28011 # 1504
28023 # 1504
28035 # 1504
28047 # 1504
28059 # 1504
28071 # 1504
28083 # 1504
28095 # 1504
28107 # 1504
28119 # 1504
28131 # 1504
28143 # 1504
28155 # 1504
28167 # 1504
28179 # 1504
28191 # 1504
28203 # 1504
28215 # 1504
28227 # 1504
28239 # 1504
28251 # 1504
28263 # 1504
28275 # 1504
28287 # 1504
28299 # 1504
28311 # 1504
28323 # 1504
28335 # 1504
28347 # 1504
28359 # 1504
28371 # 1504
28383 # 1504
28395 # 1504
28407 # 1504
28419 # 1504
28431 # 1504
28443 # 1504
28455 # 1504
28467 # 1504
28479 # 1504
28491 # 1504
28503 # 1504
28515 # 1504
28527 # 1504
28539 # 1504
28551 # 1504
28563 # 1504
28575 # 1504
28587 # 1504
28599 # 1504
28611 # 1504
28623 # 1504
28635 # 1504
28647 # 1504
28659 # 1504
28671 # 1504
28683 # 1504
28695 # 1504
28707 # 1504
28719 # 1504
28731 # 1504
28743 # 1504
28755 # 1504
28767 # 1504
28779 # 1504
28791 # 1504
28803 # 1504
28815 # 1504
28827 # 1504
28839 # 1504
28851 # 1504
28863 # 1504
28875 # 1504
28887 # 1504
28899 # 1504
28911 # 1504
28923 # 1504
28935 # 1504
28947 # 1504
28959 # 1504
28971 # 1504
28983 # 1504
28995 # 1504
29007 # 1504
29019 # 1504
29031 # 1504
29043 # 1504
29055 # 1504
29067 # 1504
29079 # 1504
29091 # 1504
29103 # 1504
29115 # 1504
29127 # 1504
29139 # 1504
29151 # 1504
29163 # 1504
29175 # 1504
29187 # 1504
29199 # 1504
29211 # 1504
29223 # 1504
29235 # 1504
29247 # 1504
29259 # 1504
29271 # 1504
29283 # 1504
29295 # 1504
29307 # 1504
29319 # 1504
29331 # 1504
29343 # 1504
29355 # 1504
29367 # 1504
29379 # 1504
29391 # 1504
29403 # 1504
29415 # 1504
29427 # 1504
29439 # 1504
29451 # 1504
29463 # 1504
29475 # 1504
29487 # 1504
29499 # 1504
29511 # 1504
29523 # 1504
29535 # 1504
29547 # 1504
29559 # 1504
29571 # 1504
29583 # 1504
29595 # 1504
29607 # 1504
29619 # 1504
29631 # 1504
29643 # 1504
29655 # 1504
29667 # 1504
29679 # 1504
29691 # 1504
29703 # 1504
29715 # 1504
29727 # 1504
29739 # 1504
29751 # 1504
29763 # 1504
29775 # 1504
29787 # 1504
29799 # 1504
29811 # 1504
29823 # 1504
29835 # 1504
29847 # 1504
29859 # 1504
29871 # 1504
29883 # 1504
29895 # 1504
29907 # 1504
29919 # 1504
29931 # 1504
29943 # 1504
29955 # 1504
29967 # 1504
29979 # 1504
29991 # 1504
30003 # 1504
30015 # 1504
30027 # 1504
30039 # 1504
30051 # 1504
30063 # 1504
30075 # 1504
30087 # 1504
30099 # 1504
30111 # 1504
30123 # 1504
30135 # 1504
30147 # 1504
30159 # 1504
30171 # 1504
30183 # 1504
30195 # 1504
30207 # 1504
30219 # 1504
30231 # 1504
30243 # 1504
30255 # 1504
30267 # 1504
30279 # 1504
30291 # 1504
30303 # 1504
30315 # 1504
30327 # 1504
30339 # 1504
30351 # 1504
30363 # 1504
30375 # 1504
30387 # 1504
30399 # 1504
30411 # 1504
30423 # 1504
30435 # 1504
30447 # 1504
30459 # 1504
30471 # 1504
30483 # 1504
30495 # 1504
30507 # 1504
30519 # 1504
30531 # 1504
30543 # 1504
30555 # 1504
30567 # 1504
30579 # 1504
30591 # 1504
30603 # 1504
30615 # 1504
30627 # 1504
30639 # 1504
30651 # 1504
30663 # 1504
30675 # 1504
30687 # 1504
30699 # 1504
30711 # 1504
30723 # 1504
30735 # 1504
30747 # 1504
30759 # 1504
30771 # 1504
30783 # 1504
30795 # 1504
30807 # 1504
30819 # 1504
30831 # 1504
30843 # 1504
30855 # 1504
30867 # 1504
30879 # 1504
30891 # 1504
30903 # 1504
30915 # 1504
30927 # 1504
30939 # 1504
30951 # 1504
30963 # 1504
30975 # 1504
30987 # 1504
30999 # 1504
31011 # 1504
31023 # 1504
31035 # 1504
31047 # 1504
31059 # 1504
31071 # 1504
31083 # 1504
31095 # 1504
31107 # 1504
31119 # 1504
31131 # 1504
31143 # 1504
31155 # 1504
31167 # 1504
31179 # 1504
31191 # 1504
31203 # 1504
31215 # 1504
31227 # 1504
31239 # 1504
31251 # 1504
31263 # 1504
31275 # 1504
31287 # 1504
31299 # 1504
31311 # 1504
31323 # 1504
31335 # 1504
31347 # 1504
31359 # 1504
31371 # 1504
31383 # 1504
31395 # 1504
31407 # 1504
31419 # 1504
31431 # 1504
31443 # 1504
31448 + 52
31455 # 1504
31455 - 52 7
31467 # 1504
31479 # 1504
31491 # 1504
31503 # 1504
31515 # 1504
31527 # 1504
31539 # 1504
31551 # 1504
31563 # 1504
31575 # 1504
31587 # 1504
31599 # 1504
31611 # 1504
31623 # 1504
31635 # 1504
31647 # 1504
31659 # 1504
31671 # 1504
31683 # 1504
31695 # 1504
31707 # 1504
31719 # 1504
31731 # 1504
31743 # 1504
31755 # 1504
31767 # 1504
31779 # 1504
31791 # 1504
31803 # 1504
31815 # 1504
31827 # 1504
31839 # 1504
31851 # 1504
31863 # 1504
31875 # 1504
31887 # 1504
31899 # 1504
31911 # 1504
31923 # 1504
31935 # 1504
31947 # 1504
31959 # 1504
31971 # 1504
31983 # 1504
31995 # 1504
32007 # 1504
32019 # 1504
32031 # 1504
32043 # 1504
32055 # 1504
32067 # 1504
32079 # 1504
32091 # 1504
32103 # 1504
32115 # 1504
32127 # 1504
32139 # 1504
32151 # 1504
32163 # 1504
32175 # 1504
32187 # 1504
32199 # 1504
32211 # 1504
32223 # 1504
32235 # 1504
32247 # 1504
32259 # 1504
32271 # 1504
32283 # 1504
32295 # 1504
32307 # 1504
32319 # 1504
32331 # 1504
32343 # 1504
32355 # 1504
32367 # 1504
32379 # 1504
32391 # 1504
32403 # 1504
32415 # 1504
32427 # 1504
32439 # 1504
32451 # 1504
32463 # 1504
32475 # 1504
32487 # 1504
32499 # 1504
32511 # 1504
32523 # 1504
32535 # 1504
32547 # 1504
32559 # 1504
32571 # 1504
32583 # 1504
32595 # 1504
32607 # 1504
32619 # 1504
32631 # 1504
32643 # 1504
32655 # 1504
32667 # 1504
32679 # 1504
32691 # 1504
32703 # 1504
32715 # 1504
32727 # 1504
32739 # 1504
32751 # 1504
32763 # 1504
32775 # 1504
32787 # 1504
32799 # 1504
32811 # 1504
32823 # 1504
32835 # 1504
32847 # 1504
32859 # 1504
32871 # 1504
32883 # 1504
32895 # 1504
32907 # 1504
32919 # 1504
32931 # 1504
32943 # 1504
32955 # 1504
32967 # 1504
32979 # 1504
32991 # 1504
33003 # 1504
33015 # 1504
33027 # 1504
33039 # 1504
33051 # 1504
33063 # 1504
33075 # 1504
33087 # 1504
33099 # 1504
33111 # 1504
33123 # 1504
33135 # 1504
33147 # 1504
33159 # 1504
33171 # 1504
33183 # 1504
33195 # 1504
33207 # 1504
33219 # 1504
33231 # 1504
33243 # 1504
33255 # 1504
33267 # 1504
33279 # 1504
33291 # 1504
33303 # 1504
33315 # 1504
33327 # 1504
33339 # 1504
33351 # 1504
33363 # 1504
33375 # 1504
33387 # 1504
33399 # 1504
33411 # 1504
33423 # 1504
33435 # 1504
33447 # 1504
33459 # 1504
33471 # 1504
33483 # 1504
33495 # 1504
33507 # 1504
33519 # 1504
33531 # 1504
33543 # 1504
33555 # 1504
33567 # 1504
33579 # 1504
33591 # 1504
33603 # 1504
33615 # 1504
33627 # 1504
33639 # 1504
33651 # 1504
33663 # 1504
33675 # 1504
33687 # 1504
33699 # 1504
33711 # 1504
33723 # 1504
33735 # 1504
33747 # 1504
33759 # 1504
33771 # 1504
33783 # 1504
33795 # 1504
33807 # 1504
33819 # 1504
33831 # 1504
33843 # 1504
33855 # 1504
33867 # 1504
33879 # 1504
33891 # 1504
33903 # 1504
33915 # 1504
33927 # 1504
33939 # 1504
33951 # 1504
33963 # 1504
33975 # 1504
33987 # 1504
33999 # 1504
34011 # 1504
34023 # 1504
34035 # 1504
34047 # 1504
34059 # 1504
34071 # 1504
34083 # 1504
34095 # 1504
34107 # 1504
34119 # 1504
34131 # 1504
34143 # 1504
34155 # 1504
34167 # 1504
34179 # 1504
34191 # 1504
34203 # 1504
34215 # 1504
34227 # 1504
34239 # 1504
34251 # 1504
34263 # 1504
34275 # 1504
34287 # 1504
34299 # 1504
34311 # 1504
34323 # 1504
34335 # 1504
34347 # 1504
34359 # 1504
34371 # 1504
34383 # 1504
34395 # 1504
34407 # 1504
34419 # 1504
34431 # 1504
34443 # 1504
34455 # 1504
34467 # 1504
34479 # 1504
34491 # 1504
34503 # 1504
34515 # 1504
34527 # 1504
34539 # 1504
34551 # 1504
34563 # 1504
34575 # 1504
34587 # 1504
34599 # 1504
34611 # 1504
34623 # 1504
34635 # 1504
34647 # 1504
34659 # 1504
34671 # 1504
34683 # 1504
34695 # 1504
34707 # 1504
34719 # 1504
34731 # 1504
34743 # 1504
34755 # 1504
34767 # 1504
34779 # 1504
34791 # 1504
34803 # 1504
34815 # 1504
34827 # 1504
34839 # 1504
34851 # 1504
34863 # 1504
34875 # 1504
34887 # 1504
34899 # 1504
34911 # 1504
34923 # 1504
34935 # 1504
34947 # 1504
34959 # 1504
34971 # 1504
34983 # 1504
34995 # 1504
35007 # 1504
35019 # 1504
35031 # 1504
35043 # 1504
35055 # 1504
35067 # 1504
35079 # 1504
35091 # 1504
35103 # 1504
35115 # 1504
35127 # 1504
35139 # 1504
35151 # 1504
35163 # 1504
35175 # 1504
35187 # 1504
35199 # 1504
35211 # 1504
35223 # 1504
35235 # 1504
35247 # 1504
35259 # 1504
35271 # 1504
35283 # 1504
35295 # 1504
35307 # 1504
35319 # 1504
35331 # 1504
35343 # 1504
35355 # 1504
35367 # 1504
35379 # 1504
35391 # 1504
35403 # 1504
35415 # 1504
35427 # 1504
35439 # 1504
35451 # 1504
35463 # 1504
35475 # 1504
35487 # 1504
35499 # 1504
35511 # 1504
35523 # 1504
35535 # 1504
35547 # 1504
35559 # 1504
35571 # 1504
35583 # 1504
35595 # 1504
35607 # 1504
35619 # 1504
35631 # 1504
35643 # 1504
35655 # 1504
35667 # 1504
35679 # 1504
35691 # 1504
35703 # 1504
35715 # 1504
35727 # 1504
35739 # 1504
35751 # 1504
35763 # 1504
35775 # 1504
35787 # 1504
35799 # 1504
35811 # 1504
35823 # 1504
35835 # 1504
35847 # 1504
35859 # 1504
35871 # 1504
35883 # 1504
35895 # 1504
35907 # 1504
35919 # 1504
35931 # 1504
35943 # 1504
35955 # 1504
35967 # 1504
35979 # 1504
35991 # 1504
36003 # 1504
36015 # 1504
36027 # 1504
36039 # 1504
36051 # 1504
36063 # 1504
36075 # 1504
36087 # 1504
36099 # 1504
36111 # 1504
36123 # 1504
36135 # 1504
36147 # 1504
36159 # 1504
36171 # 1504
36183 # 1504
36195 # 1504
36207 # 1504
36219 # 1504
36231 # 1504
36243 # 1504
36255 # 1504
36267 # 1504
36279 # 1504
36291 # 1504
36303 # 1504
36315 # 1504
36327 # 1504
36339 # 1504
36351 # 1504
36363 # 1504
36375 # 1504
36387 # 1504
36399 # 1504
36411 # 1504
36423 # 1504
36435 # 1504
36447 # 1504
36459 # 1504
36471 # 1504
36483 # 1504
36495 # 1504
36507 # 1504
36519 # 1504
36531 # 1504
36543 # 1504
36555 # 1504
36567 # 1504
36579 # 1504
36591 # 1504
36603 # 1504
36615 # 1504
36627 # 1504
36639 # 1504
36651 # 1504
36663 # 1504
36675 # 1504
36687 # 1504
36699 # 1504
36711 # 1504
36723 # 1504
36735 # 1504
36747 # 1504
36759 # 1504
36771 # 1504
36783 # 1504
36795 # 1504
36807 # 1504
36819 # 1504
36831 # 1504
36843 # 1504
36855 # 1504
36867 # 1504
36879 # 1504
36891 # 1504
36903 # 1504
36915 # 1504
36927 # 1504
36939 # 1504
36951 # 1504
36963 # 1504
36975 # 1504
36987 # 1504
36999 # 1504
37011 # 1504
37023 # 1504
37035 # 1504
37047 # 1504
37059 # 1504
37071 # 1504
37083 # 1504
37095 # 1504
37107 # 1504
37119 # 1504
37131 # 1504
37143 # 1504
37155 # 1504
37167 # 1504
37179 # 1504
37191 # 1504
37203 # 1504
37215 # 1504
37227 # 1504
37239 # 1504
37251 # 1504
37263 # 1504
37275 # 1504
37287 # 1504
37299 # 1504
37311 # 1504
37323 # 1504
37335 # 1504
37347 # 1504
37359 # 1504
37371 # 1504
37383 # 1504
37395 # 1504
37407 # 1504
37419 # 1504
37431 # 1504
37443 # 1504
37455 # 1504
37467 # 1504
37479 # 1504
37491 # 1504
37503 # 1504
37515 # 1504
37527 # 1504
37539 # 1504
37551 # 1504
37563 # 1504
37575 # 1504
37587 # 1504
37599 # 1504
37611 # 1504
37623 # 1504
37635 # 1504
37647 # 1504
37659 # 1504
37671 # 1504
37683 # 1504
37695 # 1504
37707 # 1504
37719 # 1504
37731 # 1504
37743 # 1504
37755 # 1504
37767 # 1504
37779 # 1504
37791 # 1504
37803 # 1504
37815 # 1504
37827 # 1504
37839 # 1504
37851 # 1504
37863 # 1504
37875 # 1504
37887 # 1504
37899 # 1504
37911 # 1504
37923 # 1504
37935 # 1504
37947 # 1504
37959 # 1504
37971 # 1504
37983 # 1504
37995 # 1504
38007 # 1504
38019 # 1504
38031 # 1504
38043 # 1504
38055 # 1504
38067 # 1504
38079 # 1504
38091 # 1504
38103 # 1504
38115 # 1504
38127 # 1504
38139 # 1504
38151 # 1504
38163 # 1504
38175 # 1504
38187 # 1504
38199 # 1504
38211 # 1504
38223 # 1504
38235 # 1504
38247 # 1504
38259 # 1504
38271 # 1504
38283 # 1504
38295 # 1504
38307 # 1504
38319 # 1504
38331 # 1504
38343 # 1504
38355 # 1504
38367 # 1504
38379 # 1504
38391 # 1504
38403 # 1504
38415 # 1504
38427 # 1504
38439 # 1504
38451 # 1504
38463 # 1504
38475 # 1504
38487 # 1504
38499 # 1504
38511 # 1504
38523 # 1504
38535 # 1504
38547 # 1504
38559 # 1504
38571 # 1504
38583 # 1504
38595 # 1504
38607 # 1504
38619 # 1504
38631 # 1504
38643 # 1504
38655 # 1504
38667 # 1504
38679 # 1504
38691 # 1504
38703 # 1504
38715 # 1504
38727 # 1504
38739 # 1504
38751 # 1504
38763 # 1504
38775 # 1504
38787 # 1504
38799 # 1504
38811 # 1504
38823 # 1504
38835 # 1504
38847 # 1504
38859 # 1504
38871 # 1504
38883 # 1504
38895 # 1504
38907 # 1504
38919 # 1504
38931 # 1504
38943 # 1504
38955 # 1504
38967 # 1504
38979 # 1504
38991 # 1504
39003 # 1504
39015 # 1504
39027 # 1504
39039 # 1504
39051 # 1504
39063 # 1504
39075 # 1504
39087 # 1504
39099 # 1504
39111 # 1504
39123 # 1504
39135 # 1504
39147 # 1504
39159 # 1504
39171 # 1504
39183 # 1504
39195 # 1504
39207 # 1504
39219 # 1504
39231 # 1504
39243 # 1504
39255 # 1504
39267 # 1504
39279 # 1504
39291 # 1504
39303 # 1504
39315 # 1504
39327 # 1504
39339 # 1504
39351 # 1504
39363 # 1504
39375 # 1504
39387 # 1504
39399 # 1504
39411 # 1504
39423 # 1504
39435 # 1504
39447 # 1504
39459 # 1504
39471 # 1504
39483 # 1504
39495 # 1504
39507 # 1504
39519 # 1504
39531 # 1504
39543 # 1504
39555 # 1504
39567 # 1504
39579 # 1504
39591 # 1504
39603 # 1504
39615 # 1504
39627 # 1504
39639 # 1504
39651 # 1504
39663 # 1504
39675 # 1504
39687 # 1504
39699 # 1504
39711 # 1504
39723 # 1504
39735 # 1504
39747 # 1504
39759 # 1504
39771 # 1504
39783 # 1504
39795 # 1504
39807 # 1504
39819 # 1504
39831 # 1504
39843 # 1504
39855 # 1504
39867 # 1504
39879 # 1504
39891 # 1504
39903 # 1504
39915 # 1504
39927 # 1504
39939 # 1504
39951 # 1504
39963 # 1504
39975 # 1504
39987 # 1504
39999 # 1504
40011 # 1504
40023 # 1504
40035 # 1504
40047 # 1504
40059 # 1504
40071 # 1504
40083 # 1504
40095 # 1504
40107 # 1504
40119 # 1504
40131 # 1504
40143 # 1504
40155 # 1504
40167 # 1504
40179 # 1504
40191 # 1504
40203 # 1504
40215 # 1504
40227 # 1504
40239 # 1504
40251 # 1504
40263 # 1504
40275 # 1504
40287 # 1504
40299 # 1504
40311 # 1504
40323 # 1504
40335 # 1504
40347 # 1504
40359 # 1504
40371 # 1504
40383 # 1504
40395 # 1504
40407 # 1504
40419 # 1504
40431 # 1504
40443 # 1504
40455 # 1504
40467 # 1504
40479 # 1504
40491 # 1504
40503 # 1504
40515 # 1504
40527 # 1504
40539 # 1504
40551 # 1504
40563 # 1504
40575 # 1504
40587 # 1504
40599 # 1504
40611 # 1504
40623 # 1504
40635 # 1504
40647 # 1504
40659 # 1504
40671 # 1504
40683 # 1504
40695 # 1504
40707 # 1504
40719 # 1504
40731 # 1504
40743 # 1504
40755 # 1504
40767 # 1504
40779 # 1504
40791 # 1504
40803 # 1504
40815 # 1504
40827 # 1504
40839 # 1504
40851 # 1504
40863 # 1504
40875 # 1504
40887 # 1504
40899 # 1504
40911 # 1504
40923 # 1504
40935 # 1504
40947 # 1504
40959 # 1504
40971 # 1504
40983 # 1504
40995 # 1504
41007 # 1504
41019 # 1504
41031 # 1504
41043 # 1504
41055 # 1504
41067 # 1504
41079 # 1504
41091 # 1504
41103 # 1504
41115 # 1504
41127 # 1504
41139 # 1504
41151 # 1504
41163 # 1504
41175 # 1504
41187 # 1504
41199 # 1504
41211 # 1504
41223 # 1504
41235 # 1504
41247 # 1504
41259 # 1504
41271 # 1504
41283 # 1504
41295 # 1504
41307 # 1504
41319 # 1504
41331 # 1504
41343 # 1504
41355 # 1504
41367 # 1504
41379 # 1504
41391 # 1504
41403 # 1504
41415 # 1504
41427 # 1504
41439 # 1504
41451 # 1504
41463 # 1504
41475 # 1504
41487 # 1504
41499 # 1504
41511 # 1504
41523 # 1504
41535 # 1504
41547 # 1504
41559 # 1504
41571 # 1504
41583 # 1504
41595 # 1504
41607 # 1504
41619 # 1504
41631 # 1504
41643 # 1504
41655 # 1504
41667 # 1504
41679 # 1504
41691 # 1504
41703 # 1504
41715 # 1504
41727 # 1504
41739 # 1504
41751 # 1504
41763 # 1504
41775 # 1504
41787 # 1504
41799 # 1504
41811 # 1504
41823 # 1504
41835 # 1504
41847 # 1504
41859 # 1504
41871 # 1504
41883 # 1504
41895 # 1504
41907 # 1504
41919 # 1504
41931 # 1504
41943 # 1504
41955 # 1504
41967 # 1504
41979 # 1504
41991 # 1504
42003 # 1504
42015 # 1504
42027 # 1504
42039 # 1504
42051 # 1504
42063 # 1504
42075 # 1504
42087 # 1504
42099 # 1504
42111 # 1504
42123 # 1504
42135 # 1504
42147 # 1504
42159 # 1504
42171 # 1504
42183 # 1504
42195 # 1504
42207 # 1504
42219 # 1504
42231 # 1504
42243 # 1504
42255 # 1504
42267 # 1504
42279 # 1504
42291 # 1504
42303 # 1504
42315 # 1504
42327 # 1504
42339 # 1504
42351 # 1504
42363 # 1504
42375 # 1504
42387 # 1504
42399 # 1504
42411 # 1504
42423 # 1504
42435 # 1504
42447 # 1504
42459 # 1504
42471 # 1504
42483 # 1504
42495 # 1504
42507 # 1504
42519 # 1504
42531 # 1504
42543 # 1504
42555 # 1504
42567 # 1504
42579 # 1504
42591 # 1504
42603 # 1504
42615 # 1504
42627 # 1504
42639 # 1504
42651 # 1504
42663 # 1504
42675 # 1504
42687 # 1504
42699 # 1504
42711 # 1504
42723 # 1504
42735 # 1504
42747 # 1504
42759 # 1504
42771 # 1504
42783 # 1504
42795 # 1504
42807 # 1504
42819 # 1504
42831 # 1504
42843 # 1504
42855 # 1504
42867 # 1504
42879 # 1504
42891 # 1504
42903 # 1504
42915 # 1504
42927 # 1504
42939 # 1504
42951 # 1504
42963 # 1504
42975 # 1504
42987 # 1504
42999 # 1504
43011 # 1504
43023 # 1504
43035 # 1504
43047 # 1504
43059 # 1504
43071 # 1504
43083 # 1504
43095 # 1504
43107 # 1504
43119 # 1504
43131 # 1504
43143 # 1504
43155 # 1504
43167 # 1504
43179 # 1504
43191 # 1504
43203 # 1504
43215 # 1504
43227 # 1504
43239 # 1504
43251 # 1504
43263 # 1504
43275 # 1504
43287 # 1504
43299 # 1504
43311 # 1504
43323 # 1504
43335 # 1504
43347 # 1504
43359 # 1504
43371 # 1504
43383 # 1504
43395 # 1504
43407 # 1504
43419 # 1504
43431 # 1504
43443 # 1504
43455 # 1504
43467 # 1504
43479 # 1504
43491 # 1504
43503 # 1504
43515 # 1504
43527 # 1504
43539 # 1504
43551 # 1504
43563 # 1504
43575 # 1504
43587 # 1504
43599 # 1504
43611 # 1504
43623 # 1504
43635 # 1504
43647 # 1504
43659 # 1504
43671 # 1504
43683 # 1504
43695 # 1504
43707 # 1504
43719 # 1504
43731 # 1504
43743 # 1504
43755 # 1504
43767 # 1504
43779 # 1504
43791 # 1504
43803 # 1504
43815 # 1504
43827 # 1504
43839 # 1504
43851 # 1504
43863 # 1504
43875 # 1504
43887 # 1504
43899 # 1504
43911 # 1504
43923 # 1504
43935 # 1504
43947 # 1504
43959 # 1504
43971 # 1504
43983 # 1504
43995 # 1504
44007 # 1504
44019 # 1504
44031 # 1504
44043 # 1504
44055 # 1504
44067 # 1504
44079 # 1504
44091 # 1504
44103 # 1504
44115 # 1504
44127 # 1504
44139 # 1504
44151 # 1504
44163 # 1504
44175 # 1504
44187 # 1504
44199 # 1504
44211 # 1504
44223 # 1504
44235 # 1504
44247 # 1504
44259 # 1504
44271 # 1504
44283 # 1504
44295 # 1504
44307 # 1504
44319 # 1504
44331 # 1504
44343 # 1504
44355 # 1504
44367 # 1504
44379 # 1504
44391 # 1504
44403 # 1504
44415 # 1504
44427 # 1504
44439 # 1504
44451 # 1504
44463 # 1504
44475 # 1504
44487 # 1504
44499 # 1504
44511 # 1504
44523 # 1504
44535 # 1504
44547 # 1504
44559 # 1504
44571 # 1504
44583 # 1504
44595 # 1504
44607 # 1504
44619 # 1504
44631 # 1504
44643 # 1504
44655 # 1504
44667 # 1504
44679 # 1504
44691 # 1504
44703 # 1504
44715 # 1504
44727 # 1504
44739 # 1504
44751 # 1504
44763 # 1504
44775 # 1504
44787 # 1504
44799 # 1504
44811 # 1504
44823 # 1504
44835 # 1504
44847 # 1504
44859 # 1504
44871 # 1504
44883 # 1504
44895 # 1504
44907 # 1504
44919 # 1504
44931 # 1504
44943 # 1504
44955 # 1504
44967 # 1504
44979 # 1504
44991 # 1504
45003 # 1504
45015 # 1504
45027 # 1504
45039 # 1504
45051 # 1504
45063 # 1504
45075 # 1504
45087 # 1504
45099 # 1504
45111 # 1504
45123 # 1504
45135 # 1504
45147 # 1504
45159 # 1504
45171 # 1504
45183 # 1504
45195 # 1504
45207 # 1504
45219 # 1504
45231 # 1504
45243 # 1504
45255 # 1504
45267 # 1504
45279 # 1504
45291 # 1504
45303 # 1504
45315 # 1504
45327 # 1504
45339 # 1504
45351 # 1504
45363 # 1504
45375 # 1504
45387 # 1504
45399 # 1504
45411 # 1504
45423 # 1504
45435 # 1504
45447 # 1504
45459 # 1504
45471 # 1504
45483 # 1504
45495 # 1504
45507 # 1504
45519 # 1504
45531 # 1504
45543 # 1504
45555 # 1504
45567 # 1504
45579 # 1504
45591 # 1504
45603 # 1504
45615 # 1504
45627 # 1504
45639 # 1504
45651 # 1504
45663 # 1504
45675 # 1504
45687 # 1504
45699 # 1504
45711 # 1504
45723 # 1504
45735 # 1504
45747 # 1504
45759 # 1504
45771 # 1504
45783 # 1504
45795 # 1504
45807 # 1504
45819 # 1504
45831 # 1504
45843 # 1504
45855 # 1504
45867 # 1504
45879 # 1504
45891 # 1504
45903 # 1504
45915 # 1504
45927 # 1504
45939 # 1504
45951 # 1504
45963 # 1504
45975 # 1504
45987 # 1504
45999 # 1504
46011 # 1504
46023 # 1504
46035 # 1504
46047 # 1504
46059 # 1504
46071 # 1504
46083 # 1504
46095 # 1504
46107 # 1504
46119 # 1504
46131 # 1504
46143 # 1504
46155 # 1504
46167 # 1504
46179 # 1504
46191 # 1504
46203 # 1504
46215 # 1504
46227 # 1504
46239 # 1504
46251 # 1504
46263 # 1504
46275 # 1504
46287 # 1504
46299 # 1504
46311 # 1504
46323 # 1504
46335 # 1504
46347 # 1504
46359 # 1504
46371 # 1504
46383 # 1504
46395 # 1504
46407 # 1504
46419 # 1504
46431 # 1504
46443 # 1504
46455 # 1504
46467 # 1504
46479 # 1504
46491 # 1504
46503 # 1504
46515 # 1504
46527 # 1504
46539 # 1504
46551 # 1504
46563 # 1504
46575 # 1504
46587 # 1504
46599 # 1504
46611 # 1504
46623 # 1504
46635 # 1504
46647 # 1504
46659 # 1504
46671 # 1504
46683 # 1504
46695 # 1504
46707 # 1504
46719 # 1504
46731 # 1504
46743 # 1504
46755 # 1504
46767 # 1504
46779 # 1504
46791 # 1504
46803 # 1504
46815 # 1504
46827 # 1504
46839 # 1504
46851 # 1504
46863 # 1504
46875 # 1504
46887 # 1504
46899 # 1504
46911 # 1504
46923 # 1504
46935 # 1504
46947 # 1504
46959 # 1504
46971 # 1504
46983 # 1504
46995 # 1504
47007 # 1504
47019 # 1504
47031 # 1504
47043 # 1504
47055 # 1504
47067 # 1504
47079 # 1504
47091 # 1504
47103 # 1504
47115 # 1504
47127 # 1504
47139 # 1504
47151 # 1504
47163 # 1504
47175 # 1504
47187 # 1504
47199 # 1504
47211 # 1504
47223 # 1504
47235 # 1504
47247 # 1504
47259 # 1504
47271 # 1504
47283 # 1504
47295 # 1504
47307 # 1504
47319 # 1504
47331 # 1504
47343 # 1504
47355 # 1504
47367 # 1504
47379 # 1504
47391 # 1504
47403 # 1504
47415 # 1504
47427 # 1504
47439 # 1504
47451 # 1504
47463 # 1504
47475 # 1504
47487 # 1504
47499 # 1504
47511 # 1504
47523 # 1504
47535 # 1504
47547 # 1504
47559 # 1504
47571 # 1504
47583 # 1504
47595 # 1504
47607 # 1504
47619 # 1504
47631 # 1504
47643 # 1504
47655 # 1504
47667 # 1504
47679 # 1504
47691 # 1504
47703 # 1504
47715 # 1504
47727 # 1504
47739 # 1504
47751 # 1504
47763 # 1504
47775 # 1504
47787 # 1504
47799 # 1504
47811 # 1504
47823 # 1504
47835 # 1504
47847 # 1504
47859 # 1504
47871 # 1504
47883 # 1504
47895 # 1504
47907 # 1504
47919 # 1504
47931 # 1504
47943 # 1504
47955 # 1504
47967 # 1504
47979 # 1504
47991 # 1504
48003 # 1504
48015 # 1504
48027 # 1504
48039 # 1504
48051 # 1504
48063 # 1504
48075 # 1504
48087 # 1504
48099 # 1504
48111 # 1504
48123 # 1504
48135 # 1504
48147 # 1504
48159 # 1504
48171 # 1504
48183 # 1504
48195 # 1504
48207 # 1504
48219 # 1504
48231 # 1504
48243 # 1504
48255 # 1504
48267 # 1504
48279 # 1504
48291 # 1504
48303 # 1504
48315 # 1504
48327 # 1504
48339 # 1504
48351 # 1504
48363 # 1504
48375 # 1504
48387 # 1504
48399 # 1504
48411 # 1504
48423 # 1504
48435 # 1504
48447 # 1504
48459 # 1504
48471 # 1504
48483 # 1504
48495 # 1504
48507 # 1504
48519 # 1504
48531 # 1504
48543 # 1504
48555 # 1504
48567 # 1504
48579 # 1504
48591 # 1504
48603 # 1504
48615 # 1504
48627 # 1504
48639 # 1504
48651 # 1504
48663 # 1504
48675 # 1504
48687 # 1504
48699 # 1504
48711 # 1504
48723 # 1504
48735 # 1504
48747 # 1504
48759 # 1504
48771 # 1504
48783 # 1504
48795 # 1504
48807 # 1504
48819 # 1504
48831 # 1504
48843 # 1504
48855 # 1504
48867 # 1504
48879 # 1504
48891 # 1504
48903 # 1504
48915 # 1504
48927 # 1504
48939 # 1504
48951 # 1504
48963 # 1504
48975 # 1504
48987 # 1504
48999 # 1504
49011 # 1504
49023 # 1504
49035 # 1504
49047 # 1504
49059 # 1504
49071 # 1504
49083 # 1504
49095 # 1504
49107 # 1504
49119 # 1504
49131 # 1504
49143 # 1504
49155 # 1504
49167 # 1504
49179 # 1504
49191 # 1504
49203 # 1504
49215 # 1504
49227 # 1504
49239 # 1504
49251 # 1504
49263 # 1504
49275 # 1504
49287 # 1504
49299 # 1504
49311 # 1504
49323 # 1504
49335 # 1504
49347 # 1504
49359 # 1504
49371 # 1504
49383 # 1504
49395 # 1504
49407 # 1504
49419 # 1504
49431 # 1504
49443 # 1504
49455 # 1504
49467 # 1504
49479 # 1504
49491 # 1504
49503 # 1504
49515 # 1504
49527 # 1504
49539 # 1504
49551 # 1504
49563 # 1504
49575 # 1504
49587 # 1504
49599 # 1504
49611 # 1504
49623 # 1504
49635 # 1504
49647 # 1504
49659 # 1504
49671 # 1504
49683 # 1504
49695 # 1504
49707 # 1504
49719 # 1504
49731 # 1504
49743 # 1504
49755 # 1504
49767 # 1504
49779 # 1504
49791 # 1504
49803 # 1504
49815 # 1504
49827 # 1504
49839 # 1504
49851 # 1504
49863 # 1504
49875 # 1504
49887 # 1504
49899 # 1504
49911 # 1504
49923 # 1504
49935 # 1504
49947 # 1504
49959 # 1504
49971 # 1504
49983 # 1504
49995 # 1504
50007 # 1504
50019 # 1504
50031 # 1504
50043 # 1504
50055 # 1504
50067 # 1504
50079 # 1504
50091 # 1504
50103 # 1504
50115 # 1504
50127 # 1504
50139 # 1504
50151 # 1504
50163 # 1504
50175 # 1504
50187 # 1504
50199 # 1504
50211 # 1504
50223 # 1504
50235 # 1504
50247 # 1504
50259 # 1504
50271 # 1504
50283 # 1504
50295 # 1504
50307 # 1504
50319 # 1504
50331 # 1504
50343 # 1504
50355 # 1504
50367 # 1504
50379 # 1504
50391 # 1504
50403 # 1504
50415 # 1504
50427 # 1504
50439 # 1504
50451 # 1504
50463 # 1504
50475 # 1504
50487 # 1504
50499 # 1504
50511 # 1504
50523 # 1504
50535 # 1504
50547 # 1504
50559 # 1504
50571 # 1504
50583 # 1504
50595 # 1504
50607 # 1504
50619 # 1504
50631 # 1504
50643 # 1504
50655 # 1504
50667 # 1504
50679 # 1504
50691 # 1504
50703 # 1504
50715 # 1504
50727 # 1504
50739 # 1504
50751 # 1504
50763 # 1504
50775 # 1504
50787 # 1504
50799 # 1504
50811 # 1504
50823 # 1504
50835 # 1504
50847 # 1504
50859 # 1504
50871 # 1504
50883 # 1504
50895 # 1504
50907 # 1504
50919 # 1504
50931 # 1504
50943 # 1504
50955 # 1504
50967 # 1504
50979 # 1504
50991 # 1504
51003 # 1504
51015 # 1504
51027 # 1504
51039 # 1504
51051 # 1504
51063 # 1504
51075 # 1504
51087 # 1504
51099 # 1504
51111 # 1504
51123 # 1504
51135 # 1504
51147 # 1504
51159 # 1504
51171 # 1504
51183 # 1504
51195 # 1504
51207 # 1504
51219 # 1504
51231 # 1504
51243 # 1504
51255 # 1504
51267 # 1504
51279 # 1504
51291 # 1504
51303 # 1504
51315 # 1504
51327 # 1504
51339 # 1504
51351 # 1504
51363 # 1504
51375 # 1504
51387 # 1504
51399 # 1504
51411 # 1504
51423 # 1504
51435 # 1504
51447 # 1504
51459 # 1504
51471 # 1504
51483 # 1504
51495 # 1504
51507 # 1504
51519 # 1504
51531 # 1504
51543 # 1504
51555 # 1504
51567 # 1504
51579 # 1504
51591 # 1504
51603 # 1504
51615 # 1504
51627 # 1504
51639 # 1504
51651 # 1504
51663 # 1504
51675 # 1504
51687 # 1504
51699 # 1504
51711 # 1504
51723 # 1504
51735 # 1504
51747 # 1504
51759 # 1504
51771 # 1504
51783 # 1504
51795 # 1504
51807 # 1504
51819 # 1504
51831 # 1504
51843 # 1504
51855 # 1504
51867 # 1504
51879 # 1504
51891 # 1504
51903 # 1504
51915 # 1504
51927 # 1504
51939 # 1504
51951 # 1504
51963 # 1504
51975 # 1504
51987 # 1504
51999 # 1504
52011 # 1504
52023 # 1504
52035 # 1504
52047 # 1504
52059 # 1504
52071 # 1504
52083 # 1504
52095 # 1504
52107 # 1504
52119 # 1504
52131 # 1504
52143 # 1504
52155 # 1504
52167 # 1504
52179 # 1504
52191 # 1504
52203 # 1504
52215 # 1504
52227 # 1504
52239 # 1504
52251 # 1504
52263 # 1504
52275 # 1504
52287 # 1504
52299 # 1504
52311 # 1504
52323 # 1504
52335 # 1504
52347 # 1504
52359 # 1504
52371 # 1504
52383 # 1504
52395 # 1504
52407 # 1504
52419 # 1504
52431 # 1504
52443 # 1504
52455 # 1504
52467 # 1504
52479 # 1504
52491 # 1504
52503 # 1504
52515 # 1504
52527 # 1504
52539 # 1504
52551 # 1504
52563 # 1504
52575 # 1504
52587 # 1504
52599 # 1504
52611 # 1504
52623 # 1504
52635 # 1504
52647 # 1504
52659 # 1504
52671 # 1504
52683 # 1504
52695 # 1504
52707 # 1504
52719 # 1504
52731 # 1504
52743 # 1504
52755 # 1504
52767 # 1504
52779 # 1504
52791 # 1504
52803 # 1504
52815 # 1504
52827 # 1504
52839 # 1504
52851 # 1504
52863 # 1504
52875 # 1504
52887 # 1504
52899 # 1504
52911 # 1504
52923 # 1504
52935 # 1504
52947 # 1504
52959 # 1504
52971 # 1504
52983 # 1504
52995 # 1504
53007 # 1504
53019 # 1504
53031 # 1504
53043 # 1504
53055 # 1504
53067 # 1504
53079 # 1504
53091 # 1504
53103 # 1504
53115 # 1504
53127 # 1504
53139 # 1504
53151 # 1504
53163 # 1504
53175 # 1504
53187 # 1504
53199 # 1504
53211 # 1504
53223 # 1504
53235 # 1504
53247 # 1504
53259 # 1504
53271 # 1504
53283 # 1504
53295 # 1504
53307 # 1504
53319 # 1504
53331 # 1504
53343 # 1504
53355 # 1504
53367 # 1504
53379 # 1504
53391 # 1504
53403 # 1504
53415 # 1504
53427 # 1504
53439 # 1504
53451 # 1504
53463 # 1504
53475 # 1504
53487 # 1504
53499 # 1504
53511 # 1504
53523 # 1504
53535 # 1504
53547 # 1504
53559 # 1504
53571 # 1504
53583 # 1504
53595 # 1504
53607 # 1504
53619 # 1504
53631 # 1504
53643 # 1504
53655 # 1504
53667 # 1504
53679 # 1504
53691 # 1504
53703 # 1504
53715 # 1504
53727 # 1504
53739 # 1504
53751 # 1504
53763 # 1504
53775 # 1504
53787 # 1504
53799 # 1504
53811 # 1504
53823 # 1504
53835 # 1504
53847 # 1504
53859 # 1504
53871 # 1504
53883 # 1504
53895 # 1504
53907 # 1504
53919 # 1504
53931 # 1504
53943 # 1504
53955 # 1504
53967 # 1504
53979 # 1504
53991 # 1504
54003 # 1504
54015 # 1504
54027 # 1504
54039 # 1504
54051 # 1504
54063 # 1504
54075 # 1504
54087 # 1504
54099 # 1504
54111 # 1504
54123 # 1504
54135 # 1504
54147 # 1504
54159 # 1504
54171 # 1504
54183 # 1504
54195 # 1504
54207 # 1504
54219 # 1504
54231 # 1504
54243 # 1504
54255 # 1504
54267 # 1504
54279 # 1504
54291 # 1504
54303 # 1504
54315 # 1504
54327 # 1504
54339 # 1504
54351 # 1504
54363 # 1504
54375 # 1504
54387 # 1504
54399 # 1504
54411 # 1504
54423 # 1504
54435 # 1504
54447 # 1504
54459 # 1504
54471 # 1504
54483 # 1504
54495 # 1504
54507 # 1504
54519 # 1504
54531 # 1504
54543 # 1504
54555 # 1504
54567 # 1504
54579 # 1504
54591 # 1504
54603 # 1504
54615 # 1504
54627 # 1504
54639 # 1504
54651 # 1504
54663 # 1504
54675 # 1504
54687 # 1504
54699 # 1504
54711 # 1504
54723 # 1504
54735 # 1504
54747 # 1504
54759 # 1504
54771 # 1504
54783 # 1504
54795 # 1504
54807 # 1504
54819 # 1504
54831 # 1504
54843 # 1504
54855 # 1504
54867 # 1504
54879 # 1504
54891 # 1504
54903 # 1504
54915 # 1504
54927 # 1504
54939 # 1504
54951 # 1504
54963 # 1504
54975 # 1504
54987 # 1504
54999 # 1504
55011 # 1504
55023 # 1504
55035 # 1504
55047 # 1504
55059 # 1504
55071 # 1504
55083 # 1504
55095 # 1504
55107 # 1504
55119 # 1504
55131 # 1504
55143 # 1504
55155 # 1504
55167 # 1504
55179 # 1504
55191 # 1504
55203 # 1504
55215 # 1504
55227 # 1504
55239 # 1504
55251 # 1504
55263 # 1504
55275 # 1504
55287 # 1504
55299 # 1504
55311 # 1504
55323 # 1504
55335 # 1504
55347 # 1504
55359 # 1504
55371 # 1504
55383 # 1504
55395 # 1504
55407 # 1504
55419 # 1504
55431 # 1504
55443 # 1504
55455 # 1504
55467 # 1504
55479 # 1504
55491 # 1504
55503 # 1504
55515 # 1504
55527 # 1504
55539 # 1504
55551 # 1504
55563 # 1504
55575 # 1504
55587 # 1504
55599 # 1504
55611 # 1504
55623 # 1504
55635 # 1504
55647 # 1504
55659 # 1504
55671 # 1504
55683 # 1504
55695 # 1504
55707 # 1504
55719 # 1504
55731 # 1504
55743 # 1504
55755 # 1504
55767 # 1504
55779 # 1504
55791 # 1504
55803 # 1504
55815 # 1504
55827 # 1504
55839 # 1504
55851 # 1504
55863 # 1504
55875 # 1504
55887 # 1504
55899 # 1504
55911 # 1504
55923 # 1504
55935 # 1504
55947 # 1504
55959 # 1504
55971 # 1504
55983 # 1504
55995 # 1504
56007 # 1504
56019 # 1504
56031 # 1504
56043 # 1504
56055 # 1504
56067 # 1504
56079 # 1504
56091 # 1504
56103 # 1504
56115 # 1504
56127 # 1504
56139 # 1504
56151 # 1504
56163 # 1504
56175 # 1504
56187 # 1504
56199 # 1504
56211 # 1504
56223 # 1504
56235 # 1504
56247 # 1504
56259 # 1504
56271 # 1504
56283 # 1504
56295 # 1504
56307 # 1504
56319 # 1504
56331 # 1504
56343 # 1504
56355 # 1504
56367 # 1504
56379 # 1504
56391 # 1504
56403 # 1504
56415 # 1504
56427 # 1504
56439 # 1504
56451 # 1504
56463 # 1504
56475 # 1504
56487 # 1504
56499 # 1504
56511 # 1504
56523 # 1504
56535 # 1504
56547 # 1504
56559 # 1504
56571 # 1504
56583 # 1504
56595 # 1504
56607 # 1504
56619 # 1504
56631 # 1504
56643 # 1504
56655 # 1504
56667 # 1504
56679 # 1504
56691 # 1504
56703 # 1504
56715 # 1504
56727 # 1504
56739 # 1504
56751 # 1504
56763 # 1504
56775 # 1504
56787 # 1504
56799 # 1504
56811 # 1504
56823 # 1504
56835 # 1504
56847 # 1504
56859 # 1504
56871 # 1504
56883 # 1504
56895 # 1504
56907 # 1504
56919 # 1504
56931 # 1504
56943 # 1504
56955 # 1504
56967 # 1504
56979 # 1504
56991 # 1504
57003 # 1504
57015 # 1504
57027 # 1504
57039 # 1504
57051 # 1504
57063 # 1504
57075 # 1504
57087 # 1504
57099 # 1504
57111 # 1504
57123 # 1504
57135 # 1504
57147 # 1504
57159 # 1504
57171 # 1504
57183 # 1504
57195 # 1504
57207 # 1504
57219 # 1504
57231 # 1504
57243 # 1504
57255 # 1504
57267 # 1504
57279 # 1504
57291 # 1504
57303 # 1504
57315 # 1504
57327 # 1504
57339 # 1504
57351 # 1504
57363 # 1504
57375 # 1504
57387 # 1504
57399 # 1504
57411 # 1504
57423 # 1504
57435 # 1504
57447 # 1504
57459 # 1504
57471 # 1504
57483 # 1504
57495 # 1504
57507 # 1504
57519 # 1504
57531 # 1504
57543 # 1504
57555 # 1504
57567 # 1504
57579 # 1504
57591 # 1504
57603 # 1504
57615 # 1504
57627 # 1504
57639 # 1504
57651 # 1504
57663 # 1504
57675 # 1504
57687 # 1504
57699 # 1504
57711 # 1504
57723 # 1504
57735 # 1504
57747 # 1504
57759 # 1504
57771 # 1504
57783 # 1504
57795 # 1504
57807 # 1504
57819 # 1504
57831 # 1504
57843 # 1504
57855 # 1504
57867 # 1504
57879 # 1504
57891 # 1504
57903 # 1504
57915 # 1504
57927 # 1504
57939 # 1504
57951 # 1504
57963 # 1504
57975 # 1504
57987 # 1504
57999 # 1504
58011 # 1504
58023 # 1504
58035 # 1504
58047 # 1504
58059 # 1504
58071 # 1504
58083 # 1504
58095 # 1504
58107 # 1504
58119 # 1504
58131 # 1504
58143 # 1504
58155 # 1504
58167 # 1504
58179 # 1504
58191 # 1504
58203 # 1504
58215 # 1504
58227 # 1504
58239 # 1504
58251 # 1504
58263 # 1504
58275 # 1504
58287 # 1504
58299 # 1504
58311 # 1504
58323 # 1504
58335 # 1504
58347 # 1504
58359 # 1504
58371 # 1504
58383 # 1504
58395 # 1504
58407 # 1504
58419 # 1504
58431 # 1504
58443 # 1504
58455 # 1504
58467 # 1504
58479 # 1504
58491 # 1504
58503 # 1504
58515 # 1504
58527 # 1504
58539 # 1504
58551 # 1504
58563 # 1504
58575 # 1504
58587 # 1504
58599 # 1504
58611 # 1504
58623 # 1504
58635 # 1504
58647 # 1504
58659 # 1504
58671 # 1504
58683 # 1504
58695 # 1504
58707 # 1504
58719 # 1504
58731 # 1504
58743 # 1504
58755 # 1504
58767 # 1504
58779 # 1504
58791 # 1504
58803 # 1504
58815 # 1504
58827 # 1504
58839 # 1504
58851 # 1504
58863 # 1504
58875 # 1504
58887 # 1504
58899 # 1504
58911 # 1504
58923 # 1504
58935 # 1504
58947 # 1504
58959 # 1504
58971 # 1504
58983 # 1504
58995 # 1504
59007 # 1504
59019 # 1504
59031 # 1504
59043 # 1504
59055 # 1504
59067 # 1504
59079 # 1504
59091 # 1504
59103 # 1504
59115 # 1504
59127 # 1504
59139 # 1504
59151 # 1504
59163 # 1504
59175 # 1504
59187 # 1504
59199 # 1504
59211 # 1504
59223 # 1504
59235 # 1504
59247 # 1504
59259 # 1504
59271 # 1504
59283 # 1504
59295 # 1504
59307 # 1504
59319 # 1504
59331 # 1504
59343 # 1504
59355 # 1504
59367 # 1504
59379 # 1504
59391 # 1504
59403 # 1504
59415 # 1504
59427 # 1504
59439 # 1504
59451 # 1504
59463 # 1504
59475 # 1504
59487 # 1504
59499 # 1504
59511 # 1504
59523 # 1504
59535 # 1504
59547 # 1504
59559 # 1504
59571 # 1504
59583 # 1504
59595 # 1504
59607 # 1504
59619 # 1504
59631 # 1504
59643 # 1504
59655 # 1504
59667 # 1504
59679 # 1504
59691 # 1504
59703 # 1504
59715 # 1504
59727 # 1504
59739 # 1504
59751 # 1504
59763 # 1504
59775 # 1504
59787 # 1504
59799 # 1504
59811 # 1504
59823 # 1504
59835 # 1504
59847 # 1504
59859 # 1504
59871 # 1504
59883 # 1504
59895 # 1504
59907 # 1504
59919 # 1504
59931 # 1504
59943 # 1504
59955 # 1504
59967 # 1504
59979 # 1504
59991 # 1504
60003 # 1504
60015 # 1504
60027 # 1504
60039 # 1504
60051 # 1504
60063 # 1504
60075 # 1504
60087 # 1504
60099 # 1504
60111 # 1504
60123 # 1504
60135 # 1504
60146 # 1504
60158 # 1504
60170 # 1504
60182 # 1504
60194 # 1504
60206 # 1504
60218 # 1504
60230 # 1504
60242 # 1504
60254 # 1504
60266 # 1504
60278 # 1504
60290 # 1504
60302 # 1504
60314 # 1504
60326 # 1504
60338 # 1504
60350 # 1504
60362 # 1504
60374 # 1504
60386 # 1504
60398 # 1504
60410 # 1504
60422 # 1504
60434 # 1504
60446 # 1504
60458 # 1504
60470 # 1504
60482 # 1504
60494 # 1504
60506 # 1504
60518 # 1504
60530 # 1504
60542 # 1504
60554 # 1504
60566 # 1504
60578 # 1504
60590 # 1504
60602 # 1504
60614 # 1504
60626 # 1504
60638 # 1504
60650 # 1504
60662 # 1504
60674 # 1504
60686 # 1504
60698 # 1504
60710 # 1504
60722 # 1504
60734 # 1504
60746 # 1504
60758 # 1504
60770 # 1504
60782 # 1504
60794 # 1504
60806 # 1504
60818 # 1504
60830 # 1504
60842 # 1504
60854 # 1504
60866 # 1504
60878 # 1504
60890 # 1504
60902 # 1504
60914 # 1504
60926 # 1504
60938 # 1504
60950 # 1504
60962 # 1504
60974 # 1504
60986 # 1504
60998 # 1504
61010 # 1504
61022 # 1504
61034 # 1504
61046 # 1504
61058 # 1504
61070 # 1504
61082 # 1504
61094 # 1504
61106 # 1504
61118 # 1504
61130 # 1504
61142 # 1504
61154 # 1504
61166 # 1504
61178 # 1504
61190 # 1504
61202 # 1504
61214 # 1504
61226 # 1504
61238 # 1504
61250 # 1504
61262 # 1504
61274 # 1504
61286 # 1504
61298 # 1504
61310 # 1504
61322 # 1504
61334 # 1504
61346 # 1504
61358 # 1504
61370 # 1504
61382 # 1504
61394 # 1504
61406 # 1504
61418 # 1504
61430 # 1504
61442 # 1504
61454 # 1504
61466 # 1504
61478 # 1504
61490 # 1504
61502 # 1504
61514 # 1504
61526 # 1504
61538 # 1504
61550 # 1504
61562 # 1504
61574 # 1504
61586 # 1504
61598 # 1504
61610 # 1504
61622 # 1504
61634 # 1504
61646 # 1504
61658 # 1504
61670 # 1504
61682 # 1504
61694 # 1504
61706 # 1504
61718 # 1504
61730 # 1504
61742 # 1504
61754 # 1504
61766 # 1504
61778 # 1504
61790 # 1504
61802 # 1504
61814 # 1504
61826 # 1504
61838 # 1504
61850 # 1504
61862 # 1504
61874 # 1504
61886 # 1504
61898 # 1504
61910 # 1504
61922 # 1504
61934 # 1504
61946 # 1504
61958 # 1504
61970 # 1504
61982 # 1504
61994 # 1504
62006 # 1504
62018 # 1504
62030 # 1504
62042 # 1504
62054 # 1504
62066 # 1504
62078 # 1504
62090 # 1504
62102 # 1504
62114 # 1504
62126 # 1504
62138 # 1504
62150 # 1504
62162 # 1504
62174 # 1504
62186 # 1504
62198 # 1504
62210 # 1504
62222 # 1504
62234 # 1504
62246 # 1504
62258 # 1504
62270 # 1504
62282 # 1504
62294 # 1504
62306 # 1504
62318 # 1504
