1744784489.629587
1744784489.931303
1744784490.247390
1744784490.548919
1744784490.850465
1744784491.166233
1744784491.481458
1744784491.790471
1744784492.092141
1744784492.393433
1744784492.702782
1744784493.004795
1744784493.305960
1744784493.608495
1744784493.915412
1744784494.226880
1744784494.535332
1744784494.836984
1744784495.138731
1744784495.452513
1744784495.763309
1744784496.076692
1744784496.389613
1744784496.700799
1744784497.005264
1744784497.322987
1744784497.624675
1744784497.929335
1744784498.230698
1744784498.539840
1744784498.843008
1744784499.145185
1744784499.446700
1744784499.749075
1744784500.061602
1744784500.364631
1744784500.674583
1744784500.985825
1744784501.291249
1744784501.602624
1744784501.915134
1744784502.219820
1744784502.521247
1744784502.822658
1744784503.130332
1744784503.440518
1744784503.742645
1744784504.044184
1744784504.346249
1744784504.658990
1744784504.962536
1744784505.264015
1744784505.565651
1744784505.867832
1744784506.177992
1744784506.491297
1744784506.804569
1744784507.113396
1744784507.424816
1744784507.736141
1744784508.041472
1744784508.345773
1744784508.655252
1744784508.956747
1744784509.260555
1744784509.562624
1744784509.871730
1744784510.175320
1744784510.476783
1744784510.778349
1744784511.079786
1744784511.396010
1744784511.710880
1744784512.026105
1744784512.339801
1744784512.647245
1744784512.949111
1744784513.251802
1744784513.553274
1744784513.856522
1744784514.159562
1744784514.472341
1744784514.776561
1744784515.087249
1744784515.390716
1744784515.698935
1744784516.000659
1744784516.314155
1744784516.616259
1744784516.931602
1744784517.243077
1744784517.552482
1744784517.862291
1744784518.171912
1744784518.480832
1744784518.782216
1744784519.086747
1744784519.400275
1744784519.708672
1744784520.010796
1744784520.313080
1744784520.619700
1744784520.931299
1744784521.239352
1744784521.543713
1744784521.854820
1744784522.169162
1744784522.483579
1744784522.795010
1744784523.096709
1744784523.399156
1744784523.701043
1744784524.003584
1744784524.313873
1744784524.615047
1744784524.916314
1744784525.218078
1744784525.536339
1744784525.837818
1744784526.140550
1744784526.442353
1744784526.744287
1744784527.061980
1744784527.374402
1744784527.675775
1744784527.977976
1744784528.279907
1744784528.598075
1744784528.903260
1744784529.204937
1744784529.509061
1744784529.821939
1744784530.127654
1744784530.438653
1744784530.745839
1744784531.049089
1744784531.357414
1744784531.663571
1744784531.973979
1744784532.284271
1744784532.589327
1744784532.891942
1744784533.202958
1744784533.510056
1744784533.813798
1744784534.115041
1744784534.417425
1744784534.719149
1744784535.026048
1744784535.329021
1744784535.639414
1744784535.951203
1744784536.252556
1744784536.563139
1744784536.876326
1744784537.181195
1744784537.483604
1744784537.785064
1744784538.087702
1744784538.389753
1744784538.707731
1744784539.010846
1744784539.312840
1744784539.620530
1744784539.932380
1744784540.234281
1744784540.540328
1744784540.854429
1744784541.164798
1744784541.473140
1744784541.789123
1744784542.099552
1744784542.402585
1744784542.711075
1744784543.013484
1744784543.314880
1744784543.619231
1744784543.930989
1744784544.232945
1744784544.539642
1744784544.847259
1744784545.158276
1744784545.466487
1744784545.767823
1744784546.074654
1744784546.376105
1744784546.679990
1744784546.985524
1744784547.292680
1744784547.596375
1744784547.898104
1744784548.199523
1744784548.502439
1744784548.814747
1744784549.122118
1744784549.434161
