1744784489.428221 1744784489.629587 201.3659
1744784489.730319 1744784489.931303 200.9840
1744784490.038399 1744784490.247390 208.9911
1744784490.348055 1744784490.548919 200.8641
1744784490.649533 1744784490.850465 200.9320
1744784490.956471 1744784491.166233 209.7621
1744784491.271660 1744784491.481458 209.7979
1744784491.589196 1744784491.790471 201.2751
1744784491.891445 1744784492.092141 200.6960
1744784492.192568 1744784492.393433 200.8650
1744784492.495048 1744784492.702782 207.7339
1744784492.803480 1744784493.004795 201.3152
1744784493.105324 1744784493.305960 200.6359
1744784493.406929 1744784493.608495 201.5660
1744784493.712364 1744784493.915412 203.0480
1744784494.016157 1744784494.226880 210.7232
1744784494.330116 1744784494.535332 205.2159
1744784494.635946 1744784494.836984 201.0379
1744784494.938001 1744784495.138731 200.7301
1744784495.244269 1744784495.452513 208.2441
1744784495.555733 1744784495.763309 207.5760
1744784495.866629 1744784496.076692 210.0632
1744784496.181920 1744784496.389613 207.6929
1744784496.492739 1744784496.700799 208.0600
1744784496.803940 1744784497.005264 201.3240
1744784497.116073 1744784497.322987 206.9142
1744784497.423394 1744784497.624675 201.2811
1744784497.728087 1744784497.929335 201.2482
1744784498.029921 1744784498.230698 200.7771
1744784498.332103 1744784498.539840 207.7370
1744784498.640748 1744784498.843008 202.2600
1744784498.943997 1744784499.145185 201.1881
1744784499.245801 1744784499.446700 200.8991
1744784499.547834 1744784499.749075 201.2410
1744784499.854011 1744784500.061602 207.5911
1744784500.162022 1744784500.364631 202.6088
1744784500.466161 1744784500.674583 208.4219
1744784500.777419 1744784500.985825 208.4060
1744784501.088659 1744784501.291249 202.5900
1744784501.394575 1744784501.602624 208.0488
1744784501.707393 1744784501.915134 207.7410
1744784502.018493 1744784502.219820 201.3271
1744784502.320255 1744784502.521247 200.9919
1744784502.621921 1744784502.822658 200.7370
1744784502.927306 1744784503.130332 203.0261
1744784503.232019 1744784503.440518 208.4990
1744784503.541519 1744784503.742645 201.1261
1744784503.843267 1744784504.044184 200.9170
1744784504.144825 1744784504.346249 201.4241
1744784504.455990 1744784504.658990 202.9998
1744784504.759770 1744784504.962536 202.7662
1744784505.063173 1744784505.264015 200.8419
1744784505.364609 1744784505.565651 201.0419
1744784505.666702 1744784505.867832 201.1299
1744784505.972791 1744784506.177992 205.2011
1744784506.283260 1744784506.491297 208.0369
1744784506.595300 1744784506.804569 209.2690
1744784506.905694 1744784507.113396 207.7019
1744784507.216876 1744784507.424816 207.9399
1744784507.526643 1744784507.736141 209.4979
1744784507.839897 1744784508.041472 201.5750
1744784508.143371 1744784508.345773 202.4019
1744784508.446919 1744784508.655252 208.3330
1744784508.755886 1744784508.956747 200.8610
1744784509.059392 1744784509.260555 201.1631
1744784509.361317 1744784509.562624 201.3071
1744784509.670318 1744784509.871730 201.4122
1744784509.973343 1744784510.175320 201.9770
1744784510.275866 1744784510.476783 200.9170
1744784510.577285 1744784510.778349 201.0639
1744784510.879180 1744784511.079786 200.6061
1744784511.187553 1744784511.396010 208.4570
1744784511.500820 1744784511.710880 210.0601
1744784511.817960 1744784512.026105 208.1449
1744784512.130298 1744784512.339801 209.5032
1744784512.445171 1744784512.647245 202.0738
1744784512.748025 1744784512.949111 201.0860
1744784513.049665 1744784513.251802 202.1370
1744784513.352554 1744784513.553274 200.7198
1744784513.654300 1744784513.856522 202.2221
1744784513.957491 1744784514.159562 202.0712
1744784514.263107 1744784514.472341 209.2340
1744784514.574503 1744784514.776561 202.0581
1744784514.885316 1744784515.087249 201.9331
1744784515.189299 1744784515.390716 201.4170
1744784515.491499 1744784515.698935 207.4361
1744784515.799937 1744784516.000659 200.7220
1744784516.105025 1744784516.314155 209.1300
1744784516.415077 1744784516.616259 201.1821
1744784516.724565 1744784516.931602 207.0370
1744784517.034993 1744784517.243077 208.0841
1744784517.348074 1744784517.552482 204.4079
1744784517.661081 1744784517.862291 201.2100
1744784517.962962 1744784518.171912 208.9500
1744784518.274852 1744784518.480832 205.9801
1744784518.581577 1744784518.782216 200.6390
1744784518.885180 1744784519.086747 201.5669
1744784519.197212 1744784519.400275 203.0630
1744784519.500917 1744784519.708672 207.7551
1744784519.809287 1744784520.010796 201.5090
1744784520.111443 1744784520.313080 201.6370
1744784520.418888 1744784520.619700 200.8119
1744784520.730289 1744784520.931299 201.0100
1744784521.031830 1744784521.239352 207.5219
1744784521.340005 1744784521.543713 203.7082
1744784521.646580 1744784521.854820 208.2400
1744784521.959285 1744784522.169162 209.8770
1744784522.272500 1744784522.483579 211.0789
1744784522.584597 1744784522.795010 210.4130
1744784522.895836 1744784523.096709 200.8729
1744784523.198036 1744784523.399156 201.1201
1744784523.499859 1744784523.701043 201.1838
1744784523.802768 1744784524.003584 200.8159
1744784524.104230 1744784524.313873 209.6431
1744784524.414489 1744784524.615047 200.5579
1744784524.715732 1744784524.916314 200.5818
1744784525.017291 1744784525.218078 200.7868
1744784525.327393 1744784525.536339 208.9460
1744784525.636897 1744784525.837818 200.9208
1744784525.938483 1744784526.140550 202.0669
1744784526.241494 1744784526.442353 200.8591
1744784526.543352 1744784526.744287 200.9351
1744784526.854075 1744784527.061980 207.9051
1744784527.167861 1744784527.374402 206.5411
1744784527.475062 1744784527.675775 200.7132
1744784527.777127 1744784527.977976 200.8491
1744784528.078806 1744784528.279907 201.1011
1744784528.386930 1744784528.598075 211.1449
1744784528.701503 1744784528.903260 201.7570
1744784529.003910 1744784529.204937 201.0269
1744784529.308057 1744784529.509061 201.0040
1744784529.610677 1744784529.821939 211.2620
1744784529.925618 1744784530.127654 202.0361
1744784530.228707 1744784530.438653 209.9459
1744784530.545002 1744784530.745839 200.8371
1744784530.848236 1744784531.049089 200.8529
1744784531.150126 1744784531.357414 207.2880
1744784531.462532 1744784531.663571 201.0388
1744784531.766819 1744784531.973979 207.1600
1744784532.077470 1744784532.284271 206.8009
1744784532.387551 1744784532.589327 201.7760
1744784532.691193 1744784532.891942 200.7489
1744784532.993113 1744784533.202958 209.8451
1744784533.308755 1744784533.510056 201.3011
1744784533.612679 1744784533.813798 201.1189
1744784533.914147 1744784534.115041 200.8941
1744784534.215667 1744784534.417425 201.7579
1744784534.517991 1744784534.719149 201.1580
1744784534.819734 1744784535.026048 206.3138
1744784535.127670 1744784535.329021 201.3509
1744784535.429636 1744784535.639414 209.7781
1744784535.743246 1744784535.951203 207.9570
1744784536.051842 1744784536.252556 200.7141
1744784536.353170 1744784536.563139 209.9690
1744784536.667859 1744784536.876326 208.4670
1744784536.980075 1744784537.181195 201.1201
1744784537.281993 1744784537.483604 201.6110
1744784537.584160 1744784537.785064 200.9039
1744784537.886153 1744784538.087702 201.5491
1744784538.188431 1744784538.389753 201.3221
1744784538.498712 1744784538.707731 209.0189
1744784538.809859 1744784539.010846 200.9869
1744784539.111950 1744784539.312840 200.8901
1744784539.414161 1744784539.620530 206.3689
1744784539.724057 1744784539.932380 208.3230
1744784540.033251 1744784540.234281 201.0300
1744784540.334856 1744784540.540328 205.4720
1744784540.645427 1744784540.854429 209.0020
1744784540.957815 1744784541.164798 206.9831
1744784541.268348 1744784541.473140 204.7920
1744784541.578994 1744784541.789123 210.1290
1744784541.892258 1744784542.099552 207.2940
1744784542.200755 1744784542.402585 201.8301
1744784542.509902 1744784542.711075 201.1731
1744784542.811871 1744784543.013484 201.6129
1744784543.113983 1744784543.314880 200.8970
1744784543.415703 1744784543.619231 203.5279
1744784543.729112 1744784543.930989 201.8771
1744784544.031986 1744784544.232945 200.9590
1744784544.334584 1744784544.539642 205.0581
1744784544.645679 1744784544.847259 201.5800
1744784544.947880 1744784545.158276 210.3961
1744784545.263525 1744784545.466487 202.9619
1744784545.567080 1744784545.767823 200.7430
1744784545.868317 1744784546.074654 206.3372
1744784546.175353 1744784546.376105 200.7520
1744784546.477106 1744784546.679990 202.8840
1744784546.784739 1744784546.985524 200.7849
1744784547.089241 1744784547.292680 203.4390
1744784547.394472 1744784547.596375 201.9031
1744784547.697280 1744784547.898104 200.8240
1744784547.998618 1744784548.199523 200.9051
1744784548.301444 1744784548.502439 200.9950
1744784548.611688 1744784548.814747 203.0592
1744784548.915998 1744784549.122118 206.1200
1744784549.226119 1744784549.434161 208.0419
