1744784489.428221
1744784489.730319
1744784490.038399
1744784490.348055
1744784490.649533
1744784490.956471
1744784491.271660
1744784491.589196
1744784491.891445
1744784492.192568
1744784492.495048
1744784492.803480
1744784493.105324
1744784493.406929
1744784493.712364
1744784494.016157
1744784494.330116
1744784494.635946
1744784494.938001
1744784495.244269
1744784495.555733
1744784495.866629
1744784496.181920
1744784496.492739
1744784496.803940
1744784497.116073
1744784497.423394
1744784497.728087
1744784498.029921
1744784498.332103
1744784498.640748
1744784498.943997
1744784499.245801
1744784499.547834
1744784499.854011
1744784500.162022
1744784500.466161
1744784500.777419
1744784501.088659
1744784501.394575
1744784501.707393
1744784502.018493
1744784502.320255
1744784502.621921
1744784502.927306
1744784503.232019
1744784503.541519
1744784503.843267
1744784504.144825
1744784504.455990
1744784504.759770
1744784505.063173
1744784505.364609
1744784505.666702
1744784505.972791
1744784506.283260
1744784506.595300
1744784506.905694
1744784507.216876
1744784507.526643
1744784507.839897
1744784508.143371
1744784508.446919
1744784508.755886
1744784509.059392
1744784509.361317
1744784509.670318
1744784509.973343
1744784510.275866
1744784510.577285
1744784510.879180
1744784511.187553
1744784511.500820
1744784511.817960
1744784512.130298
1744784512.445171
1744784512.748025
1744784513.049665
1744784513.352554
1744784513.654300
1744784513.957491
1744784514.263107
1744784514.574503
1744784514.885316
1744784515.189299
1744784515.491499
1744784515.799937
1744784516.105025
1744784516.415077
1744784516.724565
1744784517.034993
1744784517.348074
1744784517.661081
1744784517.962962
1744784518.274852
1744784518.581577
1744784518.885180
1744784519.197212
1744784519.500917
1744784519.809287
1744784520.111443
1744784520.418888
1744784520.730289
1744784521.031830
1744784521.340005
1744784521.646580
1744784521.959285
1744784522.272500
1744784522.584597
1744784522.895836
1744784523.198036
1744784523.499859
1744784523.802768
1744784524.104230
1744784524.414489
1744784524.715732
1744784525.017291
1744784525.327393
1744784525.636897
1744784525.938483
1744784526.241494
1744784526.543352
1744784526.854075
1744784527.167861
1744784527.475062
1744784527.777127
1744784528.078806
1744784528.386930
1744784528.701503
1744784529.003910
1744784529.308057
1744784529.610677
1744784529.925618
1744784530.228707
1744784530.545002
1744784530.848236
1744784531.150126
1744784531.462532
1744784531.766819
1744784532.077470
1744784532.387551
1744784532.691193
1744784532.993113
1744784533.308755
1744784533.612679
1744784533.914147
1744784534.215667
1744784534.517991
1744784534.819734
1744784535.127670
1744784535.429636
1744784535.743246
1744784536.051842
1744784536.353170
1744784536.667859
1744784536.980075
1744784537.281993
1744784537.584160
1744784537.886153
1744784538.188431
1744784538.498712
1744784538.809859
1744784539.111950
1744784539.414161
1744784539.724057
1744784540.033251
1744784540.334856
1744784540.645427
1744784540.957815
1744784541.268348
1744784541.578994
1744784541.892258
1744784542.200755
1744784542.509902
1744784542.811871
1744784543.113983
1744784543.415703
1744784543.729112
1744784544.031986
1744784544.334584
1744784544.645679
1744784544.947880
1744784545.263525
1744784545.567080
1744784545.868317
1744784546.175353
1744784546.477106
1744784546.784739
1744784547.089241
1744784547.394472
1744784547.697280
1744784547.998618
1744784548.301444
1744784548.611688
1744784548.915998
1744784549.226119
