1744785100.454769
1744785100.757132
1744785101.061451
1744785101.369537
1744785101.675491
1744785101.977439
1744785102.280679
1744785102.582546
1744785102.886007
1744785103.195814
1744785103.497520
1744785103.807965
1744785104.120127
1744785104.431816
1744785104.743631
1744785105.045157
1744785105.350841
1744785105.658336
1744785105.963963
1744785106.271174
1744785106.572450
1744785106.876188
1744785107.185492
1744785107.494560
1744785107.797487
1744785108.101121
1744785108.406899
1744785108.731403
1744785109.036001
1744785109.340858
1744785109.654095
1744785109.956835
1744785110.260735
1744785110.572227
1744785110.874022
1744785111.183660
1744785111.491216
1744785111.792625
1744785112.094893
1744785112.408416
1744785112.720293
1744785113.023976
1744785113.327649
1744785113.637128
1744785113.938531
1744785114.242852
1744785114.544369
1744785114.845670
1744785115.147670
1744785115.451182
1744785115.758000
1744785116.065766
1744785116.379122
1744785116.691721
1744785116.997621
1744785117.310067
1744785117.611526
1744785117.913194
1744785118.222153
1744785118.529536
1744785118.833676
1744785119.135090
1744785119.436725
1744785119.747473
1744785120.049345
1744785120.363704
1744785120.668427
1744785120.985470
1744785121.297325
1744785121.602870
1744785121.904951
1744785122.209159
1744785122.513227
1744785122.818363
1744785123.122318
1744785123.423885
1744785123.725373
1744785124.027062
1744785124.345479
1744785124.650085
1744785124.955811
1744785125.266689
1744785125.568530
1744785125.871448
1744785126.173349
1744785126.475916
1744785126.777915
1744785127.079815
1744785127.383413
1744785127.689870
1744785127.991664
1744785128.302005
1744785128.614129
1744785128.920643
1744785129.228260
1744785129.529756
1744785129.832696
1744785130.134909
1744785130.449830
1744785130.751814
1744785131.053325
1744785131.359002
1744785131.666700
1744785131.968524
1744785132.271411
1744785132.576819
1744785132.894852
1744785133.199665
1744785133.510826
1744785133.812163
1744785134.118349
1744785134.430048
1744785134.740213
1744785135.041759
1744785135.343544
1744785135.645277
1744785135.955174
1744785136.266028
1744785136.568233
1744785136.873543
1744785137.174930
1744785137.484583
1744785137.791097
1744785138.093346
1744785138.395225
1744785138.697376
1744785138.999895
1744785139.307951
1744785139.619577
1744785139.924028
1744785140.232146
1744785140.543292
1744785140.848638
1744785141.150419
1744785141.460835
1744785141.768806
1744785142.073307
1744785142.375937
1744785142.677421
1744785142.986147
1744785143.299032
1744785143.604288
1744785143.910646
1744785144.212359
1744785144.517475
1744785144.822873
1744785145.125962
1744785145.430274
1744785145.732074
1744785146.039537
1744785146.349069
1744785146.660192
1744785146.971345
1744785147.276295
1744785147.578272
1744785147.888479
1744785148.190281
1744785148.491739
1744785148.793474
1744785149.095531
1744785149.403102
1744785149.704924
1744785150.012937
1744785150.323552
1744785150.631005
1744785150.940577
1744785151.242583
1744785151.546196
1744785151.853659
1744785152.157940
1744785152.464354
1744785152.766682
1744785153.070854
1744785153.378400
1744785153.688378
1744785153.995590
1744785154.312427
1744785154.622491
1744785154.933664
1744785155.235023
1744785155.536624
1744785155.838845
1744785156.140801
1744785156.448749
1744785156.750404
1744785157.052044
1744785157.363113
1744785157.667843
1744785157.976922
1744785158.278805
1744785158.587277
1744785158.889007
1744785159.190735
1744785159.497984
1744785159.799471
1744785160.100984
1744785160.402739
