1744785100.253013 1744785100.454769 201.7560
1744785100.556191 1744785100.757132 200.9411
1744785100.860576 1744785101.061451 200.8750
1744785101.168083 1744785101.369537 201.4542
1744785101.470327 1744785101.675491 205.1642
1744785101.776054 1744785101.977439 201.3850
1744785102.079680 1744785102.280679 200.9990
1744785102.381531 1744785102.582546 201.0150
1744785102.684436 1744785102.886007 201.5710
1744785102.986827 1744785103.195814 208.9870
1744785103.296417 1744785103.497520 201.1030
1744785103.600798 1744785103.807965 207.1671
1744785103.912664 1744785104.120127 207.4630
1744785104.223816 1744785104.431816 208.0002
1744785104.535006 1744785104.743631 208.6248
1744785104.844195 1744785105.045157 200.9621
1744785105.149161 1744785105.350841 201.6799
1744785105.451656 1744785105.658336 206.6798
1744785105.762999 1744785105.963963 200.9640
1744785106.064973 1744785106.271174 206.2008
1744785106.371670 1744785106.572450 200.7799
1744785106.675163 1744785106.876188 201.0250
1744785106.976979 1744785107.185492 208.5130
1744785107.291635 1744785107.494560 202.9250
1744785107.595075 1744785107.797487 202.4121
1744785107.899018 1744785108.101121 202.1029
1744785108.202078 1744785108.406899 204.8209
1744785108.513587 1744785108.731403 217.8161
1744785108.834148 1744785109.036001 201.8530
1744785109.137802 1744785109.340858 203.0561
1744785109.446090 1744785109.654095 208.0050
1744785109.754782 1744785109.956835 202.0531
1744785110.059759 1744785110.260735 200.9761
1744785110.361486 1744785110.572227 210.7410
1744785110.673096 1744785110.874022 200.9261
1744785110.981804 1744785111.183660 201.8561
1744785111.284532 1744785111.491216 206.6839
1744785111.591821 1744785111.792625 200.8040
1744785111.893162 1744785112.094893 201.7310
1744785112.199272 1744785112.408416 209.1441
1744785112.510944 1744785112.720293 209.3492
1744785112.821554 1744785113.023976 202.4221
1744785113.126049 1744785113.327649 201.6001
1744785113.428167 1744785113.637128 208.9610
1744785113.737585 1744785113.938531 200.9459
1744785114.041865 1744785114.242852 200.9869
1744785114.343599 1744785114.544369 200.7699
1744785114.644948 1744785114.845670 200.7220
1744785114.946575 1744785115.147670 201.0951
1744785115.248739 1744785115.451182 202.4429
1744785115.556402 1744785115.758000 201.5979
1744785115.858697 1744785116.065766 207.0692
1744785116.170115 1744785116.379122 209.0070
1744785116.482525 1744785116.691721 209.1959
1744785116.794678 1744785116.997621 202.9431
1744785117.108144 1744785117.310067 201.9229
1744785117.410526 1744785117.611526 201.0000
1744785117.712216 1744785117.913194 200.9780
1744785118.021078 1744785118.222153 201.0748
1744785118.322655 1744785118.529536 206.8810
1744785118.633169 1744785118.833676 200.5072
1744785118.934347 1744785119.135090 200.7432
1744785119.235881 1744785119.436725 200.8438
1744785119.543757 1744785119.747473 203.7160
1744785119.848083 1744785120.049345 201.2620
1744785120.156647 1744785120.363704 207.0570
1744785120.467000 1744785120.668427 201.4270
1744785120.778211 1744785120.985470 207.2589
1744785121.089792 1744785121.297325 207.5329
1744785121.401280 1744785121.602870 201.5901
1744785121.703814 1744785121.904951 201.1371
1744785122.005444 1744785122.209159 203.7148
1744785122.312256 1744785122.513227 200.9709
1744785122.617627 1744785122.818363 200.7360
1744785122.918835 1744785123.122318 203.4831
1744785123.223152 1744785123.423885 200.7332
1744785123.524513 1744785123.725373 200.8600
1744785123.826199 1744785124.027062 200.8629
1744785124.137807 1744785124.345479 207.6721
1744785124.448646 1744785124.650085 201.4389
1744785124.751158 1744785124.955811 204.6530
1744785125.058237 1744785125.266689 208.4520
1744785125.367362 1744785125.568530 201.1681
1744785125.669601 1744785125.871448 201.8471
1744785125.972438 1744785126.173349 200.9108
1744785126.275165 1744785126.475916 200.7508
1744785126.576898 1744785126.777915 201.0169
1744785126.878618 1744785127.079815 201.1969
1744785127.182537 1744785127.383413 200.8760
1744785127.484072 1744785127.689870 205.7981
1744785127.790839 1744785127.991664 200.8250
1744785128.092280 1744785128.302005 209.7251
1744785128.405527 1744785128.614129 208.6020
1744785128.718176 1744785128.920643 202.4672
1744785129.022397 1744785129.228260 205.8630
1744785129.329002 1744785129.529756 200.7542
1744785129.631531 1744785129.832696 201.1650
1744785129.933469 1744785130.134909 201.4399
1744785130.244191 1744785130.449830 205.6391
1744785130.550842 1744785130.751814 200.9718
1744785130.852464 1744785131.053325 200.8610
1744785131.157785 1744785131.359002 201.2172
1744785131.459962 1744785131.666700 206.7380
1744785131.767270 1744785131.968524 201.2539
1744785132.069301 1744785132.271411 202.1101
1744785132.375592 1744785132.576819 201.2269
1744785132.685933 1744785132.894852 208.9188
1744785132.998315 1744785133.199665 201.3500
1744785133.308676 1744785133.510826 202.1501
1744785133.611353 1744785133.812163 200.8102
1744785133.912794 1744785134.118349 205.5550
1744785134.222203 1744785134.430048 207.8450
1744785134.530642 1744785134.740213 209.5709
1744785134.840878 1744785135.041759 200.8810
1744785135.142678 1744785135.343544 200.8660
1744785135.444387 1744785135.645277 200.8901
1744785135.748434 1744785135.955174 206.7399
1744785136.059115 1744785136.266028 206.9130
1744785136.367041 1744785136.568233 201.1919
1744785136.669119 1744785136.873543 204.4241
1744785136.974362 1744785137.174930 200.5682
1744785137.282998 1744785137.484583 201.5848
1744785137.585321 1744785137.791097 205.7760
1744785137.892159 1744785138.093346 201.1871
1744785138.194027 1744785138.395225 201.1981
1744785138.496101 1744785138.697376 201.2751
1744785138.799173 1744785138.999895 200.7220
1744785139.100483 1744785139.307951 207.4680
1744785139.411799 1744785139.619577 207.7780
1744785139.722889 1744785139.924028 201.1390
1744785140.024320 1744785140.232146 207.8261
1744785140.335358 1744785140.543292 207.9341
1744785140.646611 1744785140.848638 202.0271
1744785140.949569 1744785141.150419 200.8500
1744785141.259675 1744785141.460835 201.1600
1744785141.561704 1744785141.768806 207.1021
1744785141.871667 1744785142.073307 201.6401
1744785142.174274 1744785142.375937 201.6630
1744785142.476424 1744785142.677421 200.9971
1744785142.778201 1744785142.986147 207.9458
1744785143.091530 1744785143.299032 207.5019
1744785143.402813 1744785143.604288 201.4751
1744785143.705938 1744785143.910646 204.7079
1744785144.011439 1744785144.212359 200.9199
1744785144.316271 1744785144.517475 201.2038
1744785144.618365 1744785144.822873 204.5081
1744785144.923699 1744785145.125962 202.2631
1744785145.227013 1744785145.430274 203.2609
1744785145.531094 1744785145.732074 200.9799
1744785145.838290 1744785146.039537 201.2470
1744785146.140369 1744785146.349069 208.7002
1744785146.452593 1744785146.660192 207.5989
1744785146.764459 1744785146.971345 206.8861
1744785147.075326 1744785147.276295 200.9690
1744785147.377607 1744785147.578272 200.6650
1744785147.678813 1744785147.888479 209.6660
1744785147.989116 1744785148.190281 201.1650
1744785148.291104 1744785148.491739 200.6350
1744785148.592560 1744785148.793474 200.9139
1744785148.894644 1744785149.095531 200.8870
1744785149.196268 1744785149.403102 206.8338
1744785149.504029 1744785149.704924 200.8951
1744785149.806039 1744785150.012937 206.8980
1744785150.115584 1744785150.323552 207.9680
1744785150.427497 1744785150.631005 203.5081
1744785150.735892 1744785150.940577 204.6850
1744785151.041536 1744785151.242583 201.0469
1744785151.345142 1744785151.546196 201.0541
1744785151.646856 1744785151.853659 206.8028
1744785151.956740 1744785152.157940 201.2000
1744785152.258346 1744785152.464354 206.0080
1744785152.565702 1744785152.766682 200.9799
1744785152.870086 1744785153.070854 200.7680
1744785153.171691 1744785153.378400 206.7091
1744785153.482862 1744785153.688378 205.5161
1744785153.794178 1744785153.995590 201.4120
1744785154.104990 1744785154.312427 207.4370
1744785154.414921 1744785154.622491 207.5698
1744785154.723302 1744785154.933664 210.3622
1744785155.034296 1744785155.235023 200.7270
1744785155.335839 1744785155.536624 200.7849
1744785155.637877 1744785155.838845 200.9680
1744785155.939629 1744785156.140801 201.1719
1744785156.241524 1744785156.448749 207.2251
1744785156.549500 1744785156.750404 200.9039
1744785156.851240 1744785157.052044 200.8040
1744785157.155505 1744785157.363113 207.6080
1744785157.466881 1744785157.667843 200.9621
1744785157.769048 1744785157.976922 207.8741
1744785158.077829 1744785158.278805 200.9761
1744785158.379610 1744785158.587277 207.6669
1744785158.687859 1744785158.889007 201.1480
1744785158.989562 1744785159.190735 201.1731
1744785159.291357 1744785159.497984 206.6269
1744785159.598508 1744785159.799471 200.9630
1744785159.900048 1744785160.100984 200.9361
1744785160.201675 1744785160.402739 201.0641
