# mahimahi mm-link (Downlink) [tests/1mbps_ack.trace] > experiment_logs/1mbps_acklink.log
# command line: 'mm-link' 'tests/1mbps_data.trace' 'tests/1mbps_ack.trace' '--uplink-log=experiment_logs/1mbps_datalink.log' '--downlink-log=experiment_logs/1mbps_acklink.log' '--' 'python2' 'src/experiments/tunnel_manager_updated.py' '--auto-test' '--scheme' 'Tao' '--data-dir' 'experiment_logs/1mbps_Tao'
# queue: infinite
# base timestamp: 125
136 # 1504
148 # 1504
154 + 80
160 # 1504
160 - 80 6
166 + 52
166 + 80
172 # 1504
172 - 52 6
172 - 80 6
176 + 80
184 # 1504
184 - 80 8
196 # 1504
208 # 1504
220 # 1504
232 # 1504
244 # 1504
256 # 1504
268 # 1504
280 # 1504
292 # 1504
304 # 1504
316 # 1504
328 # 1504
340 # 1504
352 # 1504
364 # 1504
376 # 1504
388 # 1504
400 # 1504
412 # 1504
424 # 1504
436 # 1504
448 # 1504
460 # 1504
472 # 1504
484 # 1504
496 # 1504
508 # 1504
520 # 1504
532 # 1504
544 # 1504
556 # 1504
568 # 1504
580 # 1504
592 # 1504
604 # 1504
616 # 1504
628 # 1504
640 # 1504
652 # 1504
664 # 1504
676 # 1504
688 # 1504
700 # 1504
712 # 1504
724 # 1504
736 # 1504
748 # 1504
760 # 1504
772 # 1504
784 # 1504
796 # 1504
808 # 1504
820 # 1504
832 # 1504
844 # 1504
856 # 1504
868 # 1504
880 # 1504
892 # 1504
899 + 80
904 # 1504
904 - 80 5
916 # 1504
928 # 1504
940 # 1504
952 # 1504
964 # 1504
976 # 1504
988 # 1504
1000 # 1504
1012 # 1504
1024 # 1504
1036 # 1504
1048 # 1504
1060 # 1504
1072 # 1504
1084 # 1504
1096 # 1504
1108 # 1504
1120 # 1504
1132 # 1504
1144 # 1504
1156 # 1504
1168 # 1504
1180 # 1504
1192 # 1504
1204 # 1504
1216 # 1504
1228 # 1504
1240 # 1504
1252 # 1504
1264 # 1504
1276 # 1504
1288 # 1504
1300 # 1504
1312 # 1504
1324 # 1504
1336 # 1504
1348 # 1504
1360 # 1504
1372 # 1504
1384 # 1504
1396 # 1504
1408 # 1504
1420 # 1504
1432 # 1504
1444 # 1504
1456 # 1504
1468 # 1504
1480 # 1504
1492 # 1504
1504 # 1504
1516 # 1504
1528 # 1504
1540 # 1504
1552 # 1504
1564 # 1504
1576 # 1504
1588 # 1504
1600 # 1504
1612 # 1504
1624 # 1504
1636 # 1504
1648 # 1504
1660 # 1504
1672 # 1504
1684 # 1504
1696 # 1504
1708 # 1504
1720 # 1504
1732 # 1504
1744 # 1504
1756 # 1504
1768 # 1504
1780 # 1504
1792 # 1504
1804 # 1504
1816 # 1504
1828 # 1504
1840 # 1504
1852 # 1504
1864 # 1504
1876 # 1504
1888 # 1504
1900 # 1504
1912 # 1504
1924 # 1504
1936 # 1504
1948 # 1504
1960 # 1504
1972 # 1504
1984 # 1504
1996 # 1504
2008 # 1504
2020 # 1504
2032 # 1504
2044 # 1504
2056 # 1504
2068 # 1504
2080 # 1504
2092 # 1504
2104 # 1504
2116 # 1504
2128 # 1504
2140 # 1504
2152 # 1504
2164 # 1504
2176 # 1504
2188 # 1504
2200 # 1504
2212 # 1504
2224 # 1504
2236 # 1504
2248 # 1504
2260 # 1504
2272 # 1504
2284 # 1504
2296 # 1504
2308 # 1504
2320 # 1504
2332 # 1504
2344 # 1504
2356 # 1504
2368 # 1504
2380 # 1504
2392 # 1504
2404 # 1504
2416 # 1504
2428 # 1504
2440 # 1504
2452 # 1504
2464 # 1504
2476 # 1504
2488 # 1504
2500 # 1504
2512 # 1504
2524 # 1504
2536 # 1504
2548 # 1504
2560 # 1504
2572 # 1504
2584 # 1504
2596 # 1504
2608 # 1504
2620 # 1504
2632 # 1504
2644 # 1504
2656 # 1504
2668 # 1504
2680 # 1504
2692 # 1504
2704 # 1504
2716 # 1504
2728 # 1504
2740 # 1504
2752 # 1504
2764 # 1504
2776 # 1504
2788 # 1504
2800 # 1504
2812 # 1504
2824 # 1504
2836 # 1504
2848 # 1504
2860 # 1504
2872 # 1504
2884 # 1504
2896 # 1504
2908 # 1504
2920 # 1504
2932 # 1504
2944 # 1504
2956 # 1504
2968 # 1504
2980 # 1504
2992 # 1504
3004 # 1504
3016 # 1504
3028 # 1504
3040 # 1504
3052 # 1504
3064 # 1504
3076 # 1504
3088 # 1504
3100 # 1504
3112 # 1504
3124 # 1504
3136 # 1504
3148 # 1504
3160 # 1504
3172 # 1504
3184 # 1504
3196 # 1504
3208 # 1504
3220 # 1504
3232 # 1504
3244 # 1504
3256 # 1504
3268 # 1504
3280 # 1504
3292 # 1504
3304 # 1504
3316 # 1504
3328 # 1504
3340 # 1504
3352 # 1504
3364 # 1504
3376 # 1504
3388 # 1504
3400 # 1504
3412 # 1504
3424 # 1504
3436 # 1504
3448 # 1504
3460 # 1504
3472 # 1504
3484 # 1504
3496 # 1504
3508 # 1504
3520 # 1504
3532 # 1504
3544 # 1504
3556 # 1504
3568 # 1504
3580 # 1504
3592 # 1504
3604 # 1504
3616 # 1504
3628 # 1504
3640 # 1504
3652 # 1504
3664 # 1504
3676 # 1504
3688 # 1504
3700 # 1504
3712 # 1504
3724 # 1504
3736 # 1504
3748 # 1504
3760 # 1504
3772 # 1504
3784 # 1504
3796 # 1504
3808 # 1504
3820 # 1504
3832 # 1504
3844 # 1504
3856 # 1504
3868 # 1504
3880 # 1504
3892 # 1504
3904 # 1504
3916 # 1504
3928 # 1504
3940 # 1504
3952 # 1504
3964 # 1504
3976 # 1504
3988 # 1504
4000 # 1504
4012 # 1504
4024 # 1504
4036 # 1504
4048 # 1504
4060 # 1504
4072 # 1504
4084 # 1504
4096 # 1504
4108 # 1504
4120 # 1504
4132 # 1504
4144 # 1504
4156 # 1504
4168 # 1504
4180 # 1504
4192 # 1504
4204 # 1504
4216 # 1504
4228 # 1504
4240 # 1504
4252 # 1504
4264 # 1504
4276 # 1504
4288 # 1504
4300 # 1504
4312 # 1504
4323 + 52
4324 # 1504
4324 - 52 1
4336 # 1504
4348 # 1504
4360 # 1504
4372 # 1504
4384 # 1504
4396 # 1504
4408 # 1504
4420 # 1504
4432 # 1504
4444 # 1504
4456 # 1504
4468 # 1504
4480 # 1504
4492 # 1504
4504 # 1504
4516 # 1504
4528 # 1504
4540 # 1504
4552 # 1504
4564 # 1504
4576 # 1504
4588 # 1504
4600 # 1504
4612 # 1504
4624 # 1504
4636 # 1504
4648 # 1504
4660 # 1504
4672 # 1504
4684 # 1504
4696 # 1504
4708 # 1504
4720 # 1504
4732 # 1504
4744 # 1504
4756 # 1504
4768 # 1504
4780 # 1504
4792 # 1504
4804 # 1504
4816 # 1504
4828 # 1504
4840 # 1504
4852 # 1504
4864 # 1504
4876 # 1504
4888 # 1504
4900 # 1504
4912 # 1504
4924 # 1504
4936 # 1504
4948 # 1504
4960 # 1504
4972 # 1504
4984 # 1504
4996 # 1504
5008 # 1504
5020 # 1504
5032 # 1504
5044 # 1504
5056 # 1504
5068 # 1504
5080 # 1504
5092 # 1504
5104 # 1504
5116 # 1504
5128 # 1504
5140 # 1504
5152 # 1504
5164 # 1504
5176 # 1504
5188 # 1504
5200 # 1504
5212 # 1504
5224 # 1504
5236 # 1504
5248 # 1504
5260 # 1504
5272 # 1504
5284 # 1504
5296 # 1504
5308 # 1504
5320 # 1504
5332 # 1504
5344 # 1504
5356 # 1504
5368 # 1504
5380 # 1504
5392 # 1504
5404 # 1504
5416 # 1504
5428 # 1504
5440 # 1504
5452 # 1504
5464 # 1504
5476 # 1504
5488 # 1504
5500 # 1504
5512 # 1504
5524 # 1504
5536 # 1504
5548 # 1504
5560 # 1504
5572 # 1504
5584 # 1504
5596 # 1504
5608 # 1504
5620 # 1504
5632 # 1504
5644 # 1504
5656 # 1504
5668 # 1504
5680 # 1504
5692 # 1504
5704 # 1504
5716 # 1504
5728 # 1504
5740 # 1504
5752 # 1504
5764 # 1504
5776 # 1504
5788 # 1504
5800 # 1504
5812 # 1504
5824 # 1504
5836 # 1504
5848 # 1504
5860 # 1504
5872 # 1504
5884 # 1504
5896 # 1504
5908 # 1504
5920 # 1504
5932 # 1504
5944 # 1504
5956 # 1504
5968 # 1504
5980 # 1504
5992 # 1504
6004 # 1504
6016 # 1504
6028 # 1504
6040 # 1504
6052 # 1504
6064 # 1504
6076 # 1504
6088 # 1504
6100 # 1504
6112 # 1504
6124 # 1504
6136 # 1504
6148 # 1504
6160 # 1504
6172 # 1504
6184 # 1504
6196 # 1504
6208 # 1504
6220 # 1504
6232 # 1504
6244 # 1504
6256 # 1504
6268 # 1504
6280 # 1504
6292 # 1504
6304 # 1504
6316 # 1504
6328 # 1504
6340 # 1504
6352 # 1504
6364 # 1504
6376 # 1504
6388 # 1504
6400 # 1504
6412 # 1504
6424 # 1504
6436 # 1504
6448 # 1504
6460 # 1504
6472 # 1504
6484 # 1504
6496 # 1504
6508 # 1504
6520 # 1504
6532 # 1504
6544 # 1504
6556 # 1504
6568 # 1504
6580 # 1504
6592 # 1504
6604 # 1504
6616 # 1504
6628 # 1504
6640 # 1504
6652 # 1504
6664 # 1504
6676 # 1504
6688 # 1504
6700 # 1504
6712 # 1504
6724 # 1504
6736 # 1504
6748 # 1504
6760 # 1504
6772 # 1504
6784 # 1504
6796 # 1504
6808 # 1504
6820 # 1504
6832 # 1504
6844 # 1504
6856 # 1504
6868 # 1504
6880 # 1504
6892 # 1504
6904 # 1504
6916 # 1504
6928 # 1504
6940 # 1504
6952 # 1504
6964 # 1504
6976 # 1504
6988 # 1504
7000 # 1504
7012 # 1504
7024 # 1504
7036 # 1504
7048 # 1504
7060 # 1504
7072 # 1504
7084 # 1504
7096 # 1504
7108 # 1504
7120 # 1504
7132 # 1504
7144 # 1504
7156 # 1504
7168 # 1504
7180 # 1504
7192 # 1504
7204 # 1504
7216 # 1504
7228 # 1504
7240 # 1504
7252 # 1504
7264 # 1504
7276 # 1504
7288 # 1504
7300 # 1504
7312 # 1504
7324 # 1504
7336 # 1504
7348 # 1504
7360 # 1504
7372 # 1504
7384 # 1504
7396 # 1504
7408 # 1504
7420 # 1504
7432 # 1504
7444 # 1504
7456 # 1504
7468 # 1504
7480 # 1504
7492 # 1504
7504 # 1504
7516 # 1504
7528 # 1504
7540 # 1504
7552 # 1504
7564 # 1504
7576 # 1504
7588 # 1504
7600 # 1504
7612 # 1504
7624 # 1504
7636 # 1504
7648 # 1504
7660 # 1504
7672 # 1504
7684 # 1504
7696 # 1504
7708 # 1504
7720 # 1504
7732 # 1504
7744 # 1504
7756 # 1504
7768 # 1504
7780 # 1504
7792 # 1504
7804 # 1504
7816 # 1504
7828 # 1504
7840 # 1504
7852 # 1504
7864 # 1504
7876 # 1504
7888 # 1504
7900 # 1504
7912 # 1504
7924 # 1504
7936 # 1504
7948 # 1504
7960 # 1504
7972 # 1504
7984 # 1504
7996 # 1504
8008 # 1504
8020 # 1504
8032 # 1504
8044 # 1504
8056 # 1504
8068 # 1504
8080 # 1504
8092 # 1504
8104 # 1504
8116 # 1504
8128 # 1504
8140 # 1504
8152 # 1504
8164 # 1504
8176 # 1504
8188 # 1504
8200 # 1504
8212 # 1504
8224 # 1504
8236 # 1504
8248 # 1504
8260 # 1504
8272 # 1504
8284 # 1504
8296 # 1504
8308 # 1504
8320 # 1504
8332 # 1504
8344 # 1504
8356 # 1504
8368 # 1504
8380 # 1504
8392 # 1504
8404 # 1504
8416 # 1504
8428 # 1504
8440 # 1504
8452 # 1504
8464 # 1504
8476 # 1504
8488 # 1504
8500 # 1504
8512 # 1504
8524 # 1504
8536 # 1504
8548 # 1504
8560 # 1504
8572 # 1504
8584 # 1504
8596 # 1504
8608 # 1504
8620 # 1504
8632 # 1504
8644 # 1504
8656 # 1504
8668 # 1504
8680 # 1504
8692 # 1504
8704 # 1504
8716 # 1504
8728 # 1504
8740 # 1504
8752 # 1504
8764 # 1504
8776 # 1504
8788 # 1504
8800 # 1504
8812 # 1504
8824 # 1504
8836 # 1504
8848 # 1504
8860 # 1504
8872 # 1504
8884 # 1504
8896 # 1504
8908 # 1504
8920 # 1504
8932 # 1504
8944 # 1504
8956 # 1504
8968 # 1504
8980 # 1504
8992 # 1504
9004 # 1504
9016 # 1504
9028 # 1504
9040 # 1504
9052 # 1504
9064 # 1504
9076 # 1504
9088 # 1504
9100 # 1504
9112 # 1504
9124 # 1504
9136 # 1504
9148 # 1504
9160 # 1504
9172 # 1504
9184 # 1504
9196 # 1504
9208 # 1504
9220 # 1504
9232 # 1504
9244 # 1504
9256 # 1504
9268 # 1504
9280 # 1504
9292 # 1504
9304 # 1504
9316 # 1504
9328 # 1504
9340 # 1504
9352 # 1504
9364 # 1504
9376 # 1504
9388 # 1504
9400 # 1504
9412 # 1504
9424 # 1504
9436 # 1504
9448 # 1504
9460 # 1504
9472 # 1504
9484 # 1504
9496 # 1504
9508 # 1504
9520 # 1504
9532 # 1504
9544 # 1504
9556 # 1504
9568 # 1504
9580 # 1504
9592 # 1504
9604 # 1504
9616 # 1504
9628 # 1504
9640 # 1504
9652 # 1504
9664 # 1504
9676 # 1504
9688 # 1504
9700 # 1504
9712 # 1504
9724 # 1504
9736 # 1504
9748 # 1504
9760 # 1504
9772 # 1504
9784 # 1504
9796 # 1504
9808 # 1504
9820 # 1504
9832 # 1504
9844 # 1504
9856 # 1504
9868 # 1504
9880 # 1504
9892 # 1504
9904 # 1504
9916 # 1504
9928 # 1504
9940 # 1504
9952 # 1504
9964 # 1504
9976 # 1504
9988 # 1504
10000 # 1504
10012 # 1504
10024 # 1504
10036 # 1504
10048 # 1504
10060 # 1504
10072 # 1504
10084 # 1504
10096 # 1504
10108 # 1504
10120 # 1504
10132 # 1504
10144 # 1504
10156 # 1504
10168 # 1504
10180 # 1504
10192 # 1504
10204 # 1504
10216 # 1504
10228 # 1504
10240 # 1504
10252 # 1504
10264 # 1504
10276 # 1504
10288 # 1504
10300 # 1504
10312 # 1504
10324 # 1504
10336 # 1504
10348 # 1504
10360 # 1504
10372 # 1504
10384 # 1504
10396 # 1504
10408 # 1504
10420 # 1504
10432 # 1504
10444 # 1504
10456 # 1504
10468 # 1504
10480 # 1504
10492 # 1504
10504 # 1504
10516 # 1504
10528 # 1504
10540 # 1504
10552 # 1504
10564 # 1504
10576 # 1504
10588 # 1504
10600 # 1504
10612 # 1504
10624 # 1504
10636 # 1504
10648 # 1504
10660 # 1504
10672 # 1504
10684 # 1504
10696 # 1504
10708 # 1504
10720 # 1504
10732 # 1504
10744 # 1504
10756 # 1504
10768 # 1504
10780 # 1504
10792 # 1504
10804 # 1504
10816 # 1504
10828 # 1504
10840 # 1504
10852 # 1504
10864 # 1504
10876 # 1504
10888 # 1504
10900 # 1504
10912 # 1504
10924 # 1504
10936 # 1504
10948 # 1504
10960 # 1504
10972 # 1504
10984 # 1504
10996 # 1504
11008 # 1504
11020 # 1504
11032 # 1504
11044 # 1504
11056 # 1504
11068 # 1504
11080 # 1504
11092 # 1504
11104 # 1504
11116 # 1504
11128 # 1504
11140 # 1504
11152 # 1504
11164 # 1504
11176 # 1504
11188 # 1504
11200 # 1504
11212 # 1504
11224 # 1504
11236 # 1504
11248 # 1504
11260 # 1504
11272 # 1504
11284 # 1504
11296 # 1504
11308 # 1504
11320 # 1504
11332 # 1504
11344 # 1504
11356 # 1504
11368 # 1504
11380 # 1504
11392 # 1504
11404 # 1504
11416 # 1504
11428 # 1504
11440 # 1504
11452 # 1504
11464 # 1504
11476 # 1504
11488 # 1504
11500 # 1504
11512 # 1504
11524 # 1504
11536 # 1504
11548 # 1504
11560 # 1504
11572 # 1504
11584 # 1504
11596 # 1504
11608 # 1504
11620 # 1504
11632 # 1504
11644 # 1504
11656 # 1504
11668 # 1504
11680 # 1504
11692 # 1504
11704 # 1504
11716 # 1504
11728 # 1504
11740 # 1504
11752 # 1504
11764 # 1504
11776 # 1504
11788 # 1504
11800 # 1504
11812 # 1504
11824 # 1504
11836 # 1504
11848 # 1504
11860 # 1504
11872 # 1504
11884 # 1504
11896 # 1504
11908 # 1504
11920 # 1504
11932 # 1504
11944 # 1504
11956 # 1504
11968 # 1504
11980 # 1504
11992 # 1504
12004 # 1504
12016 # 1504
12028 # 1504
12040 # 1504
12052 # 1504
12064 # 1504
12076 # 1504
12088 # 1504
12100 # 1504
12112 # 1504
12124 # 1504
12136 # 1504
12148 # 1504
12160 # 1504
12172 # 1504
12184 # 1504
12196 # 1504
12208 # 1504
12220 # 1504
12232 # 1504
12244 # 1504
12256 # 1504
12268 # 1504
12280 # 1504
12292 # 1504
12304 # 1504
12316 # 1504
12328 # 1504
12340 # 1504
12352 # 1504
12364 # 1504
12376 # 1504
12388 # 1504
12400 # 1504
12412 # 1504
12424 # 1504
12436 # 1504
12448 # 1504
12460 # 1504
12472 # 1504
12484 # 1504
12496 # 1504
12508 # 1504
12520 # 1504
12532 # 1504
12544 # 1504
12556 # 1504
12568 # 1504
12580 # 1504
12592 # 1504
12604 # 1504
12616 # 1504
12628 # 1504
12640 # 1504
12652 # 1504
12664 # 1504
12676 # 1504
12688 # 1504
12700 # 1504
12712 # 1504
12724 # 1504
12736 # 1504
12748 # 1504
12760 # 1504
12772 # 1504
12772 + 52
12784 # 1504
12784 - 52 12
12796 # 1504
12808 # 1504
12820 # 1504
12832 # 1504
12844 # 1504
12856 # 1504
12868 # 1504
12880 # 1504
12892 # 1504
12904 # 1504
12916 # 1504
12928 # 1504
12940 # 1504
12952 # 1504
12964 # 1504
12976 # 1504
12988 # 1504
13000 # 1504
13012 # 1504
13024 # 1504
13036 # 1504
13048 # 1504
13060 # 1504
13072 # 1504
13084 # 1504
13096 # 1504
13108 # 1504
13120 # 1504
13132 # 1504
13144 # 1504
13156 # 1504
13168 # 1504
13180 # 1504
13192 # 1504
13204 # 1504
13216 # 1504
13228 # 1504
13240 # 1504
13252 # 1504
13264 # 1504
13276 # 1504
13288 # 1504
13300 # 1504
13312 # 1504
13324 # 1504
13336 # 1504
13348 # 1504
13360 # 1504
13372 # 1504
13384 # 1504
13396 # 1504
13408 # 1504
13420 # 1504
13432 # 1504
13444 # 1504
13456 # 1504
13468 # 1504
13480 # 1504
13492 # 1504
13504 # 1504
13516 # 1504
13528 # 1504
13540 # 1504
13552 # 1504
13564 # 1504
13576 # 1504
13588 # 1504
13600 # 1504
13612 # 1504
13624 # 1504
13636 # 1504
13648 # 1504
13660 # 1504
13672 # 1504
13684 # 1504
13696 # 1504
13708 # 1504
13720 # 1504
13732 # 1504
13744 # 1504
13756 # 1504
13768 # 1504
13780 # 1504
13792 # 1504
13804 # 1504
13816 # 1504
13828 # 1504
13840 # 1504
13852 # 1504
13864 # 1504
13876 # 1504
13888 # 1504
13900 # 1504
13912 # 1504
13924 # 1504
13936 # 1504
13948 # 1504
13960 # 1504
13972 # 1504
13984 # 1504
13996 # 1504
14008 # 1504
14020 # 1504
14032 # 1504
14044 # 1504
14056 # 1504
14068 # 1504
14080 # 1504
14092 # 1504
14104 # 1504
14116 # 1504
14128 # 1504
14140 # 1504
14152 # 1504
14164 # 1504
14176 # 1504
14188 # 1504
14200 # 1504
14212 # 1504
14224 # 1504
14236 # 1504
14248 # 1504
14260 # 1504
14272 # 1504
14284 # 1504
14296 # 1504
14308 # 1504
14320 # 1504
14332 # 1504
14344 # 1504
14356 # 1504
14368 # 1504
14380 # 1504
14392 # 1504
14404 # 1504
14416 # 1504
14428 # 1504
14440 # 1504
14452 # 1504
14464 # 1504
14476 # 1504
14488 # 1504
14500 # 1504
14512 # 1504
14524 # 1504
14536 # 1504
14548 # 1504
14560 # 1504
14572 # 1504
14584 # 1504
14596 # 1504
14608 # 1504
14620 # 1504
14632 # 1504
14644 # 1504
14656 # 1504
14668 # 1504
14680 # 1504
14692 # 1504
14704 # 1504
14716 # 1504
14728 # 1504
14740 # 1504
14752 # 1504
14764 # 1504
14776 # 1504
14788 # 1504
14800 # 1504
14812 # 1504
14824 # 1504
14836 # 1504
14848 # 1504
14860 # 1504
14872 # 1504
14884 # 1504
14896 # 1504
14908 # 1504
14920 # 1504
14932 # 1504
14944 # 1504
14956 # 1504
14968 # 1504
14980 # 1504
14992 # 1504
15004 # 1504
15016 # 1504
15028 # 1504
15040 # 1504
15052 # 1504
15064 # 1504
15076 # 1504
15088 # 1504
15100 # 1504
15112 # 1504
15124 # 1504
15136 # 1504
15148 # 1504
15160 # 1504
15172 # 1504
15184 # 1504
15196 # 1504
15208 # 1504
15220 # 1504
15232 # 1504
15244 # 1504
15256 # 1504
15268 # 1504
15280 # 1504
15292 # 1504
15304 # 1504
15316 # 1504
15328 # 1504
15340 # 1504
15352 # 1504
15364 # 1504
15376 # 1504
15388 # 1504
15400 # 1504
15412 # 1504
15424 # 1504
15436 # 1504
15448 # 1504
15460 # 1504
15472 # 1504
15484 # 1504
15496 # 1504
15508 # 1504
15520 # 1504
15532 # 1504
15544 # 1504
15556 # 1504
15568 # 1504
15580 # 1504
15592 # 1504
15604 # 1504
15616 # 1504
15628 # 1504
15640 # 1504
15652 # 1504
15664 # 1504
15676 # 1504
15688 # 1504
15700 # 1504
15712 # 1504
15724 # 1504
15736 # 1504
15748 # 1504
15760 # 1504
15772 # 1504
15784 # 1504
15796 # 1504
15808 # 1504
15820 # 1504
15832 # 1504
15844 # 1504
15856 # 1504
15868 # 1504
15880 # 1504
15892 # 1504
15904 # 1504
15916 # 1504
15928 # 1504
15940 # 1504
15952 # 1504
15964 # 1504
15976 # 1504
15988 # 1504
16000 # 1504
16012 # 1504
16024 # 1504
16036 # 1504
16048 # 1504
16060 # 1504
16072 # 1504
16084 # 1504
16096 # 1504
16108 # 1504
16120 # 1504
16132 # 1504
16144 # 1504
16156 # 1504
16168 # 1504
16180 # 1504
16192 # 1504
16204 # 1504
16216 # 1504
16228 # 1504
16240 # 1504
16252 # 1504
16264 # 1504
16276 # 1504
16288 # 1504
16300 # 1504
16312 # 1504
16324 # 1504
16336 # 1504
16348 # 1504
16360 # 1504
16372 # 1504
16384 # 1504
16396 # 1504
16408 # 1504
16420 # 1504
16432 # 1504
16444 # 1504
16456 # 1504
16468 # 1504
16480 # 1504
16492 # 1504
16504 # 1504
16516 # 1504
16528 # 1504
16540 # 1504
16552 # 1504
16564 # 1504
16576 # 1504
16588 # 1504
16600 # 1504
16612 # 1504
16624 # 1504
16636 # 1504
16648 # 1504
16660 # 1504
16672 # 1504
16684 # 1504
16696 # 1504
16708 # 1504
16720 # 1504
16732 # 1504
16744 # 1504
16756 # 1504
16768 # 1504
16780 # 1504
16792 # 1504
16804 # 1504
16816 # 1504
16828 # 1504
16840 # 1504
16852 # 1504
16864 # 1504
16876 # 1504
16888 # 1504
16900 # 1504
16912 # 1504
16924 # 1504
16936 # 1504
16948 # 1504
16960 # 1504
16972 # 1504
16984 # 1504
16996 # 1504
17008 # 1504
17020 # 1504
17032 # 1504
17044 # 1504
17056 # 1504
17068 # 1504
17080 # 1504
17092 # 1504
17104 # 1504
17116 # 1504
17128 # 1504
17140 # 1504
17152 # 1504
17164 # 1504
17176 # 1504
17188 # 1504
17200 # 1504
17212 # 1504
17224 # 1504
17236 # 1504
17248 # 1504
17260 # 1504
17272 # 1504
17284 # 1504
17296 # 1504
17308 # 1504
17320 # 1504
17332 # 1504
17344 # 1504
17356 # 1504
17368 # 1504
17380 # 1504
17392 # 1504
17404 # 1504
17416 # 1504
17428 # 1504
17440 # 1504
17452 # 1504
17464 # 1504
17476 # 1504
17488 # 1504
17500 # 1504
17512 # 1504
17524 # 1504
17536 # 1504
17548 # 1504
17560 # 1504
17572 # 1504
17584 # 1504
17596 # 1504
17608 # 1504
17620 # 1504
17632 # 1504
17644 # 1504
17656 # 1504
17668 # 1504
17680 # 1504
17692 # 1504
17704 # 1504
17716 # 1504
17728 # 1504
17740 # 1504
17752 # 1504
17764 # 1504
17776 # 1504
17788 # 1504
17800 # 1504
17812 # 1504
17824 # 1504
17836 # 1504
17848 # 1504
17860 # 1504
17872 # 1504
17884 # 1504
17896 # 1504
17908 # 1504
17920 # 1504
17932 # 1504
17944 # 1504
17956 # 1504
17968 # 1504
17980 # 1504
17992 # 1504
18004 # 1504
18016 # 1504
18028 # 1504
18040 # 1504
18052 # 1504
18064 # 1504
18076 # 1504
18088 # 1504
18100 # 1504
18112 # 1504
18124 # 1504
18136 # 1504
18148 # 1504
18160 # 1504
18172 # 1504
18184 # 1504
18196 # 1504
18208 # 1504
18220 # 1504
18232 # 1504
18244 # 1504
18256 # 1504
18268 # 1504
18280 # 1504
18292 # 1504
18304 # 1504
18316 # 1504
18328 # 1504
18340 # 1504
18352 # 1504
18364 # 1504
18376 # 1504
18388 # 1504
18400 # 1504
18412 # 1504
18424 # 1504
18436 # 1504
18448 # 1504
18460 # 1504
18472 # 1504
18484 # 1504
18496 # 1504
18508 # 1504
18520 # 1504
18532 # 1504
18544 # 1504
18556 # 1504
18568 # 1504
18580 # 1504
18592 # 1504
18604 # 1504
18616 # 1504
18628 # 1504
18640 # 1504
18652 # 1504
18664 # 1504
18676 # 1504
18688 # 1504
18700 # 1504
18712 # 1504
18724 # 1504
18736 # 1504
18748 # 1504
18760 # 1504
18772 # 1504
18784 # 1504
18796 # 1504
18808 # 1504
18820 # 1504
18832 # 1504
18844 # 1504
18856 # 1504
18868 # 1504
18880 # 1504
18892 # 1504
18904 # 1504
18916 # 1504
18928 # 1504
18940 # 1504
18952 # 1504
18964 # 1504
18976 # 1504
18988 # 1504
19000 # 1504
19012 # 1504
19024 # 1504
19036 # 1504
19048 # 1504
19060 # 1504
19072 # 1504
19084 # 1504
19096 # 1504
19108 # 1504
19120 # 1504
19132 # 1504
19144 # 1504
19156 # 1504
19168 # 1504
19180 # 1504
19192 # 1504
19204 # 1504
19216 # 1504
19228 # 1504
19240 # 1504
19252 # 1504
19264 # 1504
19276 # 1504
19288 # 1504
19300 # 1504
19312 # 1504
19324 # 1504
19336 # 1504
19348 # 1504
19360 # 1504
19372 # 1504
19384 # 1504
19396 # 1504
19408 # 1504
19420 # 1504
19432 # 1504
19444 # 1504
19456 # 1504
19468 # 1504
19480 # 1504
19492 # 1504
19504 # 1504
19516 # 1504
19528 # 1504
19540 # 1504
19552 # 1504
19564 # 1504
19576 # 1504
19588 # 1504
19600 # 1504
19612 # 1504
19624 # 1504
19636 # 1504
19648 # 1504
19660 # 1504
19672 # 1504
19684 # 1504
19696 # 1504
19708 # 1504
19720 # 1504
19732 # 1504
19744 # 1504
19756 # 1504
19768 # 1504
19780 # 1504
19792 # 1504
19804 # 1504
19816 # 1504
19828 # 1504
19840 # 1504
19852 # 1504
19864 # 1504
19876 # 1504
19888 # 1504
19900 # 1504
19912 # 1504
19924 # 1504
19936 # 1504
19948 # 1504
19960 # 1504
19972 # 1504
19984 # 1504
19996 # 1504
20008 # 1504
20020 # 1504
20032 # 1504
20044 # 1504
20056 # 1504
20068 # 1504
20080 # 1504
20092 # 1504
20104 # 1504
20116 # 1504
20128 # 1504
20140 # 1504
20152 # 1504
20164 # 1504
20176 # 1504
20188 # 1504
20200 # 1504
20212 # 1504
20224 # 1504
20236 # 1504
20248 # 1504
20260 # 1504
20272 # 1504
20284 # 1504
20296 # 1504
20308 # 1504
20320 # 1504
20332 # 1504
20344 # 1504
20356 # 1504
20368 # 1504
20380 # 1504
20392 # 1504
20404 # 1504
20416 # 1504
20428 # 1504
20440 # 1504
20452 # 1504
20464 # 1504
20476 # 1504
20488 # 1504
20500 # 1504
20512 # 1504
20524 # 1504
20536 # 1504
20548 # 1504
20560 # 1504
20572 # 1504
20584 # 1504
20596 # 1504
20608 # 1504
20620 # 1504
20632 # 1504
20644 # 1504
20656 # 1504
20668 # 1504
20680 # 1504
20692 # 1504
20704 # 1504
20716 # 1504
20728 # 1504
20740 # 1504
20752 # 1504
20764 # 1504
20776 # 1504
20788 # 1504
20800 # 1504
20812 # 1504
20824 # 1504
20836 # 1504
20848 # 1504
20860 # 1504
20872 # 1504
20884 # 1504
20896 # 1504
20908 # 1504
20920 # 1504
20932 # 1504
20944 # 1504
20956 # 1504
20968 # 1504
20980 # 1504
20992 # 1504
21004 # 1504
21016 # 1504
21028 # 1504
21040 # 1504
21052 # 1504
21064 # 1504
21076 # 1504
21088 # 1504
21100 # 1504
21112 # 1504
21124 # 1504
21136 # 1504
21148 # 1504
21160 # 1504
21172 # 1504
21184 # 1504
21196 # 1504
21208 # 1504
21220 # 1504
21232 # 1504
21244 # 1504
21256 # 1504
21268 # 1504
21280 # 1504
21292 # 1504
21304 # 1504
21316 # 1504
21328 # 1504
21340 # 1504
21352 # 1504
21364 # 1504
21376 # 1504
21388 # 1504
21400 # 1504
21412 # 1504
21424 # 1504
21436 # 1504
21448 # 1504
21460 # 1504
21472 # 1504
21484 # 1504
21496 # 1504
21508 # 1504
21520 # 1504
21532 # 1504
21544 # 1504
21556 # 1504
21568 # 1504
21580 # 1504
21592 # 1504
21604 # 1504
21616 # 1504
21628 # 1504
21640 # 1504
21652 # 1504
21664 # 1504
21676 # 1504
21688 # 1504
21700 # 1504
21712 # 1504
21724 # 1504
21736 # 1504
21748 # 1504
21760 # 1504
21772 # 1504
21784 # 1504
21796 # 1504
21808 # 1504
21820 # 1504
21832 # 1504
21844 # 1504
21856 # 1504
21868 # 1504
21880 # 1504
21892 # 1504
21904 # 1504
21916 # 1504
21928 # 1504
21940 # 1504
21952 # 1504
21964 # 1504
21976 # 1504
21988 # 1504
22000 # 1504
22012 # 1504
22024 # 1504
22036 # 1504
22048 # 1504
22060 # 1504
22072 # 1504
22084 # 1504
22096 # 1504
22108 # 1504
22120 # 1504
22132 # 1504
22144 # 1504
22156 # 1504
22168 # 1504
22180 # 1504
22192 # 1504
22204 # 1504
22216 # 1504
22228 # 1504
22240 # 1504
22252 # 1504
22264 # 1504
22276 # 1504
22288 # 1504
22300 # 1504
22312 # 1504
22324 # 1504
22336 # 1504
22348 # 1504
22360 # 1504
22372 # 1504
22384 # 1504
22396 # 1504
22408 # 1504
22420 # 1504
22432 # 1504
22444 # 1504
22456 # 1504
22468 # 1504
22480 # 1504
22492 # 1504
22504 # 1504
22516 # 1504
22528 # 1504
22540 # 1504
22552 # 1504
22564 # 1504
22576 # 1504
22588 # 1504
22600 # 1504
22612 # 1504
22624 # 1504
22636 # 1504
22648 # 1504
22660 # 1504
22672 # 1504
22684 # 1504
22696 # 1504
22708 # 1504
22720 # 1504
22732 # 1504
22744 # 1504
22756 # 1504
22768 # 1504
22780 # 1504
22792 # 1504
22804 # 1504
22816 # 1504
22828 # 1504
22840 # 1504
22852 # 1504
22864 # 1504
22876 # 1504
22888 # 1504
22900 # 1504
22912 # 1504
22924 # 1504
22936 # 1504
22948 # 1504
22960 # 1504
22972 # 1504
22984 # 1504
22996 # 1504
23008 # 1504
23020 # 1504
23032 # 1504
23044 # 1504
23056 # 1504
23068 # 1504
23080 # 1504
23092 # 1504
23104 # 1504
23116 # 1504
23128 # 1504
23140 # 1504
23152 # 1504
23164 # 1504
23176 # 1504
23188 # 1504
23200 # 1504
23212 # 1504
23224 # 1504
23236 # 1504
23248 # 1504
23260 # 1504
23272 # 1504
23284 # 1504
23296 # 1504
23308 # 1504
23320 # 1504
23332 # 1504
23344 # 1504
23356 # 1504
23368 # 1504
23380 # 1504
23392 # 1504
23404 # 1504
23416 # 1504
23428 # 1504
23440 # 1504
23452 # 1504
23464 # 1504
23476 # 1504
23488 # 1504
23500 # 1504
23512 # 1504
23524 # 1504
23536 # 1504
23548 # 1504
23560 # 1504
23572 # 1504
23584 # 1504
23596 # 1504
23608 # 1504
23620 # 1504
23632 # 1504
23644 # 1504
23656 # 1504
23668 # 1504
23680 # 1504
23692 # 1504
23704 # 1504
23716 # 1504
23728 # 1504
23740 # 1504
23752 # 1504
23764 # 1504
23776 # 1504
23788 # 1504
23800 # 1504
23812 # 1504
23824 # 1504
23836 # 1504
23848 # 1504
23860 # 1504
23872 # 1504
23884 # 1504
23896 # 1504
23908 # 1504
23920 # 1504
23932 # 1504
23944 # 1504
23956 # 1504
23968 # 1504
23980 # 1504
23992 # 1504
24004 # 1504
24016 # 1504
24028 # 1504
24040 # 1504
24052 # 1504
24064 # 1504
24076 # 1504
24088 # 1504
24100 # 1504
24112 # 1504
24124 # 1504
24136 # 1504
24148 # 1504
24160 # 1504
24172 # 1504
24184 # 1504
24196 # 1504
24208 # 1504
24220 # 1504
24232 # 1504
24244 # 1504
24256 # 1504
24268 # 1504
24280 # 1504
24292 # 1504
24304 # 1504
24316 # 1504
24328 # 1504
24340 # 1504
24352 # 1504
24364 # 1504
24376 # 1504
24388 # 1504
24400 # 1504
24412 # 1504
24424 # 1504
24436 # 1504
24448 # 1504
24460 # 1504
24472 # 1504
24484 # 1504
24496 # 1504
24508 # 1504
24520 # 1504
24532 # 1504
24544 # 1504
24556 # 1504
24568 # 1504
24580 # 1504
24592 # 1504
24604 # 1504
24616 # 1504
24628 # 1504
24640 # 1504
24652 # 1504
24664 # 1504
24676 # 1504
24688 # 1504
24700 # 1504
24712 # 1504
24724 # 1504
24736 # 1504
24748 # 1504
24760 # 1504
24772 # 1504
24784 # 1504
24796 # 1504
24808 # 1504
24820 # 1504
24832 # 1504
24844 # 1504
24856 # 1504
24868 # 1504
24880 # 1504
24892 # 1504
24904 # 1504
24916 # 1504
24928 # 1504
24940 # 1504
24952 # 1504
24964 # 1504
24976 # 1504
24988 # 1504
25000 # 1504
25012 # 1504
25024 # 1504
25036 # 1504
25048 # 1504
25060 # 1504
25072 # 1504
25084 # 1504
25096 # 1504
25108 # 1504
25120 # 1504
25132 # 1504
25144 # 1504
25156 # 1504
25168 # 1504
25180 # 1504
25192 # 1504
25204 # 1504
25216 # 1504
25228 # 1504
25240 # 1504
25252 # 1504
25264 # 1504
25276 # 1504
25288 # 1504
25300 # 1504
25312 # 1504
25324 # 1504
25336 # 1504
25348 # 1504
25360 # 1504
25372 # 1504
25384 # 1504
25396 # 1504
25408 # 1504
25420 # 1504
25432 # 1504
25444 # 1504
25456 # 1504
25468 # 1504
25480 # 1504
25492 # 1504
25504 # 1504
25516 # 1504
25528 # 1504
25540 # 1504
25552 # 1504
25564 # 1504
25576 # 1504
25588 # 1504
25600 # 1504
25612 # 1504
25624 # 1504
25636 # 1504
25648 # 1504
25660 # 1504
25672 # 1504
25684 # 1504
25696 # 1504
25708 # 1504
25720 # 1504
25732 # 1504
25744 # 1504
25756 # 1504
25768 # 1504
25780 # 1504
25792 # 1504
25804 # 1504
25816 # 1504
25828 # 1504
25840 # 1504
25852 # 1504
25864 # 1504
25876 # 1504
25888 # 1504
25900 # 1504
25912 # 1504
25924 # 1504
25936 # 1504
25948 # 1504
25960 # 1504
25972 # 1504
25984 # 1504
25996 # 1504
26008 # 1504
26020 # 1504
26032 # 1504
26044 # 1504
26056 # 1504
26068 # 1504
26080 # 1504
26092 # 1504
26104 # 1504
26116 # 1504
26128 # 1504
26140 # 1504
26152 # 1504
26164 # 1504
26176 # 1504
26188 # 1504
26200 # 1504
26212 # 1504
26224 # 1504
26236 # 1504
26248 # 1504
26260 # 1504
26272 # 1504
26284 # 1504
26296 # 1504
26308 # 1504
26320 # 1504
26332 # 1504
26344 # 1504
26356 # 1504
26368 # 1504
26380 # 1504
26392 # 1504
26404 # 1504
26416 # 1504
26428 # 1504
26440 # 1504
26452 # 1504
26464 # 1504
26476 # 1504
26488 # 1504
26500 # 1504
26512 # 1504
26524 # 1504
26536 # 1504
26548 # 1504
26560 # 1504
26572 # 1504
26584 # 1504
26596 # 1504
26608 # 1504
26620 # 1504
26632 # 1504
26644 # 1504
26656 # 1504
26668 # 1504
26680 # 1504
26692 # 1504
26704 # 1504
26716 # 1504
26728 # 1504
26740 # 1504
26752 # 1504
26764 # 1504
26776 # 1504
26788 # 1504
26800 # 1504
26812 # 1504
26824 # 1504
26836 # 1504
26848 # 1504
26860 # 1504
26872 # 1504
26884 # 1504
26896 # 1504
26908 # 1504
26920 # 1504
26932 # 1504
26944 # 1504
26956 # 1504
26968 # 1504
26980 # 1504
26992 # 1504
27004 # 1504
27016 # 1504
27028 # 1504
27040 # 1504
27052 # 1504
27064 # 1504
27076 # 1504
27088 # 1504
27100 # 1504
27112 # 1504
27124 # 1504
27136 # 1504
27148 # 1504
27160 # 1504
27172 # 1504
27184 # 1504
27196 # 1504
27208 # 1504
27220 # 1504
27232 # 1504
27244 # 1504
27256 # 1504
27268 # 1504
27280 # 1504
27292 # 1504
27304 # 1504
27316 # 1504
27328 # 1504
27340 # 1504
27352 # 1504
27364 # 1504
27376 # 1504
27388 # 1504
27400 # 1504
27412 # 1504
27424 # 1504
27436 # 1504
27448 # 1504
27460 # 1504
27472 # 1504
27484 # 1504
27496 # 1504
27508 # 1504
27520 # 1504
27532 # 1504
27544 # 1504
27556 # 1504
27568 # 1504
27580 # 1504
27592 # 1504
27604 # 1504
27616 # 1504
27628 # 1504
27640 # 1504
27652 # 1504
27664 # 1504
27676 # 1504
27688 # 1504
27700 # 1504
27712 # 1504
27724 # 1504
27736 # 1504
27748 # 1504
27760 # 1504
27772 # 1504
27784 # 1504
27796 # 1504
27808 # 1504
27820 # 1504
27832 # 1504
27844 # 1504
27856 # 1504
27868 # 1504
27880 # 1504
27892 # 1504
27904 # 1504
27916 # 1504
27928 # 1504
27940 # 1504
27952 # 1504
27964 # 1504
27976 # 1504
27988 # 1504
28000 # 1504
28012 # 1504
28024 # 1504
28036 # 1504
28048 # 1504
28060 # 1504
28072 # 1504
28084 # 1504
28096 # 1504
28108 # 1504
28120 # 1504
28132 # 1504
28144 # 1504
28156 # 1504
28168 # 1504
28180 # 1504
28192 # 1504
28204 # 1504
28216 # 1504
28228 # 1504
28240 # 1504
28252 # 1504
28264 # 1504
28276 # 1504
28288 # 1504
28300 # 1504
28312 # 1504
28324 # 1504
28336 # 1504
28348 # 1504
28360 # 1504
28372 # 1504
28384 # 1504
28396 # 1504
28408 # 1504
28420 # 1504
28432 # 1504
28444 # 1504
28456 # 1504
28468 # 1504
28480 # 1504
28492 # 1504
28504 # 1504
28516 # 1504
28528 # 1504
28540 # 1504
28552 # 1504
28564 # 1504
28576 # 1504
28588 # 1504
28600 # 1504
28612 # 1504
28624 # 1504
28636 # 1504
28648 # 1504
28660 # 1504
28672 # 1504
28684 # 1504
28696 # 1504
28708 # 1504
28720 # 1504
28732 # 1504
28744 # 1504
28756 # 1504
28768 # 1504
28780 # 1504
28792 # 1504
28804 # 1504
28816 # 1504
28828 # 1504
28840 # 1504
28852 # 1504
28864 # 1504
28876 # 1504
28888 # 1504
28900 # 1504
28912 # 1504
28924 # 1504
28936 # 1504
28948 # 1504
28960 # 1504
28972 # 1504
28984 # 1504
28996 # 1504
29008 # 1504
29020 # 1504
29032 # 1504
29044 # 1504
29056 # 1504
29068 # 1504
29080 # 1504
29092 # 1504
29104 # 1504
29116 # 1504
29128 # 1504
29140 # 1504
29152 # 1504
29164 # 1504
29176 # 1504
29188 # 1504
29200 # 1504
29212 # 1504
29224 # 1504
29236 # 1504
29248 # 1504
29260 # 1504
29272 # 1504
29284 # 1504
29296 # 1504
29308 # 1504
29320 # 1504
29332 # 1504
29344 # 1504
29356 # 1504
29368 # 1504
29380 # 1504
29392 # 1504
29404 # 1504
29416 # 1504
29428 # 1504
29440 # 1504
29452 # 1504
29464 # 1504
29476 # 1504
29488 # 1504
29500 # 1504
29512 # 1504
29524 # 1504
29536 # 1504
29548 # 1504
29560 # 1504
29572 # 1504
29584 # 1504
29596 # 1504
29608 # 1504
29620 # 1504
29632 # 1504
29644 # 1504
29656 # 1504
29668 # 1504
29680 # 1504
29692 # 1504
29704 # 1504
29716 # 1504
29728 # 1504
29740 # 1504
29752 # 1504
29764 # 1504
29776 # 1504
29788 # 1504
29800 # 1504
29812 # 1504
29824 # 1504
29836 # 1504
29848 # 1504
29860 # 1504
29872 # 1504
29884 # 1504
29896 # 1504
29908 # 1504
29920 # 1504
29932 # 1504
29944 # 1504
29956 # 1504
29968 # 1504
29980 # 1504
29992 # 1504
30004 # 1504
30016 # 1504
30028 # 1504
30040 # 1504
30052 # 1504
30064 # 1504
30076 # 1504
30088 # 1504
30100 # 1504
30112 # 1504
30124 # 1504
30136 # 1504
30148 # 1504
30160 # 1504
30172 # 1504
30184 # 1504
30196 # 1504
30208 # 1504
30220 # 1504
30232 # 1504
30244 # 1504
30256 # 1504
30268 # 1504
30280 # 1504
30292 # 1504
30304 # 1504
30316 # 1504
30328 # 1504
30340 # 1504
30352 # 1504
30364 # 1504
30376 # 1504
30388 # 1504
30400 # 1504
30412 # 1504
30424 # 1504
30436 # 1504
30448 # 1504
30460 # 1504
30472 # 1504
30484 # 1504
30496 # 1504
30508 # 1504
30520 # 1504
30532 # 1504
30544 # 1504
30556 # 1504
30568 # 1504
30580 # 1504
30592 # 1504
30604 # 1504
30616 # 1504
30628 # 1504
30640 # 1504
30652 # 1504
30664 # 1504
30676 # 1504
30688 # 1504
30691 + 52
30700 # 1504
30700 - 52 9
30712 # 1504
30724 # 1504
30736 # 1504
30748 # 1504
30760 # 1504
30772 # 1504
30784 # 1504
30796 # 1504
30808 # 1504
30820 # 1504
30832 # 1504
30844 # 1504
30856 # 1504
30868 # 1504
30880 # 1504
30892 # 1504
30904 # 1504
30916 # 1504
30928 # 1504
30940 # 1504
30952 # 1504
30964 # 1504
30976 # 1504
30988 # 1504
31000 # 1504
31012 # 1504
31024 # 1504
31036 # 1504
31048 # 1504
31060 # 1504
31072 # 1504
31084 # 1504
31096 # 1504
31108 # 1504
31120 # 1504
31132 # 1504
31144 # 1504
31156 # 1504
31168 # 1504
31180 # 1504
31192 # 1504
31204 # 1504
31216 # 1504
31228 # 1504
31240 # 1504
31252 # 1504
31264 # 1504
31276 # 1504
31288 # 1504
31300 # 1504
31312 # 1504
31324 # 1504
31336 # 1504
31348 # 1504
31360 # 1504
31372 # 1504
31384 # 1504
31396 # 1504
31408 # 1504
31420 # 1504
31432 # 1504
31444 # 1504
31456 # 1504
31468 # 1504
31480 # 1504
31492 # 1504
31504 # 1504
31516 # 1504
31528 # 1504
31540 # 1504
31552 # 1504
31564 # 1504
31576 # 1504
31588 # 1504
31600 # 1504
31612 # 1504
31624 # 1504
31636 # 1504
31648 # 1504
31660 # 1504
31672 # 1504
31684 # 1504
31696 # 1504
31708 # 1504
31720 # 1504
31732 # 1504
31744 # 1504
31756 # 1504
31768 # 1504
31780 # 1504
31792 # 1504
31804 # 1504
31816 # 1504
31828 # 1504
31840 # 1504
31852 # 1504
31864 # 1504
31876 # 1504
31888 # 1504
31900 # 1504
31912 # 1504
31924 # 1504
31936 # 1504
31948 # 1504
31960 # 1504
31972 # 1504
31984 # 1504
31996 # 1504
32008 # 1504
32020 # 1504
32032 # 1504
32044 # 1504
32056 # 1504
32068 # 1504
32080 # 1504
32092 # 1504
32104 # 1504
32116 # 1504
32128 # 1504
32140 # 1504
32152 # 1504
32164 # 1504
32176 # 1504
32188 # 1504
32200 # 1504
32212 # 1504
32224 # 1504
32236 # 1504
32248 # 1504
32260 # 1504
32272 # 1504
32284 # 1504
32296 # 1504
32308 # 1504
32320 # 1504
32332 # 1504
32344 # 1504
32356 # 1504
32368 # 1504
32380 # 1504
32392 # 1504
32404 # 1504
32416 # 1504
32428 # 1504
32440 # 1504
32452 # 1504
32464 # 1504
32476 # 1504
32488 # 1504
32500 # 1504
32512 # 1504
32524 # 1504
32536 # 1504
32548 # 1504
32560 # 1504
32572 # 1504
32584 # 1504
32596 # 1504
32608 # 1504
32620 # 1504
32632 # 1504
32644 # 1504
32656 # 1504
32668 # 1504
32680 # 1504
32692 # 1504
32704 # 1504
32716 # 1504
32728 # 1504
32740 # 1504
32752 # 1504
32764 # 1504
32776 # 1504
32788 # 1504
32800 # 1504
32812 # 1504
32824 # 1504
32836 # 1504
32848 # 1504
32860 # 1504
32872 # 1504
32884 # 1504
32896 # 1504
32908 # 1504
32920 # 1504
32932 # 1504
32944 # 1504
32956 # 1504
32968 # 1504
32980 # 1504
32992 # 1504
33004 # 1504
33016 # 1504
33028 # 1504
33040 # 1504
33052 # 1504
33064 # 1504
33076 # 1504
33088 # 1504
33100 # 1504
33112 # 1504
33124 # 1504
33136 # 1504
33148 # 1504
33160 # 1504
33172 # 1504
33184 # 1504
33196 # 1504
33208 # 1504
33220 # 1504
33232 # 1504
33244 # 1504
33256 # 1504
33268 # 1504
33280 # 1504
33292 # 1504
33304 # 1504
33316 # 1504
33328 # 1504
33340 # 1504
33352 # 1504
33364 # 1504
33376 # 1504
33388 # 1504
33400 # 1504
33412 # 1504
33424 # 1504
33436 # 1504
33448 # 1504
33460 # 1504
33472 # 1504
33484 # 1504
33496 # 1504
33508 # 1504
33520 # 1504
33532 # 1504
33544 # 1504
33556 # 1504
33568 # 1504
33580 # 1504
33592 # 1504
33604 # 1504
33616 # 1504
33628 # 1504
33640 # 1504
33652 # 1504
33664 # 1504
33676 # 1504
33688 # 1504
33700 # 1504
33712 # 1504
33724 # 1504
33736 # 1504
33748 # 1504
33760 # 1504
33772 # 1504
33784 # 1504
33796 # 1504
33808 # 1504
33820 # 1504
33832 # 1504
33844 # 1504
33856 # 1504
33868 # 1504
33880 # 1504
33892 # 1504
33904 # 1504
33916 # 1504
33928 # 1504
33940 # 1504
33952 # 1504
33964 # 1504
33976 # 1504
33988 # 1504
34000 # 1504
34012 # 1504
34024 # 1504
34036 # 1504
34048 # 1504
34060 # 1504
34072 # 1504
34084 # 1504
34096 # 1504
34108 # 1504
34120 # 1504
34132 # 1504
34144 # 1504
34156 # 1504
34168 # 1504
34180 # 1504
34192 # 1504
34204 # 1504
34216 # 1504
34228 # 1504
34240 # 1504
34252 # 1504
34264 # 1504
34276 # 1504
34288 # 1504
34300 # 1504
34312 # 1504
34324 # 1504
34336 # 1504
34348 # 1504
34360 # 1504
34372 # 1504
34384 # 1504
34396 # 1504
34408 # 1504
34420 # 1504
34432 # 1504
34444 # 1504
34456 # 1504
34468 # 1504
34480 # 1504
34492 # 1504
34504 # 1504
34516 # 1504
34528 # 1504
34540 # 1504
34552 # 1504
34564 # 1504
34576 # 1504
34588 # 1504
34600 # 1504
34612 # 1504
34624 # 1504
34636 # 1504
34648 # 1504
34660 # 1504
34672 # 1504
34684 # 1504
34696 # 1504
34708 # 1504
34720 # 1504
34732 # 1504
34744 # 1504
34756 # 1504
34768 # 1504
34780 # 1504
34792 # 1504
34804 # 1504
34816 # 1504
34828 # 1504
34840 # 1504
34852 # 1504
34864 # 1504
34876 # 1504
34888 # 1504
34900 # 1504
34912 # 1504
34924 # 1504
34936 # 1504
34948 # 1504
34960 # 1504
34972 # 1504
34984 # 1504
34996 # 1504
35008 # 1504
35020 # 1504
35032 # 1504
35044 # 1504
35056 # 1504
35068 # 1504
35080 # 1504
35092 # 1504
35104 # 1504
35116 # 1504
35128 # 1504
35140 # 1504
35152 # 1504
35164 # 1504
35176 # 1504
35188 # 1504
35200 # 1504
35212 # 1504
35224 # 1504
35236 # 1504
35248 # 1504
35260 # 1504
35272 # 1504
35284 # 1504
35296 # 1504
35308 # 1504
35320 # 1504
35332 # 1504
35344 # 1504
35356 # 1504
35368 # 1504
35380 # 1504
35392 # 1504
35404 # 1504
35416 # 1504
35428 # 1504
35440 # 1504
35452 # 1504
35464 # 1504
35476 # 1504
35488 # 1504
35500 # 1504
35512 # 1504
35524 # 1504
35536 # 1504
35548 # 1504
35560 # 1504
35572 # 1504
35584 # 1504
35596 # 1504
35608 # 1504
35620 # 1504
35632 # 1504
35644 # 1504
35656 # 1504
35668 # 1504
35680 # 1504
35692 # 1504
35704 # 1504
35716 # 1504
35728 # 1504
35740 # 1504
35752 # 1504
35764 # 1504
35776 # 1504
35788 # 1504
35800 # 1504
35812 # 1504
35824 # 1504
35836 # 1504
35848 # 1504
35860 # 1504
35872 # 1504
35884 # 1504
35896 # 1504
35908 # 1504
35920 # 1504
35932 # 1504
35944 # 1504
35956 # 1504
35968 # 1504
35980 # 1504
35992 # 1504
36004 # 1504
36016 # 1504
36028 # 1504
36040 # 1504
36052 # 1504
36064 # 1504
36076 # 1504
36088 # 1504
36100 # 1504
36112 # 1504
36124 # 1504
36136 # 1504
36148 # 1504
36160 # 1504
36172 # 1504
36184 # 1504
36196 # 1504
36208 # 1504
36220 # 1504
36232 # 1504
36244 # 1504
36256 # 1504
36268 # 1504
36280 # 1504
36292 # 1504
36304 # 1504
36316 # 1504
36328 # 1504
36340 # 1504
36352 # 1504
36364 # 1504
36376 # 1504
36388 # 1504
36400 # 1504
36412 # 1504
36424 # 1504
36436 # 1504
36448 # 1504
36460 # 1504
36472 # 1504
36484 # 1504
36496 # 1504
36508 # 1504
36520 # 1504
36532 # 1504
36544 # 1504
36556 # 1504
36568 # 1504
36580 # 1504
36592 # 1504
36604 # 1504
36616 # 1504
36628 # 1504
36640 # 1504
36652 # 1504
36664 # 1504
36676 # 1504
36688 # 1504
36700 # 1504
36712 # 1504
36724 # 1504
36736 # 1504
36748 # 1504
36760 # 1504
36772 # 1504
36784 # 1504
36796 # 1504
36808 # 1504
36820 # 1504
36832 # 1504
36844 # 1504
36856 # 1504
36868 # 1504
36880 # 1504
36892 # 1504
36904 # 1504
36916 # 1504
36928 # 1504
36940 # 1504
36952 # 1504
36964 # 1504
36976 # 1504
36988 # 1504
37000 # 1504
37012 # 1504
37024 # 1504
37036 # 1504
37048 # 1504
37060 # 1504
37072 # 1504
37084 # 1504
37096 # 1504
37108 # 1504
37120 # 1504
37132 # 1504
37144 # 1504
37156 # 1504
37168 # 1504
37180 # 1504
37192 # 1504
37204 # 1504
37216 # 1504
37228 # 1504
37240 # 1504
37252 # 1504
37264 # 1504
37276 # 1504
37288 # 1504
37300 # 1504
37312 # 1504
37324 # 1504
37336 # 1504
37348 # 1504
37360 # 1504
37372 # 1504
37384 # 1504
37396 # 1504
37408 # 1504
37420 # 1504
37432 # 1504
37444 # 1504
37456 # 1504
37468 # 1504
37480 # 1504
37492 # 1504
37504 # 1504
37516 # 1504
37528 # 1504
37540 # 1504
37552 # 1504
37564 # 1504
37576 # 1504
37588 # 1504
37600 # 1504
37612 # 1504
37624 # 1504
37636 # 1504
37648 # 1504
37660 # 1504
37672 # 1504
37684 # 1504
37696 # 1504
37708 # 1504
37720 # 1504
37732 # 1504
37744 # 1504
37756 # 1504
37768 # 1504
37780 # 1504
37792 # 1504
37804 # 1504
37816 # 1504
37828 # 1504
37840 # 1504
37852 # 1504
37864 # 1504
37876 # 1504
37888 # 1504
37900 # 1504
37912 # 1504
37924 # 1504
37936 # 1504
37948 # 1504
37960 # 1504
37972 # 1504
37984 # 1504
37996 # 1504
38008 # 1504
38020 # 1504
38032 # 1504
38044 # 1504
38056 # 1504
38068 # 1504
38080 # 1504
38092 # 1504
38104 # 1504
38116 # 1504
38128 # 1504
38140 # 1504
38152 # 1504
38164 # 1504
38176 # 1504
38188 # 1504
38200 # 1504
38212 # 1504
38224 # 1504
38236 # 1504
38248 # 1504
38260 # 1504
38272 # 1504
38284 # 1504
38296 # 1504
38308 # 1504
38320 # 1504
38332 # 1504
38344 # 1504
38356 # 1504
38368 # 1504
38380 # 1504
38392 # 1504
38404 # 1504
38416 # 1504
38428 # 1504
38440 # 1504
38452 # 1504
38464 # 1504
38476 # 1504
38488 # 1504
38500 # 1504
38512 # 1504
38524 # 1504
38536 # 1504
38548 # 1504
38560 # 1504
38572 # 1504
38584 # 1504
38596 # 1504
38608 # 1504
38620 # 1504
38632 # 1504
38644 # 1504
38656 # 1504
38668 # 1504
38680 # 1504
38692 # 1504
38704 # 1504
38716 # 1504
38728 # 1504
38740 # 1504
38752 # 1504
38764 # 1504
38776 # 1504
38788 # 1504
38800 # 1504
38812 # 1504
38824 # 1504
38836 # 1504
38848 # 1504
38860 # 1504
38872 # 1504
38884 # 1504
38896 # 1504
38908 # 1504
38920 # 1504
38932 # 1504
38944 # 1504
38956 # 1504
38968 # 1504
38980 # 1504
38992 # 1504
39004 # 1504
39016 # 1504
39028 # 1504
39040 # 1504
39052 # 1504
39064 # 1504
39076 # 1504
39088 # 1504
39100 # 1504
39112 # 1504
39124 # 1504
39136 # 1504
39148 # 1504
39160 # 1504
39172 # 1504
39184 # 1504
39196 # 1504
39208 # 1504
39220 # 1504
39232 # 1504
39244 # 1504
39256 # 1504
39268 # 1504
39280 # 1504
39292 # 1504
39304 # 1504
39316 # 1504
39328 # 1504
39340 # 1504
39352 # 1504
39364 # 1504
39376 # 1504
39388 # 1504
39400 # 1504
39412 # 1504
39424 # 1504
39436 # 1504
39448 # 1504
39460 # 1504
39472 # 1504
39484 # 1504
39496 # 1504
39508 # 1504
39520 # 1504
39532 # 1504
39544 # 1504
39556 # 1504
39568 # 1504
39580 # 1504
39592 # 1504
39604 # 1504
39616 # 1504
39628 # 1504
39640 # 1504
39652 # 1504
39664 # 1504
39676 # 1504
39688 # 1504
39700 # 1504
39712 # 1504
39724 # 1504
39736 # 1504
39748 # 1504
39760 # 1504
39772 # 1504
39784 # 1504
39796 # 1504
39808 # 1504
39820 # 1504
39832 # 1504
39844 # 1504
39856 # 1504
39868 # 1504
39880 # 1504
39892 # 1504
39904 # 1504
39916 # 1504
39928 # 1504
39940 # 1504
39952 # 1504
39964 # 1504
39976 # 1504
39988 # 1504
40000 # 1504
40012 # 1504
40024 # 1504
40036 # 1504
40048 # 1504
40060 # 1504
40072 # 1504
40084 # 1504
40096 # 1504
40108 # 1504
40120 # 1504
40132 # 1504
40144 # 1504
40156 # 1504
40168 # 1504
40180 # 1504
40192 # 1504
40204 # 1504
40216 # 1504
40228 # 1504
40240 # 1504
40252 # 1504
40264 # 1504
40276 # 1504
40288 # 1504
40300 # 1504
40312 # 1504
40324 # 1504
40336 # 1504
40348 # 1504
40360 # 1504
40372 # 1504
40384 # 1504
40396 # 1504
40408 # 1504
40420 # 1504
40432 # 1504
40444 # 1504
40456 # 1504
40468 # 1504
40480 # 1504
40492 # 1504
40504 # 1504
40516 # 1504
40528 # 1504
40540 # 1504
40552 # 1504
40564 # 1504
40576 # 1504
40588 # 1504
40600 # 1504
40612 # 1504
40624 # 1504
40636 # 1504
40648 # 1504
40660 # 1504
40672 # 1504
40684 # 1504
40696 # 1504
40708 # 1504
40720 # 1504
40732 # 1504
40744 # 1504
40756 # 1504
40768 # 1504
40780 # 1504
40792 # 1504
40804 # 1504
40816 # 1504
40828 # 1504
40840 # 1504
40852 # 1504
40864 # 1504
40876 # 1504
40888 # 1504
40900 # 1504
40912 # 1504
40924 # 1504
40936 # 1504
40948 # 1504
40960 # 1504
40972 # 1504
40984 # 1504
40996 # 1504
41008 # 1504
41020 # 1504
41032 # 1504
41044 # 1504
41056 # 1504
41068 # 1504
41080 # 1504
41092 # 1504
41104 # 1504
41116 # 1504
41128 # 1504
41140 # 1504
41152 # 1504
41164 # 1504
41176 # 1504
41188 # 1504
41200 # 1504
41212 # 1504
41224 # 1504
41236 # 1504
41248 # 1504
41260 # 1504
41272 # 1504
41284 # 1504
41296 # 1504
41308 # 1504
41320 # 1504
41332 # 1504
41344 # 1504
41356 # 1504
41368 # 1504
41380 # 1504
41392 # 1504
41404 # 1504
41416 # 1504
41428 # 1504
41440 # 1504
41452 # 1504
41464 # 1504
41476 # 1504
41488 # 1504
41500 # 1504
41512 # 1504
41524 # 1504
41536 # 1504
41548 # 1504
41560 # 1504
41572 # 1504
41584 # 1504
41596 # 1504
41608 # 1504
41620 # 1504
41632 # 1504
41644 # 1504
41656 # 1504
41668 # 1504
41680 # 1504
41692 # 1504
41704 # 1504
41716 # 1504
41728 # 1504
41740 # 1504
41752 # 1504
41764 # 1504
41776 # 1504
41788 # 1504
41800 # 1504
41812 # 1504
41824 # 1504
41836 # 1504
41848 # 1504
41860 # 1504
41872 # 1504
41884 # 1504
41896 # 1504
41908 # 1504
41920 # 1504
41932 # 1504
41944 # 1504
41956 # 1504
41968 # 1504
41980 # 1504
41992 # 1504
42004 # 1504
42016 # 1504
42028 # 1504
42040 # 1504
42052 # 1504
42064 # 1504
42076 # 1504
42088 # 1504
42100 # 1504
42112 # 1504
42124 # 1504
42136 # 1504
42148 # 1504
42160 # 1504
42172 # 1504
42184 # 1504
42196 # 1504
42208 # 1504
42220 # 1504
42232 # 1504
42244 # 1504
42256 # 1504
42268 # 1504
42280 # 1504
42292 # 1504
42304 # 1504
42316 # 1504
42328 # 1504
42340 # 1504
42352 # 1504
42364 # 1504
42376 # 1504
42388 # 1504
42400 # 1504
42412 # 1504
42424 # 1504
42436 # 1504
42448 # 1504
42460 # 1504
42472 # 1504
42484 # 1504
42496 # 1504
42508 # 1504
42520 # 1504
42532 # 1504
42544 # 1504
42556 # 1504
42568 # 1504
42580 # 1504
42592 # 1504
42604 # 1504
42616 # 1504
42628 # 1504
42640 # 1504
42652 # 1504
42664 # 1504
42676 # 1504
42688 # 1504
42700 # 1504
42712 # 1504
42724 # 1504
42736 # 1504
42748 # 1504
42760 # 1504
42772 # 1504
42784 # 1504
42796 # 1504
42808 # 1504
42820 # 1504
42832 # 1504
42844 # 1504
42856 # 1504
42868 # 1504
42880 # 1504
42892 # 1504
42904 # 1504
42916 # 1504
42928 # 1504
42940 # 1504
42952 # 1504
42964 # 1504
42976 # 1504
42988 # 1504
43000 # 1504
43012 # 1504
43024 # 1504
43036 # 1504
43048 # 1504
43060 # 1504
43072 # 1504
43084 # 1504
43096 # 1504
43108 # 1504
43120 # 1504
43132 # 1504
43144 # 1504
43156 # 1504
43168 # 1504
43180 # 1504
43192 # 1504
43204 # 1504
43216 # 1504
43228 # 1504
43240 # 1504
43252 # 1504
43264 # 1504
43276 # 1504
43288 # 1504
43300 # 1504
43312 # 1504
43324 # 1504
43336 # 1504
43348 # 1504
43360 # 1504
43372 # 1504
43384 # 1504
43396 # 1504
43408 # 1504
43420 # 1504
43432 # 1504
43444 # 1504
43456 # 1504
43468 # 1504
43480 # 1504
43492 # 1504
43504 # 1504
43516 # 1504
43528 # 1504
43540 # 1504
43552 # 1504
43564 # 1504
43576 # 1504
43588 # 1504
43600 # 1504
43612 # 1504
43624 # 1504
43636 # 1504
43648 # 1504
43660 # 1504
43672 # 1504
43684 # 1504
43696 # 1504
43708 # 1504
43720 # 1504
43732 # 1504
43744 # 1504
43756 # 1504
43768 # 1504
43780 # 1504
43792 # 1504
43804 # 1504
43816 # 1504
43828 # 1504
43840 # 1504
43852 # 1504
43864 # 1504
43876 # 1504
43888 # 1504
43900 # 1504
43912 # 1504
43924 # 1504
43936 # 1504
43948 # 1504
43960 # 1504
43972 # 1504
43984 # 1504
43996 # 1504
44008 # 1504
44020 # 1504
44032 # 1504
44044 # 1504
44056 # 1504
44068 # 1504
44080 # 1504
44092 # 1504
44104 # 1504
44116 # 1504
44128 # 1504
44140 # 1504
44152 # 1504
44164 # 1504
44176 # 1504
44188 # 1504
44200 # 1504
44212 # 1504
44224 # 1504
44236 # 1504
44248 # 1504
44260 # 1504
44272 # 1504
44284 # 1504
44296 # 1504
44308 # 1504
44320 # 1504
44332 # 1504
44344 # 1504
44356 # 1504
44368 # 1504
44380 # 1504
44392 # 1504
44404 # 1504
44416 # 1504
44428 # 1504
44440 # 1504
44452 # 1504
44464 # 1504
44476 # 1504
44488 # 1504
44500 # 1504
44512 # 1504
44524 # 1504
44536 # 1504
44548 # 1504
44560 # 1504
44572 # 1504
44584 # 1504
44596 # 1504
44608 # 1504
44620 # 1504
44632 # 1504
44644 # 1504
44656 # 1504
44668 # 1504
44680 # 1504
44692 # 1504
44704 # 1504
44716 # 1504
44728 # 1504
44740 # 1504
44752 # 1504
44764 # 1504
44776 # 1504
44788 # 1504
44800 # 1504
44812 # 1504
44824 # 1504
44836 # 1504
44848 # 1504
44860 # 1504
44872 # 1504
44884 # 1504
44896 # 1504
44908 # 1504
44920 # 1504
44932 # 1504
44944 # 1504
44956 # 1504
44968 # 1504
44980 # 1504
44992 # 1504
45004 # 1504
45016 # 1504
45028 # 1504
45040 # 1504
45052 # 1504
45064 # 1504
45076 # 1504
45088 # 1504
45100 # 1504
45112 # 1504
45124 # 1504
45136 # 1504
45148 # 1504
45160 # 1504
45172 # 1504
45184 # 1504
45196 # 1504
45208 # 1504
45220 # 1504
45232 # 1504
45244 # 1504
45256 # 1504
45268 # 1504
45280 # 1504
45292 # 1504
45304 # 1504
45316 # 1504
45328 # 1504
45340 # 1504
45352 # 1504
45364 # 1504
45376 # 1504
45388 # 1504
45400 # 1504
45412 # 1504
45424 # 1504
45436 # 1504
45448 # 1504
45460 # 1504
45472 # 1504
45484 # 1504
45496 # 1504
45508 # 1504
45520 # 1504
45532 # 1504
45544 # 1504
45556 # 1504
45568 # 1504
45580 # 1504
45592 # 1504
45604 # 1504
45616 # 1504
45628 # 1504
45640 # 1504
45652 # 1504
45664 # 1504
45676 # 1504
45688 # 1504
45700 # 1504
45712 # 1504
45724 # 1504
45736 # 1504
45748 # 1504
45760 # 1504
45772 # 1504
45784 # 1504
45796 # 1504
45808 # 1504
45820 # 1504
45832 # 1504
45844 # 1504
45856 # 1504
45868 # 1504
45880 # 1504
45892 # 1504
45904 # 1504
45916 # 1504
45928 # 1504
45940 # 1504
45952 # 1504
45964 # 1504
45976 # 1504
45988 # 1504
46000 # 1504
46012 # 1504
46024 # 1504
46036 # 1504
46048 # 1504
46060 # 1504
46072 # 1504
46084 # 1504
46096 # 1504
46108 # 1504
46120 # 1504
46132 # 1504
46144 # 1504
46156 # 1504
46168 # 1504
46180 # 1504
46192 # 1504
46204 # 1504
46216 # 1504
46228 # 1504
46240 # 1504
46252 # 1504
46264 # 1504
46276 # 1504
46288 # 1504
46300 # 1504
46312 # 1504
46324 # 1504
46336 # 1504
46348 # 1504
46360 # 1504
46372 # 1504
46384 # 1504
46396 # 1504
46408 # 1504
46420 # 1504
46432 # 1504
46444 # 1504
46456 # 1504
46468 # 1504
46480 # 1504
46492 # 1504
46504 # 1504
46516 # 1504
46528 # 1504
46540 # 1504
46552 # 1504
46564 # 1504
46576 # 1504
46588 # 1504
46600 # 1504
46612 # 1504
46624 # 1504
46636 # 1504
46648 # 1504
46660 # 1504
46672 # 1504
46684 # 1504
46696 # 1504
46708 # 1504
46720 # 1504
46732 # 1504
46744 # 1504
46756 # 1504
46768 # 1504
46780 # 1504
46792 # 1504
46804 # 1504
46816 # 1504
46828 # 1504
46840 # 1504
46852 # 1504
46864 # 1504
46876 # 1504
46888 # 1504
46900 # 1504
46912 # 1504
46924 # 1504
46936 # 1504
46948 # 1504
46960 # 1504
46972 # 1504
46984 # 1504
46996 # 1504
47008 # 1504
47020 # 1504
47032 # 1504
47044 # 1504
47056 # 1504
47068 # 1504
47080 # 1504
47092 # 1504
47104 # 1504
47116 # 1504
47128 # 1504
47140 # 1504
47152 # 1504
47164 # 1504
47176 # 1504
47188 # 1504
47200 # 1504
47212 # 1504
47224 # 1504
47236 # 1504
47248 # 1504
47260 # 1504
47272 # 1504
47284 # 1504
47296 # 1504
47308 # 1504
47320 # 1504
47332 # 1504
47344 # 1504
47356 # 1504
47368 # 1504
47380 # 1504
47392 # 1504
47404 # 1504
47416 # 1504
47428 # 1504
47440 # 1504
47452 # 1504
47464 # 1504
47476 # 1504
47488 # 1504
47500 # 1504
47512 # 1504
47524 # 1504
47536 # 1504
47548 # 1504
47560 # 1504
47572 # 1504
47584 # 1504
47596 # 1504
47608 # 1504
47620 # 1504
47632 # 1504
47644 # 1504
47656 # 1504
47668 # 1504
47680 # 1504
47692 # 1504
47704 # 1504
47716 # 1504
47728 # 1504
47740 # 1504
47752 # 1504
47764 # 1504
47776 # 1504
47788 # 1504
47800 # 1504
47812 # 1504
47824 # 1504
47836 # 1504
47848 # 1504
47860 # 1504
47872 # 1504
47884 # 1504
47896 # 1504
47908 # 1504
47920 # 1504
47932 # 1504
47944 # 1504
47956 # 1504
47968 # 1504
47980 # 1504
47992 # 1504
48004 # 1504
48016 # 1504
48028 # 1504
48040 # 1504
48052 # 1504
48064 # 1504
48076 # 1504
48088 # 1504
48100 # 1504
48112 # 1504
48124 # 1504
48136 # 1504
48148 # 1504
48160 # 1504
48172 # 1504
48184 # 1504
48196 # 1504
48208 # 1504
48220 # 1504
48232 # 1504
48244 # 1504
48256 # 1504
48268 # 1504
48280 # 1504
48292 # 1504
48304 # 1504
48316 # 1504
48328 # 1504
48340 # 1504
48352 # 1504
48364 # 1504
48376 # 1504
48388 # 1504
48400 # 1504
48412 # 1504
48424 # 1504
48436 # 1504
48448 # 1504
48460 # 1504
48472 # 1504
48484 # 1504
48496 # 1504
48508 # 1504
48520 # 1504
48532 # 1504
48544 # 1504
48556 # 1504
48568 # 1504
48580 # 1504
48592 # 1504
48604 # 1504
48616 # 1504
48628 # 1504
48640 # 1504
48652 # 1504
48664 # 1504
48676 # 1504
48688 # 1504
48700 # 1504
48712 # 1504
48724 # 1504
48736 # 1504
48748 # 1504
48760 # 1504
48772 # 1504
48784 # 1504
48796 # 1504
48808 # 1504
48820 # 1504
48832 # 1504
48844 # 1504
48856 # 1504
48868 # 1504
48880 # 1504
48892 # 1504
48904 # 1504
48916 # 1504
48928 # 1504
48940 # 1504
48952 # 1504
48964 # 1504
48976 # 1504
48988 # 1504
49000 # 1504
49012 # 1504
49024 # 1504
49036 # 1504
49048 # 1504
49060 # 1504
49072 # 1504
49084 # 1504
49096 # 1504
49108 # 1504
49120 # 1504
49132 # 1504
49144 # 1504
49156 # 1504
49168 # 1504
49180 # 1504
49192 # 1504
49204 # 1504
49216 # 1504
49228 # 1504
49240 # 1504
49252 # 1504
49264 # 1504
49276 # 1504
49288 # 1504
49300 # 1504
49312 # 1504
49324 # 1504
49336 # 1504
49348 # 1504
49360 # 1504
49372 # 1504
49384 # 1504
49396 # 1504
49408 # 1504
49420 # 1504
49432 # 1504
49444 # 1504
49456 # 1504
49468 # 1504
49480 # 1504
49492 # 1504
49504 # 1504
49516 # 1504
49528 # 1504
49540 # 1504
49552 # 1504
49564 # 1504
49576 # 1504
49588 # 1504
49600 # 1504
49612 # 1504
49624 # 1504
49636 # 1504
49648 # 1504
49660 # 1504
49672 # 1504
49684 # 1504
49696 # 1504
49708 # 1504
49720 # 1504
49732 # 1504
49744 # 1504
49756 # 1504
49768 # 1504
49780 # 1504
49792 # 1504
49804 # 1504
49816 # 1504
49828 # 1504
49840 # 1504
49852 # 1504
49864 # 1504
49876 # 1504
49888 # 1504
49900 # 1504
49912 # 1504
49924 # 1504
49936 # 1504
49948 # 1504
49960 # 1504
49972 # 1504
49984 # 1504
49996 # 1504
50008 # 1504
50020 # 1504
50032 # 1504
50044 # 1504
50056 # 1504
50068 # 1504
50080 # 1504
50092 # 1504
50104 # 1504
50116 # 1504
50128 # 1504
50140 # 1504
50152 # 1504
50164 # 1504
50176 # 1504
50188 # 1504
50200 # 1504
50212 # 1504
50224 # 1504
50236 # 1504
50248 # 1504
50260 # 1504
50272 # 1504
50284 # 1504
50296 # 1504
50308 # 1504
50320 # 1504
50332 # 1504
50344 # 1504
50356 # 1504
50368 # 1504
50380 # 1504
50392 # 1504
50404 # 1504
50416 # 1504
50428 # 1504
50440 # 1504
50452 # 1504
50464 # 1504
50476 # 1504
50488 # 1504
50500 # 1504
50512 # 1504
50524 # 1504
50536 # 1504
50548 # 1504
50560 # 1504
50572 # 1504
50584 # 1504
50596 # 1504
50608 # 1504
50620 # 1504
50632 # 1504
50644 # 1504
50656 # 1504
50668 # 1504
50680 # 1504
50692 # 1504
50704 # 1504
50716 # 1504
50728 # 1504
50740 # 1504
50752 # 1504
50764 # 1504
50776 # 1504
50788 # 1504
50800 # 1504
50812 # 1504
50824 # 1504
50836 # 1504
50848 # 1504
50860 # 1504
50872 # 1504
50884 # 1504
50896 # 1504
50908 # 1504
50920 # 1504
50932 # 1504
50944 # 1504
50956 # 1504
50968 # 1504
50980 # 1504
50992 # 1504
51004 # 1504
51016 # 1504
51028 # 1504
51040 # 1504
51052 # 1504
51064 # 1504
51076 # 1504
51088 # 1504
51100 # 1504
51112 # 1504
51124 # 1504
51136 # 1504
51148 # 1504
51160 # 1504
51172 # 1504
51184 # 1504
51196 # 1504
51208 # 1504
51220 # 1504
51232 # 1504
51244 # 1504
51256 # 1504
51268 # 1504
51280 # 1504
51292 # 1504
51304 # 1504
51316 # 1504
51328 # 1504
51340 # 1504
51352 # 1504
51364 # 1504
51376 # 1504
51388 # 1504
51400 # 1504
51412 # 1504
51424 # 1504
51436 # 1504
51448 # 1504
51460 # 1504
51472 # 1504
51484 # 1504
51496 # 1504
51508 # 1504
51520 # 1504
51532 # 1504
51544 # 1504
51556 # 1504
51568 # 1504
51580 # 1504
51592 # 1504
51604 # 1504
51616 # 1504
51628 # 1504
51640 # 1504
51652 # 1504
51664 # 1504
51676 # 1504
51688 # 1504
51700 # 1504
51712 # 1504
51724 # 1504
51736 # 1504
51748 # 1504
51760 # 1504
51772 # 1504
51784 # 1504
51796 # 1504
51808 # 1504
51820 # 1504
51832 # 1504
51844 # 1504
51856 # 1504
51868 # 1504
51880 # 1504
51892 # 1504
51904 # 1504
51916 # 1504
51928 # 1504
51940 # 1504
51952 # 1504
51964 # 1504
51976 # 1504
51988 # 1504
52000 # 1504
52012 # 1504
52024 # 1504
52036 # 1504
52048 # 1504
52060 # 1504
52072 # 1504
52084 # 1504
52096 # 1504
52108 # 1504
52120 # 1504
52132 # 1504
52144 # 1504
52156 # 1504
52168 # 1504
52180 # 1504
52192 # 1504
52204 # 1504
52216 # 1504
52228 # 1504
52240 # 1504
52252 # 1504
52264 # 1504
52276 # 1504
52288 # 1504
52300 # 1504
52312 # 1504
52324 # 1504
52336 # 1504
52348 # 1504
52360 # 1504
52372 # 1504
52384 # 1504
52396 # 1504
52408 # 1504
52420 # 1504
52432 # 1504
52444 # 1504
52456 # 1504
52468 # 1504
52480 # 1504
52492 # 1504
52504 # 1504
52516 # 1504
52528 # 1504
52540 # 1504
52552 # 1504
52564 # 1504
52576 # 1504
52588 # 1504
52600 # 1504
52612 # 1504
52624 # 1504
52636 # 1504
52648 # 1504
52660 # 1504
52672 # 1504
52684 # 1504
52696 # 1504
52708 # 1504
52720 # 1504
52732 # 1504
52744 # 1504
52756 # 1504
52768 # 1504
52780 # 1504
52792 # 1504
52804 # 1504
52816 # 1504
52828 # 1504
52840 # 1504
52852 # 1504
52864 # 1504
52876 # 1504
52888 # 1504
52900 # 1504
52912 # 1504
52924 # 1504
52936 # 1504
52948 # 1504
52960 # 1504
52972 # 1504
52984 # 1504
52996 # 1504
53008 # 1504
53020 # 1504
53032 # 1504
53044 # 1504
53056 # 1504
53068 # 1504
53080 # 1504
53092 # 1504
53104 # 1504
53116 # 1504
53128 # 1504
53140 # 1504
53152 # 1504
53164 # 1504
53176 # 1504
53188 # 1504
53200 # 1504
53212 # 1504
53224 # 1504
53236 # 1504
53248 # 1504
53260 # 1504
53272 # 1504
53284 # 1504
53296 # 1504
53308 # 1504
53320 # 1504
53332 # 1504
53344 # 1504
53356 # 1504
53368 # 1504
53380 # 1504
53392 # 1504
53404 # 1504
53416 # 1504
53428 # 1504
53440 # 1504
53452 # 1504
53464 # 1504
53476 # 1504
53488 # 1504
53500 # 1504
53512 # 1504
53524 # 1504
53536 # 1504
53548 # 1504
53560 # 1504
53572 # 1504
53584 # 1504
53596 # 1504
53608 # 1504
53620 # 1504
53632 # 1504
53644 # 1504
53656 # 1504
53668 # 1504
53680 # 1504
53692 # 1504
53704 # 1504
53716 # 1504
53728 # 1504
53740 # 1504
53752 # 1504
53764 # 1504
53776 # 1504
53788 # 1504
53800 # 1504
53812 # 1504
53824 # 1504
53836 # 1504
53848 # 1504
53860 # 1504
53872 # 1504
53884 # 1504
53896 # 1504
53908 # 1504
53920 # 1504
53932 # 1504
53944 # 1504
53956 # 1504
53968 # 1504
53980 # 1504
53992 # 1504
54004 # 1504
54016 # 1504
54028 # 1504
54040 # 1504
54052 # 1504
54064 # 1504
54076 # 1504
54088 # 1504
54100 # 1504
54112 # 1504
54124 # 1504
54136 # 1504
54148 # 1504
54160 # 1504
54172 # 1504
54184 # 1504
54196 # 1504
54208 # 1504
54220 # 1504
54232 # 1504
54244 # 1504
54256 # 1504
54268 # 1504
54280 # 1504
54292 # 1504
54304 # 1504
54316 # 1504
54328 # 1504
54340 # 1504
54352 # 1504
54364 # 1504
54376 # 1504
54388 # 1504
54400 # 1504
54412 # 1504
54424 # 1504
54436 # 1504
54448 # 1504
54460 # 1504
54472 # 1504
54484 # 1504
54496 # 1504
54508 # 1504
54520 # 1504
54532 # 1504
54544 # 1504
54556 # 1504
54568 # 1504
54580 # 1504
54592 # 1504
54604 # 1504
54616 # 1504
54628 # 1504
54640 # 1504
54652 # 1504
54664 # 1504
54676 # 1504
54688 # 1504
54700 # 1504
54712 # 1504
54724 # 1504
54736 # 1504
54748 # 1504
54760 # 1504
54772 # 1504
54784 # 1504
54796 # 1504
54808 # 1504
54820 # 1504
54832 # 1504
54844 # 1504
54856 # 1504
54868 # 1504
54880 # 1504
54892 # 1504
54904 # 1504
54916 # 1504
54928 # 1504
54940 # 1504
54952 # 1504
54964 # 1504
54976 # 1504
54988 # 1504
55000 # 1504
55012 # 1504
55024 # 1504
55036 # 1504
55048 # 1504
55060 # 1504
55072 # 1504
55084 # 1504
55096 # 1504
55108 # 1504
55120 # 1504
55132 # 1504
55144 # 1504
55156 # 1504
55168 # 1504
55180 # 1504
55192 # 1504
55204 # 1504
55216 # 1504
55228 # 1504
55240 # 1504
55252 # 1504
55264 # 1504
55276 # 1504
55288 # 1504
55300 # 1504
55312 # 1504
55324 # 1504
55336 # 1504
55348 # 1504
55360 # 1504
55372 # 1504
55384 # 1504
55396 # 1504
55408 # 1504
55420 # 1504
55432 # 1504
55444 # 1504
55456 # 1504
55468 # 1504
55480 # 1504
55492 # 1504
55504 # 1504
55516 # 1504
55528 # 1504
55540 # 1504
55552 # 1504
55564 # 1504
55576 # 1504
55588 # 1504
55600 # 1504
55612 # 1504
55624 # 1504
55636 # 1504
55648 # 1504
55660 # 1504
55672 # 1504
55684 # 1504
55696 # 1504
55708 # 1504
55720 # 1504
55732 # 1504
55744 # 1504
55756 # 1504
55768 # 1504
55780 # 1504
55792 # 1504
55804 # 1504
55816 # 1504
55828 # 1504
55840 # 1504
55852 # 1504
55864 # 1504
55876 # 1504
55888 # 1504
55900 # 1504
55912 # 1504
55924 # 1504
55936 # 1504
55948 # 1504
55960 # 1504
55972 # 1504
55984 # 1504
55996 # 1504
56008 # 1504
56020 # 1504
56032 # 1504
56044 # 1504
56056 # 1504
56068 # 1504
56080 # 1504
56092 # 1504
56104 # 1504
56116 # 1504
56128 # 1504
56140 # 1504
56152 # 1504
56164 # 1504
56176 # 1504
56188 # 1504
56200 # 1504
56212 # 1504
56224 # 1504
56236 # 1504
56248 # 1504
56260 # 1504
56272 # 1504
56284 # 1504
56296 # 1504
56308 # 1504
56320 # 1504
56332 # 1504
56344 # 1504
56356 # 1504
56368 # 1504
56380 # 1504
56392 # 1504
56404 # 1504
56416 # 1504
56428 # 1504
56440 # 1504
56452 # 1504
56464 # 1504
56476 # 1504
56488 # 1504
56500 # 1504
56512 # 1504
56524 # 1504
56536 # 1504
56548 # 1504
56560 # 1504
56572 # 1504
56584 # 1504
56596 # 1504
56608 # 1504
56620 # 1504
56632 # 1504
56644 # 1504
56656 # 1504
56668 # 1504
56680 # 1504
56692 # 1504
56704 # 1504
56716 # 1504
56728 # 1504
56740 # 1504
56752 # 1504
56764 # 1504
56776 # 1504
56788 # 1504
56800 # 1504
56812 # 1504
56824 # 1504
56836 # 1504
56848 # 1504
56860 # 1504
56872 # 1504
56884 # 1504
56896 # 1504
56908 # 1504
56920 # 1504
56932 # 1504
56944 # 1504
56956 # 1504
56968 # 1504
56980 # 1504
56992 # 1504
57004 # 1504
57016 # 1504
57028 # 1504
57040 # 1504
57052 # 1504
57064 # 1504
57076 # 1504
57088 # 1504
57100 # 1504
57112 # 1504
57124 # 1504
57136 # 1504
57148 # 1504
57160 # 1504
57172 # 1504
57184 # 1504
57196 # 1504
57208 # 1504
57220 # 1504
57232 # 1504
57244 # 1504
57256 # 1504
57268 # 1504
57280 # 1504
57292 # 1504
57304 # 1504
57316 # 1504
57328 # 1504
57340 # 1504
57352 # 1504
57364 # 1504
57376 # 1504
57388 # 1504
57400 # 1504
57412 # 1504
57424 # 1504
57436 # 1504
57448 # 1504
57460 # 1504
57472 # 1504
57484 # 1504
57496 # 1504
57508 # 1504
57520 # 1504
57532 # 1504
57544 # 1504
57556 # 1504
57568 # 1504
57580 # 1504
57592 # 1504
57604 # 1504
57616 # 1504
57628 # 1504
57640 # 1504
57652 # 1504
57664 # 1504
57676 # 1504
57688 # 1504
57700 # 1504
57712 # 1504
57724 # 1504
57736 # 1504
57748 # 1504
57760 # 1504
57772 # 1504
57784 # 1504
57796 # 1504
57808 # 1504
57820 # 1504
57832 # 1504
57844 # 1504
57856 # 1504
57868 # 1504
57880 # 1504
57892 # 1504
57904 # 1504
57916 # 1504
57928 # 1504
57940 # 1504
57952 # 1504
57964 # 1504
57976 # 1504
57988 # 1504
58000 # 1504
58012 # 1504
58024 # 1504
58036 # 1504
58048 # 1504
58060 # 1504
58072 # 1504
58084 # 1504
58096 # 1504
58108 # 1504
58120 # 1504
58132 # 1504
58144 # 1504
58156 # 1504
58168 # 1504
58180 # 1504
58192 # 1504
58204 # 1504
58216 # 1504
58228 # 1504
58240 # 1504
58252 # 1504
58264 # 1504
58276 # 1504
58288 # 1504
58300 # 1504
58312 # 1504
58324 # 1504
58336 # 1504
58348 # 1504
58360 # 1504
58372 # 1504
58384 # 1504
58396 # 1504
58408 # 1504
58420 # 1504
58432 # 1504
58444 # 1504
58456 # 1504
58468 # 1504
58480 # 1504
58492 # 1504
58504 # 1504
58516 # 1504
58528 # 1504
58540 # 1504
58552 # 1504
58564 # 1504
58576 # 1504
58588 # 1504
58600 # 1504
58612 # 1504
58624 # 1504
58636 # 1504
58648 # 1504
58660 # 1504
58672 # 1504
58684 # 1504
58696 # 1504
58708 # 1504
58720 # 1504
58732 # 1504
58744 # 1504
58756 # 1504
58768 # 1504
58780 # 1504
58792 # 1504
58804 # 1504
58816 # 1504
58828 # 1504
58840 # 1504
58852 # 1504
58864 # 1504
58876 # 1504
58888 # 1504
58900 # 1504
58912 # 1504
58924 # 1504
58936 # 1504
58948 # 1504
58960 # 1504
58972 # 1504
58984 # 1504
58996 # 1504
59008 # 1504
59020 # 1504
59032 # 1504
59044 # 1504
59056 # 1504
59068 # 1504
59080 # 1504
59092 # 1504
59104 # 1504
59116 # 1504
59128 # 1504
59140 # 1504
59152 # 1504
59164 # 1504
59176 # 1504
59188 # 1504
59200 # 1504
59212 # 1504
59224 # 1504
59236 # 1504
59248 # 1504
59260 # 1504
59272 # 1504
59284 # 1504
59296 # 1504
59308 # 1504
59320 # 1504
59332 # 1504
59344 # 1504
59356 # 1504
59368 # 1504
59380 # 1504
59392 # 1504
59404 # 1504
59416 # 1504
59428 # 1504
59440 # 1504
59452 # 1504
59464 # 1504
59476 # 1504
59488 # 1504
59500 # 1504
59512 # 1504
59524 # 1504
59536 # 1504
59548 # 1504
59560 # 1504
59572 # 1504
59584 # 1504
59596 # 1504
59608 # 1504
59620 # 1504
59632 # 1504
59644 # 1504
59656 # 1504
59668 # 1504
59680 # 1504
59692 # 1504
59704 # 1504
59716 # 1504
59728 # 1504
59740 # 1504
59752 # 1504
59764 # 1504
59776 # 1504
59788 # 1504
59800 # 1504
59812 # 1504
59824 # 1504
59836 # 1504
59848 # 1504
59860 # 1504
59872 # 1504
59884 # 1504
59896 # 1504
59908 # 1504
59920 # 1504
59932 # 1504
59944 # 1504
59956 # 1504
59968 # 1504
59980 # 1504
59992 # 1504
60004 # 1504
60016 # 1504
60028 # 1504
60040 # 1504
60052 # 1504
60064 # 1504
60076 # 1504
60088 # 1504
60100 # 1504
60112 # 1504
60124 # 1504
60135 # 1504
60147 # 1504
60159 # 1504
60171 # 1504
60183 # 1504
60195 # 1504
60207 # 1504
60219 # 1504
60231 # 1504
60243 # 1504
60255 # 1504
60267 # 1504
60279 # 1504
60291 # 1504
60303 # 1504
60315 # 1504
60327 # 1504
60339 # 1504
60351 # 1504
60363 # 1504
60375 # 1504
60387 # 1504
60399 # 1504
60411 # 1504
60423 # 1504
60435 # 1504
60447 # 1504
60459 # 1504
60471 # 1504
60483 # 1504
60495 # 1504
60507 # 1504
60519 # 1504
60531 # 1504
60543 # 1504
60555 # 1504
60567 # 1504
60579 # 1504
60591 # 1504
60603 # 1504
60615 # 1504
60627 # 1504
60639 # 1504
60651 # 1504
60663 # 1504
60675 # 1504
60687 # 1504
60699 # 1504
60711 # 1504
60723 # 1504
60735 # 1504
60747 # 1504
60759 # 1504
60771 # 1504
60783 # 1504
60795 # 1504
60807 # 1504
60819 # 1504
60831 # 1504
60843 # 1504
60855 # 1504
60867 # 1504
60879 # 1504
60891 # 1504
60903 # 1504
60915 # 1504
60927 # 1504
60939 # 1504
60951 # 1504
60963 # 1504
60975 # 1504
60987 # 1504
60999 # 1504
61011 # 1504
61023 # 1504
61035 # 1504
61047 # 1504
61059 # 1504
61071 # 1504
61083 # 1504
61095 # 1504
61107 # 1504
61119 # 1504
61131 # 1504
61143 # 1504
61155 # 1504
61167 # 1504
61179 # 1504
61191 # 1504
61203 # 1504
61215 # 1504
61227 # 1504
61239 # 1504
61251 # 1504
61263 # 1504
61275 # 1504
61287 # 1504
61299 # 1504
61311 # 1504
61323 # 1504
61335 # 1504
61347 # 1504
61359 # 1504
61371 # 1504
61383 # 1504
61395 # 1504
61407 # 1504
61419 # 1504
61431 # 1504
61443 # 1504
61455 # 1504
61467 # 1504
61479 # 1504
61491 # 1504
61503 # 1504
61515 # 1504
61527 # 1504
61539 # 1504
61551 # 1504
61563 # 1504
61575 # 1504
61587 # 1504
61599 # 1504
61611 # 1504
61623 # 1504
61635 # 1504
61647 # 1504
61659 # 1504
61671 # 1504
61683 # 1504
61695 # 1504
61707 # 1504
61719 # 1504
61731 # 1504
61743 # 1504
61755 # 1504
61767 # 1504
61779 # 1504
61791 # 1504
61803 # 1504
61815 # 1504
61827 # 1504
61839 # 1504
61851 # 1504
61863 # 1504
61875 # 1504
61887 # 1504
61899 # 1504
61911 # 1504
61923 # 1504
61935 # 1504
61947 # 1504
61959 # 1504
61971 # 1504
61983 # 1504
61995 # 1504
62007 # 1504
62019 # 1504
62031 # 1504
62043 # 1504
62055 # 1504
62067 # 1504
62079 # 1504
62091 # 1504
62103 # 1504
62115 # 1504
62127 # 1504
62139 # 1504
