1744785100.253013
1744785100.556191
1744785100.860576
1744785101.168083
1744785101.470327
1744785101.776054
1744785102.079680
1744785102.381531
1744785102.684436
1744785102.986827
1744785103.296417
1744785103.600798
1744785103.912664
1744785104.223816
1744785104.535006
1744785104.844195
1744785105.149161
1744785105.451656
1744785105.762999
1744785106.064973
1744785106.371670
1744785106.675163
1744785106.976979
1744785107.291635
1744785107.595075
1744785107.899018
1744785108.202078
1744785108.513587
1744785108.834148
1744785109.137802
1744785109.446090
1744785109.754782
1744785110.059759
1744785110.361486
1744785110.673096
1744785110.981804
1744785111.284532
1744785111.591821
1744785111.893162
1744785112.199272
1744785112.510944
1744785112.821554
1744785113.126049
1744785113.428167
1744785113.737585
1744785114.041865
1744785114.343599
1744785114.644948
1744785114.946575
1744785115.248739
1744785115.556402
1744785115.858697
1744785116.170115
1744785116.482525
1744785116.794678
1744785117.108144
1744785117.410526
1744785117.712216
1744785118.021078
1744785118.322655
1744785118.633169
1744785118.934347
1744785119.235881
1744785119.543757
1744785119.848083
1744785120.156647
1744785120.467000
1744785120.778211
1744785121.089792
1744785121.401280
1744785121.703814
1744785122.005444
1744785122.312256
1744785122.617627
1744785122.918835
1744785123.223152
1744785123.524513
1744785123.826199
1744785124.137807
1744785124.448646
1744785124.751158
1744785125.058237
1744785125.367362
1744785125.669601
1744785125.972438
1744785126.275165
1744785126.576898
1744785126.878618
1744785127.182537
1744785127.484072
1744785127.790839
1744785128.092280
1744785128.405527
1744785128.718176
1744785129.022397
1744785129.329002
1744785129.631531
1744785129.933469
1744785130.244191
1744785130.550842
1744785130.852464
1744785131.157785
1744785131.459962
1744785131.767270
1744785132.069301
1744785132.375592
1744785132.685933
1744785132.998315
1744785133.308676
1744785133.611353
1744785133.912794
1744785134.222203
1744785134.530642
1744785134.840878
1744785135.142678
1744785135.444387
1744785135.748434
1744785136.059115
1744785136.367041
1744785136.669119
1744785136.974362
1744785137.282998
1744785137.585321
1744785137.892159
1744785138.194027
1744785138.496101
1744785138.799173
1744785139.100483
1744785139.411799
1744785139.722889
1744785140.024320
1744785140.335358
1744785140.646611
1744785140.949569
1744785141.259675
1744785141.561704
1744785141.871667
1744785142.174274
1744785142.476424
1744785142.778201
1744785143.091530
1744785143.402813
1744785143.705938
1744785144.011439
1744785144.316271
1744785144.618365
1744785144.923699
1744785145.227013
1744785145.531094
1744785145.838290
1744785146.140369
1744785146.452593
1744785146.764459
1744785147.075326
1744785147.377607
1744785147.678813
1744785147.989116
1744785148.291104
1744785148.592560
1744785148.894644
1744785149.196268
1744785149.504029
1744785149.806039
1744785150.115584
1744785150.427497
1744785150.735892
1744785151.041536
1744785151.345142
1744785151.646856
1744785151.956740
1744785152.258346
1744785152.565702
1744785152.870086
1744785153.171691
1744785153.482862
1744785153.794178
1744785154.104990
1744785154.414921
1744785154.723302
1744785155.034296
1744785155.335839
1744785155.637877
1744785155.939629
1744785156.241524
1744785156.549500
1744785156.851240
1744785157.155505
1744785157.466881
1744785157.769048
1744785158.077829
1744785158.379610
1744785158.687859
1744785158.989562
1744785159.291357
1744785159.598508
1744785159.900048
1744785160.201675
