# mahimahi mm-link (Uplink) [tests/1mbps_data.trace] > experiment_logs/1mbps_datalink.log
# command line: 'mm-link' 'tests/1mbps_data.trace' 'tests/1mbps_ack.trace' '--uplink-log=experiment_logs/1mbps_datalink.log' '--downlink-log=experiment_logs/1mbps_acklink.log' '--' 'python2' 'src/experiments/tunnel_manager_updated.py' '--auto-test' '--scheme' 'SCReAM' '--data-dir' 'experiment_logs/1mbps_SCReAM'
# queue: infinite
# base timestamp: 138
149 # 1504
161 # 1504
173 # 1504
178 + 80
185 # 1504
185 - 80 7
194 + 52
194 + 80
197 # 1504
197 - 52 3
197 - 80 3
209 # 1504
221 # 1504
233 # 1504
245 # 1504
257 # 1504
269 # 1504
281 # 1504
293 # 1504
297 + 80
305 # 1504
305 - 80 8
317 # 1504
329 # 1504
341 # 1504
353 # 1504
365 # 1504
377 # 1504
389 # 1504
401 # 1504
413 # 1504
425 # 1504
437 # 1504
449 # 1504
461 # 1504
473 # 1504
485 # 1504
497 # 1504
509 # 1504
521 # 1504
533 # 1504
545 # 1504
557 # 1504
569 # 1504
581 # 1504
593 # 1504
605 # 1504
617 # 1504
629 # 1504
641 # 1504
653 # 1504
665 # 1504
677 # 1504
689 # 1504
701 # 1504
713 # 1504
725 # 1504
737 # 1504
749 # 1504
761 # 1504
773 # 1504
785 # 1504
797 # 1504
809 # 1504
821 # 1504
833 # 1504
845 # 1504
857 # 1504
869 # 1504
881 # 1504
893 # 1504
905 # 1504
917 # 1504
918 + 80
929 # 1504
929 - 80 11
941 # 1504
953 # 1504
965 # 1504
977 # 1504
989 # 1504
1001 # 1504
1013 # 1504
1025 # 1504
1037 # 1504
1049 # 1504
1061 # 1504
1073 # 1504
1085 # 1504
1097 # 1504
1109 # 1504
1121 # 1504
1133 # 1504
1145 # 1504
1157 # 1504
1169 # 1504
1181 # 1504
1193 # 1504
1205 # 1504
1217 # 1504
1229 # 1504
1241 # 1504
1253 # 1504
1265 # 1504
1277 # 1504
1289 # 1504
1301 # 1504
1313 # 1504
1325 # 1504
1337 # 1504
1349 # 1504
1361 # 1504
1373 # 1504
1385 # 1504
1397 # 1504
1409 # 1504
1421 # 1504
1433 # 1504
1445 # 1504
1457 # 1504
1469 # 1504
1481 # 1504
1493 # 1504
1505 # 1504
1517 # 1504
1529 # 1504
1541 # 1504
1553 # 1504
1565 # 1504
1577 # 1504
1589 # 1504
1601 # 1504
1613 # 1504
1625 # 1504
1637 # 1504
1649 # 1504
1661 # 1504
1673 # 1504
1685 # 1504
1697 # 1504
1709 # 1504
1721 # 1504
1733 # 1504
1745 # 1504
1757 # 1504
1769 # 1504
1781 # 1504
1793 # 1504
1805 # 1504
1817 # 1504
1829 # 1504
1841 # 1504
1853 # 1504
1865 # 1504
1877 # 1504
1889 # 1504
1901 # 1504
1913 # 1504
1925 # 1504
1937 # 1504
1949 # 1504
1961 # 1504
1973 # 1504
1985 # 1504
1997 # 1504
2009 # 1504
2021 # 1504
2033 # 1504
2045 # 1504
2057 # 1504
2069 # 1504
2081 # 1504
2093 # 1504
2105 # 1504
2117 # 1504
2129 # 1504
2141 # 1504
2153 # 1504
2165 # 1504
2177 # 1504
2189 # 1504
2201 # 1504
2213 # 1504
2225 # 1504
2237 # 1504
2249 # 1504
2261 # 1504
2273 # 1504
2285 # 1504
2297 # 1504
2309 # 1504
2321 # 1504
2333 # 1504
2345 # 1504
2357 # 1504
2369 # 1504
2381 # 1504
2393 # 1504
2405 # 1504
2417 # 1504
2429 # 1504
2441 # 1504
2453 # 1504
2465 # 1504
2477 # 1504
2489 # 1504
2501 # 1504
2513 # 1504
2525 # 1504
2537 # 1504
2549 # 1504
2561 # 1504
2573 # 1504
2585 # 1504
2597 # 1504
2609 # 1504
2621 # 1504
2633 # 1504
2645 # 1504
2657 # 1504
2669 # 1504
2681 # 1504
2693 # 1504
2705 # 1504
2717 # 1504
2729 # 1504
2741 # 1504
2753 # 1504
2765 # 1504
2777 # 1504
2789 # 1504
2801 # 1504
2813 # 1504
2825 # 1504
2837 # 1504
2849 # 1504
2861 # 1504
2873 # 1504
2885 # 1504
2897 # 1504
2909 # 1504
2921 # 1504
2933 # 1504
2945 # 1504
2957 # 1504
2969 # 1504
2981 # 1504
2993 # 1504
3005 # 1504
3017 # 1504
3029 # 1504
3041 # 1504
3053 # 1504
3065 # 1504
3077 # 1504
3089 # 1504
3101 # 1504
3113 # 1504
3125 # 1504
3137 # 1504
3149 # 1504
3161 # 1504
3173 # 1504
3185 # 1504
3197 # 1504
3209 # 1504
3221 # 1504
3233 # 1504
3245 # 1504
3257 # 1504
3269 # 1504
3281 # 1504
3293 # 1504
3305 # 1504
3317 # 1504
3329 # 1504
3341 # 1504
3353 # 1504
3365 # 1504
3377 # 1504
3389 # 1504
3401 # 1504
3413 # 1504
3425 # 1504
3437 # 1504
3449 # 1504
3461 # 1504
3473 # 1504
3485 # 1504
3497 # 1504
3509 # 1504
3521 # 1504
3533 # 1504
3545 # 1504
3557 # 1504
3569 # 1504
3581 # 1504
3593 # 1504
3605 # 1504
3617 # 1504
3629 # 1504
3641 # 1504
3653 # 1504
3665 # 1504
3677 # 1504
3689 # 1504
3701 # 1504
3713 # 1504
3725 # 1504
3737 # 1504
3749 # 1504
3761 # 1504
3773 # 1504
3785 # 1504
3797 # 1504
3809 # 1504
3821 # 1504
3833 # 1504
3845 # 1504
3857 # 1504
3869 # 1504
3881 # 1504
3893 # 1504
3905 # 1504
3917 # 1504
3929 # 1504
3941 # 1504
3953 # 1504
3965 # 1504
3977 # 1504
3989 # 1504
4001 # 1504
4013 # 1504
4025 # 1504
4037 # 1504
4049 # 1504
4061 # 1504
4073 # 1504
4085 # 1504
4095 + 52
4097 # 1504
4097 - 52 2
4109 # 1504
4121 # 1504
4133 # 1504
4145 # 1504
4157 # 1504
4169 # 1504
4181 # 1504
4193 # 1504
4205 # 1504
4217 # 1504
4229 # 1504
4241 # 1504
4253 # 1504
4265 # 1504
4277 # 1504
4289 # 1504
4301 # 1504
4313 # 1504
4325 # 1504
4337 # 1504
4349 # 1504
4361 # 1504
4373 # 1504
4385 # 1504
4397 # 1504
4409 # 1504
4421 # 1504
4433 # 1504
4445 # 1504
4457 # 1504
4469 # 1504
4481 # 1504
4493 # 1504
4505 # 1504
4517 # 1504
4529 # 1504
4541 # 1504
4553 # 1504
4565 # 1504
4577 # 1504
4589 # 1504
4601 # 1504
4613 # 1504
4625 # 1504
4637 # 1504
4649 # 1504
4661 # 1504
4673 # 1504
4685 # 1504
4697 # 1504
4709 # 1504
4721 # 1504
4733 # 1504
4745 # 1504
4757 # 1504
4769 # 1504
4781 # 1504
4793 # 1504
4805 # 1504
4817 # 1504
4829 # 1504
4841 # 1504
4853 # 1504
4865 # 1504
4877 # 1504
4889 # 1504
4901 # 1504
4913 # 1504
4925 # 1504
4937 # 1504
4949 # 1504
4961 # 1504
4973 # 1504
4985 # 1504
4997 # 1504
5009 # 1504
5021 # 1504
5033 # 1504
5045 # 1504
5057 # 1504
5069 # 1504
5081 # 1504
5093 # 1504
5105 # 1504
5117 # 1504
5129 # 1504
5141 # 1504
5153 # 1504
5165 # 1504
5177 # 1504
5189 # 1504
5201 # 1504
5213 # 1504
5225 # 1504
5237 # 1504
5249 # 1504
5261 # 1504
5273 # 1504
5285 # 1504
5297 # 1504
5309 # 1504
5321 # 1504
5333 # 1504
5345 # 1504
5357 # 1504
5369 # 1504
5381 # 1504
5393 # 1504
5405 # 1504
5417 # 1504
5429 # 1504
5441 # 1504
5453 # 1504
5465 # 1504
5477 # 1504
5489 # 1504
5501 # 1504
5513 # 1504
5525 # 1504
5537 # 1504
5549 # 1504
5561 # 1504
5573 # 1504
5585 # 1504
5597 # 1504
5609 # 1504
5621 # 1504
5633 # 1504
5645 # 1504
5657 # 1504
5669 # 1504
5681 # 1504
5693 # 1504
5705 # 1504
5717 # 1504
5729 # 1504
5741 # 1504
5753 # 1504
5765 # 1504
5777 # 1504
5789 # 1504
5801 # 1504
5813 # 1504
5825 # 1504
5837 # 1504
5849 # 1504
5861 # 1504
5873 # 1504
5885 # 1504
5897 # 1504
5909 # 1504
5921 # 1504
5933 # 1504
5945 # 1504
5957 # 1504
5969 # 1504
5981 # 1504
5993 # 1504
6005 # 1504
6017 # 1504
6029 # 1504
6041 # 1504
6053 # 1504
6065 # 1504
6077 # 1504
6089 # 1504
6101 # 1504
6113 # 1504
6125 # 1504
6137 # 1504
6149 # 1504
6161 # 1504
6173 # 1504
6185 # 1504
6197 # 1504
6209 # 1504
6221 # 1504
6233 # 1504
6245 # 1504
6257 # 1504
6269 # 1504
6281 # 1504
6293 # 1504
6305 # 1504
6317 # 1504
6329 # 1504
6341 # 1504
6353 # 1504
6365 # 1504
6377 # 1504
6389 # 1504
6401 # 1504
6413 # 1504
6425 # 1504
6437 # 1504
6449 # 1504
6461 # 1504
6473 # 1504
6485 # 1504
6497 # 1504
6509 # 1504
6521 # 1504
6533 # 1504
6545 # 1504
6557 # 1504
6569 # 1504
6581 # 1504
6593 # 1504
6605 # 1504
6617 # 1504
6629 # 1504
6641 # 1504
6653 # 1504
6665 # 1504
6677 # 1504
6689 # 1504
6701 # 1504
6713 # 1504
6725 # 1504
6737 # 1504
6749 # 1504
6761 # 1504
6773 # 1504
6785 # 1504
6797 # 1504
6809 # 1504
6821 # 1504
6833 # 1504
6845 # 1504
6857 # 1504
6869 # 1504
6881 # 1504
6893 # 1504
6905 # 1504
6917 # 1504
6929 # 1504
6941 # 1504
6953 # 1504
6965 # 1504
6977 # 1504
6989 # 1504
7001 # 1504
7013 # 1504
7025 # 1504
7037 # 1504
7049 # 1504
7061 # 1504
7073 # 1504
7085 # 1504
7097 # 1504
7109 # 1504
7121 # 1504
7133 # 1504
7145 # 1504
7157 # 1504
7169 # 1504
7181 # 1504
7193 # 1504
7205 # 1504
7217 # 1504
7229 # 1504
7241 # 1504
7253 # 1504
7265 # 1504
7277 # 1504
7289 # 1504
7301 # 1504
7313 # 1504
7325 # 1504
7337 # 1504
7349 # 1504
7361 # 1504
7373 # 1504
7385 # 1504
7397 # 1504
7409 # 1504
7421 # 1504
7433 # 1504
7445 # 1504
7457 # 1504
7469 # 1504
7481 # 1504
7493 # 1504
7505 # 1504
7517 # 1504
7529 # 1504
7541 # 1504
7553 # 1504
7565 # 1504
7577 # 1504
7589 # 1504
7601 # 1504
7613 # 1504
7625 # 1504
7637 # 1504
7649 # 1504
7661 # 1504
7673 # 1504
7685 # 1504
7697 # 1504
7709 # 1504
7721 # 1504
7733 # 1504
7745 # 1504
7757 # 1504
7769 # 1504
7781 # 1504
7793 # 1504
7805 # 1504
7817 # 1504
7829 # 1504
7841 # 1504
7853 # 1504
7865 # 1504
7877 # 1504
7889 # 1504
7901 # 1504
7913 # 1504
7925 # 1504
7937 # 1504
7949 # 1504
7961 # 1504
7973 # 1504
7985 # 1504
7997 # 1504
8009 # 1504
8021 # 1504
8033 # 1504
8045 # 1504
8057 # 1504
8069 # 1504
8081 # 1504
8093 # 1504
8105 # 1504
8117 # 1504
8129 # 1504
8141 # 1504
8153 # 1504
8165 # 1504
8177 # 1504
8189 # 1504
8201 # 1504
8213 # 1504
8225 # 1504
8237 # 1504
8249 # 1504
8261 # 1504
8273 # 1504
8285 # 1504
8297 # 1504
8309 # 1504
8321 # 1504
8333 # 1504
8345 # 1504
8357 # 1504
8369 # 1504
8381 # 1504
8393 # 1504
8405 # 1504
8417 # 1504
8429 # 1504
8441 # 1504
8453 # 1504
8465 # 1504
8477 # 1504
8489 # 1504
8501 # 1504
8513 # 1504
8525 # 1504
8537 # 1504
8549 # 1504
8561 # 1504
8573 # 1504
8585 # 1504
8597 # 1504
8609 # 1504
8621 # 1504
8633 # 1504
8645 # 1504
8657 # 1504
8669 # 1504
8681 # 1504
8693 # 1504
8705 # 1504
8717 # 1504
8729 # 1504
8741 # 1504
8753 # 1504
8765 # 1504
8777 # 1504
8789 # 1504
8801 # 1504
8813 # 1504
8825 # 1504
8837 # 1504
8849 # 1504
8861 # 1504
8873 # 1504
8885 # 1504
8897 # 1504
8909 # 1504
8921 # 1504
8933 # 1504
8945 # 1504
8957 # 1504
8969 # 1504
8981 # 1504
8993 # 1504
9005 # 1504
9017 # 1504
9029 # 1504
9041 # 1504
9053 # 1504
9065 # 1504
9077 # 1504
9089 # 1504
9101 # 1504
9113 # 1504
9125 # 1504
9137 # 1504
9149 # 1504
9161 # 1504
9173 # 1504
9185 # 1504
9197 # 1504
9209 # 1504
9221 # 1504
9233 # 1504
9245 # 1504
9257 # 1504
9269 # 1504
9281 # 1504
9293 # 1504
9305 # 1504
9317 # 1504
9329 # 1504
9341 # 1504
9353 # 1504
9365 # 1504
9377 # 1504
9389 # 1504
9401 # 1504
9413 # 1504
9425 # 1504
9437 # 1504
9449 # 1504
9461 # 1504
9473 # 1504
9485 # 1504
9497 # 1504
9509 # 1504
9521 # 1504
9533 # 1504
9545 # 1504
9557 # 1504
9569 # 1504
9581 # 1504
9593 # 1504
9605 # 1504
9617 # 1504
9629 # 1504
9641 # 1504
9653 # 1504
9665 # 1504
9677 # 1504
9689 # 1504
9701 # 1504
9713 # 1504
9725 # 1504
9737 # 1504
9749 # 1504
9761 # 1504
9773 # 1504
9785 # 1504
9797 # 1504
9809 # 1504
9821 # 1504
9833 # 1504
9845 # 1504
9857 # 1504
9869 # 1504
9881 # 1504
9893 # 1504
9905 # 1504
9917 # 1504
9929 # 1504
9941 # 1504
9953 # 1504
9965 # 1504
9977 # 1504
9989 # 1504
10001 # 1504
10013 # 1504
10025 # 1504
10037 # 1504
10049 # 1504
10061 # 1504
10073 # 1504
10085 # 1504
10097 # 1504
10109 # 1504
10121 # 1504
10133 # 1504
10145 # 1504
10157 # 1504
10169 # 1504
10181 # 1504
10193 # 1504
10205 # 1504
10217 # 1504
10229 # 1504
10241 # 1504
10253 # 1504
10265 # 1504
10277 # 1504
10289 # 1504
10301 # 1504
10313 # 1504
10325 # 1504
10337 # 1504
10349 # 1504
10361 # 1504
10373 # 1504
10385 # 1504
10397 # 1504
10409 # 1504
10421 # 1504
10433 # 1504
10445 # 1504
10457 # 1504
10469 # 1504
10481 # 1504
10493 # 1504
10505 # 1504
10517 # 1504
10529 # 1504
10541 # 1504
10553 # 1504
10565 # 1504
10577 # 1504
10589 # 1504
10601 # 1504
10613 # 1504
10625 # 1504
10637 # 1504
10649 # 1504
10661 # 1504
10673 # 1504
10685 # 1504
10697 # 1504
10709 # 1504
10721 # 1504
10733 # 1504
10745 # 1504
10757 # 1504
10769 # 1504
10781 # 1504
10793 # 1504
10805 # 1504
10817 # 1504
10829 # 1504
10841 # 1504
10853 # 1504
10865 # 1504
10877 # 1504
10889 # 1504
10901 # 1504
10913 # 1504
10925 # 1504
10937 # 1504
10949 # 1504
10961 # 1504
10973 # 1504
10985 # 1504
10997 # 1504
11009 # 1504
11021 # 1504
11033 # 1504
11045 # 1504
11057 # 1504
11069 # 1504
11081 # 1504
11093 # 1504
11105 # 1504
11117 # 1504
11129 # 1504
11141 # 1504
11153 # 1504
11165 # 1504
11177 # 1504
11189 # 1504
11201 # 1504
11213 # 1504
11225 # 1504
11237 # 1504
11249 # 1504
11261 # 1504
11273 # 1504
11285 # 1504
11297 # 1504
11309 # 1504
11321 # 1504
11333 # 1504
11345 # 1504
11357 # 1504
11369 # 1504
11381 # 1504
11393 # 1504
11405 # 1504
11417 # 1504
11429 # 1504
11441 # 1504
11453 # 1504
11465 # 1504
11477 # 1504
11489 # 1504
11501 # 1504
11513 # 1504
11525 # 1504
11537 # 1504
11549 # 1504
11561 # 1504
11573 # 1504
11585 # 1504
11597 # 1504
11609 # 1504
11621 # 1504
11633 # 1504
11645 # 1504
11657 # 1504
11669 # 1504
11681 # 1504
11693 # 1504
11705 # 1504
11717 # 1504
11729 # 1504
11741 # 1504
11753 # 1504
11765 # 1504
11777 # 1504
11789 # 1504
11801 # 1504
11813 # 1504
11825 # 1504
11837 # 1504
11849 # 1504
11861 # 1504
11873 # 1504
11885 # 1504
11897 # 1504
11909 # 1504
11921 # 1504
11933 # 1504
11945 # 1504
11957 # 1504
11969 # 1504
11981 # 1504
11993 # 1504
12005 # 1504
12017 # 1504
12029 # 1504
12041 # 1504
12053 # 1504
12065 # 1504
12077 # 1504
12089 # 1504
12101 # 1504
12113 # 1504
12125 # 1504
12137 # 1504
12149 # 1504
12161 # 1504
12173 # 1504
12185 # 1504
12197 # 1504
12209 # 1504
12221 # 1504
12233 # 1504
12245 # 1504
12257 # 1504
12269 # 1504
12281 # 1504
12293 # 1504
12305 # 1504
12317 # 1504
12329 # 1504
12341 # 1504
12353 # 1504
12365 # 1504
12377 # 1504
12389 # 1504
12401 # 1504
12413 # 1504
12425 # 1504
12437 # 1504
12449 # 1504
12461 # 1504
12473 # 1504
12485 # 1504
12497 # 1504
12509 # 1504
12521 # 1504
12533 # 1504
12534 + 52
12545 # 1504
12545 - 52 11
12557 # 1504
12569 # 1504
12581 # 1504
12593 # 1504
12605 # 1504
12617 # 1504
12629 # 1504
12641 # 1504
12653 # 1504
12665 # 1504
12677 # 1504
12689 # 1504
12701 # 1504
12713 # 1504
12725 # 1504
12737 # 1504
12749 # 1504
12761 # 1504
12773 # 1504
12785 # 1504
12797 # 1504
12809 # 1504
12821 # 1504
12833 # 1504
12845 # 1504
12857 # 1504
12869 # 1504
12881 # 1504
12893 # 1504
12905 # 1504
12917 # 1504
12929 # 1504
12941 # 1504
12953 # 1504
12965 # 1504
12977 # 1504
12989 # 1504
13001 # 1504
13013 # 1504
13025 # 1504
13037 # 1504
13049 # 1504
13061 # 1504
13073 # 1504
13085 # 1504
13097 # 1504
13109 # 1504
13121 # 1504
13133 # 1504
13145 # 1504
13157 # 1504
13169 # 1504
13181 # 1504
13193 # 1504
13205 # 1504
13217 # 1504
13229 # 1504
13241 # 1504
13253 # 1504
13265 # 1504
13277 # 1504
13289 # 1504
13301 # 1504
13313 # 1504
13325 # 1504
13337 # 1504
13349 # 1504
13361 # 1504
13373 # 1504
13385 # 1504
13397 # 1504
13409 # 1504
13421 # 1504
13433 # 1504
13445 # 1504
13457 # 1504
13469 # 1504
13481 # 1504
13493 # 1504
13505 # 1504
13517 # 1504
13529 # 1504
13541 # 1504
13553 # 1504
13565 # 1504
13577 # 1504
13589 # 1504
13601 # 1504
13613 # 1504
13625 # 1504
13637 # 1504
13649 # 1504
13661 # 1504
13673 # 1504
13685 # 1504
13697 # 1504
13709 # 1504
13721 # 1504
13733 # 1504
13745 # 1504
13757 # 1504
13769 # 1504
13781 # 1504
13793 # 1504
13805 # 1504
13817 # 1504
13829 # 1504
13841 # 1504
13853 # 1504
13865 # 1504
13877 # 1504
13889 # 1504
13901 # 1504
13913 # 1504
13925 # 1504
13937 # 1504
13949 # 1504
13961 # 1504
13973 # 1504
13985 # 1504
13997 # 1504
14009 # 1504
14021 # 1504
14033 # 1504
14045 # 1504
14057 # 1504
14069 # 1504
14081 # 1504
14093 # 1504
14105 # 1504
14117 # 1504
14129 # 1504
14141 # 1504
14153 # 1504
14165 # 1504
14177 # 1504
14189 # 1504
14201 # 1504
14213 # 1504
14225 # 1504
14237 # 1504
14249 # 1504
14261 # 1504
14273 # 1504
14285 # 1504
14297 # 1504
14309 # 1504
14321 # 1504
14333 # 1504
14345 # 1504
14357 # 1504
14369 # 1504
14381 # 1504
14393 # 1504
14405 # 1504
14417 # 1504
14429 # 1504
14441 # 1504
14453 # 1504
14465 # 1504
14477 # 1504
14489 # 1504
14501 # 1504
14513 # 1504
14525 # 1504
14537 # 1504
14549 # 1504
14561 # 1504
14573 # 1504
14585 # 1504
14597 # 1504
14609 # 1504
14621 # 1504
14633 # 1504
14645 # 1504
14657 # 1504
14669 # 1504
14681 # 1504
14693 # 1504
14705 # 1504
14717 # 1504
14729 # 1504
14741 # 1504
14753 # 1504
14765 # 1504
14777 # 1504
14789 # 1504
14801 # 1504
14813 # 1504
14825 # 1504
14837 # 1504
14849 # 1504
14861 # 1504
14873 # 1504
14885 # 1504
14897 # 1504
14909 # 1504
14921 # 1504
14933 # 1504
14945 # 1504
14957 # 1504
14969 # 1504
14981 # 1504
14993 # 1504
15005 # 1504
15017 # 1504
15029 # 1504
15041 # 1504
15053 # 1504
15065 # 1504
15077 # 1504
15089 # 1504
15101 # 1504
15113 # 1504
15125 # 1504
15137 # 1504
15149 # 1504
15161 # 1504
15173 # 1504
15185 # 1504
15197 # 1504
15209 # 1504
15221 # 1504
15233 # 1504
15245 # 1504
15257 # 1504
15269 # 1504
15281 # 1504
15293 # 1504
15305 # 1504
15317 # 1504
15329 # 1504
15341 # 1504
15353 # 1504
15365 # 1504
15377 # 1504
15389 # 1504
15401 # 1504
15413 # 1504
15425 # 1504
15437 # 1504
15449 # 1504
15461 # 1504
15473 # 1504
15485 # 1504
15497 # 1504
15509 # 1504
15521 # 1504
15533 # 1504
15545 # 1504
15557 # 1504
15569 # 1504
15581 # 1504
15593 # 1504
15605 # 1504
15617 # 1504
15629 # 1504
15641 # 1504
15653 # 1504
15665 # 1504
15677 # 1504
15689 # 1504
15701 # 1504
15713 # 1504
15725 # 1504
15737 # 1504
15749 # 1504
15761 # 1504
15773 # 1504
15785 # 1504
15797 # 1504
15809 # 1504
15821 # 1504
15833 # 1504
15845 # 1504
15857 # 1504
15869 # 1504
15881 # 1504
15893 # 1504
15905 # 1504
15917 # 1504
15929 # 1504
15941 # 1504
15953 # 1504
15965 # 1504
15977 # 1504
15989 # 1504
16001 # 1504
16013 # 1504
16025 # 1504
16037 # 1504
16049 # 1504
16061 # 1504
16073 # 1504
16085 # 1504
16097 # 1504
16109 # 1504
16121 # 1504
16133 # 1504
16145 # 1504
16157 # 1504
16169 # 1504
16181 # 1504
16193 # 1504
16205 # 1504
16217 # 1504
16229 # 1504
16241 # 1504
16253 # 1504
16265 # 1504
16277 # 1504
16289 # 1504
16301 # 1504
16313 # 1504
16325 # 1504
16337 # 1504
16349 # 1504
16361 # 1504
16373 # 1504
16385 # 1504
16397 # 1504
16409 # 1504
16421 # 1504
16433 # 1504
16445 # 1504
16457 # 1504
16469 # 1504
16481 # 1504
16493 # 1504
16505 # 1504
16517 # 1504
16529 # 1504
16541 # 1504
16553 # 1504
16565 # 1504
16577 # 1504
16589 # 1504
16601 # 1504
16613 # 1504
16625 # 1504
16637 # 1504
16649 # 1504
16661 # 1504
16673 # 1504
16685 # 1504
16697 # 1504
16709 # 1504
16721 # 1504
16733 # 1504
16745 # 1504
16757 # 1504
16769 # 1504
16781 # 1504
16793 # 1504
16805 # 1504
16817 # 1504
16829 # 1504
16841 # 1504
16853 # 1504
16865 # 1504
16877 # 1504
16889 # 1504
16901 # 1504
16913 # 1504
16925 # 1504
16937 # 1504
16949 # 1504
16961 # 1504
16973 # 1504
16985 # 1504
16997 # 1504
17009 # 1504
17021 # 1504
17033 # 1504
17045 # 1504
17057 # 1504
17069 # 1504
17081 # 1504
17093 # 1504
17105 # 1504
17117 # 1504
17129 # 1504
17141 # 1504
17153 # 1504
17165 # 1504
17177 # 1504
17189 # 1504
17201 # 1504
17213 # 1504
17225 # 1504
17237 # 1504
17249 # 1504
17261 # 1504
17273 # 1504
17285 # 1504
17297 # 1504
17309 # 1504
17321 # 1504
17333 # 1504
17345 # 1504
17357 # 1504
17369 # 1504
17381 # 1504
17393 # 1504
17405 # 1504
17417 # 1504
17429 # 1504
17441 # 1504
17453 # 1504
17465 # 1504
17477 # 1504
17489 # 1504
17501 # 1504
17513 # 1504
17525 # 1504
17537 # 1504
17549 # 1504
17561 # 1504
17573 # 1504
17585 # 1504
17597 # 1504
17609 # 1504
17621 # 1504
17633 # 1504
17645 # 1504
17657 # 1504
17669 # 1504
17681 # 1504
17693 # 1504
17705 # 1504
17717 # 1504
17729 # 1504
17741 # 1504
17753 # 1504
17765 # 1504
17777 # 1504
17789 # 1504
17801 # 1504
17813 # 1504
17825 # 1504
17837 # 1504
17849 # 1504
17861 # 1504
17873 # 1504
17885 # 1504
17897 # 1504
17909 # 1504
17921 # 1504
17933 # 1504
17945 # 1504
17957 # 1504
17969 # 1504
17981 # 1504
17993 # 1504
18005 # 1504
18017 # 1504
18029 # 1504
18041 # 1504
18053 # 1504
18065 # 1504
18077 # 1504
18089 # 1504
18101 # 1504
18113 # 1504
18125 # 1504
18137 # 1504
18149 # 1504
18161 # 1504
18173 # 1504
18185 # 1504
18197 # 1504
18209 # 1504
18221 # 1504
18233 # 1504
18245 # 1504
18257 # 1504
18269 # 1504
18281 # 1504
18293 # 1504
18305 # 1504
18317 # 1504
18329 # 1504
18341 # 1504
18353 # 1504
18365 # 1504
18377 # 1504
18389 # 1504
18401 # 1504
18413 # 1504
18425 # 1504
18437 # 1504
18449 # 1504
18461 # 1504
18473 # 1504
18485 # 1504
18497 # 1504
18509 # 1504
18521 # 1504
18533 # 1504
18545 # 1504
18557 # 1504
18569 # 1504
18581 # 1504
18593 # 1504
18605 # 1504
18617 # 1504
18629 # 1504
18641 # 1504
18653 # 1504
18665 # 1504
18677 # 1504
18689 # 1504
18701 # 1504
18713 # 1504
18725 # 1504
18737 # 1504
18749 # 1504
18761 # 1504
18773 # 1504
18785 # 1504
18797 # 1504
18809 # 1504
18821 # 1504
18833 # 1504
18845 # 1504
18857 # 1504
18869 # 1504
18881 # 1504
18893 # 1504
18905 # 1504
18917 # 1504
18929 # 1504
18941 # 1504
18953 # 1504
18965 # 1504
18977 # 1504
18989 # 1504
19001 # 1504
19013 # 1504
19025 # 1504
19037 # 1504
19049 # 1504
19061 # 1504
19073 # 1504
19085 # 1504
19097 # 1504
19109 # 1504
19121 # 1504
19133 # 1504
19145 # 1504
19157 # 1504
19169 # 1504
19181 # 1504
19193 # 1504
19205 # 1504
19217 # 1504
19229 # 1504
19241 # 1504
19253 # 1504
19265 # 1504
19277 # 1504
19289 # 1504
19301 # 1504
19313 # 1504
19325 # 1504
19337 # 1504
19349 # 1504
19361 # 1504
19373 # 1504
19385 # 1504
19397 # 1504
19409 # 1504
19421 # 1504
19433 # 1504
19445 # 1504
19457 # 1504
19469 # 1504
19481 # 1504
19493 # 1504
19505 # 1504
19517 # 1504
19529 # 1504
19541 # 1504
19553 # 1504
19565 # 1504
19577 # 1504
19589 # 1504
19601 # 1504
19613 # 1504
19625 # 1504
19637 # 1504
19649 # 1504
19661 # 1504
19673 # 1504
19685 # 1504
19697 # 1504
19709 # 1504
19721 # 1504
19733 # 1504
19745 # 1504
19757 # 1504
19769 # 1504
19781 # 1504
19793 # 1504
19805 # 1504
19817 # 1504
19829 # 1504
19841 # 1504
19853 # 1504
19865 # 1504
19877 # 1504
19889 # 1504
19901 # 1504
19913 # 1504
19925 # 1504
19937 # 1504
19949 # 1504
19961 # 1504
19973 # 1504
19985 # 1504
19997 # 1504
20009 # 1504
20021 # 1504
20033 # 1504
20045 # 1504
20057 # 1504
20069 # 1504
20081 # 1504
20093 # 1504
20105 # 1504
20117 # 1504
20129 # 1504
20141 # 1504
20153 # 1504
20165 # 1504
20177 # 1504
20189 # 1504
20201 # 1504
20213 # 1504
20225 # 1504
20237 # 1504
20249 # 1504
20261 # 1504
20273 # 1504
20285 # 1504
20297 # 1504
20309 # 1504
20321 # 1504
20333 # 1504
20345 # 1504
20357 # 1504
20369 # 1504
20381 # 1504
20393 # 1504
20405 # 1504
20417 # 1504
20429 # 1504
20441 # 1504
20453 # 1504
20465 # 1504
20477 # 1504
20489 # 1504
20501 # 1504
20513 # 1504
20525 # 1504
20537 # 1504
20549 # 1504
20561 # 1504
20573 # 1504
20585 # 1504
20597 # 1504
20609 # 1504
20621 # 1504
20633 # 1504
20645 # 1504
20657 # 1504
20669 # 1504
20681 # 1504
20693 # 1504
20705 # 1504
20717 # 1504
20729 # 1504
20741 # 1504
20753 # 1504
20765 # 1504
20777 # 1504
20789 # 1504
20801 # 1504
20813 # 1504
20825 # 1504
20837 # 1504
20849 # 1504
20861 # 1504
20873 # 1504
20885 # 1504
20897 # 1504
20909 # 1504
20921 # 1504
20933 # 1504
20945 # 1504
20957 # 1504
20969 # 1504
20981 # 1504
20993 # 1504
21005 # 1504
21017 # 1504
21029 # 1504
21041 # 1504
21053 # 1504
21065 # 1504
21077 # 1504
21089 # 1504
21101 # 1504
21113 # 1504
21125 # 1504
21137 # 1504
21149 # 1504
21161 # 1504
21173 # 1504
21185 # 1504
21197 # 1504
21209 # 1504
21221 # 1504
21233 # 1504
21245 # 1504
21257 # 1504
21269 # 1504
21281 # 1504
21293 # 1504
21305 # 1504
21317 # 1504
21329 # 1504
21341 # 1504
21353 # 1504
21365 # 1504
21377 # 1504
21389 # 1504
21401 # 1504
21413 # 1504
21425 # 1504
21437 # 1504
21449 # 1504
21461 # 1504
21473 # 1504
21485 # 1504
21497 # 1504
21509 # 1504
21521 # 1504
21533 # 1504
21545 # 1504
21557 # 1504
21569 # 1504
21581 # 1504
21593 # 1504
21605 # 1504
21617 # 1504
21629 # 1504
21641 # 1504
21653 # 1504
21665 # 1504
21677 # 1504
21689 # 1504
21701 # 1504
21713 # 1504
21725 # 1504
21737 # 1504
21749 # 1504
21761 # 1504
21773 # 1504
21785 # 1504
21797 # 1504
21809 # 1504
21821 # 1504
21833 # 1504
21845 # 1504
21857 # 1504
21869 # 1504
21881 # 1504
21893 # 1504
21905 # 1504
21917 # 1504
21929 # 1504
21941 # 1504
21953 # 1504
21965 # 1504
21977 # 1504
21989 # 1504
22001 # 1504
22013 # 1504
22025 # 1504
22037 # 1504
22049 # 1504
22061 # 1504
22073 # 1504
22085 # 1504
22097 # 1504
22109 # 1504
22121 # 1504
22133 # 1504
22145 # 1504
22157 # 1504
22169 # 1504
22181 # 1504
22193 # 1504
22205 # 1504
22217 # 1504
22229 # 1504
22241 # 1504
22253 # 1504
22265 # 1504
22277 # 1504
22289 # 1504
22301 # 1504
22313 # 1504
22325 # 1504
22337 # 1504
22349 # 1504
22361 # 1504
22373 # 1504
22385 # 1504
22397 # 1504
22409 # 1504
22421 # 1504
22433 # 1504
22445 # 1504
22457 # 1504
22469 # 1504
22481 # 1504
22493 # 1504
22505 # 1504
22517 # 1504
22529 # 1504
22541 # 1504
22553 # 1504
22565 # 1504
22577 # 1504
22589 # 1504
22601 # 1504
22613 # 1504
22625 # 1504
22637 # 1504
22649 # 1504
22661 # 1504
22673 # 1504
22685 # 1504
22697 # 1504
22709 # 1504
22721 # 1504
22733 # 1504
22745 # 1504
22757 # 1504
22769 # 1504
22781 # 1504
22793 # 1504
22805 # 1504
22817 # 1504
22829 # 1504
22841 # 1504
22853 # 1504
22865 # 1504
22877 # 1504
22889 # 1504
22901 # 1504
22913 # 1504
22925 # 1504
22937 # 1504
22949 # 1504
22961 # 1504
22973 # 1504
22985 # 1504
22997 # 1504
23009 # 1504
23021 # 1504
23033 # 1504
23045 # 1504
23057 # 1504
23069 # 1504
23081 # 1504
23093 # 1504
23105 # 1504
23117 # 1504
23129 # 1504
23141 # 1504
23153 # 1504
23165 # 1504
23177 # 1504
23189 # 1504
23201 # 1504
23213 # 1504
23225 # 1504
23237 # 1504
23249 # 1504
23261 # 1504
23273 # 1504
23285 # 1504
23297 # 1504
23309 # 1504
23321 # 1504
23333 # 1504
23345 # 1504
23357 # 1504
23369 # 1504
23381 # 1504
23393 # 1504
23405 # 1504
23417 # 1504
23429 # 1504
23441 # 1504
23453 # 1504
23465 # 1504
23477 # 1504
23489 # 1504
23501 # 1504
23513 # 1504
23525 # 1504
23537 # 1504
23549 # 1504
23561 # 1504
23573 # 1504
23585 # 1504
23597 # 1504
23609 # 1504
23621 # 1504
23633 # 1504
23645 # 1504
23657 # 1504
23669 # 1504
23681 # 1504
23693 # 1504
23705 # 1504
23717 # 1504
23729 # 1504
23741 # 1504
23753 # 1504
23765 # 1504
23777 # 1504
23789 # 1504
23801 # 1504
23813 # 1504
23825 # 1504
23837 # 1504
23849 # 1504
23861 # 1504
23873 # 1504
23885 # 1504
23897 # 1504
23909 # 1504
23921 # 1504
23933 # 1504
23945 # 1504
23957 # 1504
23969 # 1504
23981 # 1504
23993 # 1504
24005 # 1504
24017 # 1504
24029 # 1504
24041 # 1504
24053 # 1504
24065 # 1504
24077 # 1504
24089 # 1504
24101 # 1504
24113 # 1504
24125 # 1504
24137 # 1504
24149 # 1504
24161 # 1504
24173 # 1504
24185 # 1504
24197 # 1504
24209 # 1504
24221 # 1504
24233 # 1504
24245 # 1504
24257 # 1504
24269 # 1504
24281 # 1504
24293 # 1504
24305 # 1504
24317 # 1504
24329 # 1504
24341 # 1504
24353 # 1504
24365 # 1504
24377 # 1504
24389 # 1504
24401 # 1504
24413 # 1504
24425 # 1504
24437 # 1504
24449 # 1504
24461 # 1504
24473 # 1504
24485 # 1504
24497 # 1504
24509 # 1504
24521 # 1504
24533 # 1504
24545 # 1504
24557 # 1504
24569 # 1504
24581 # 1504
24593 # 1504
24605 # 1504
24617 # 1504
24629 # 1504
24641 # 1504
24653 # 1504
24665 # 1504
24677 # 1504
24689 # 1504
24701 # 1504
24713 # 1504
24725 # 1504
24737 # 1504
24749 # 1504
24761 # 1504
24773 # 1504
24785 # 1504
24797 # 1504
24809 # 1504
24821 # 1504
24833 # 1504
24845 # 1504
24857 # 1504
24869 # 1504
24881 # 1504
24893 # 1504
24905 # 1504
24917 # 1504
24929 # 1504
24941 # 1504
24953 # 1504
24965 # 1504
24977 # 1504
24989 # 1504
25001 # 1504
25013 # 1504
25025 # 1504
25037 # 1504
25049 # 1504
25061 # 1504
25073 # 1504
25085 # 1504
25097 # 1504
25109 # 1504
25121 # 1504
25133 # 1504
25145 # 1504
25157 # 1504
25169 # 1504
25181 # 1504
25193 # 1504
25205 # 1504
25217 # 1504
25229 # 1504
25241 # 1504
25253 # 1504
25265 # 1504
25277 # 1504
25289 # 1504
25301 # 1504
25313 # 1504
25325 # 1504
25337 # 1504
25349 # 1504
25361 # 1504
25373 # 1504
25385 # 1504
25397 # 1504
25409 # 1504
25421 # 1504
25433 # 1504
25445 # 1504
25457 # 1504
25469 # 1504
25481 # 1504
25493 # 1504
25505 # 1504
25517 # 1504
25529 # 1504
25541 # 1504
25553 # 1504
25565 # 1504
25577 # 1504
25589 # 1504
25601 # 1504
25613 # 1504
25625 # 1504
25637 # 1504
25649 # 1504
25661 # 1504
25673 # 1504
25685 # 1504
25697 # 1504
25709 # 1504
25721 # 1504
25733 # 1504
25745 # 1504
25757 # 1504
25769 # 1504
25781 # 1504
25793 # 1504
25805 # 1504
25817 # 1504
25829 # 1504
25841 # 1504
25853 # 1504
25865 # 1504
25877 # 1504
25889 # 1504
25901 # 1504
25913 # 1504
25925 # 1504
25937 # 1504
25949 # 1504
25961 # 1504
25973 # 1504
25985 # 1504
25997 # 1504
26009 # 1504
26021 # 1504
26033 # 1504
26045 # 1504
26057 # 1504
26069 # 1504
26081 # 1504
26093 # 1504
26105 # 1504
26117 # 1504
26129 # 1504
26141 # 1504
26153 # 1504
26165 # 1504
26177 # 1504
26189 # 1504
26201 # 1504
26213 # 1504
26225 # 1504
26237 # 1504
26249 # 1504
26261 # 1504
26273 # 1504
26285 # 1504
26297 # 1504
26309 # 1504
26321 # 1504
26333 # 1504
26345 # 1504
26357 # 1504
26369 # 1504
26381 # 1504
26393 # 1504
26405 # 1504
26417 # 1504
26429 # 1504
26441 # 1504
26453 # 1504
26465 # 1504
26477 # 1504
26489 # 1504
26501 # 1504
26513 # 1504
26525 # 1504
26537 # 1504
26549 # 1504
26561 # 1504
26573 # 1504
26585 # 1504
26597 # 1504
26609 # 1504
26621 # 1504
26633 # 1504
26645 # 1504
26657 # 1504
26669 # 1504
26681 # 1504
26693 # 1504
26705 # 1504
26717 # 1504
26729 # 1504
26741 # 1504
26753 # 1504
26765 # 1504
26777 # 1504
26789 # 1504
26801 # 1504
26813 # 1504
26825 # 1504
26837 # 1504
26849 # 1504
26861 # 1504
26873 # 1504
26885 # 1504
26897 # 1504
26909 # 1504
26921 # 1504
26933 # 1504
26945 # 1504
26957 # 1504
26969 # 1504
26981 # 1504
26993 # 1504
27005 # 1504
27017 # 1504
27029 # 1504
27041 # 1504
27053 # 1504
27065 # 1504
27077 # 1504
27089 # 1504
27101 # 1504
27113 # 1504
27125 # 1504
27137 # 1504
27149 # 1504
27161 # 1504
27173 # 1504
27185 # 1504
27197 # 1504
27209 # 1504
27221 # 1504
27233 # 1504
27245 # 1504
27257 # 1504
27269 # 1504
27281 # 1504
27293 # 1504
27305 # 1504
27317 # 1504
27329 # 1504
27341 # 1504
27353 # 1504
27365 # 1504
27377 # 1504
27389 # 1504
27401 # 1504
27413 # 1504
27425 # 1504
27437 # 1504
27449 # 1504
27461 # 1504
27473 # 1504
27485 # 1504
27497 # 1504
27509 # 1504
27521 # 1504
27533 # 1504
27545 # 1504
27557 # 1504
27569 # 1504
27581 # 1504
27593 # 1504
27605 # 1504
27617 # 1504
27629 # 1504
27641 # 1504
27653 # 1504
27665 # 1504
27677 # 1504
27689 # 1504
27701 # 1504
27713 # 1504
27725 # 1504
27737 # 1504
27749 # 1504
27761 # 1504
27773 # 1504
27785 # 1504
27797 # 1504
27809 # 1504
27821 # 1504
27833 # 1504
27845 # 1504
27857 # 1504
27869 # 1504
27881 # 1504
27893 # 1504
27905 # 1504
27917 # 1504
27929 # 1504
27941 # 1504
27953 # 1504
27965 # 1504
27977 # 1504
27989 # 1504
28001 # 1504
28013 # 1504
28025 # 1504
28037 # 1504
28049 # 1504
28061 # 1504
28073 # 1504
28085 # 1504
28097 # 1504
28109 # 1504
28121 # 1504
28133 # 1504
28145 # 1504
28157 # 1504
28169 # 1504
28181 # 1504
28193 # 1504
28205 # 1504
28217 # 1504
28229 # 1504
28241 # 1504
28253 # 1504
28265 # 1504
28277 # 1504
28289 # 1504
28301 # 1504
28313 # 1504
28325 # 1504
28337 # 1504
28349 # 1504
28361 # 1504
28373 # 1504
28385 # 1504
28397 # 1504
28409 # 1504
28421 # 1504
28433 # 1504
28445 # 1504
28457 # 1504
28469 # 1504
28481 # 1504
28493 # 1504
28505 # 1504
28517 # 1504
28529 # 1504
28541 # 1504
28553 # 1504
28565 # 1504
28577 # 1504
28589 # 1504
28601 # 1504
28613 # 1504
28625 # 1504
28637 # 1504
28649 # 1504
28661 # 1504
28673 # 1504
28685 # 1504
28697 # 1504
28709 # 1504
28721 # 1504
28733 # 1504
28745 # 1504
28757 # 1504
28769 # 1504
28781 # 1504
28793 # 1504
28805 # 1504
28817 # 1504
28829 # 1504
28841 # 1504
28853 # 1504
28865 # 1504
28877 # 1504
28889 # 1504
28901 # 1504
28913 # 1504
28925 # 1504
28937 # 1504
28949 # 1504
28961 # 1504
28973 # 1504
28985 # 1504
28997 # 1504
29009 # 1504
29021 # 1504
29033 # 1504
29045 # 1504
29057 # 1504
29069 # 1504
29081 # 1504
29093 # 1504
29105 # 1504
29117 # 1504
29129 # 1504
29141 # 1504
29153 # 1504
29165 # 1504
29177 # 1504
29189 # 1504
29201 # 1504
29213 # 1504
29225 # 1504
29237 # 1504
29249 # 1504
29261 # 1504
29273 # 1504
29285 # 1504
29297 # 1504
29309 # 1504
29321 # 1504
29333 # 1504
29345 # 1504
29357 # 1504
29369 # 1504
29381 # 1504
29393 # 1504
29405 # 1504
29417 # 1504
29429 # 1504
29441 # 1504
29453 # 1504
29465 # 1504
29477 # 1504
29489 # 1504
29501 # 1504
29513 # 1504
29525 # 1504
29537 # 1504
29549 # 1504
29561 # 1504
29573 # 1504
29585 # 1504
29597 # 1504
29609 # 1504
29621 # 1504
29633 # 1504
29645 # 1504
29657 # 1504
29669 # 1504
29681 # 1504
29693 # 1504
29705 # 1504
29717 # 1504
29729 # 1504
29741 # 1504
29753 # 1504
29765 # 1504
29777 # 1504
29789 # 1504
29801 # 1504
29813 # 1504
29825 # 1504
29837 # 1504
29849 # 1504
29861 # 1504
29873 # 1504
29885 # 1504
29897 # 1504
29909 # 1504
29921 # 1504
29933 # 1504
29945 # 1504
29957 # 1504
29969 # 1504
29981 # 1504
29993 # 1504
30005 # 1504
30017 # 1504
30029 # 1504
30041 # 1504
30053 # 1504
30065 # 1504
30077 # 1504
30089 # 1504
30101 # 1504
30113 # 1504
30125 # 1504
30137 # 1504
30149 # 1504
30161 # 1504
30173 # 1504
30185 # 1504
30197 # 1504
30199 + 52
30209 # 1504
30209 - 52 10
30221 # 1504
30233 # 1504
30245 # 1504
30257 # 1504
30269 # 1504
30281 # 1504
30293 # 1504
30305 # 1504
30317 # 1504
30329 # 1504
30341 # 1504
30353 # 1504
30365 # 1504
30377 # 1504
30389 # 1504
30401 # 1504
30413 # 1504
30425 # 1504
30437 # 1504
30449 # 1504
30461 # 1504
30473 # 1504
30485 # 1504
30497 # 1504
30509 # 1504
30521 # 1504
30533 # 1504
30545 # 1504
30557 # 1504
30569 # 1504
30581 # 1504
30593 # 1504
30605 # 1504
30617 # 1504
30629 # 1504
30641 # 1504
30653 # 1504
30665 # 1504
30677 # 1504
30689 # 1504
30701 # 1504
30713 # 1504
30725 # 1504
30737 # 1504
30749 # 1504
30761 # 1504
30773 # 1504
30785 # 1504
30797 # 1504
30809 # 1504
30821 # 1504
30833 # 1504
30845 # 1504
30857 # 1504
30869 # 1504
30881 # 1504
30893 # 1504
30905 # 1504
30917 # 1504
30929 # 1504
30941 # 1504
30953 # 1504
30965 # 1504
30977 # 1504
30989 # 1504
31001 # 1504
31013 # 1504
31025 # 1504
31037 # 1504
31049 # 1504
31061 # 1504
31073 # 1504
31085 # 1504
31097 # 1504
31109 # 1504
31121 # 1504
31133 # 1504
31145 # 1504
31157 # 1504
31169 # 1504
31181 # 1504
31193 # 1504
31205 # 1504
31217 # 1504
31229 # 1504
31241 # 1504
31253 # 1504
31265 # 1504
31277 # 1504
31289 # 1504
31301 # 1504
31313 # 1504
31325 # 1504
31337 # 1504
31349 # 1504
31361 # 1504
31373 # 1504
31385 # 1504
31397 # 1504
31409 # 1504
31421 # 1504
31433 # 1504
31445 # 1504
31457 # 1504
31469 # 1504
31481 # 1504
31493 # 1504
31505 # 1504
31517 # 1504
31529 # 1504
31541 # 1504
31553 # 1504
31565 # 1504
31577 # 1504
31589 # 1504
31601 # 1504
31613 # 1504
31625 # 1504
31637 # 1504
31649 # 1504
31661 # 1504
31673 # 1504
31685 # 1504
31697 # 1504
31709 # 1504
31721 # 1504
31733 # 1504
31745 # 1504
31757 # 1504
31769 # 1504
31781 # 1504
31793 # 1504
31805 # 1504
31817 # 1504
31829 # 1504
31841 # 1504
31853 # 1504
31865 # 1504
31877 # 1504
31889 # 1504
31901 # 1504
31913 # 1504
31925 # 1504
31937 # 1504
31949 # 1504
31961 # 1504
31973 # 1504
31985 # 1504
31997 # 1504
32009 # 1504
32021 # 1504
32033 # 1504
32045 # 1504
32057 # 1504
32069 # 1504
32081 # 1504
32093 # 1504
32105 # 1504
32117 # 1504
32129 # 1504
32141 # 1504
32153 # 1504
32165 # 1504
32177 # 1504
32189 # 1504
32201 # 1504
32213 # 1504
32225 # 1504
32237 # 1504
32249 # 1504
32261 # 1504
32273 # 1504
32285 # 1504
32297 # 1504
32309 # 1504
32321 # 1504
32333 # 1504
32345 # 1504
32357 # 1504
32369 # 1504
32381 # 1504
32393 # 1504
32405 # 1504
32417 # 1504
32429 # 1504
32441 # 1504
32453 # 1504
32465 # 1504
32477 # 1504
32489 # 1504
32501 # 1504
32513 # 1504
32525 # 1504
32537 # 1504
32549 # 1504
32561 # 1504
32573 # 1504
32585 # 1504
32597 # 1504
32609 # 1504
32621 # 1504
32633 # 1504
32645 # 1504
32657 # 1504
32669 # 1504
32681 # 1504
32693 # 1504
32705 # 1504
32717 # 1504
32729 # 1504
32741 # 1504
32753 # 1504
32765 # 1504
32777 # 1504
32789 # 1504
32801 # 1504
32813 # 1504
32825 # 1504
32837 # 1504
32849 # 1504
32861 # 1504
32873 # 1504
32885 # 1504
32897 # 1504
32909 # 1504
32921 # 1504
32933 # 1504
32945 # 1504
32957 # 1504
32969 # 1504
32981 # 1504
32993 # 1504
33005 # 1504
33017 # 1504
33029 # 1504
33041 # 1504
33053 # 1504
33065 # 1504
33077 # 1504
33089 # 1504
33101 # 1504
33113 # 1504
33125 # 1504
33137 # 1504
33149 # 1504
33161 # 1504
33173 # 1504
33185 # 1504
33197 # 1504
33209 # 1504
33221 # 1504
33233 # 1504
33245 # 1504
33257 # 1504
33269 # 1504
33281 # 1504
33293 # 1504
33305 # 1504
33317 # 1504
33329 # 1504
33341 # 1504
33353 # 1504
33365 # 1504
33377 # 1504
33389 # 1504
33401 # 1504
33413 # 1504
33425 # 1504
33437 # 1504
33449 # 1504
33461 # 1504
33473 # 1504
33485 # 1504
33497 # 1504
33509 # 1504
33521 # 1504
33533 # 1504
33545 # 1504
33557 # 1504
33569 # 1504
33581 # 1504
33593 # 1504
33605 # 1504
33617 # 1504
33629 # 1504
33641 # 1504
33653 # 1504
33665 # 1504
33677 # 1504
33689 # 1504
33701 # 1504
33713 # 1504
33725 # 1504
33737 # 1504
33749 # 1504
33761 # 1504
33773 # 1504
33785 # 1504
33797 # 1504
33809 # 1504
33821 # 1504
33833 # 1504
33845 # 1504
33857 # 1504
33869 # 1504
33881 # 1504
33893 # 1504
33905 # 1504
33917 # 1504
33929 # 1504
33941 # 1504
33953 # 1504
33965 # 1504
33977 # 1504
33989 # 1504
34001 # 1504
34013 # 1504
34025 # 1504
34037 # 1504
34049 # 1504
34061 # 1504
34073 # 1504
34085 # 1504
34097 # 1504
34109 # 1504
34121 # 1504
34133 # 1504
34145 # 1504
34157 # 1504
34169 # 1504
34181 # 1504
34193 # 1504
34205 # 1504
34217 # 1504
34229 # 1504
34241 # 1504
34253 # 1504
34265 # 1504
34277 # 1504
34289 # 1504
34301 # 1504
34313 # 1504
34325 # 1504
34337 # 1504
34349 # 1504
34361 # 1504
34373 # 1504
34385 # 1504
34397 # 1504
34409 # 1504
34421 # 1504
34433 # 1504
34445 # 1504
34457 # 1504
34469 # 1504
34481 # 1504
34493 # 1504
34505 # 1504
34517 # 1504
34529 # 1504
34541 # 1504
34553 # 1504
34565 # 1504
34577 # 1504
34589 # 1504
34601 # 1504
34613 # 1504
34625 # 1504
34637 # 1504
34649 # 1504
34661 # 1504
34673 # 1504
34685 # 1504
34697 # 1504
34709 # 1504
34721 # 1504
34733 # 1504
34745 # 1504
34757 # 1504
34769 # 1504
34781 # 1504
34793 # 1504
34805 # 1504
34817 # 1504
34829 # 1504
34841 # 1504
34853 # 1504
34865 # 1504
34877 # 1504
34889 # 1504
34901 # 1504
34913 # 1504
34925 # 1504
34937 # 1504
34949 # 1504
34961 # 1504
34973 # 1504
34985 # 1504
34997 # 1504
35009 # 1504
35021 # 1504
35033 # 1504
35045 # 1504
35057 # 1504
35069 # 1504
35081 # 1504
35093 # 1504
35105 # 1504
35117 # 1504
35129 # 1504
35141 # 1504
35153 # 1504
35165 # 1504
35177 # 1504
35189 # 1504
35201 # 1504
35213 # 1504
35225 # 1504
35237 # 1504
35249 # 1504
35261 # 1504
35273 # 1504
35285 # 1504
35297 # 1504
35309 # 1504
35321 # 1504
35333 # 1504
35345 # 1504
35357 # 1504
35369 # 1504
35381 # 1504
35393 # 1504
35405 # 1504
35417 # 1504
35429 # 1504
35441 # 1504
35453 # 1504
35465 # 1504
35477 # 1504
35489 # 1504
35501 # 1504
35513 # 1504
35525 # 1504
35537 # 1504
35549 # 1504
35561 # 1504
35573 # 1504
35585 # 1504
35597 # 1504
35609 # 1504
35621 # 1504
35633 # 1504
35645 # 1504
35657 # 1504
35669 # 1504
35681 # 1504
35693 # 1504
35705 # 1504
35717 # 1504
35729 # 1504
35741 # 1504
35753 # 1504
35765 # 1504
35777 # 1504
35789 # 1504
35801 # 1504
35813 # 1504
35825 # 1504
35837 # 1504
35849 # 1504
35861 # 1504
35873 # 1504
35885 # 1504
35897 # 1504
35909 # 1504
35921 # 1504
35933 # 1504
35945 # 1504
35957 # 1504
35969 # 1504
35981 # 1504
35993 # 1504
36005 # 1504
36017 # 1504
36029 # 1504
36041 # 1504
36053 # 1504
36065 # 1504
36077 # 1504
36089 # 1504
36101 # 1504
36113 # 1504
36125 # 1504
36137 # 1504
36149 # 1504
36161 # 1504
36173 # 1504
36185 # 1504
36197 # 1504
36209 # 1504
36221 # 1504
36233 # 1504
36245 # 1504
36257 # 1504
36269 # 1504
36281 # 1504
36293 # 1504
36305 # 1504
36317 # 1504
36329 # 1504
36341 # 1504
36353 # 1504
36365 # 1504
36377 # 1504
36389 # 1504
36401 # 1504
36413 # 1504
36425 # 1504
36437 # 1504
36449 # 1504
36461 # 1504
36473 # 1504
36485 # 1504
36497 # 1504
36509 # 1504
36521 # 1504
36533 # 1504
36545 # 1504
36557 # 1504
36569 # 1504
36581 # 1504
36593 # 1504
36605 # 1504
36617 # 1504
36629 # 1504
36641 # 1504
36653 # 1504
36665 # 1504
36677 # 1504
36689 # 1504
36701 # 1504
36713 # 1504
36725 # 1504
36737 # 1504
36749 # 1504
36761 # 1504
36773 # 1504
36785 # 1504
36797 # 1504
36809 # 1504
36821 # 1504
36833 # 1504
36845 # 1504
36857 # 1504
36869 # 1504
36881 # 1504
36893 # 1504
36905 # 1504
36917 # 1504
36929 # 1504
36941 # 1504
36953 # 1504
36965 # 1504
36977 # 1504
36989 # 1504
37001 # 1504
37013 # 1504
37025 # 1504
37037 # 1504
37049 # 1504
37061 # 1504
37073 # 1504
37085 # 1504
37097 # 1504
37109 # 1504
37121 # 1504
37133 # 1504
37145 # 1504
37157 # 1504
37169 # 1504
37181 # 1504
37193 # 1504
37205 # 1504
37217 # 1504
37229 # 1504
37241 # 1504
37253 # 1504
37265 # 1504
37277 # 1504
37289 # 1504
37301 # 1504
37313 # 1504
37325 # 1504
37337 # 1504
37349 # 1504
37361 # 1504
37373 # 1504
37385 # 1504
37397 # 1504
37409 # 1504
37421 # 1504
37433 # 1504
37445 # 1504
37457 # 1504
37469 # 1504
37481 # 1504
37493 # 1504
37505 # 1504
37517 # 1504
37529 # 1504
37541 # 1504
37553 # 1504
37565 # 1504
37577 # 1504
37589 # 1504
37601 # 1504
37613 # 1504
37625 # 1504
37637 # 1504
37649 # 1504
37661 # 1504
37673 # 1504
37685 # 1504
37697 # 1504
37709 # 1504
37721 # 1504
37733 # 1504
37745 # 1504
37757 # 1504
37769 # 1504
37781 # 1504
37793 # 1504
37805 # 1504
37817 # 1504
37829 # 1504
37841 # 1504
37853 # 1504
37865 # 1504
37877 # 1504
37889 # 1504
37901 # 1504
37913 # 1504
37925 # 1504
37937 # 1504
37949 # 1504
37961 # 1504
37973 # 1504
37985 # 1504
37997 # 1504
38009 # 1504
38021 # 1504
38033 # 1504
38045 # 1504
38057 # 1504
38069 # 1504
38081 # 1504
38093 # 1504
38105 # 1504
38117 # 1504
38129 # 1504
38141 # 1504
38153 # 1504
38165 # 1504
38177 # 1504
38189 # 1504
38201 # 1504
38213 # 1504
38225 # 1504
38237 # 1504
38249 # 1504
38261 # 1504
38273 # 1504
38285 # 1504
38297 # 1504
38309 # 1504
38321 # 1504
38333 # 1504
38345 # 1504
38357 # 1504
38369 # 1504
38381 # 1504
38393 # 1504
38405 # 1504
38417 # 1504
38429 # 1504
38441 # 1504
38453 # 1504
38465 # 1504
38477 # 1504
38489 # 1504
38501 # 1504
38513 # 1504
38525 # 1504
38537 # 1504
38549 # 1504
38561 # 1504
38573 # 1504
38585 # 1504
38597 # 1504
38609 # 1504
38621 # 1504
38633 # 1504
38645 # 1504
38657 # 1504
38669 # 1504
38681 # 1504
38693 # 1504
38705 # 1504
38717 # 1504
38729 # 1504
38741 # 1504
38753 # 1504
38765 # 1504
38777 # 1504
38789 # 1504
38801 # 1504
38813 # 1504
38825 # 1504
38837 # 1504
38849 # 1504
38861 # 1504
38873 # 1504
38885 # 1504
38897 # 1504
38909 # 1504
38921 # 1504
38933 # 1504
38945 # 1504
38957 # 1504
38969 # 1504
38981 # 1504
38993 # 1504
39005 # 1504
39017 # 1504
39029 # 1504
39041 # 1504
39053 # 1504
39065 # 1504
39077 # 1504
39089 # 1504
39101 # 1504
39113 # 1504
39125 # 1504
39137 # 1504
39149 # 1504
39161 # 1504
39173 # 1504
39185 # 1504
39197 # 1504
39209 # 1504
39221 # 1504
39233 # 1504
39245 # 1504
39257 # 1504
39269 # 1504
39281 # 1504
39293 # 1504
39305 # 1504
39317 # 1504
39329 # 1504
39341 # 1504
39353 # 1504
39365 # 1504
39377 # 1504
39389 # 1504
39401 # 1504
39413 # 1504
39425 # 1504
39437 # 1504
39449 # 1504
39461 # 1504
39473 # 1504
39485 # 1504
39497 # 1504
39509 # 1504
39521 # 1504
39533 # 1504
39545 # 1504
39557 # 1504
39569 # 1504
39581 # 1504
39593 # 1504
39605 # 1504
39617 # 1504
39629 # 1504
39641 # 1504
39653 # 1504
39665 # 1504
39677 # 1504
39689 # 1504
39701 # 1504
39713 # 1504
39725 # 1504
39737 # 1504
39749 # 1504
39761 # 1504
39773 # 1504
39785 # 1504
39797 # 1504
39809 # 1504
39821 # 1504
39833 # 1504
39845 # 1504
39857 # 1504
39869 # 1504
39881 # 1504
39893 # 1504
39905 # 1504
39917 # 1504
39929 # 1504
39941 # 1504
39953 # 1504
39965 # 1504
39977 # 1504
39989 # 1504
40001 # 1504
40013 # 1504
40025 # 1504
40037 # 1504
40049 # 1504
40061 # 1504
40073 # 1504
40085 # 1504
40097 # 1504
40109 # 1504
40121 # 1504
40133 # 1504
40145 # 1504
40157 # 1504
40169 # 1504
40181 # 1504
40193 # 1504
40205 # 1504
40217 # 1504
40229 # 1504
40241 # 1504
40253 # 1504
40265 # 1504
40277 # 1504
40289 # 1504
40301 # 1504
40313 # 1504
40325 # 1504
40337 # 1504
40349 # 1504
40361 # 1504
40373 # 1504
40385 # 1504
40397 # 1504
40409 # 1504
40421 # 1504
40433 # 1504
40445 # 1504
40457 # 1504
40469 # 1504
40481 # 1504
40493 # 1504
40505 # 1504
40517 # 1504
40529 # 1504
40541 # 1504
40553 # 1504
40565 # 1504
40577 # 1504
40589 # 1504
40601 # 1504
40613 # 1504
40625 # 1504
40637 # 1504
40649 # 1504
40661 # 1504
40673 # 1504
40685 # 1504
40697 # 1504
40709 # 1504
40721 # 1504
40733 # 1504
40745 # 1504
40757 # 1504
40769 # 1504
40781 # 1504
40793 # 1504
40805 # 1504
40817 # 1504
40829 # 1504
40841 # 1504
40853 # 1504
40865 # 1504
40877 # 1504
40889 # 1504
40901 # 1504
40913 # 1504
40925 # 1504
40937 # 1504
40949 # 1504
40961 # 1504
40973 # 1504
40985 # 1504
40997 # 1504
41009 # 1504
41021 # 1504
41033 # 1504
41045 # 1504
41057 # 1504
41069 # 1504
41081 # 1504
41093 # 1504
41105 # 1504
41117 # 1504
41129 # 1504
41141 # 1504
41153 # 1504
41165 # 1504
41177 # 1504
41189 # 1504
41201 # 1504
41213 # 1504
41225 # 1504
41237 # 1504
41249 # 1504
41261 # 1504
41273 # 1504
41285 # 1504
41297 # 1504
41309 # 1504
41321 # 1504
41333 # 1504
41345 # 1504
41357 # 1504
41369 # 1504
41381 # 1504
41393 # 1504
41405 # 1504
41417 # 1504
41429 # 1504
41441 # 1504
41453 # 1504
41465 # 1504
41477 # 1504
41489 # 1504
41501 # 1504
41513 # 1504
41525 # 1504
41537 # 1504
41549 # 1504
41561 # 1504
41573 # 1504
41585 # 1504
41597 # 1504
41609 # 1504
41621 # 1504
41633 # 1504
41645 # 1504
41657 # 1504
41669 # 1504
41681 # 1504
41693 # 1504
41705 # 1504
41717 # 1504
41729 # 1504
41741 # 1504
41753 # 1504
41765 # 1504
41777 # 1504
41789 # 1504
41801 # 1504
41813 # 1504
41825 # 1504
41837 # 1504
41849 # 1504
41861 # 1504
41873 # 1504
41885 # 1504
41897 # 1504
41909 # 1504
41921 # 1504
41933 # 1504
41945 # 1504
41957 # 1504
41969 # 1504
41981 # 1504
41993 # 1504
42005 # 1504
42017 # 1504
42029 # 1504
42041 # 1504
42053 # 1504
42065 # 1504
42077 # 1504
42089 # 1504
42101 # 1504
42113 # 1504
42125 # 1504
42137 # 1504
42149 # 1504
42161 # 1504
42173 # 1504
42185 # 1504
42197 # 1504
42209 # 1504
42221 # 1504
42233 # 1504
42245 # 1504
42257 # 1504
42269 # 1504
42281 # 1504
42293 # 1504
42305 # 1504
42317 # 1504
42329 # 1504
42341 # 1504
42353 # 1504
42365 # 1504
42377 # 1504
42389 # 1504
42401 # 1504
42413 # 1504
42425 # 1504
42437 # 1504
42449 # 1504
42461 # 1504
42473 # 1504
42485 # 1504
42497 # 1504
42509 # 1504
42521 # 1504
42533 # 1504
42545 # 1504
42557 # 1504
42569 # 1504
42581 # 1504
42593 # 1504
42605 # 1504
42617 # 1504
42629 # 1504
42641 # 1504
42653 # 1504
42665 # 1504
42677 # 1504
42689 # 1504
42701 # 1504
42713 # 1504
42725 # 1504
42737 # 1504
42749 # 1504
42761 # 1504
42773 # 1504
42785 # 1504
42797 # 1504
42809 # 1504
42821 # 1504
42833 # 1504
42845 # 1504
42857 # 1504
42869 # 1504
42881 # 1504
42893 # 1504
42905 # 1504
42917 # 1504
42929 # 1504
42941 # 1504
42953 # 1504
42965 # 1504
42977 # 1504
42989 # 1504
43001 # 1504
43013 # 1504
43025 # 1504
43037 # 1504
43049 # 1504
43061 # 1504
43073 # 1504
43085 # 1504
43097 # 1504
43109 # 1504
43121 # 1504
43133 # 1504
43145 # 1504
43157 # 1504
43169 # 1504
43181 # 1504
43193 # 1504
43205 # 1504
43217 # 1504
43229 # 1504
43241 # 1504
43253 # 1504
43265 # 1504
43277 # 1504
43289 # 1504
43301 # 1504
43313 # 1504
43325 # 1504
43337 # 1504
43349 # 1504
43361 # 1504
43373 # 1504
43385 # 1504
43397 # 1504
43409 # 1504
43421 # 1504
43433 # 1504
43445 # 1504
43457 # 1504
43469 # 1504
43481 # 1504
43493 # 1504
43505 # 1504
43517 # 1504
43529 # 1504
43541 # 1504
43553 # 1504
43565 # 1504
43577 # 1504
43589 # 1504
43601 # 1504
43613 # 1504
43625 # 1504
43637 # 1504
43649 # 1504
43661 # 1504
43673 # 1504
43685 # 1504
43697 # 1504
43709 # 1504
43721 # 1504
43733 # 1504
43745 # 1504
43757 # 1504
43769 # 1504
43781 # 1504
43793 # 1504
43805 # 1504
43817 # 1504
43829 # 1504
43841 # 1504
43853 # 1504
43865 # 1504
43877 # 1504
43889 # 1504
43901 # 1504
43913 # 1504
43925 # 1504
43937 # 1504
43949 # 1504
43961 # 1504
43973 # 1504
43985 # 1504
43997 # 1504
44009 # 1504
44021 # 1504
44033 # 1504
44045 # 1504
44057 # 1504
44069 # 1504
44081 # 1504
44093 # 1504
44105 # 1504
44117 # 1504
44129 # 1504
44141 # 1504
44153 # 1504
44165 # 1504
44177 # 1504
44189 # 1504
44201 # 1504
44213 # 1504
44225 # 1504
44237 # 1504
44249 # 1504
44261 # 1504
44273 # 1504
44285 # 1504
44297 # 1504
44309 # 1504
44321 # 1504
44333 # 1504
44345 # 1504
44357 # 1504
44369 # 1504
44381 # 1504
44393 # 1504
44405 # 1504
44417 # 1504
44429 # 1504
44441 # 1504
44453 # 1504
44465 # 1504
44477 # 1504
44489 # 1504
44501 # 1504
44513 # 1504
44525 # 1504
44537 # 1504
44549 # 1504
44561 # 1504
44573 # 1504
44585 # 1504
44597 # 1504
44609 # 1504
44621 # 1504
44633 # 1504
44645 # 1504
44657 # 1504
44669 # 1504
44681 # 1504
44693 # 1504
44705 # 1504
44717 # 1504
44729 # 1504
44741 # 1504
44753 # 1504
44765 # 1504
44777 # 1504
44789 # 1504
44801 # 1504
44813 # 1504
44825 # 1504
44837 # 1504
44849 # 1504
44861 # 1504
44873 # 1504
44885 # 1504
44897 # 1504
44909 # 1504
44921 # 1504
44933 # 1504
44945 # 1504
44957 # 1504
44969 # 1504
44981 # 1504
44993 # 1504
45005 # 1504
45017 # 1504
45029 # 1504
45041 # 1504
45053 # 1504
45065 # 1504
45077 # 1504
45089 # 1504
45101 # 1504
45113 # 1504
45125 # 1504
45137 # 1504
45149 # 1504
45161 # 1504
45173 # 1504
45185 # 1504
45197 # 1504
45209 # 1504
45221 # 1504
45233 # 1504
45245 # 1504
45257 # 1504
45269 # 1504
45281 # 1504
45293 # 1504
45305 # 1504
45317 # 1504
45329 # 1504
45341 # 1504
45353 # 1504
45365 # 1504
45377 # 1504
45389 # 1504
45401 # 1504
45413 # 1504
45425 # 1504
45437 # 1504
45449 # 1504
45461 # 1504
45473 # 1504
45485 # 1504
45497 # 1504
45509 # 1504
45521 # 1504
45533 # 1504
45545 # 1504
45557 # 1504
45569 # 1504
45581 # 1504
45593 # 1504
45605 # 1504
45617 # 1504
45629 # 1504
45641 # 1504
45653 # 1504
45665 # 1504
45677 # 1504
45689 # 1504
45701 # 1504
45713 # 1504
45725 # 1504
45737 # 1504
45749 # 1504
45761 # 1504
45773 # 1504
45785 # 1504
45797 # 1504
45809 # 1504
45821 # 1504
45833 # 1504
45845 # 1504
45857 # 1504
45869 # 1504
45881 # 1504
45893 # 1504
45905 # 1504
45917 # 1504
45929 # 1504
45941 # 1504
45953 # 1504
45965 # 1504
45977 # 1504
45989 # 1504
46001 # 1504
46013 # 1504
46025 # 1504
46037 # 1504
46049 # 1504
46061 # 1504
46073 # 1504
46085 # 1504
46097 # 1504
46109 # 1504
46121 # 1504
46133 # 1504
46145 # 1504
46157 # 1504
46169 # 1504
46181 # 1504
46193 # 1504
46205 # 1504
46217 # 1504
46229 # 1504
46241 # 1504
46253 # 1504
46265 # 1504
46277 # 1504
46289 # 1504
46301 # 1504
46313 # 1504
46325 # 1504
46337 # 1504
46349 # 1504
46361 # 1504
46373 # 1504
46385 # 1504
46397 # 1504
46409 # 1504
46421 # 1504
46433 # 1504
46445 # 1504
46457 # 1504
46469 # 1504
46481 # 1504
46493 # 1504
46505 # 1504
46517 # 1504
46529 # 1504
46541 # 1504
46553 # 1504
46565 # 1504
46577 # 1504
46589 # 1504
46601 # 1504
46613 # 1504
46625 # 1504
46637 # 1504
46649 # 1504
46661 # 1504
46673 # 1504
46685 # 1504
46697 # 1504
46709 # 1504
46721 # 1504
46733 # 1504
46745 # 1504
46757 # 1504
46769 # 1504
46781 # 1504
46793 # 1504
46805 # 1504
46817 # 1504
46829 # 1504
46841 # 1504
46853 # 1504
46865 # 1504
46877 # 1504
46889 # 1504
46901 # 1504
46913 # 1504
46925 # 1504
46937 # 1504
46949 # 1504
46961 # 1504
46973 # 1504
46985 # 1504
46997 # 1504
47009 # 1504
47021 # 1504
47033 # 1504
47045 # 1504
47057 # 1504
47069 # 1504
47081 # 1504
47093 # 1504
47105 # 1504
47117 # 1504
47129 # 1504
47141 # 1504
47153 # 1504
47165 # 1504
47177 # 1504
47189 # 1504
47201 # 1504
47213 # 1504
47225 # 1504
47237 # 1504
47249 # 1504
47261 # 1504
47273 # 1504
47285 # 1504
47297 # 1504
47309 # 1504
47321 # 1504
47333 # 1504
47345 # 1504
47357 # 1504
47369 # 1504
47381 # 1504
47393 # 1504
47405 # 1504
47417 # 1504
47429 # 1504
47441 # 1504
47453 # 1504
47465 # 1504
47477 # 1504
47489 # 1504
47501 # 1504
47513 # 1504
47525 # 1504
47537 # 1504
47549 # 1504
47561 # 1504
47573 # 1504
47585 # 1504
47597 # 1504
47609 # 1504
47621 # 1504
47633 # 1504
47645 # 1504
47657 # 1504
47669 # 1504
47681 # 1504
47693 # 1504
47705 # 1504
47717 # 1504
47729 # 1504
47741 # 1504
47753 # 1504
47765 # 1504
47777 # 1504
47789 # 1504
47801 # 1504
47813 # 1504
47825 # 1504
47837 # 1504
47849 # 1504
47861 # 1504
47873 # 1504
47885 # 1504
47897 # 1504
47909 # 1504
47921 # 1504
47933 # 1504
47945 # 1504
47957 # 1504
47969 # 1504
47981 # 1504
47993 # 1504
48005 # 1504
48017 # 1504
48029 # 1504
48041 # 1504
48053 # 1504
48065 # 1504
48077 # 1504
48089 # 1504
48101 # 1504
48113 # 1504
48125 # 1504
48137 # 1504
48149 # 1504
48161 # 1504
48173 # 1504
48185 # 1504
48197 # 1504
48209 # 1504
48221 # 1504
48233 # 1504
48245 # 1504
48257 # 1504
48269 # 1504
48281 # 1504
48293 # 1504
48305 # 1504
48317 # 1504
48329 # 1504
48341 # 1504
48353 # 1504
48365 # 1504
48377 # 1504
48389 # 1504
48401 # 1504
48413 # 1504
48425 # 1504
48437 # 1504
48449 # 1504
48461 # 1504
48473 # 1504
48485 # 1504
48497 # 1504
48509 # 1504
48521 # 1504
48533 # 1504
48545 # 1504
48557 # 1504
48569 # 1504
48581 # 1504
48593 # 1504
48605 # 1504
48617 # 1504
48629 # 1504
48641 # 1504
48653 # 1504
48665 # 1504
48677 # 1504
48689 # 1504
48701 # 1504
48713 # 1504
48725 # 1504
48737 # 1504
48749 # 1504
48761 # 1504
48773 # 1504
48785 # 1504
48797 # 1504
48809 # 1504
48821 # 1504
48833 # 1504
48845 # 1504
48857 # 1504
48869 # 1504
48881 # 1504
48893 # 1504
48905 # 1504
48917 # 1504
48929 # 1504
48941 # 1504
48953 # 1504
48965 # 1504
48977 # 1504
48989 # 1504
49001 # 1504
49013 # 1504
49025 # 1504
49037 # 1504
49049 # 1504
49061 # 1504
49073 # 1504
49085 # 1504
49097 # 1504
49109 # 1504
49121 # 1504
49133 # 1504
49145 # 1504
49157 # 1504
49169 # 1504
49181 # 1504
49193 # 1504
49205 # 1504
49217 # 1504
49229 # 1504
49241 # 1504
49253 # 1504
49265 # 1504
49277 # 1504
49289 # 1504
49301 # 1504
49313 # 1504
49325 # 1504
49337 # 1504
49349 # 1504
49361 # 1504
49373 # 1504
49385 # 1504
49397 # 1504
49409 # 1504
49421 # 1504
49433 # 1504
49445 # 1504
49457 # 1504
49469 # 1504
49481 # 1504
49493 # 1504
49505 # 1504
49517 # 1504
49529 # 1504
49541 # 1504
49553 # 1504
49565 # 1504
49577 # 1504
49589 # 1504
49601 # 1504
49613 # 1504
49625 # 1504
49637 # 1504
49649 # 1504
49661 # 1504
49673 # 1504
49685 # 1504
49697 # 1504
49709 # 1504
49721 # 1504
49733 # 1504
49745 # 1504
49757 # 1504
49769 # 1504
49781 # 1504
49793 # 1504
49805 # 1504
49817 # 1504
49829 # 1504
49841 # 1504
49853 # 1504
49865 # 1504
49877 # 1504
49889 # 1504
49901 # 1504
49913 # 1504
49925 # 1504
49937 # 1504
49949 # 1504
49961 # 1504
49973 # 1504
49985 # 1504
49997 # 1504
50009 # 1504
50021 # 1504
50033 # 1504
50045 # 1504
50057 # 1504
50069 # 1504
50081 # 1504
50093 # 1504
50105 # 1504
50117 # 1504
50129 # 1504
50141 # 1504
50153 # 1504
50165 # 1504
50177 # 1504
50189 # 1504
50201 # 1504
50213 # 1504
50225 # 1504
50237 # 1504
50249 # 1504
50261 # 1504
50273 # 1504
50285 # 1504
50297 # 1504
50309 # 1504
50321 # 1504
50333 # 1504
50345 # 1504
50357 # 1504
50369 # 1504
50381 # 1504
50393 # 1504
50405 # 1504
50417 # 1504
50429 # 1504
50441 # 1504
50453 # 1504
50465 # 1504
50477 # 1504
50489 # 1504
50501 # 1504
50513 # 1504
50525 # 1504
50537 # 1504
50549 # 1504
50561 # 1504
50573 # 1504
50585 # 1504
50597 # 1504
50609 # 1504
50621 # 1504
50633 # 1504
50645 # 1504
50657 # 1504
50669 # 1504
50681 # 1504
50693 # 1504
50705 # 1504
50717 # 1504
50729 # 1504
50741 # 1504
50753 # 1504
50765 # 1504
50777 # 1504
50789 # 1504
50801 # 1504
50813 # 1504
50825 # 1504
50837 # 1504
50849 # 1504
50861 # 1504
50873 # 1504
50885 # 1504
50897 # 1504
50909 # 1504
50921 # 1504
50933 # 1504
50945 # 1504
50957 # 1504
50969 # 1504
50981 # 1504
50993 # 1504
51005 # 1504
51017 # 1504
51029 # 1504
51041 # 1504
51053 # 1504
51065 # 1504
51077 # 1504
51089 # 1504
51101 # 1504
51113 # 1504
51125 # 1504
51137 # 1504
51149 # 1504
51161 # 1504
51173 # 1504
51185 # 1504
51197 # 1504
51209 # 1504
51221 # 1504
51233 # 1504
51245 # 1504
51257 # 1504
51269 # 1504
51281 # 1504
51293 # 1504
51305 # 1504
51317 # 1504
51329 # 1504
51341 # 1504
51353 # 1504
51365 # 1504
51377 # 1504
51389 # 1504
51401 # 1504
51413 # 1504
51425 # 1504
51437 # 1504
51449 # 1504
51461 # 1504
51473 # 1504
51485 # 1504
51497 # 1504
51509 # 1504
51521 # 1504
51533 # 1504
51545 # 1504
51557 # 1504
51569 # 1504
51581 # 1504
51593 # 1504
51605 # 1504
51617 # 1504
51629 # 1504
51641 # 1504
51653 # 1504
51665 # 1504
51677 # 1504
51689 # 1504
51701 # 1504
51713 # 1504
51725 # 1504
51737 # 1504
51749 # 1504
51761 # 1504
51773 # 1504
51785 # 1504
51797 # 1504
51809 # 1504
51821 # 1504
51833 # 1504
51845 # 1504
51857 # 1504
51869 # 1504
51881 # 1504
51893 # 1504
51905 # 1504
51917 # 1504
51929 # 1504
51941 # 1504
51953 # 1504
51965 # 1504
51977 # 1504
51989 # 1504
52001 # 1504
52013 # 1504
52025 # 1504
52037 # 1504
52049 # 1504
52061 # 1504
52073 # 1504
52085 # 1504
52097 # 1504
52109 # 1504
52121 # 1504
52133 # 1504
52145 # 1504
52157 # 1504
52169 # 1504
52181 # 1504
52193 # 1504
52205 # 1504
52217 # 1504
52229 # 1504
52241 # 1504
52253 # 1504
52265 # 1504
52277 # 1504
52289 # 1504
52301 # 1504
52313 # 1504
52325 # 1504
52337 # 1504
52349 # 1504
52361 # 1504
52373 # 1504
52385 # 1504
52397 # 1504
52409 # 1504
52421 # 1504
52433 # 1504
52445 # 1504
52457 # 1504
52469 # 1504
52481 # 1504
52493 # 1504
52505 # 1504
52517 # 1504
52529 # 1504
52541 # 1504
52553 # 1504
52565 # 1504
52577 # 1504
52589 # 1504
52601 # 1504
52613 # 1504
52625 # 1504
52637 # 1504
52649 # 1504
52661 # 1504
52673 # 1504
52685 # 1504
52697 # 1504
52709 # 1504
52721 # 1504
52733 # 1504
52745 # 1504
52757 # 1504
52769 # 1504
52781 # 1504
52793 # 1504
52805 # 1504
52817 # 1504
52829 # 1504
52841 # 1504
52853 # 1504
52865 # 1504
52877 # 1504
52889 # 1504
52901 # 1504
52913 # 1504
52925 # 1504
52937 # 1504
52949 # 1504
52961 # 1504
52973 # 1504
52985 # 1504
52997 # 1504
53009 # 1504
53021 # 1504
53033 # 1504
53045 # 1504
53057 # 1504
53069 # 1504
53081 # 1504
53093 # 1504
53105 # 1504
53117 # 1504
53129 # 1504
53141 # 1504
53153 # 1504
53165 # 1504
53177 # 1504
53189 # 1504
53201 # 1504
53213 # 1504
53225 # 1504
53237 # 1504
53249 # 1504
53261 # 1504
53273 # 1504
53285 # 1504
53297 # 1504
53309 # 1504
53321 # 1504
53333 # 1504
53345 # 1504
53357 # 1504
53369 # 1504
53381 # 1504
53393 # 1504
53405 # 1504
53417 # 1504
53429 # 1504
53441 # 1504
53453 # 1504
53465 # 1504
53477 # 1504
53489 # 1504
53501 # 1504
53513 # 1504
53525 # 1504
53537 # 1504
53549 # 1504
53561 # 1504
53573 # 1504
53585 # 1504
53597 # 1504
53609 # 1504
53621 # 1504
53633 # 1504
53645 # 1504
53657 # 1504
53669 # 1504
53681 # 1504
53693 # 1504
53705 # 1504
53717 # 1504
53729 # 1504
53741 # 1504
53753 # 1504
53765 # 1504
53777 # 1504
53789 # 1504
53801 # 1504
53813 # 1504
53825 # 1504
53837 # 1504
53849 # 1504
53861 # 1504
53873 # 1504
53885 # 1504
53897 # 1504
53909 # 1504
53921 # 1504
53933 # 1504
53945 # 1504
53957 # 1504
53969 # 1504
53981 # 1504
53993 # 1504
54005 # 1504
54017 # 1504
54029 # 1504
54041 # 1504
54053 # 1504
54065 # 1504
54077 # 1504
54089 # 1504
54101 # 1504
54113 # 1504
54125 # 1504
54137 # 1504
54149 # 1504
54161 # 1504
54173 # 1504
54185 # 1504
54197 # 1504
54209 # 1504
54221 # 1504
54233 # 1504
54245 # 1504
54257 # 1504
54269 # 1504
54281 # 1504
54293 # 1504
54305 # 1504
54317 # 1504
54329 # 1504
54341 # 1504
54353 # 1504
54365 # 1504
54377 # 1504
54389 # 1504
54401 # 1504
54413 # 1504
54425 # 1504
54437 # 1504
54449 # 1504
54461 # 1504
54473 # 1504
54485 # 1504
54497 # 1504
54509 # 1504
54521 # 1504
54533 # 1504
54545 # 1504
54557 # 1504
54569 # 1504
54581 # 1504
54593 # 1504
54605 # 1504
54617 # 1504
54629 # 1504
54641 # 1504
54653 # 1504
54665 # 1504
54677 # 1504
54689 # 1504
54701 # 1504
54713 # 1504
54725 # 1504
54737 # 1504
54749 # 1504
54761 # 1504
54773 # 1504
54785 # 1504
54797 # 1504
54809 # 1504
54821 # 1504
54833 # 1504
54845 # 1504
54857 # 1504
54869 # 1504
54881 # 1504
54893 # 1504
54905 # 1504
54917 # 1504
54929 # 1504
54941 # 1504
54953 # 1504
54965 # 1504
54977 # 1504
54989 # 1504
55001 # 1504
55013 # 1504
55025 # 1504
55037 # 1504
55049 # 1504
55061 # 1504
55073 # 1504
55085 # 1504
55097 # 1504
55109 # 1504
55121 # 1504
55133 # 1504
55145 # 1504
55157 # 1504
55169 # 1504
55181 # 1504
55193 # 1504
55205 # 1504
55217 # 1504
55229 # 1504
55241 # 1504
55253 # 1504
55265 # 1504
55277 # 1504
55289 # 1504
55301 # 1504
55313 # 1504
55325 # 1504
55337 # 1504
55349 # 1504
55361 # 1504
55373 # 1504
55385 # 1504
55397 # 1504
55409 # 1504
55421 # 1504
55433 # 1504
55445 # 1504
55457 # 1504
55469 # 1504
55481 # 1504
55493 # 1504
55505 # 1504
55517 # 1504
55529 # 1504
55541 # 1504
55553 # 1504
55565 # 1504
55577 # 1504
55589 # 1504
55601 # 1504
55613 # 1504
55625 # 1504
55637 # 1504
55649 # 1504
55661 # 1504
55673 # 1504
55685 # 1504
55697 # 1504
55709 # 1504
55721 # 1504
55733 # 1504
55745 # 1504
55757 # 1504
55769 # 1504
55781 # 1504
55793 # 1504
55805 # 1504
55817 # 1504
55829 # 1504
55841 # 1504
55853 # 1504
55865 # 1504
55877 # 1504
55889 # 1504
55901 # 1504
55913 # 1504
55925 # 1504
55937 # 1504
55949 # 1504
55961 # 1504
55973 # 1504
55985 # 1504
55997 # 1504
56009 # 1504
56021 # 1504
56033 # 1504
56045 # 1504
56057 # 1504
56069 # 1504
56081 # 1504
56093 # 1504
56105 # 1504
56117 # 1504
56129 # 1504
56141 # 1504
56153 # 1504
56165 # 1504
56177 # 1504
56189 # 1504
56201 # 1504
56213 # 1504
56225 # 1504
56237 # 1504
56249 # 1504
56261 # 1504
56273 # 1504
56285 # 1504
56297 # 1504
56309 # 1504
56321 # 1504
56333 # 1504
56345 # 1504
56357 # 1504
56369 # 1504
56381 # 1504
56393 # 1504
56405 # 1504
56417 # 1504
56429 # 1504
56441 # 1504
56453 # 1504
56465 # 1504
56477 # 1504
56489 # 1504
56501 # 1504
56513 # 1504
56525 # 1504
56537 # 1504
56549 # 1504
56561 # 1504
56573 # 1504
56585 # 1504
56597 # 1504
56609 # 1504
56621 # 1504
56633 # 1504
56645 # 1504
56657 # 1504
56669 # 1504
56681 # 1504
56693 # 1504
56705 # 1504
56717 # 1504
56729 # 1504
56741 # 1504
56753 # 1504
56765 # 1504
56777 # 1504
56789 # 1504
56801 # 1504
56813 # 1504
56825 # 1504
56837 # 1504
56849 # 1504
56861 # 1504
56873 # 1504
56885 # 1504
56897 # 1504
56909 # 1504
56921 # 1504
56933 # 1504
56945 # 1504
56957 # 1504
56969 # 1504
56981 # 1504
56993 # 1504
57005 # 1504
57017 # 1504
57029 # 1504
57041 # 1504
57053 # 1504
57065 # 1504
57077 # 1504
57089 # 1504
57101 # 1504
57113 # 1504
57125 # 1504
57137 # 1504
57149 # 1504
57161 # 1504
57173 # 1504
57185 # 1504
57197 # 1504
57209 # 1504
57221 # 1504
57233 # 1504
57245 # 1504
57257 # 1504
57269 # 1504
57281 # 1504
57293 # 1504
57305 # 1504
57317 # 1504
57329 # 1504
57341 # 1504
57353 # 1504
57365 # 1504
57377 # 1504
57389 # 1504
57401 # 1504
57413 # 1504
57425 # 1504
57437 # 1504
57449 # 1504
57461 # 1504
57473 # 1504
57485 # 1504
57497 # 1504
57509 # 1504
57521 # 1504
57533 # 1504
57545 # 1504
57557 # 1504
57569 # 1504
57581 # 1504
57593 # 1504
57605 # 1504
57617 # 1504
57629 # 1504
57641 # 1504
57653 # 1504
57665 # 1504
57677 # 1504
57689 # 1504
57701 # 1504
57713 # 1504
57725 # 1504
57737 # 1504
57749 # 1504
57761 # 1504
57773 # 1504
57785 # 1504
57797 # 1504
57809 # 1504
57821 # 1504
57833 # 1504
57845 # 1504
57857 # 1504
57869 # 1504
57881 # 1504
57893 # 1504
57905 # 1504
57917 # 1504
57929 # 1504
57941 # 1504
57953 # 1504
57965 # 1504
57977 # 1504
57989 # 1504
58001 # 1504
58013 # 1504
58025 # 1504
58037 # 1504
58049 # 1504
58061 # 1504
58073 # 1504
58085 # 1504
58097 # 1504
58109 # 1504
58121 # 1504
58133 # 1504
58145 # 1504
58157 # 1504
58169 # 1504
58181 # 1504
58193 # 1504
58205 # 1504
58217 # 1504
58229 # 1504
58241 # 1504
58253 # 1504
58265 # 1504
58277 # 1504
58289 # 1504
58301 # 1504
58313 # 1504
58325 # 1504
58337 # 1504
58349 # 1504
58361 # 1504
58373 # 1504
58385 # 1504
58397 # 1504
58409 # 1504
58421 # 1504
58433 # 1504
58445 # 1504
58457 # 1504
58469 # 1504
58481 # 1504
58493 # 1504
58505 # 1504
58517 # 1504
58529 # 1504
58541 # 1504
58553 # 1504
58565 # 1504
58577 # 1504
58589 # 1504
58601 # 1504
58613 # 1504
58625 # 1504
58637 # 1504
58649 # 1504
58661 # 1504
58673 # 1504
58685 # 1504
58697 # 1504
58709 # 1504
58721 # 1504
58733 # 1504
58745 # 1504
58757 # 1504
58769 # 1504
58781 # 1504
58793 # 1504
58805 # 1504
58817 # 1504
58829 # 1504
58841 # 1504
58853 # 1504
58865 # 1504
58877 # 1504
58889 # 1504
58901 # 1504
58913 # 1504
58925 # 1504
58937 # 1504
58949 # 1504
58961 # 1504
58973 # 1504
58985 # 1504
58997 # 1504
59009 # 1504
59021 # 1504
59033 # 1504
59045 # 1504
59057 # 1504
59069 # 1504
59081 # 1504
59093 # 1504
59105 # 1504
59117 # 1504
59129 # 1504
59141 # 1504
59153 # 1504
59165 # 1504
59177 # 1504
59189 # 1504
59201 # 1504
59213 # 1504
59225 # 1504
59237 # 1504
59249 # 1504
59261 # 1504
59273 # 1504
59285 # 1504
59297 # 1504
59309 # 1504
59321 # 1504
59333 # 1504
59345 # 1504
59357 # 1504
59369 # 1504
59381 # 1504
59393 # 1504
59405 # 1504
59417 # 1504
59429 # 1504
59441 # 1504
59453 # 1504
59465 # 1504
59477 # 1504
59489 # 1504
59501 # 1504
59513 # 1504
59525 # 1504
59537 # 1504
59549 # 1504
59561 # 1504
59573 # 1504
59585 # 1504
59597 # 1504
59609 # 1504
59621 # 1504
59633 # 1504
59645 # 1504
59657 # 1504
59669 # 1504
59681 # 1504
59693 # 1504
59705 # 1504
59717 # 1504
59729 # 1504
59741 # 1504
59753 # 1504
59765 # 1504
59777 # 1504
59789 # 1504
59801 # 1504
59813 # 1504
59825 # 1504
59837 # 1504
59849 # 1504
59861 # 1504
59873 # 1504
59885 # 1504
59897 # 1504
59909 # 1504
59921 # 1504
59933 # 1504
59945 # 1504
59957 # 1504
59969 # 1504
59981 # 1504
59993 # 1504
60005 # 1504
60017 # 1504
60029 # 1504
60041 # 1504
60053 # 1504
60065 # 1504
60077 # 1504
60089 # 1504
60101 # 1504
60113 # 1504
60125 # 1504
60137 # 1504
60148 # 1504
60160 # 1504
60172 # 1504
60184 # 1504
60196 # 1504
60208 # 1504
60220 # 1504
60232 # 1504
60244 # 1504
60256 # 1504
60268 # 1504
60280 # 1504
60292 # 1504
60304 # 1504
60316 # 1504
60328 # 1504
60340 # 1504
60352 # 1504
60364 # 1504
60376 # 1504
60388 # 1504
60400 # 1504
60412 # 1504
60424 # 1504
60436 # 1504
60448 # 1504
60460 # 1504
60472 # 1504
60484 # 1504
60496 # 1504
60508 # 1504
60520 # 1504
60532 # 1504
60544 # 1504
60556 # 1504
60568 # 1504
60580 # 1504
60592 # 1504
60604 # 1504
60616 # 1504
60628 # 1504
60640 # 1504
60652 # 1504
60664 # 1504
60676 # 1504
60688 # 1504
60700 # 1504
60712 # 1504
60724 # 1504
60736 # 1504
60748 # 1504
60760 # 1504
60772 # 1504
60784 # 1504
60796 # 1504
60808 # 1504
60820 # 1504
60832 # 1504
60844 # 1504
60856 # 1504
60868 # 1504
60880 # 1504
60892 # 1504
60904 # 1504
60916 # 1504
60928 # 1504
60940 # 1504
60952 # 1504
60964 # 1504
60976 # 1504
60988 # 1504
61000 # 1504
61012 # 1504
61024 # 1504
61036 # 1504
61048 # 1504
61060 # 1504
61072 # 1504
61084 # 1504
61096 # 1504
61108 # 1504
61120 # 1504
61132 # 1504
61144 # 1504
61156 # 1504
61168 # 1504
61180 # 1504
61192 # 1504
61204 # 1504
61216 # 1504
61228 # 1504
61240 # 1504
61252 # 1504
61264 # 1504
61276 # 1504
61288 # 1504
61300 # 1504
61312 # 1504
61324 # 1504
61336 # 1504
61348 # 1504
61360 # 1504
61372 # 1504
61384 # 1504
61396 # 1504
61408 # 1504
61420 # 1504
61432 # 1504
61444 # 1504
61456 # 1504
61468 # 1504
61480 # 1504
61492 # 1504
61504 # 1504
61516 # 1504
61528 # 1504
61540 # 1504
61552 # 1504
61564 # 1504
61576 # 1504
61588 # 1504
61600 # 1504
61612 # 1504
61624 # 1504
61636 # 1504
61648 # 1504
61660 # 1504
61672 # 1504
61684 # 1504
61696 # 1504
61708 # 1504
61720 # 1504
61732 # 1504
61744 # 1504
61756 # 1504
61768 # 1504
61780 # 1504
61792 # 1504
61804 # 1504
61816 # 1504
61828 # 1504
61840 # 1504
61852 # 1504
61864 # 1504
61876 # 1504
61888 # 1504
61900 # 1504
61912 # 1504
61924 # 1504
61936 # 1504
61948 # 1504
61960 # 1504
61972 # 1504
61984 # 1504
61996 # 1504
62008 # 1504
62020 # 1504
62032 # 1504
