1744784726.234191
1744784726.541350
1744784726.852204
1744784727.157985
1744784727.459431
1744784727.778086
1744784728.080026
1744784728.385482
1744784728.692408
1744784728.997147
1744784729.303728
1744784729.605572
1744784729.906689
1744784730.208713
1744784730.520711
1744784730.828243
1744784731.129744
1744784731.431404
1744784731.733668
1744784732.041590
1744784732.343745
1744784732.645316
1744784732.958202
1744784733.270677
1744784733.581157
1744784733.889215
1744784734.190495
1744784734.500541
1744784734.804761
1744784735.111224
1744784735.414355
1744784735.720199
1744784736.024219
1744784736.333934
1744784736.635324
1744784736.937931
1744784737.239157
1744784737.544296
1744784737.854984
1744784738.166424
1744784738.480622
1744784738.792036
1744784739.096965
1744784739.404156
1744784739.710320
1744784740.012817
1744784740.322698
1744784740.626008
1744784740.927557
1744784741.229153
1744784741.530642
1744784741.834974
1744784742.140469
1744784742.443139
1744784742.745496
1744784743.048728
1744784743.359791
1744784743.671753
1744784743.983459
1744784744.285005
1744784744.588705
1744784744.899102
1744784745.204127
1744784745.505876
1744784745.807368
1744784746.109945
1744784746.413127
1744784746.716600
1744784747.018440
1744784747.319690
1744784747.622160
1744784747.924433
1744784748.237698
1744784748.543917
1744784748.855378
1744784749.157584
1744784749.475792
1744784749.777432
1744784750.082419
1744784750.383984
1744784750.692310
1744784751.000625
1744784751.302688
1744784751.604281
1744784751.905974
1744784752.212359
1744784752.523834
1744784752.838025
1744784753.149032
1744784753.454489
1744784753.764923
1744784754.067106
1744784754.368762
1744784754.672828
1744784754.974627
1744784755.279483
1744784755.581367
1744784755.883096
1744784756.185013
1744784756.487334
1744784756.796704
1744784757.105872
1744784757.416322
1744784757.722278
1744784758.030273
1744784758.336494
1744784758.638163
1744784758.976166
1744784759.279910
1744784759.583250
1744784759.887497
1744784760.192730
1744784760.495212
1744784760.797283
1744784761.104005
1744784761.407956
1744784761.716594
1744784762.026228
1744784762.337256
1744784762.639033
1744784762.944811
1744784763.252871
1744784763.555190
1744784763.869389
1744784764.174346
1744784764.480272
1744784764.781948
1744784765.083916
1744784765.389783
1744784765.697068
1744784766.002589
1744784766.319066
1744784766.630586
1744784766.941260
1744784767.251888
1744784767.563241
1744784767.875404
1744784768.180186
1744784768.491467
1744784768.797071
1744784769.106033
1744784769.417734
1744784769.724155
1744784770.033445
1744784770.335451
1744784770.636746
1744784770.952479
1744784771.265053
1744784771.576615
1744784771.881802
1744784772.191704
1744784772.497576
1744784772.806588
1744784773.111217
1744784773.423798
1744784773.725404
1744784774.036113
1744784774.337881
1744784774.639683
1744784774.945373
1744784775.249458
1744784775.556635
1744784775.867201
1744784776.180490
1744784776.484717
1744784776.787521
1744784777.089016
1744784777.399273
1744784777.704412
1744784778.007329
1744784778.316412
1744784778.618684
1744784778.920299
1744784779.222508
1744784779.531998
1744784779.843559
1744784780.150418
1744784780.452051
1744784780.753335
1744784781.059704
1744784781.370904
1744784781.673031
1744784781.975150
1744784782.276908
1744784782.589445
1744784782.898455
1744784783.200718
1744784783.508496
1744784783.825816
1744784784.137539
1744784784.440535
1744784784.742887
1744784785.045579
1744784785.351189
1744784785.652780
1744784785.954245
