1744784726.033144 1744784726.234191 201.0469
1744784726.340110 1744784726.541350 201.2398
1744784726.642272 1744784726.852204 209.9321
1744784726.956276 1744784727.157985 201.7090
1744784727.258529 1744784727.459431 200.9020
1744784727.569667 1744784727.778086 208.4188
1744784727.879337 1744784728.080026 200.6888
1744784728.184406 1744784728.385482 201.0760
1744784728.487878 1744784728.692408 204.5300
1744784728.795485 1744784728.997147 201.6621
1744784729.100677 1744784729.303728 203.0511
1744784729.404805 1744784729.605572 200.7670
1744784729.705980 1744784729.906689 200.7089
1744784730.008021 1744784730.208713 200.6919
1744784730.319107 1744784730.520711 201.6039
1744784730.621627 1744784730.828243 206.6159
1744784730.928993 1744784731.129744 200.7511
1744784731.230700 1744784731.431404 200.7041
1744784731.532305 1744784731.733668 201.3631
1744784731.840655 1744784732.041590 200.9349
1744784732.142198 1744784732.343745 201.5469
1744784732.444355 1744784732.645316 200.9609
1744784732.747625 1744784732.958202 210.5768
1744784733.062824 1744784733.270677 207.8531
1744784733.373866 1744784733.581157 207.2909
1744784733.684612 1744784733.889215 204.6030
1744784733.989834 1744784734.190495 200.6609
1744784734.299683 1744784734.500541 200.8579
1744784734.602295 1744784734.804761 202.4660
1744784734.905891 1744784735.111224 205.3330
1744784735.212044 1744784735.414355 202.3110
1744784735.519061 1744784735.720199 201.1380
1744784735.822707 1744784736.024219 201.5121
1744784736.125342 1744784736.333934 208.5922
1744784736.434659 1744784736.635324 200.6650
1744784736.736458 1744784736.937931 201.4730
1744784737.038532 1744784737.239157 200.6249
1744784737.343487 1744784737.544296 200.8090
1744784737.645409 1744784737.854984 209.5749
1744784737.958469 1744784738.166424 207.9551
1744784738.270306 1744784738.480622 210.3159
1744784738.583958 1744784738.792036 208.0781
1744784738.896111 1744784739.096965 200.8541
1744784739.197814 1744784739.404156 206.3420
1744784739.509588 1744784739.710320 200.7320
1744784739.811061 1744784740.012817 201.7560
1744784740.115648 1744784740.322698 207.0501
1744784740.425106 1744784740.626008 200.9020
1744784740.726708 1744784740.927557 200.8491
1744784741.028329 1744784741.229153 200.8240
1744784741.329605 1744784741.530642 201.0369
1744784741.631735 1744784741.834974 203.2390
1744784741.938123 1744784742.140469 202.3461
1744784742.241421 1744784742.443139 201.7181
1744784742.544352 1744784742.745496 201.1440
1744784742.845959 1744784743.048728 202.7690
1744784743.151221 1744784743.359791 208.5700
1744784743.462424 1744784743.671753 209.3289
1744784743.773490 1744784743.983459 209.9690
1744784744.084419 1744784744.285005 200.5861
1744784744.387621 1744784744.588705 201.0841
1744784744.689225 1744784744.899102 209.8770
1744784745.003041 1744784745.204127 201.0860
1744784745.304909 1744784745.505876 200.9671
1744784745.606461 1744784745.807368 200.9070
1744784745.909152 1744784746.109945 200.7930
1744784746.210889 1744784746.413127 202.2378
1744784746.516161 1744784746.716600 200.4390
1744784746.817704 1744784747.018440 200.7360
1744784747.118993 1744784747.319690 200.6969
1744784747.421214 1744784747.622160 200.9459
1744784747.723099 1744784747.924433 201.3340
1744784748.029876 1744784748.237698 207.8221
1744784748.339234 1744784748.543917 204.6828
1744784748.652194 1744784748.855378 203.1839
1744784748.956885 1744784749.157584 200.6989
1744784749.267230 1744784749.475792 208.5619
1744784749.576401 1744784749.777432 201.0310
1744784749.877799 1744784750.082419 204.6199
1744784750.183324 1744784750.383984 200.6600
1744784750.491110 1744784750.692310 201.2000
1744784750.793030 1744784751.000625 207.5949
1744784751.101273 1744784751.302688 201.4148
1744784751.403284 1744784751.604281 200.9969
1744784751.705207 1744784751.905974 200.7668
1744784752.011252 1744784752.212359 201.1070
1744784752.313396 1744784752.523834 210.4380
1744784752.629571 1744784752.838025 208.4541
1744784752.941640 1744784753.149032 207.3922
1744784753.252463 1744784753.454489 202.0259
1744784753.563883 1744784753.764923 201.0400
1744784753.865601 1744784754.067106 201.5049
1744784754.167966 1744784754.368762 200.7961
1744784754.469351 1744784754.672828 203.4769
1744784754.773610 1744784754.974627 201.0169
1744784755.078602 1744784755.279483 200.8810
1744784755.380588 1744784755.581367 200.7790
1744784755.682013 1744784755.883096 201.0829
1744784755.984100 1744784756.185013 200.9130
1744784756.285829 1744784756.487334 201.5049
1744784756.594340 1744784756.796704 202.3640
1744784756.897469 1744784757.105872 208.4029
1744784757.210223 1744784757.416322 206.0990
1744784757.519669 1744784757.722278 202.6091
1744784757.822797 1744784758.030273 207.4759
1744784758.132639 1744784758.336494 203.8550
1744784758.437199 1744784758.638163 200.9640
1744784758.738892 1744784758.976166 237.2739
1744784759.076967 1744784759.279910 202.9431
1744784759.380499 1744784759.583250 202.7512
1744784759.686075 1744784759.887497 201.4220
1744784759.988222 1744784760.192730 204.5081
1744784760.293778 1744784760.495212 201.4341
1744784760.596511 1744784760.797283 200.7720
1744784760.897843 1744784761.104005 206.1622
1744784761.207050 1744784761.407956 200.9058
1744784761.508910 1744784761.716594 207.6840
1744784761.819775 1744784762.026228 206.4528
1744784762.129983 1744784762.337256 207.2730
1744784762.438008 1744784762.639033 201.0250
1744784762.743642 1744784762.944811 201.1690
1744784763.045536 1744784763.252871 207.3350
1744784763.353702 1744784763.555190 201.4880
1744784763.665006 1744784763.869389 204.3831
1744784763.970499 1744784764.174346 203.8469
1744784764.276969 1744784764.480272 203.3031
1744784764.580982 1744784764.781948 200.9661
1744784764.882873 1744784765.083916 201.0429
1744784765.189114 1744784765.389783 200.6688
1744784765.491641 1744784765.697068 205.4269
1744784765.801270 1744784766.002589 201.3190
1744784766.111861 1744784766.319066 207.2051
1744784766.420366 1744784766.630586 210.2199
1744784766.734424 1744784766.941260 206.8360
1744784767.044798 1744784767.251888 207.0901
1744784767.355240 1744784767.563241 208.0009
1744784767.666576 1744784767.875404 208.8280
1744784767.978453 1744784768.180186 201.7331
1744784768.290016 1744784768.491467 201.4511
1744784768.592574 1744784768.797071 204.4971
1744784768.904001 1744784769.106033 202.0321
1744784769.216403 1744784769.417734 201.3309
1744784769.518612 1744784769.724155 205.5430
1744784769.827845 1744784770.033445 205.5998
1744784770.134144 1744784770.335451 201.3068
1744784770.436228 1744784770.636746 200.5179
1744784770.744750 1744784770.952479 207.7289
1744784771.056532 1744784771.265053 208.5211
1744784771.369356 1744784771.576615 207.2592
1744784771.680859 1744784771.881802 200.9430
1744784771.982316 1744784772.191704 209.3880
1744784772.296653 1744784772.497576 200.9230
1744784772.598183 1744784772.806588 208.4050
1744784772.910252 1744784773.111217 200.9649
1744784773.222118 1744784773.423798 201.6802
1744784773.524592 1744784773.725404 200.8121
1744784773.826705 1744784774.036113 209.4080
1744784774.136654 1744784774.337881 201.2272
1744784774.438708 1744784774.639683 200.9749
1744784774.743599 1744784774.945373 201.7741
1744784775.046316 1744784775.249458 203.1422
1744784775.351035 1744784775.556635 205.5998
1744784775.658543 1744784775.867201 208.6580
1744784775.971273 1744784776.180490 209.2171
1744784776.283721 1744784776.484717 200.9959
1744784776.585555 1744784776.787521 201.9658
1744784776.888121 1744784777.089016 200.8951
1744784777.189608 1744784777.399273 209.6648
1744784777.503282 1744784777.704412 201.1299
1744784777.805102 1744784778.007329 202.2269
1744784778.108361 1744784778.316412 208.0510
1744784778.417380 1744784778.618684 201.3040
1744784778.719283 1744784778.920299 201.0159
1744784779.021553 1744784779.222508 200.9549
1744784779.322908 1744784779.531998 209.0900
1744784779.634765 1744784779.843559 208.7941
1744784779.946811 1744784780.150418 203.6071
1744784780.251292 1744784780.452051 200.7589
1744784780.552780 1744784780.753335 200.5551
1744784780.858159 1744784781.059704 201.5450
1744784781.160639 1744784781.370904 210.2649
1744784781.471750 1744784781.673031 201.2811
1744784781.774062 1744784781.975150 201.0882
1744784782.075994 1744784782.276908 200.9139
1744784782.387853 1744784782.589445 201.5922
1744784782.690747 1744784782.898455 207.7079
1744784782.999588 1744784783.200718 201.1299
1744784783.301597 1744784783.508496 206.8989
1744784783.617069 1744784783.825816 208.7469
1744784783.929686 1744784784.137539 207.8528
1744784784.238057 1744784784.440535 202.4782
1744784784.541765 1744784784.742887 201.1220
1744784784.844380 1744784785.045579 201.1991
1744784785.146230 1744784785.351189 204.9589
1744784785.451799 1744784785.652780 200.9811
1744784785.753503 1744784785.954245 200.7420
