1744784726.033144
1744784726.340110
1744784726.642272
1744784726.956276
1744784727.258529
1744784727.569667
1744784727.879337
1744784728.184406
1744784728.487878
1744784728.795485
1744784729.100677
1744784729.404805
1744784729.705980
1744784730.008021
1744784730.319107
1744784730.621627
1744784730.928993
1744784731.230700
1744784731.532305
1744784731.840655
1744784732.142198
1744784732.444355
1744784732.747625
1744784733.062824
1744784733.373866
1744784733.684612
1744784733.989834
1744784734.299683
1744784734.602295
1744784734.905891
1744784735.212044
1744784735.519061
1744784735.822707
1744784736.125342
1744784736.434659
1744784736.736458
1744784737.038532
1744784737.343487
1744784737.645409
1744784737.958469
1744784738.270306
1744784738.583958
1744784738.896111
1744784739.197814
1744784739.509588
1744784739.811061
1744784740.115648
1744784740.425106
1744784740.726708
1744784741.028329
1744784741.329605
1744784741.631735
1744784741.938123
1744784742.241421
1744784742.544352
1744784742.845959
1744784743.151221
1744784743.462424
1744784743.773490
1744784744.084419
1744784744.387621
1744784744.689225
1744784745.003041
1744784745.304909
1744784745.606461
1744784745.909152
1744784746.210889
1744784746.516161
1744784746.817704
1744784747.118993
1744784747.421214
1744784747.723099
1744784748.029876
1744784748.339234
1744784748.652194
1744784748.956885
1744784749.267230
1744784749.576401
1744784749.877799
1744784750.183324
1744784750.491110
1744784750.793030
1744784751.101273
1744784751.403284
1744784751.705207
1744784752.011252
1744784752.313396
1744784752.629571
1744784752.941640
1744784753.252463
1744784753.563883
1744784753.865601
1744784754.167966
1744784754.469351
1744784754.773610
1744784755.078602
1744784755.380588
1744784755.682013
1744784755.984100
1744784756.285829
1744784756.594340
1744784756.897469
1744784757.210223
1744784757.519669
1744784757.822797
1744784758.132639
1744784758.437199
1744784758.738892
1744784759.076967
1744784759.380499
1744784759.686075
1744784759.988222
1744784760.293778
1744784760.596511
1744784760.897843
1744784761.207050
1744784761.508910
1744784761.819775
1744784762.129983
1744784762.438008
1744784762.743642
1744784763.045536
1744784763.353702
1744784763.665006
1744784763.970499
1744784764.276969
1744784764.580982
1744784764.882873
1744784765.189114
1744784765.491641
1744784765.801270
1744784766.111861
1744784766.420366
1744784766.734424
1744784767.044798
1744784767.355240
1744784767.666576
1744784767.978453
1744784768.290016
1744784768.592574
1744784768.904001
1744784769.216403
1744784769.518612
1744784769.827845
1744784770.134144
1744784770.436228
1744784770.744750
1744784771.056532
1744784771.369356
1744784771.680859
1744784771.982316
1744784772.296653
1744784772.598183
1744784772.910252
1744784773.222118
1744784773.524592
1744784773.826705
1744784774.136654
1744784774.438708
1744784774.743599
1744784775.046316
1744784775.351035
1744784775.658543
1744784775.971273
1744784776.283721
1744784776.585555
1744784776.888121
1744784777.189608
1744784777.503282
1744784777.805102
1744784778.108361
1744784778.417380
1744784778.719283
1744784779.021553
1744784779.322908
1744784779.634765
1744784779.946811
1744784780.251292
1744784780.552780
1744784780.858159
1744784781.160639
1744784781.471750
1744784781.774062
1744784782.075994
1744784782.387853
1744784782.690747
1744784782.999588
1744784783.301597
1744784783.617069
1744784783.929686
1744784784.238057
1744784784.541765
1744784784.844380
1744784785.146230
1744784785.451799
1744784785.753503
