1744783768.831787
1744783768.953973
1744783769.070144
1744783769.183490
1744783769.299694
1744783769.416333
1744783769.538667
1744783769.657972
1744783769.772958
1744783769.886783
1744783770.000526
1744783770.115554
1744783770.229155
1744783770.340585
1744783770.458320
1744783770.573447
1744783770.686250
1744783770.800909
1744783770.914841
1744783771.029486
1744783771.141768
1744783771.257611
1744783771.372279
1744783771.486656
1744783771.600094
1744783771.713984
1744783771.827583
1744783771.942652
1744783772.056706
1744783772.171959
1744783772.285415
1744783772.400602
1744783772.524352
1744783772.637999
1744783772.752567
1744783772.865833
1744783772.980130
1744783773.092975
1744783773.209064
1744783773.322895
1744783773.438918
1744783773.553760
1744783773.667809
1744783773.781143
1744783773.895143
1744783774.009843
1744783774.123923
1744783774.237557
1744783774.351287
1744783774.466684
1744783774.591174
1744783774.706269
1744783774.818801
1744783774.934680
1744783775.049904
1744783775.164070
1744783775.278702
1744783775.391238
1744783775.515578
1744783775.630578
1744783775.744342
1744783775.859827
1744783775.975897
1744783776.089549
1744783776.205340
1744783776.321284
1744783776.436944
1744783776.560431
1744783776.676657
1744783776.792403
1744783776.909274
1744783777.030386
1744783777.146209
1744783777.260247
1744783777.375877
1744783777.498759
1744783777.612654
1744783777.726406
1744783777.841177
1744783777.956805
1744783778.071349
1744783778.187170
1744783778.301142
1744783778.425601
1744783778.539542
1744783778.652660
1744783778.768790
1744783778.883403
1744783778.998287
1744783779.114064
1744783779.230480
1744783779.347154
1744783779.461451
1744783779.576268
1744783779.691917
1744783779.810798
1744783779.930722
1744783780.045702
1744783780.161493
1744783780.276473
1744783780.390990
1744783780.505379
1744783780.618025
1744783780.733333
1744783780.846231
1744783780.960962
1744783781.073128
1744783781.190985
1744783781.303937
1744783781.418337
1744783781.532095
1744783781.647990
1744783781.765940
1744783781.881561
1744783781.996201
1744783782.110476
1744783782.227226
1744783782.342958
1744783782.459162
1744783782.573547
1744783782.688655
1744783782.801644
1744783782.917265
1744783783.031184
1744783783.146156
1744783783.262846
1744783783.380159
1744783783.500972
1744783783.613884
1744783783.729225
1744783783.839947
1744783783.958569
1744783784.070733
1744783784.186251
1744783784.302356
1744783784.416508
1744783784.530914
1744783784.644812
1744783784.759007
1744783784.873055
1744783784.985812
1744783785.100103
1744783785.213894
1744783785.328810
1744783785.442340
1744783785.559571
1744783785.674336
1744783785.788117
1744783785.901323
1744783786.016308
1744783786.129743
1744783786.244463
1744783786.359429
1744783786.474200
1744783786.588745
1744783786.702728
1744783786.817143
1744783786.930451
1744783787.049156
1744783787.169009
1744783787.281128
1744783787.395826
1744783787.509474
1744783787.623460
1744783787.737036
1744783787.851578
1744783787.962932
1744783788.080085
1744783788.195136
1744783788.310973
1744783788.425349
1744783788.539681
1744783788.653942
1744783788.767699
1744783788.881731
1744783788.995484
1744783789.109917
1744783789.222836
1744783789.338584
1744783789.450879
1744783789.569523
1744783789.683271
1744783789.798004
1744783789.911703
1744783790.031974
1744783790.155443
1744783790.270810
1744783790.385478
1744783790.500873
1744783790.614252
1744783790.728175
1744783790.842188
1744783790.956386
1744783791.069953
1744783791.184396
1744783791.300546
1744783791.423907
1744783791.538036
1744783791.651732
1744783791.766248
1744783791.880618
1744783791.994852
1744783792.108934
1744783792.223049
1744783792.338441
1744783792.454053
1744783792.568227
1744783792.682359
1744783792.795720
1744783792.908352
1744783793.021014
1744783793.136714
1744783793.251295
1744783793.366141
1744783793.480277
1744783793.594267
1744783793.707903
1744783793.821187
1744783793.935130
1744783794.049261
1744783794.163749
1744783794.282977
1744783794.403112
1744783794.516959
1744783794.631628
1744783794.744850
1744783794.868446
1744783794.983601
1744783795.096598
1744783795.211201
1744783795.325543
1744783795.449805
1744783795.564673
1744783795.678316
1744783795.795379
1744783795.909040
1744783796.024328
1744783796.138853
1744783796.251787
1744783796.367582
1744783796.482592
1744783796.596317
1744783796.710234
1744783796.823776
1744783796.937486
1744783797.051131
1744783797.163903
1744783797.277843
1744783797.393053
1744783797.506979
1744783797.621594
1744783797.735482
1744783797.853114
1744783797.966180
1744783798.081436
1744783798.197820
1744783798.310494
1744783798.424955
1744783798.541833
1744783798.660994
1744783798.773983
1744783798.889138
1744783799.004584
1744783799.118381
1744783799.231988
1744783799.347217
1744783799.464362
1744783799.577379
1744783799.695578
1744783799.810863
1744783799.923871
1744783800.047155
1744783800.162318
1744783800.281679
1744783800.401335
1744783800.516652
1744783800.631585
1744783800.744294
1744783800.862531
1744783800.982449
1744783801.096048
1744783801.210167
1744783801.324728
1744783801.438473
1744783801.553674
1744783801.667750
1744783801.780900
1744783801.895426
1744783802.009318
1744783802.124181
1744783802.238235
1744783802.353746
1744783802.471454
1744783802.587087
1744783802.703117
1744783802.824996
1744783802.939242
1744783803.052457
1744783803.175955
1744783803.290007
1744783803.403911
1744783803.520483
1744783803.632425
1744783803.750147
1744783803.864267
1744783803.978289
1744783804.091648
1744783804.205745
1744783804.319942
1744783804.435483
1744783804.550042
1744783804.664454
1744783804.777916
1744783804.892157
1744783805.006214
1744783805.120365
1744783805.234025
1744783805.348885
1744783805.474618
1744783805.588330
1744783805.702809
1744783805.815524
1744783805.930690
1744783806.045437
1744783806.159712
1744783806.272826
1744783806.387562
1744783806.501433
1744783806.617018
1744783806.729534
1744783806.844090
1744783806.958808
1744783807.074312
1744783807.189660
1744783807.302789
1744783807.416574
1744783807.534995
1744783807.657337
1744783807.771869
1744783807.885515
1744783807.999877
1744783808.115529
1744783808.232965
1744783808.354233
1744783808.467490
1744783808.582129
1744783808.699158
1744783808.820194
1744783808.934225
1744783809.048529
1744783809.164020
1744783809.275985
1744783809.390536
1744783809.503910
1744783809.620337
1744783809.732811
1744783809.849101
1744783809.965479
1744783810.079618
1744783810.193633
1744783810.306590
1744783810.421612
1744783810.536408
1744783810.653730
1744783810.768240
1744783810.883151
1744783811.003692
1744783811.116934
1744783811.233177
1744783811.348026
1744783811.462016
1744783811.577789
1744783811.692378
1744783811.807251
1744783811.920559
1744783812.035373
1744783812.148688
1744783812.260567
1744783812.379161
1744783812.494378
1744783812.608457
1744783812.723771
1744783812.838603
1744783812.953761
1744783813.066988
1744783813.181477
1744783813.295983
1744783813.415097
1744783813.536244
1744783813.651819
1744783813.764826
1744783813.880329
1744783814.002802
1744783814.116362
1744783814.231421
1744783814.344951
1744783814.468983
1744783814.589050
1744783814.703905
1744783814.819394
1744783814.932724
1744783815.047432
1744783815.160794
1744783815.274728
1744783815.388334
1744783815.501277
1744783815.618383
1744783815.730421
1744783815.843639
1744783815.958197
1744783816.072297
1744783816.186186
1744783816.298401
1744783816.413846
1744783816.526033
1744783816.640127
1744783816.755678
1744783816.866985
1744783816.983408
1744783817.100147
1744783817.214579
1744783817.329430
1744783817.442520
1744783817.557962
1744783817.672290
1744783817.786457
1744783817.900482
1744783818.016285
1744783818.129978
1744783818.248168
1744783818.372457
1744783818.492430
1744783818.607584
1744783818.722724
1744783818.838010
1744783818.952188
1744783819.065990
1744783819.179726
1744783819.299258
1744783819.412237
1744783819.526620
1744783819.641176
1744783819.757178
1744783819.870198
1744783819.984689
1744783820.097908
1744783820.211356
1744783820.326474
1744783820.439747
1744783820.559929
1744783820.677022
1744783820.792246
1744783820.905276
1744783821.020557
1744783821.135603
1744783821.250121
1744783821.363317
1744783821.478078
1744783821.592587
1744783821.707848
1744783821.822878
1744783821.936796
1744783822.051341
1744783822.167565
1744783822.289125
1744783822.402792
1744783822.518845
1744783822.641023
1744783822.757510
1744783822.867806
1744783822.983930
1744783823.098050
1744783823.211706
1744783823.330676
1744783823.444274
1744783823.561021
1744783823.690356
1744783823.811492
1744783823.925660
1744783824.039534
1744783824.155291
1744783824.269283
1744783824.384043
1744783824.498115
1744783824.617333
1744783824.734236
1744783824.870250
1744783825.009667
1744783825.125231
1744783825.239693
1744783825.353729
1744783825.468460
1744783825.581107
1744783825.692180
1744783825.840225
1744783825.953306
1744783826.073506
1744783826.202463
1744783826.317134
1744783826.431071
1744783826.545529
1744783826.659354
1744783826.773514
1744783826.885630
1744783827.000639
1744783827.116567
1744783827.231397
1744783827.346298
1744783827.459177
1744783827.582900
1744783827.699175
1744783827.814863
1744783827.929918
1744783828.044160
1744783828.159539
1744783828.279760
1744783828.399360
1744783828.513493
1744783828.627024
1744783828.741468
