1744783768.820012 1744783768.831787 11.7750
1744783768.944290 1744783768.953973 9.6831
1744783769.059004 1744783769.070144 11.1399
1744783769.174477 1744783769.183490 9.0129
1744783769.289089 1744783769.299694 10.6051
1744783769.402418 1744783769.416333 13.9151
1744783769.527052 1744783769.538667 11.6150
1744783769.646200 1744783769.657972 11.7722
1744783769.761332 1744783769.772958 11.6260
1744783769.875060 1744783769.886783 11.7228
1744783769.989463 1744783770.000526 11.0629
1744783770.103578 1744783770.115554 11.9760
1744783770.217924 1744783770.229155 11.2309
1744783770.331894 1744783770.340585 8.6911
1744783770.445979 1744783770.458320 12.3408
1744783770.561644 1744783770.573447 11.8029
1744783770.675119 1744783770.686250 11.1310
1744783770.789693 1744783770.800909 11.2159
1744783770.903261 1744783770.914841 11.5800
1744783771.017485 1744783771.029486 12.0010
1744783771.132638 1744783771.141768 9.1300
1744783771.246355 1744783771.257611 11.2560
1744783771.360953 1744783771.372279 11.3258
1744783771.474932 1744783771.486656 11.7240
1744783771.588823 1744783771.600094 11.2710
1744783771.702611 1744783771.713984 11.3730
1744783771.816335 1744783771.827583 11.2481
1744783771.930400 1744783771.942652 12.2521
1744783772.045503 1744783772.056706 11.2031
1744783772.160083 1744783772.171959 11.8759
1744783772.274209 1744783772.285415 11.2059
1744783772.389236 1744783772.400602 11.3661
1744783772.503225 1744783772.524352 21.1270
1744783772.627132 1744783772.637999 10.8671
1744783772.740135 1744783772.752567 12.4321
1744783772.855103 1744783772.865833 10.7300
1744783772.967463 1744783772.980130 12.6669
1744783773.082807 1744783773.092975 10.1678
1744783773.197922 1744783773.209064 11.1420
1744783773.313312 1744783773.322895 9.5830
1744783773.427184 1744783773.438918 11.7340
1744783773.541968 1744783773.553760 11.7919
1744783773.656073 1744783773.667809 11.7359
1744783773.770113 1744783773.781143 11.0300
1744783773.884162 1744783773.895143 10.9811
1744783773.998372 1744783774.009843 11.4710
1744783774.112494 1744783774.123923 11.4291
1744783774.226212 1744783774.237557 11.3449
1744783774.340173 1744783774.351287 11.1139
1744783774.454811 1744783774.466684 11.8730
1744783774.569351 1744783774.591174 21.8229
1744783774.695647 1744783774.706269 10.6220
1744783774.808723 1744783774.818801 10.0780
1744783774.923016 1744783774.934680 11.6639
1744783775.038593 1744783775.049904 11.3111
1744783775.152713 1744783775.164070 11.3568
1744783775.267394 1744783775.278702 11.3080
1744783775.381273 1744783775.391238 9.9649
1744783775.492203 1744783775.515578 23.3750
1744783775.617867 1744783775.630578 12.7110
1744783775.732955 1744783775.744342 11.3871
1744783775.848745 1744783775.859827 11.0819
1744783775.963240 1744783775.975897 12.6572
1744783776.077802 1744783776.089549 11.7471
1744783776.193517 1744783776.205340 11.8229
1744783776.310602 1744783776.321284 10.6821
1744783776.425543 1744783776.436944 11.4009
1744783776.542380 1744783776.560431 18.0509
1744783776.665604 1744783776.676657 11.0528
1744783776.780700 1744783776.792403 11.7030
1744783776.894605 1744783776.909274 14.6692
1744783777.018891 1744783777.030386 11.4949
1744783777.133560 1744783777.146209 12.6491
1744783777.247224 1744783777.260247 13.0229
1744783777.361630 1744783777.375877 14.2469
1744783777.484220 1744783777.498759 14.5390
1744783777.601448 1744783777.612654 11.2059
1744783777.714789 1744783777.726406 11.6172
1744783777.827626 1744783777.841177 13.5510
1744783777.944648 1744783777.956805 12.1570
1744783778.059744 1744783778.071349 11.6050
1744783778.175386 1744783778.187170 11.7841
1744783778.290508 1744783778.301142 10.6339
1744783778.403799 1744783778.425601 21.8019
1744783778.528237 1744783778.539542 11.3049
1744783778.641655 1744783778.652660 11.0049
1744783778.757151 1744783778.768790 11.6391
1744783778.872032 1744783778.883403 11.3711
1744783778.986642 1744783778.998287 11.6451
1744783779.102729 1744783779.114064 11.3349
1744783779.218557 1744783779.230480 11.9231
1744783779.336205 1744783779.347154 10.9489
1744783779.449843 1744783779.461451 11.6081
1744783779.564987 1744783779.576268 11.2810
1744783779.679999 1744783779.691917 11.9178
1744783779.795309 1744783779.810798 15.4889
1744783779.919502 1744783779.930722 11.2200
1744783780.033705 1744783780.045702 11.9970
1744783780.150968 1744783780.161493 10.5250
1744783780.265019 1744783780.276473 11.4541
1744783780.379756 1744783780.390990 11.2340
1744783780.493844 1744783780.505379 11.5349
1744783780.607671 1744783780.618025 10.3540
1744783780.721354 1744783780.733333 11.9791
1744783780.835224 1744783780.846231 11.0071
1744783780.949326 1744783780.960962 11.6360
1744783781.063078 1744783781.073128 10.0501
1744783781.174494 1744783781.190985 16.4909
1744783781.293085 1744783781.303937 10.8519
1744783781.405982 1744783781.418337 12.3551
1744783781.520851 1744783781.532095 11.2441
1744783781.636278 1744783781.647990 11.7121
1744783781.755726 1744783781.765940 10.2139
1744783781.870263 1744783781.881561 11.2979
1744783781.984259 1744783781.996201 11.9421
1744783782.099368 1744783782.110476 11.1079
1744783782.215761 1744783782.227226 11.4651
1744783782.331950 1744783782.342958 11.0080
1744783782.447492 1744783782.459162 11.6701
1744783782.562103 1744783782.573547 11.4439
1744783782.676915 1744783782.688655 11.7400
1744783782.790694 1744783782.801644 10.9501
1744783782.905510 1744783782.917265 11.7550
1744783783.020000 1744783783.031184 11.1840
1744783783.134691 1744783783.146156 11.4651
1744783783.250229 1744783783.262846 12.6171
1744783783.365754 1744783783.380159 14.4050
1744783783.489521 1744783783.500972 11.4510
1744783783.603160 1744783783.613884 10.7241
1744783783.717442 1744783783.729225 11.7829
1744783783.831063 1744783783.839947 8.8840
1744783783.941724 1744783783.958569 16.8450
1744783784.059270 1744783784.070733 11.4632
1744783784.171314 1744783784.186251 14.9369
1744783784.291582 1744783784.302356 10.7739
1744783784.406339 1744783784.416508 10.1690
1744783784.519956 1744783784.530914 10.9580
1744783784.633457 1744783784.644812 11.3552
1744783784.747203 1744783784.759007 11.8039
1744783784.861433 1744783784.873055 11.6220
1744783784.975438 1744783784.985812 10.3738
1744783785.088137 1744783785.100103 11.9660
1744783785.203180 1744783785.213894 10.7138
1744783785.317279 1744783785.328810 11.5309
1744783785.430883 1744783785.442340 11.4570
1744783785.547996 1744783785.559571 11.5750
1744783785.661583 1744783785.674336 12.7530
1744783785.776729 1744783785.788117 11.3878
1744783785.890182 1744783785.901323 11.1411
1744783786.004301 1744783786.016308 12.0070
1744783786.118717 1744783786.129743 11.0261
1744783786.233016 1744783786.244463 11.4470
1744783786.348069 1744783786.359429 11.3599
1744783786.461837 1744783786.474200 12.3630
1744783786.577616 1744783786.588745 11.1291
1744783786.691223 1744783786.702728 11.5051
1744783786.805716 1744783786.817143 11.4269
1744783786.921431 1744783786.930451 9.0199
1744783787.038023 1744783787.049156 11.1330
1744783787.153609 1744783787.169009 15.3999
1744783787.269529 1744783787.281128 11.5988
1744783787.384407 1744783787.395826 11.4191
1744783787.498120 1744783787.509474 11.3540
1744783787.611866 1744783787.623460 11.5941
1744783787.726205 1744783787.737036 10.8309
1744783787.840304 1744783787.851578 11.2741
1744783787.954285 1744783787.962932 8.6472
1744783788.068624 1744783788.080085 11.4610
1744783788.183089 1744783788.195136 12.0471
1744783788.299760 1744783788.310973 11.2128
1744783788.411665 1744783788.425349 13.6840
1744783788.528253 1744783788.539681 11.4279
1744783788.642435 1744783788.653942 11.5070
1744783788.756361 1744783788.767699 11.3380
1744783788.870176 1744783788.881731 11.5550
1744783788.984155 1744783788.995484 11.3292
1744783789.098032 1744783789.109917 11.8849
1744783789.211959 1744783789.222836 10.8771
1744783789.326971 1744783789.338584 11.6129
1744783789.441534 1744783789.450879 9.3451
1744783789.558404 1744783789.569523 11.1191
1744783789.672460 1744783789.683271 10.8109
1744783789.786376 1744783789.798004 11.6279
1744783789.900518 1744783789.911703 11.1852
1744783790.020499 1744783790.031974 11.4751
1744783790.142364 1744783790.155443 13.0789
1744783790.259215 1744783790.270810 11.5948
1744783790.373865 1744783790.385478 11.6131
1744783790.489358 1744783790.500873 11.5151
1744783790.603249 1744783790.614252 11.0030
1744783790.716666 1744783790.728175 11.5089
1744783790.830924 1744783790.842188 11.2638
1744783790.944764 1744783790.956386 11.6222
1744783791.058683 1744783791.069953 11.2700
1744783791.173075 1744783791.184396 11.3211
1744783791.287232 1744783791.300546 13.3140
1744783791.402218 1744783791.423907 21.6889
1744783791.526367 1744783791.538036 11.6692
1744783791.639933 1744783791.651732 11.7989
1744783791.754958 1744783791.766248 11.2901
1744783791.869733 1744783791.880618 10.8850
1744783791.983801 1744783791.994852 11.0512
1744783792.098324 1744783792.108934 10.6099
1744783792.211708 1744783792.223049 11.3409
1744783792.327476 1744783792.338441 10.9649
1744783792.442863 1744783792.454053 11.1899
1744783792.556942 1744783792.568227 11.2851
1744783792.670834 1744783792.682359 11.5249
1744783792.784608 1744783792.795720 11.1122
1744783792.898450 1744783792.908352 9.9020
1744783793.011662 1744783793.021014 9.3520
1744783793.125604 1744783793.136714 11.1101
1744783793.239836 1744783793.251295 11.4591
1744783793.354473 1744783793.366141 11.6680
1744783793.469001 1744783793.480277 11.2760
1744783793.582881 1744783793.594267 11.3859
1744783793.696664 1744783793.707903 11.2388
1744783793.810080 1744783793.821187 11.1070
1744783793.923880 1744783793.935130 11.2498
1744783794.037860 1744783794.049261 11.4012
1744783794.152236 1744783794.163749 11.5130
1744783794.266473 1744783794.282977 16.5040
1744783794.391416 1744783794.403112 11.6959
1744783794.505565 1744783794.516959 11.3940
1744783794.620117 1744783794.631628 11.5111
1744783794.733674 1744783794.744850 11.1759
1744783794.847494 1744783794.868446 20.9522
1744783794.971803 1744783794.983601 11.7981
1744783795.085601 1744783795.096598 10.9968
1744783795.199459 1744783795.211201 11.7419
1744783795.314124 1744783795.325543 11.4188
1744783795.428682 1744783795.449805 21.1229
1744783795.553208 1744783795.564673 11.4648
1744783795.666831 1744783795.678316 11.4851
1744783795.783186 1744783795.795379 12.1930
1744783795.897505 1744783795.909040 11.5349
1744783796.012708 1744783796.024328 11.6200
1744783796.127270 1744783796.138853 11.5831
1744783796.240978 1744783796.251787 10.8089
1744783796.356357 1744783796.367582 11.2250
1744783796.471098 1744783796.482592 11.4942
1744783796.585126 1744783796.596317 11.1911
1744783796.698665 1744783796.710234 11.5690
1744783796.812364 1744783796.823776 11.4119
1744783796.925995 1744783796.937486 11.4908
1744783797.039626 1744783797.051131 11.5051
1744783797.153451 1744783797.163903 10.4520
1744783797.267206 1744783797.277843 10.6370
1744783797.381615 1744783797.393053 11.4381
1744783797.496138 1744783797.506979 10.8409
1744783797.610277 1744783797.621594 11.3170
1744783797.724275 1744783797.735482 11.2069
1744783797.841697 1744783797.853114 11.4169
1744783797.955172 1744783797.966180 11.0080
1744783798.069873 1744783798.081436 11.5628
1744783798.186060 1744783798.197820 11.7600
1744783798.299794 1744783798.310494 10.7000
1744783798.413978 1744783798.424955 10.9768
1744783798.529924 1744783798.541833 11.9090
1744783798.649533 1744783798.660994 11.4610
1744783798.763105 1744783798.773983 10.8781
1744783798.878227 1744783798.889138 10.9110
1744783798.992348 1744783799.004584 12.2361
1744783799.106772 1744783799.118381 11.6091
1744783799.220647 1744783799.231988 11.3409
1744783799.335777 1744783799.347217 11.4400
1744783799.450360 1744783799.464362 14.0018
1744783799.565779 1744783799.577379 11.6000
1744783799.678545 1744783799.695578 17.0331
1744783799.799153 1744783799.810863 11.7099
1744783799.912690 1744783799.923871 11.1811
1744783800.026376 1744783800.047155 20.7789
1744783800.150987 1744783800.162318 11.3311
1744783800.264972 1744783800.281679 16.7069
1744783800.390057 1744783800.401335 11.2779
1744783800.505488 1744783800.516652 11.1642
1744783800.619744 1744783800.631585 11.8408
1744783800.732893 1744783800.744294 11.4009
1744783800.846863 1744783800.862531 15.6679
1744783800.970855 1744783800.982449 11.5941
1744783801.084516 1744783801.096048 11.5321
1744783801.198368 1744783801.210167 11.7989
1744783801.312566 1744783801.324728 12.1620
1744783801.426889 1744783801.438473 11.5840
1744783801.541949 1744783801.553674 11.7249
1744783801.656168 1744783801.667750 11.5819
1744783801.769989 1744783801.780900 10.9110
1744783801.883802 1744783801.895426 11.6241
1744783801.997664 1744783802.009318 11.6541
1744783802.112808 1744783802.124181 11.3730
1744783802.226895 1744783802.238235 11.3399
1744783802.340710 1744783802.353746 13.0360
1744783802.460088 1744783802.471454 11.3659
1744783802.575123 1744783802.587087 11.9638
1744783802.689440 1744783802.703117 13.6769
1744783802.813546 1744783802.824996 11.4501
1744783802.927581 1744783802.939242 11.6608
1744783803.041222 1744783803.052457 11.2350
1744783803.155244 1744783803.175955 20.7109
1744783803.279379 1744783803.290007 10.6282
1744783803.393514 1744783803.403911 10.3972
1744783803.508821 1744783803.520483 11.6620
1744783803.622219 1744783803.632425 10.2060
1744783803.738288 1744783803.750147 11.8592
1744783803.853123 1744783803.864267 11.1442
1744783803.966788 1744783803.978289 11.5008
1744783804.080693 1744783804.091648 10.9551
1744783804.194216 1744783804.205745 11.5290
1744783804.306527 1744783804.319942 13.4151
1744783804.423025 1744783804.435483 12.4581
1744783804.538869 1744783804.550042 11.1730
1744783804.652850 1744783804.664454 11.6041
1744783804.766544 1744783804.777916 11.3719
1744783804.881052 1744783804.892157 11.1051
1744783804.995479 1744783805.006214 10.7348
1744783805.108667 1744783805.120365 11.6980
1744783805.222755 1744783805.234025 11.2700
1744783805.337357 1744783805.348885 11.5280
1744783805.449765 1744783805.474618 24.8530
1744783805.577192 1744783805.588330 11.1380
1744783805.690629 1744783805.702809 12.1801
1744783805.804136 1744783805.815524 11.3881
1744783805.918815 1744783805.930690 11.8752
1744783806.034262 1744783806.045437 11.1752
1744783806.148078 1744783806.159712 11.6341
1744783806.261679 1744783806.272826 11.1470
1744783806.376055 1744783806.387562 11.5070
1744783806.490510 1744783806.501433 10.9229
1744783806.605398 1744783806.617018 11.6200
1744783806.719062 1744783806.729534 10.4718
1744783806.832371 1744783806.844090 11.7190
1744783806.945342 1744783806.958808 13.4659
1744783807.062960 1744783807.074312 11.3521
1744783807.177287 1744783807.189660 12.3730
1744783807.291247 1744783807.302789 11.5421
1744783807.405069 1744783807.416574 11.5049
1744783807.520512 1744783807.534995 14.4830
1744783807.645413 1744783807.657337 11.9240
1744783807.760241 1744783807.771869 11.6279
1744783807.874331 1744783807.885515 11.1840
1744783807.988370 1744783807.999877 11.5070
1744783808.103464 1744783808.115529 12.0652
1744783808.218317 1744783808.232965 14.6480
1744783808.337276 1744783808.354233 16.9570
1744783808.456063 1744783808.467490 11.4269
1744783808.570856 1744783808.582129 11.2729
1744783808.684718 1744783808.699158 14.4401
1744783808.809155 1744783808.820194 11.0390
1744783808.923224 1744783808.934225 11.0011
1744783809.037217 1744783809.048529 11.3120
1744783809.150974 1744783809.164020 13.0460
1744783809.264745 1744783809.275985 11.2400
1744783809.378390 1744783809.390536 12.1460
1744783809.493513 1744783809.503910 10.3970
1744783809.608632 1744783809.620337 11.7049
1744783809.722733 1744783809.732811 10.0780
1744783809.837248 1744783809.849101 11.8530
1744783809.950445 1744783809.965479 15.0340
1744783810.068322 1744783810.079618 11.2960
1744783810.182209 1744783810.193633 11.4241
1744783810.295986 1744783810.306590 10.6041
1744783810.409958 1744783810.421612 11.6541
1744783810.525918 1744783810.536408 10.4899
1744783810.642343 1744783810.653730 11.3869
1744783810.756966 1744783810.768240 11.2739
1744783810.871258 1744783810.883151 11.8930
1744783810.991519 1744783811.003692 12.1729
1744783811.105263 1744783811.116934 11.6711
1744783811.220490 1744783811.233177 12.6870
1744783811.335447 1744783811.348026 12.5790
1744783811.450529 1744783811.462016 11.4870
1744783811.565672 1744783811.577789 12.1171
1744783811.681203 1744783811.692378 11.1752
1744783811.795813 1744783811.807251 11.4379
1744783811.909613 1744783811.920559 10.9460
1744783812.023727 1744783812.035373 11.6460
1744783812.137565 1744783812.148688 11.1232
1744783812.251528 1744783812.260567 9.0389
1744783812.367458 1744783812.379161 11.7028
1744783812.482639 1744783812.494378 11.7390
1744783812.597596 1744783812.608457 10.8612
1744783812.711830 1744783812.723771 11.9412
1744783812.827011 1744783812.838603 11.5919
1744783812.942265 1744783812.953761 11.4961
1744783813.055564 1744783813.066988 11.4241
1744783813.170173 1744783813.181477 11.3041
1744783813.284358 1744783813.295983 11.6251
1744783813.399523 1744783813.415097 15.5740
1744783813.524546 1744783813.536244 11.6980
1744783813.639543 1744783813.651819 12.2759
1744783813.753598 1744783813.764826 11.2281
1744783813.867854 1744783813.880329 12.4748
1744783813.991924 1744783814.002802 10.8778
1744783814.106126 1744783814.116362 10.2360
1744783814.220553 1744783814.231421 10.8681
1744783814.333753 1744783814.344951 11.1978
1744783814.457184 1744783814.468983 11.7989
1744783814.577408 1744783814.589050 11.6420
1744783814.691113 1744783814.703905 12.7921
1744783814.807694 1744783814.819394 11.7002
1744783814.921712 1744783814.932724 11.0121
1744783815.035617 1744783815.047432 11.8148
1744783815.149282 1744783815.160794 11.5120
1744783815.263096 1744783815.274728 11.6320
1744783815.376841 1744783815.388334 11.4930
1744783815.490378 1744783815.501277 10.8991
1744783815.604383 1744783815.618383 13.9999
1744783815.718706 1744783815.730421 11.7152
1744783815.832544 1744783815.843639 11.0948
1744783815.946206 1744783815.958197 11.9910
1744783816.060030 1744783816.072297 12.2671
1744783816.173748 1744783816.186186 12.4381
1744783816.287142 1744783816.298401 11.2591
1744783816.401284 1744783816.413846 12.5620
1744783816.515058 1744783816.526033 10.9749
1744783816.629720 1744783816.640127 10.4070
1744783816.743962 1744783816.755678 11.7159
1744783816.858364 1744783816.866985 8.6210
1744783816.971959 1744783816.983408 11.4489
1744783817.088699 1744783817.100147 11.4479
1744783817.203410 1744783817.214579 11.1692
1744783817.315137 1744783817.329430 14.2932
1744783817.431441 1744783817.442520 11.0788
1744783817.546266 1744783817.557962 11.6959
1744783817.660812 1744783817.672290 11.4782
1744783817.774704 1744783817.786457 11.7531
1744783817.889596 1744783817.900482 10.8860
1744783818.004387 1744783818.016285 11.8980
1744783818.119031 1744783818.129978 10.9470
1744783818.232907 1744783818.248168 15.2609
1744783818.357258 1744783818.372457 15.1989
1744783818.481500 1744783818.492430 10.9301
1744783818.596339 1744783818.607584 11.2450
1744783818.711382 1744783818.722724 11.3420
1744783818.827005 1744783818.838010 11.0052
1744783818.940916 1744783818.952188 11.2720
1744783819.055005 1744783819.065990 10.9849
1744783819.168303 1744783819.179726 11.4229
1744783819.287719 1744783819.299258 11.5390
1744783819.401773 1744783819.412237 10.4640
1744783819.515227 1744783819.526620 11.3928
1744783819.629780 1744783819.641176 11.3959
1744783819.744884 1744783819.757178 12.2941
1744783819.859126 1744783819.870198 11.0719
1744783819.971311 1744783819.984689 13.3779
1744783820.086316 1744783820.097908 11.5919
1744783820.200532 1744783820.211356 10.8240
1744783820.314725 1744783820.326474 11.7490
1744783820.428577 1744783820.439747 11.1701
1744783820.548601 1744783820.559929 11.3280
1744783820.665644 1744783820.677022 11.3780
1744783820.780585 1744783820.792246 11.6611
1744783820.894407 1744783820.905276 10.8690
1744783821.008753 1744783821.020557 11.8039
1744783821.124493 1744783821.135603 11.1101
1744783821.238538 1744783821.250121 11.5831
1744783821.352421 1744783821.363317 10.8960
1744783821.466178 1744783821.478078 11.8999
1744783821.580551 1744783821.592587 12.0361
1744783821.696173 1744783821.707848 11.6751
1744783821.809938 1744783821.822878 12.9399
1744783821.925245 1744783821.936796 11.5509
1744783822.039641 1744783822.051341 11.7002
1744783822.153669 1744783822.167565 13.8960
1744783822.277714 1744783822.289125 11.4110
1744783822.391765 1744783822.402792 11.0269
1744783822.505338 1744783822.518845 13.5071
1744783822.629644 1744783822.641023 11.3790
1744783822.742635 1744783822.757510 14.8749
1744783822.858961 1744783822.867806 8.8449
1744783822.972659 1744783822.983930 11.2710
1744783823.086554 1744783823.098050 11.4961
1744783823.200487 1744783823.211706 11.2190
1744783823.318979 1744783823.330676 11.6971
1744783823.432847 1744783823.444274 11.4269
1744783823.545288 1744783823.561021 15.7330
1744783823.675186 1744783823.690356 15.1701
1744783823.800357 1744783823.811492 11.1349
1744783823.914195 1744783823.925660 11.4648
1744783824.027964 1744783824.039534 11.5700
1744783824.143723 1744783824.155291 11.5681
1744783824.256577 1744783824.269283 12.7060
1744783824.372606 1744783824.384043 11.4369
1744783824.486354 1744783824.498115 11.7610
1744783824.599898 1744783824.617333 17.4348
1744783824.723724 1744783824.734236 10.5121
1744783824.835212 1744783824.870250 35.0380
1744783824.998694 1744783825.009667 10.9730
1744783825.114022 1744783825.125231 11.2090
1744783825.227965 1744783825.239693 11.7278
1744783825.343147 1744783825.353729 10.5820
1744783825.456558 1744783825.468460 11.9021
1744783825.570752 1744783825.581107 10.3550
1744783825.684379 1744783825.692180 7.8008
1744783825.826035 1744783825.840225 14.1900
1744783825.943195 1744783825.953306 10.1109
1744783826.063155 1744783826.073506 10.3512
1744783826.185111 1744783826.202463 17.3519
1744783826.306108 1744783826.317134 11.0259
1744783826.420050 1744783826.431071 11.0211
1744783826.534259 1744783826.545529 11.2698
1744783826.647622 1744783826.659354 11.7319
1744783826.762092 1744783826.773514 11.4219
1744783826.875672 1744783826.885630 9.9578
1744783826.990314 1744783827.000639 10.3250
1744783827.104725 1744783827.116567 11.8420
1744783827.220879 1744783827.231397 10.5178
1744783827.334455 1744783827.346298 11.8430
1744783827.448005 1744783827.459177 11.1721
1744783827.562824 1744783827.582900 20.0760
1744783827.687418 1744783827.699175 11.7569
1744783827.803810 1744783827.814863 11.0531
1744783827.918433 1744783827.929918 11.4851
1744783828.032978 1744783828.044160 11.1818
1744783828.148115 1744783828.159539 11.4241
1744783828.263519 1744783828.279760 16.2408
1744783828.388095 1744783828.399360 11.2650
1744783828.502136 1744783828.513493 11.3571
1744783828.615887 1744783828.627024 11.1370
1744783828.729924 1744783828.741468 11.5440
