1744783768.820012
1744783768.944290
1744783769.059004
1744783769.174477
1744783769.289089
1744783769.402418
1744783769.527052
1744783769.646200
1744783769.761332
1744783769.875060
1744783769.989463
1744783770.103578
1744783770.217924
1744783770.331894
1744783770.445979
1744783770.561644
1744783770.675119
1744783770.789693
1744783770.903261
1744783771.017485
1744783771.132638
1744783771.246355
1744783771.360953
1744783771.474932
1744783771.588823
1744783771.702611
1744783771.816335
1744783771.930400
1744783772.045503
1744783772.160083
1744783772.274209
1744783772.389236
1744783772.503225
1744783772.627132
1744783772.740135
1744783772.855103
1744783772.967463
1744783773.082807
1744783773.197922
1744783773.313312
1744783773.427184
1744783773.541968
1744783773.656073
1744783773.770113
1744783773.884162
1744783773.998372
1744783774.112494
1744783774.226212
1744783774.340173
1744783774.454811
1744783774.569351
1744783774.695647
1744783774.808723
1744783774.923016
1744783775.038593
1744783775.152713
1744783775.267394
1744783775.381273
1744783775.492203
1744783775.617867
1744783775.732955
1744783775.848745
1744783775.963240
1744783776.077802
1744783776.193517
1744783776.310602
1744783776.425543
1744783776.542380
1744783776.665604
1744783776.780700
1744783776.894605
1744783777.018891
1744783777.133560
1744783777.247224
1744783777.361630
1744783777.484220
1744783777.601448
1744783777.714789
1744783777.827626
1744783777.944648
1744783778.059744
1744783778.175386
1744783778.290508
1744783778.403799
1744783778.528237
1744783778.641655
1744783778.757151
1744783778.872032
1744783778.986642
1744783779.102729
1744783779.218557
1744783779.336205
1744783779.449843
1744783779.564987
1744783779.679999
1744783779.795309
1744783779.919502
1744783780.033705
1744783780.150968
1744783780.265019
1744783780.379756
1744783780.493844
1744783780.607671
1744783780.721354
1744783780.835224
1744783780.949326
1744783781.063078
1744783781.174494
1744783781.293085
1744783781.405982
1744783781.520851
1744783781.636278
1744783781.755726
1744783781.870263
1744783781.984259
1744783782.099368
1744783782.215761
1744783782.331950
1744783782.447492
1744783782.562103
1744783782.676915
1744783782.790694
1744783782.905510
1744783783.020000
1744783783.134691
1744783783.250229
1744783783.365754
1744783783.489521
1744783783.603160
1744783783.717442
1744783783.831063
1744783783.941724
1744783784.059270
1744783784.171314
1744783784.291582
1744783784.406339
1744783784.519956
1744783784.633457
1744783784.747203
1744783784.861433
1744783784.975438
1744783785.088137
1744783785.203180
1744783785.317279
1744783785.430883
1744783785.547996
1744783785.661583
1744783785.776729
1744783785.890182
1744783786.004301
1744783786.118717
1744783786.233016
1744783786.348069
1744783786.461837
1744783786.577616
1744783786.691223
1744783786.805716
1744783786.921431
1744783787.038023
1744783787.153609
1744783787.269529
1744783787.384407
1744783787.498120
1744783787.611866
1744783787.726205
1744783787.840304
1744783787.954285
1744783788.068624
1744783788.183089
1744783788.299760
1744783788.411665
1744783788.528253
1744783788.642435
1744783788.756361
1744783788.870176
1744783788.984155
1744783789.098032
1744783789.211959
1744783789.326971
1744783789.441534
1744783789.558404
1744783789.672460
1744783789.786376
1744783789.900518
1744783790.020499
1744783790.142364
1744783790.259215
1744783790.373865
1744783790.489358
1744783790.603249
1744783790.716666
1744783790.830924
1744783790.944764
1744783791.058683
1744783791.173075
1744783791.287232
1744783791.402218
1744783791.526367
1744783791.639933
1744783791.754958
1744783791.869733
1744783791.983801
1744783792.098324
1744783792.211708
1744783792.327476
1744783792.442863
1744783792.556942
1744783792.670834
1744783792.784608
1744783792.898450
1744783793.011662
1744783793.125604
1744783793.239836
1744783793.354473
1744783793.469001
1744783793.582881
1744783793.696664
1744783793.810080
1744783793.923880
1744783794.037860
1744783794.152236
1744783794.266473
1744783794.391416
1744783794.505565
1744783794.620117
1744783794.733674
1744783794.847494
1744783794.971803
1744783795.085601
1744783795.199459
1744783795.314124
1744783795.428682
1744783795.553208
1744783795.666831
1744783795.783186
1744783795.897505
1744783796.012708
1744783796.127270
1744783796.240978
1744783796.356357
1744783796.471098
1744783796.585126
1744783796.698665
1744783796.812364
1744783796.925995
1744783797.039626
1744783797.153451
1744783797.267206
1744783797.381615
1744783797.496138
1744783797.610277
1744783797.724275
1744783797.841697
1744783797.955172
1744783798.069873
1744783798.186060
1744783798.299794
1744783798.413978
1744783798.529924
1744783798.649533
1744783798.763105
1744783798.878227
1744783798.992348
1744783799.106772
1744783799.220647
1744783799.335777
1744783799.450360
1744783799.565779
1744783799.678545
1744783799.799153
1744783799.912690
1744783800.026376
1744783800.150987
1744783800.264972
1744783800.390057
1744783800.505488
1744783800.619744
1744783800.732893
1744783800.846863
1744783800.970855
1744783801.084516
1744783801.198368
1744783801.312566
1744783801.426889
1744783801.541949
1744783801.656168
1744783801.769989
1744783801.883802
1744783801.997664
1744783802.112808
1744783802.226895
1744783802.340710
1744783802.460088
1744783802.575123
1744783802.689440
1744783802.813546
1744783802.927581
1744783803.041222
1744783803.155244
1744783803.279379
1744783803.393514
1744783803.508821
1744783803.622219
1744783803.738288
1744783803.853123
1744783803.966788
1744783804.080693
1744783804.194216
1744783804.306527
1744783804.423025
1744783804.538869
1744783804.652850
1744783804.766544
1744783804.881052
1744783804.995479
1744783805.108667
1744783805.222755
1744783805.337357
1744783805.449765
1744783805.577192
1744783805.690629
1744783805.804136
1744783805.918815
1744783806.034262
1744783806.148078
1744783806.261679
1744783806.376055
1744783806.490510
1744783806.605398
1744783806.719062
1744783806.832371
1744783806.945342
1744783807.062960
1744783807.177287
1744783807.291247
1744783807.405069
1744783807.520512
1744783807.645413
1744783807.760241
1744783807.874331
1744783807.988370
1744783808.103464
1744783808.218317
1744783808.337276
1744783808.456063
1744783808.570856
1744783808.684718
1744783808.809155
1744783808.923224
1744783809.037217
1744783809.150974
1744783809.264745
1744783809.378390
1744783809.493513
1744783809.608632
1744783809.722733
1744783809.837248
1744783809.950445
1744783810.068322
1744783810.182209
1744783810.295986
1744783810.409958
1744783810.525918
1744783810.642343
1744783810.756966
1744783810.871258
1744783810.991519
1744783811.105263
1744783811.220490
1744783811.335447
1744783811.450529
1744783811.565672
1744783811.681203
1744783811.795813
1744783811.909613
1744783812.023727
1744783812.137565
1744783812.251528
1744783812.367458
1744783812.482639
1744783812.597596
1744783812.711830
1744783812.827011
1744783812.942265
1744783813.055564
1744783813.170173
1744783813.284358
1744783813.399523
1744783813.524546
1744783813.639543
1744783813.753598
1744783813.867854
1744783813.991924
1744783814.106126
1744783814.220553
1744783814.333753
1744783814.457184
1744783814.577408
1744783814.691113
1744783814.807694
1744783814.921712
1744783815.035617
1744783815.149282
1744783815.263096
1744783815.376841
1744783815.490378
1744783815.604383
1744783815.718706
1744783815.832544
1744783815.946206
1744783816.060030
1744783816.173748
1744783816.287142
1744783816.401284
1744783816.515058
1744783816.629720
1744783816.743962
1744783816.858364
1744783816.971959
1744783817.088699
1744783817.203410
1744783817.315137
1744783817.431441
1744783817.546266
1744783817.660812
1744783817.774704
1744783817.889596
1744783818.004387
1744783818.119031
1744783818.232907
1744783818.357258
1744783818.481500
1744783818.596339
1744783818.711382
1744783818.827005
1744783818.940916
1744783819.055005
1744783819.168303
1744783819.287719
1744783819.401773
1744783819.515227
1744783819.629780
1744783819.744884
1744783819.859126
1744783819.971311
1744783820.086316
1744783820.200532
1744783820.314725
1744783820.428577
1744783820.548601
1744783820.665644
1744783820.780585
1744783820.894407
1744783821.008753
1744783821.124493
1744783821.238538
1744783821.352421
1744783821.466178
1744783821.580551
1744783821.696173
1744783821.809938
1744783821.925245
1744783822.039641
1744783822.153669
1744783822.277714
1744783822.391765
1744783822.505338
1744783822.629644
1744783822.742635
1744783822.858961
1744783822.972659
1744783823.086554
1744783823.200487
1744783823.318979
1744783823.432847
1744783823.545288
1744783823.675186
1744783823.800357
1744783823.914195
1744783824.027964
1744783824.143723
1744783824.256577
1744783824.372606
1744783824.486354
1744783824.599898
1744783824.723724
1744783824.835212
1744783824.998694
1744783825.114022
1744783825.227965
1744783825.343147
1744783825.456558
1744783825.570752
1744783825.684379
1744783825.826035
1744783825.943195
1744783826.063155
1744783826.185111
1744783826.306108
1744783826.420050
1744783826.534259
1744783826.647622
1744783826.762092
1744783826.875672
1744783826.990314
1744783827.104725
1744783827.220879
1744783827.334455
1744783827.448005
1744783827.562824
1744783827.687418
1744783827.803810
1744783827.918433
1744783828.032978
1744783828.148115
1744783828.263519
1744783828.388095
1744783828.502136
1744783828.615887
1744783828.729924
